Config configs\TEST configs\Example configs\config.topo_particle_2jobs_masking.yaml missing sections: result_schemas, plotting_modes
Config configs\TEST configs\Example configs\config.topo_particle_2jobs_masking.yaml missing sections: result_schemas, plotting_modes

** (python.exe:8148): WARNING **: Trying to register gtype 'GMountMountFlags' as enum when in fact it is of type 'GFlags'

** (python.exe:8148): WARNING **: Trying to register gtype 'GDriveStartFlags' as enum when in fact it is of type 'GFlags'

** (python.exe:8148): WARNING **: Trying to register gtype 'GSocketMsgFlags' as enum when in fact it is of type 'GFlags'
Config configs\TEST configs\Example configs\config.topo_particle_2jobs_masking.yaml missing sections: result_schemas, plotting_modes
Config configs\TEST configs\Example configs\config.topo_particle_2jobs_masking.yaml missing sections: result_schemas, plotting_modes

** (python.exe:14592): WARNING **: Trying to register gtype 'GMountMountFlags' as enum when in fact it is of type 'GFlags'

** (python.exe:14592): WARNING **: Trying to register gtype 'GDriveStartFlags' as enum when in fact it is of type 'GFlags'

** (python.exe:14592): WARNING **: Trying to register gtype 'GSocketMsgFlags' as enum when in fact it is of type 'GFlags'
Config configs\TEST configs\Example configs\config.topo_particle_2jobs_masking.yaml missing sections: result_schemas, plotting_modes
Config configs\TEST configs\Example configs\config.topo_particle_2jobs_masking.yaml missing sections: result_schemas, plotting_modes

** (python.exe:22000): WARNING **: Trying to register gtype 'GMountMountFlags' as enum when in fact it is of type 'GFlags'

** (python.exe:22000): WARNING **: Trying to register gtype 'GDriveStartFlags' as enum when in fact it is of type 'GFlags'

** (python.exe:22000): WARNING **: Trying to register gtype 'GSocketMsgFlags' as enum when in fact it is of type 'GFlags'
Config configs\TEST configs\Example configs\config.topo_particle_2jobs_masking.yaml missing sections: result_schemas, plotting_modes
Config configs\TEST configs\Example configs\config.topo_particle_2jobs_masking.yaml missing sections: result_schemas, plotting_modes

** (python.exe:22272): WARNING **: Trying to register gtype 'GMountMountFlags' as enum when in fact it is of type 'GFlags'

** (python.exe:22272): WARNING **: Trying to register gtype 'GDriveStartFlags' as enum when in fact it is of type 'GFlags'

** (python.exe:22272): WARNING **: Trying to register gtype 'GSocketMsgFlags' as enum when in fact it is of type 'GFlags'
Config configs\TEST configs\Example configs\config.topo_particle_2jobs_masking.yaml missing sections: result_schemas, plotting_modes
Config configs\TEST configs\Example configs\config.topo_particle_2jobs_masking.yaml missing sections: result_schemas, plotting_modes

** (python.exe:20408): WARNING **: Trying to register gtype 'GMountMountFlags' as enum when in fact it is of type 'GFlags'

** (python.exe:20408): WARNING **: Trying to register gtype 'GDriveStartFlags' as enum when in fact it is of type 'GFlags'

** (python.exe:20408): WARNING **: Trying to register gtype 'GSocketMsgFlags' as enum when in fact it is of type 'GFlags'
Config configs\TEST configs\Example configs\config.topo_particle_2jobs_masking.yaml missing sections: result_schemas, plotting_modes
Config configs\TEST configs\Example configs\config.topo_particle_2jobs_masking.yaml missing sections: result_schemas, plotting_modes

** (python.exe:24632): WARNING **: Trying to register gtype 'GMountMountFlags' as enum when in fact it is of type 'GFlags'

** (python.exe:24632): WARNING **: Trying to register gtype 'GDriveStartFlags' as enum when in fact it is of type 'GFlags'

** (python.exe:24632): WARNING **: Trying to register gtype 'GSocketMsgFlags' as enum when in fact it is of type 'GFlags'
Config configs\TEST configs\Example configs\config.topo_particle_2jobs_masking.yaml missing sections: result_schemas, plotting_modes
Config configs\TEST configs\Example configs\config.topo_particle_2jobs_masking.yaml missing sections: result_schemas, plotting_modes

** (python.exe:14972): WARNING **: Trying to register gtype 'GMountMountFlags' as enum when in fact it is of type 'GFlags'

** (python.exe:14972): WARNING **: Trying to register gtype 'GDriveStartFlags' as enum when in fact it is of type 'GFlags'

** (python.exe:14972): WARNING **: Trying to register gtype 'GSocketMsgFlags' as enum when in fact it is of type 'GFlags'
Config configs\TEST configs\Example configs\config.topo_particle_2jobs_masking.yaml missing sections: result_schemas, plotting_modes
Config configs\TEST configs\Example configs\config.topo_particle_2jobs_masking.yaml missing sections: result_schemas, plotting_modes

** (python.exe:26320): WARNING **: Trying to register gtype 'GMountMountFlags' as enum when in fact it is of type 'GFlags'

** (python.exe:26320): WARNING **: Trying to register gtype 'GDriveStartFlags' as enum when in fact it is of type 'GFlags'

** (python.exe:26320): WARNING **: Trying to register gtype 'GSocketMsgFlags' as enum when in fact it is of type 'GFlags'
Config configs\TEST configs\Example configs\config.topo_particle_2jobs_masking.yaml missing sections: result_schemas, plotting_modes
Config configs\TEST configs\Example configs\config.topo_particle_2jobs_masking.yaml missing sections: result_schemas, plotting_modes

** (python.exe:23116): WARNING **: Trying to register gtype 'GMountMountFlags' as enum when in fact it is of type 'GFlags'

** (python.exe:23116): WARNING **: Trying to register gtype 'GDriveStartFlags' as enum when in fact it is of type 'GFlags'

** (python.exe:23116): WARNING **: Trying to register gtype 'GSocketMsgFlags' as enum when in fact it is of type 'GFlags'
Config configs\TEST configs\Example configs\config.topo_particle_2jobs_masking.yaml missing sections: result_schemas, plotting_modes
Config configs\TEST configs\Example configs\config.topo_particle_2jobs_masking.yaml missing sections: result_schemas, plotting_modes

** (python.exe:720): WARNING **: Trying to register gtype 'GMountMountFlags' as enum when in fact it is of type 'GFlags'

** (python.exe:720): WARNING **: Trying to register gtype 'GDriveStartFlags' as enum when in fact it is of type 'GFlags'

** (python.exe:720): WARNING **: Trying to register gtype 'GSocketMsgFlags' as enum when in fact it is of type 'GFlags'
Config configs\TEST configs\Example configs\config.topo_particle_2jobs_masking.yaml missing sections: result_schemas, plotting_modes
Config configs\TEST configs\Example configs\config.topo_particle_2jobs_masking.yaml missing sections: result_schemas, plotting_modes

** (python.exe:27548): WARNING **: Trying to register gtype 'GMountMountFlags' as enum when in fact it is of type 'GFlags'

** (python.exe:27548): WARNING **: Trying to register gtype 'GDriveStartFlags' as enum when in fact it is of type 'GFlags'

** (python.exe:27548): WARNING **: Trying to register gtype 'GSocketMsgFlags' as enum when in fact it is of type 'GFlags'
Config configs\TEST configs\Example configs\config.topo_particle_2jobs_masking.yaml missing sections: result_schemas, plotting_modes
Config configs\TEST configs\Example configs\config.topo_particle_2jobs_masking.yaml missing sections: result_schemas, plotting_modes

** (python.exe:23384): WARNING **: Trying to register gtype 'GMountMountFlags' as enum when in fact it is of type 'GFlags'

** (python.exe:23384): WARNING **: Trying to register gtype 'GDriveStartFlags' as enum when in fact it is of type 'GFlags'

** (python.exe:23384): WARNING **: Trying to register gtype 'GSocketMsgFlags' as enum when in fact it is of type 'GFlags'
Config configs\TEST configs\Example configs\config.topo_particle_2jobs_masking.yaml missing sections: result_schemas, plotting_modes
Config configs\TEST configs\Example configs\config.topo_particle_2jobs_masking.yaml missing sections: result_schemas, plotting_modes

** (python.exe:7244): WARNING **: Trying to register gtype 'GMountMountFlags' as enum when in fact it is of type 'GFlags'

** (python.exe:7244): WARNING **: Trying to register gtype 'GDriveStartFlags' as enum when in fact it is of type 'GFlags'

** (python.exe:7244): WARNING **: Trying to register gtype 'GSocketMsgFlags' as enum when in fact it is of type 'GFlags'
Config configs\TEST configs\Example configs\config.topo_particle_2jobs_masking.yaml missing sections: result_schemas, plotting_modes
Config configs\TEST configs\Example configs\config.topo_particle_2jobs_masking.yaml missing sections: result_schemas, plotting_modes

** (python.exe:13752): WARNING **: Trying to register gtype 'GMountMountFlags' as enum when in fact it is of type 'GFlags'

** (python.exe:13752): WARNING **: Trying to register gtype 'GDriveStartFlags' as enum when in fact it is of type 'GFlags'

** (python.exe:13752): WARNING **: Trying to register gtype 'GSocketMsgFlags' as enum when in fact it is of type 'GFlags'
Config configs\TEST configs\Example configs\config.topo_particle_2jobs_masking.yaml missing sections: result_schemas, plotting_modes
Config configs\TEST configs\Example configs\config.topo_particle_2jobs_masking.yaml missing sections: result_schemas, plotting_modes

** (python.exe:13904): WARNING **: Trying to register gtype 'GMountMountFlags' as enum when in fact it is of type 'GFlags'

** (python.exe:13904): WARNING **: Trying to register gtype 'GDriveStartFlags' as enum when in fact it is of type 'GFlags'

** (python.exe:13904): WARNING **: Trying to register gtype 'GSocketMsgFlags' as enum when in fact it is of type 'GFlags'
Config configs\TEST configs\Example configs\config.topo_particle_2jobs_masking.yaml missing sections: result_schemas, plotting_modes
Config configs\TEST configs\Example configs\config.topo_particle_2jobs_masking.yaml missing sections: result_schemas, plotting_modes

** (python.exe:27372): WARNING **: Trying to register gtype 'GMountMountFlags' as enum when in fact it is of type 'GFlags'

** (python.exe:27372): WARNING **: Trying to register gtype 'GDriveStartFlags' as enum when in fact it is of type 'GFlags'

** (python.exe:27372): WARNING **: Trying to register gtype 'GSocketMsgFlags' as enum when in fact it is of type 'GFlags'
Config configs\TEST configs\Example configs\config.topo_particle_2jobs_masking.yaml missing sections: result_schemas, plotting_modes
Config configs\TEST configs\Example configs\config.topo_particle_2jobs_masking.yaml missing sections: result_schemas, plotting_modes

** (python.exe:13228): WARNING **: Trying to register gtype 'GMountMountFlags' as enum when in fact it is of type 'GFlags'

** (python.exe:13228): WARNING **: Trying to register gtype 'GDriveStartFlags' as enum when in fact it is of type 'GFlags'

** (python.exe:13228): WARNING **: Trying to register gtype 'GSocketMsgFlags' as enum when in fact it is of type 'GFlags'
Config configs\TEST configs\Example configs\config.topo_particle_2jobs_masking.yaml missing sections: result_schemas, plotting_modes
Config configs\TEST configs\Example configs\config.topo_particle_2jobs_masking.yaml missing sections: result_schemas, plotting_modes

** (python.exe:25888): WARNING **: Trying to register gtype 'GMountMountFlags' as enum when in fact it is of type 'GFlags'

** (python.exe:25888): WARNING **: Trying to register gtype 'GDriveStartFlags' as enum when in fact it is of type 'GFlags'

** (python.exe:25888): WARNING **: Trying to register gtype 'GSocketMsgFlags' as enum when in fact it is of type 'GFlags'
Config configs\TEST configs\Example configs\config.topo_particle_2jobs_masking.yaml missing sections: result_schemas, plotting_modes
Config configs\TEST configs\Example configs\config.topo_particle_2jobs_masking.yaml missing sections: result_schemas, plotting_modes

** (python.exe:23172): WARNING **: Trying to register gtype 'GMountMountFlags' as enum when in fact it is of type 'GFlags'

** (python.exe:23172): WARNING **: Trying to register gtype 'GDriveStartFlags' as enum when in fact it is of type 'GFlags'

** (python.exe:23172): WARNING **: Trying to register gtype 'GSocketMsgFlags' as enum when in fact it is of type 'GFlags'
Config configs\TEST configs\Example configs\config.topo_particle_2jobs_masking.yaml missing sections: result_schemas, plotting_modes
Config configs\TEST configs\Example configs\config.topo_particle_2jobs_masking.yaml missing sections: result_schemas, plotting_modes

** (python.exe:9572): WARNING **: Trying to register gtype 'GMountMountFlags' as enum when in fact it is of type 'GFlags'

** (python.exe:9572): WARNING **: Trying to register gtype 'GDriveStartFlags' as enum when in fact it is of type 'GFlags'

** (python.exe:9572): WARNING **: Trying to register gtype 'GSocketMsgFlags' as enum when in fact it is of type 'GFlags'
Config configs\TEST configs\Example configs\config.topo_particle_2jobs_masking.yaml missing sections: result_schemas, plotting_modes
Config configs\TEST configs\Example configs\config.topo_particle_2jobs_masking.yaml missing sections: result_schemas, plotting_modes

** (python.exe:14184): WARNING **: Trying to register gtype 'GMountMountFlags' as enum when in fact it is of type 'GFlags'

** (python.exe:14184): WARNING **: Trying to register gtype 'GDriveStartFlags' as enum when in fact it is of type 'GFlags'

** (python.exe:14184): WARNING **: Trying to register gtype 'GSocketMsgFlags' as enum when in fact it is of type 'GFlags'
Config configs\TEST configs\Example configs\config.topo_particle_2jobs_masking.yaml missing sections: result_schemas, plotting_modes
Config configs\TEST configs\Example configs\config.topo_particle_2jobs_masking.yaml missing sections: result_schemas, plotting_modes

** (python.exe:1128): WARNING **: Trying to register gtype 'GMountMountFlags' as enum when in fact it is of type 'GFlags'

** (python.exe:1128): WARNING **: Trying to register gtype 'GDriveStartFlags' as enum when in fact it is of type 'GFlags'

** (python.exe:1128): WARNING **: Trying to register gtype 'GSocketMsgFlags' as enum when in fact it is of type 'GFlags'
Config configs\TEST configs\Example configs\config.topo_particle_2jobs_masking.yaml missing sections: result_schemas, plotting_modes
Config configs\TEST configs\Example configs\config.topo_particle_2jobs_masking.yaml missing sections: result_schemas, plotting_modes

** (python.exe:12924): WARNING **: Trying to register gtype 'GMountMountFlags' as enum when in fact it is of type 'GFlags'

** (python.exe:12924): WARNING **: Trying to register gtype 'GDriveStartFlags' as enum when in fact it is of type 'GFlags'

** (python.exe:12924): WARNING **: Trying to register gtype 'GSocketMsgFlags' as enum when in fact it is of type 'GFlags'
Config configs\TEST configs\Example configs\config.topo_particle_2jobs_masking.yaml missing sections: result_schemas, plotting_modes
Config configs\TEST configs\Example configs\config.topo_particle_2jobs_masking.yaml missing sections: result_schemas, plotting_modes

** (python.exe:26084): WARNING **: Trying to register gtype 'GMountMountFlags' as enum when in fact it is of type 'GFlags'

** (python.exe:26084): WARNING **: Trying to register gtype 'GDriveStartFlags' as enum when in fact it is of type 'GFlags'

** (python.exe:26084): WARNING **: Trying to register gtype 'GSocketMsgFlags' as enum when in fact it is of type 'GFlags'
Config configs\TEST configs\Example configs\config.topo_particle_2jobs_masking.yaml missing sections: result_schemas, plotting_modes
Config configs\TEST configs\Example configs\config.topo_particle_2jobs_masking.yaml missing sections: result_schemas, plotting_modes

** (python.exe:24044): WARNING **: Trying to register gtype 'GMountMountFlags' as enum when in fact it is of type 'GFlags'

** (python.exe:24044): WARNING **: Trying to register gtype 'GDriveStartFlags' as enum when in fact it is of type 'GFlags'

** (python.exe:24044): WARNING **: Trying to register gtype 'GSocketMsgFlags' as enum when in fact it is of type 'GFlags'
Config configs\TEST configs\Example configs\config.topo_particle_2jobs_masking.yaml missing sections: result_schemas, plotting_modes
Config configs\TEST configs\Example configs\config.topo_particle_2jobs_masking.yaml missing sections: result_schemas, plotting_modes

** (python.exe:19292): WARNING **: Trying to register gtype 'GMountMountFlags' as enum when in fact it is of type 'GFlags'

** (python.exe:19292): WARNING **: Trying to register gtype 'GDriveStartFlags' as enum when in fact it is of type 'GFlags'

** (python.exe:19292): WARNING **: Trying to register gtype 'GSocketMsgFlags' as enum when in fact it is of type 'GFlags'
Config configs\TEST configs\Example configs\config.topo_particle_2jobs_masking.yaml missing sections: result_schemas, plotting_modes
Config configs\TEST configs\Example configs\config.topo_particle_2jobs_masking.yaml missing sections: result_schemas, plotting_modes

** (python.exe:23956): WARNING **: Trying to register gtype 'GMountMountFlags' as enum when in fact it is of type 'GFlags'

** (python.exe:23956): WARNING **: Trying to register gtype 'GDriveStartFlags' as enum when in fact it is of type 'GFlags'

** (python.exe:23956): WARNING **: Trying to register gtype 'GSocketMsgFlags' as enum when in fact it is of type 'GFlags'
Config configs\TEST configs\Example configs\config.topo_particle_2jobs_masking.yaml missing sections: result_schemas, plotting_modes
Config configs\TEST configs\Example configs\config.topo_particle_2jobs_masking.yaml missing sections: result_schemas, plotting_modes

** (python.exe:7176): WARNING **: Trying to register gtype 'GMountMountFlags' as enum when in fact it is of type 'GFlags'

** (python.exe:7176): WARNING **: Trying to register gtype 'GDriveStartFlags' as enum when in fact it is of type 'GFlags'

** (python.exe:7176): WARNING **: Trying to register gtype 'GSocketMsgFlags' as enum when in fact it is of type 'GFlags'
Config configs\TEST configs\Example configs\config.topo_particle_2jobs_masking.yaml missing sections: result_schemas, plotting_modes
Config configs\TEST configs\Example configs\config.topo_particle_2jobs_masking.yaml missing sections: result_schemas, plotting_modes

** (python.exe:16592): WARNING **: Trying to register gtype 'GMountMountFlags' as enum when in fact it is of type 'GFlags'

** (python.exe:16592): WARNING **: Trying to register gtype 'GDriveStartFlags' as enum when in fact it is of type 'GFlags'

** (python.exe:16592): WARNING **: Trying to register gtype 'GSocketMsgFlags' as enum when in fact it is of type 'GFlags'
Config configs\TEST configs\Example configs\config.topo_particle_2jobs_masking.yaml missing sections: result_schemas, plotting_modes
Config configs\TEST configs\Example configs\config.topo_particle_2jobs_masking.yaml missing sections: result_schemas, plotting_modes

** (python.exe:14996): WARNING **: Trying to register gtype 'GMountMountFlags' as enum when in fact it is of type 'GFlags'

** (python.exe:14996): WARNING **: Trying to register gtype 'GDriveStartFlags' as enum when in fact it is of type 'GFlags'

** (python.exe:14996): WARNING **: Trying to register gtype 'GSocketMsgFlags' as enum when in fact it is of type 'GFlags'
Config configs\TEST configs\Example configs\config.topo_particle_2jobs_masking.yaml missing sections: result_schemas, plotting_modes
Config configs\TEST configs\Example configs\config.topo_particle_2jobs_masking.yaml missing sections: result_schemas, plotting_modes

** (python.exe:9568): WARNING **: Trying to register gtype 'GMountMountFlags' as enum when in fact it is of type 'GFlags'

** (python.exe:9568): WARNING **: Trying to register gtype 'GDriveStartFlags' as enum when in fact it is of type 'GFlags'

** (python.exe:9568): WARNING **: Trying to register gtype 'GSocketMsgFlags' as enum when in fact it is of type 'GFlags'
Config configs\TEST configs\Example configs\config.topo_particle_2jobs_masking.yaml missing sections: result_schemas, plotting_modes
Config configs\TEST configs\Example configs\config.topo_particle_2jobs_masking.yaml missing sections: result_schemas, plotting_modes

** (python.exe:2328): WARNING **: Trying to register gtype 'GMountMountFlags' as enum when in fact it is of type 'GFlags'

** (python.exe:2328): WARNING **: Trying to register gtype 'GDriveStartFlags' as enum when in fact it is of type 'GFlags'

** (python.exe:2328): WARNING **: Trying to register gtype 'GSocketMsgFlags' as enum when in fact it is of type 'GFlags'
C:\Users\Conor O'Brien\Documents\GitHub\AFM-Data-Management\scripts\topo_particle_summary.py:651: MatplotlibDeprecationWarning: The 'labels' parameter of boxplot() has been renamed 'tick_labels' since Matplotlib 3.9; support for the old name will be dropped in 3.11.
  plt.boxplot(data, labels=labels, showfliers=True)
C:\Users\Conor O'Brien\Documents\GitHub\AFM-Data-Management\scripts\topo_particle_summary.py:664: MatplotlibDeprecationWarning: The 'labels' parameter of boxplot() has been renamed 'tick_labels' since Matplotlib 3.9; support for the old name will be dropped in 3.11.
  plt.boxplot(data, labels=labels, showfliers=True)
C:\Users\Conor O'Brien\Documents\GitHub\AFM-Data-Management\scripts\topo_particle_summary.py:807: MatplotlibDeprecationWarning: The get_cmap function was deprecated in Matplotlib 3.7 and will be removed in 3.11. Use ``matplotlib.colormaps[name]`` or ``matplotlib.colormaps.get_cmap()`` or ``pyplot.get_cmap()`` instead.
  cmap = plt.cm.get_cmap(args.grid_cmap).copy()
Config configs\TEST configs\Example configs\config.topo_particle_2jobs_masking.yaml missing sections: result_schemas, plotting_modes
Config configs\TEST configs\Example configs\config.topo_particle_2jobs_masking.yaml missing sections: result_schemas, plotting_modes

** (python.exe:11476): WARNING **: Trying to register gtype 'GMountMountFlags' as enum when in fact it is of type 'GFlags'

** (python.exe:11476): WARNING **: Trying to register gtype 'GDriveStartFlags' as enum when in fact it is of type 'GFlags'

** (python.exe:11476): WARNING **: Trying to register gtype 'GSocketMsgFlags' as enum when in fact it is of type 'GFlags'
Config configs\TEST configs\Example configs\config.topo_particle_2jobs_masking.yaml missing sections: result_schemas, plotting_modes
Config configs\TEST configs\Example configs\config.topo_particle_2jobs_masking.yaml missing sections: result_schemas, plotting_modes

** (python.exe:12156): WARNING **: Trying to register gtype 'GMountMountFlags' as enum when in fact it is of type 'GFlags'

** (python.exe:12156): WARNING **: Trying to register gtype 'GDriveStartFlags' as enum when in fact it is of type 'GFlags'

** (python.exe:12156): WARNING **: Trying to register gtype 'GSocketMsgFlags' as enum when in fact it is of type 'GFlags'
Config configs\TEST configs\Example configs\config.topo_particle_2jobs_masking.yaml missing sections: result_schemas, plotting_modes
Config configs\TEST configs\Example configs\config.topo_particle_2jobs_masking.yaml missing sections: result_schemas, plotting_modes

** (python.exe:20220): WARNING **: Trying to register gtype 'GMountMountFlags' as enum when in fact it is of type 'GFlags'

** (python.exe:20220): WARNING **: Trying to register gtype 'GDriveStartFlags' as enum when in fact it is of type 'GFlags'

** (python.exe:20220): WARNING **: Trying to register gtype 'GSocketMsgFlags' as enum when in fact it is of type 'GFlags'
Config configs\TEST configs\Example configs\config.topo_particle_2jobs_masking.yaml missing sections: result_schemas, plotting_modes
Config configs\TEST configs\Example configs\config.topo_particle_2jobs_masking.yaml missing sections: result_schemas, plotting_modes

** (python.exe:24016): WARNING **: Trying to register gtype 'GMountMountFlags' as enum when in fact it is of type 'GFlags'

** (python.exe:24016): WARNING **: Trying to register gtype 'GDriveStartFlags' as enum when in fact it is of type 'GFlags'

** (python.exe:24016): WARNING **: Trying to register gtype 'GSocketMsgFlags' as enum when in fact it is of type 'GFlags'
Config configs\TEST configs\Example configs\config.topo_particle_2jobs_masking.yaml missing sections: result_schemas, plotting_modes
Config configs\TEST configs\Example configs\config.topo_particle_2jobs_masking.yaml missing sections: result_schemas, plotting_modes

** (python.exe:25696): WARNING **: Trying to register gtype 'GMountMountFlags' as enum when in fact it is of type 'GFlags'

** (python.exe:25696): WARNING **: Trying to register gtype 'GDriveStartFlags' as enum when in fact it is of type 'GFlags'

** (python.exe:25696): WARNING **: Trying to register gtype 'GSocketMsgFlags' as enum when in fact it is of type 'GFlags'
Config configs\TEST configs\Example configs\config.topo_particle_2jobs_masking.yaml missing sections: result_schemas, plotting_modes
Config configs\TEST configs\Example configs\config.topo_particle_2jobs_masking.yaml missing sections: result_schemas, plotting_modes

** (python.exe:16256): WARNING **: Trying to register gtype 'GMountMountFlags' as enum when in fact it is of type 'GFlags'

** (python.exe:16256): WARNING **: Trying to register gtype 'GDriveStartFlags' as enum when in fact it is of type 'GFlags'

** (python.exe:16256): WARNING **: Trying to register gtype 'GSocketMsgFlags' as enum when in fact it is of type 'GFlags'
Config configs\TEST configs\Example configs\config.topo_particle_2jobs_masking.yaml missing sections: result_schemas, plotting_modes
Config configs\TEST configs\Example configs\config.topo_particle_2jobs_masking.yaml missing sections: result_schemas, plotting_modes

** (python.exe:13776): WARNING **: Trying to register gtype 'GMountMountFlags' as enum when in fact it is of type 'GFlags'

** (python.exe:13776): WARNING **: Trying to register gtype 'GDriveStartFlags' as enum when in fact it is of type 'GFlags'

** (python.exe:13776): WARNING **: Trying to register gtype 'GSocketMsgFlags' as enum when in fact it is of type 'GFlags'
Config configs\TEST configs\Example configs\config.topo_particle_2jobs_masking.yaml missing sections: result_schemas, plotting_modes
Config configs\TEST configs\Example configs\config.topo_particle_2jobs_masking.yaml missing sections: result_schemas, plotting_modes

** (python.exe:15552): WARNING **: Trying to register gtype 'GMountMountFlags' as enum when in fact it is of type 'GFlags'

** (python.exe:15552): WARNING **: Trying to register gtype 'GDriveStartFlags' as enum when in fact it is of type 'GFlags'

** (python.exe:15552): WARNING **: Trying to register gtype 'GSocketMsgFlags' as enum when in fact it is of type 'GFlags'
Config configs\TEST configs\Example configs\config.topo_particle_2jobs_masking.yaml missing sections: result_schemas, plotting_modes
Config configs\TEST configs\Example configs\config.topo_particle_2jobs_masking.yaml missing sections: result_schemas, plotting_modes

** (python.exe:20232): WARNING **: Trying to register gtype 'GMountMountFlags' as enum when in fact it is of type 'GFlags'

** (python.exe:20232): WARNING **: Trying to register gtype 'GDriveStartFlags' as enum when in fact it is of type 'GFlags'

** (python.exe:20232): WARNING **: Trying to register gtype 'GSocketMsgFlags' as enum when in fact it is of type 'GFlags'
Config configs\TEST configs\Example configs\config.topo_particle_2jobs_masking.yaml missing sections: result_schemas, plotting_modes
Config configs\TEST configs\Example configs\config.topo_particle_2jobs_masking.yaml missing sections: result_schemas, plotting_modes

** (python.exe:15388): WARNING **: Trying to register gtype 'GMountMountFlags' as enum when in fact it is of type 'GFlags'

** (python.exe:15388): WARNING **: Trying to register gtype 'GDriveStartFlags' as enum when in fact it is of type 'GFlags'

** (python.exe:15388): WARNING **: Trying to register gtype 'GSocketMsgFlags' as enum when in fact it is of type 'GFlags'
Config configs\TEST configs\Example configs\config.topo_particle_2jobs_masking.yaml missing sections: result_schemas, plotting_modes
Config configs\TEST configs\Example configs\config.topo_particle_2jobs_masking.yaml missing sections: result_schemas, plotting_modes

** (python.exe:25064): WARNING **: Trying to register gtype 'GMountMountFlags' as enum when in fact it is of type 'GFlags'

** (python.exe:25064): WARNING **: Trying to register gtype 'GDriveStartFlags' as enum when in fact it is of type 'GFlags'

** (python.exe:25064): WARNING **: Trying to register gtype 'GSocketMsgFlags' as enum when in fact it is of type 'GFlags'
Config configs\TEST configs\Example configs\config.topo_particle_2jobs_masking.yaml missing sections: result_schemas, plotting_modes
Config configs\TEST configs\Example configs\config.topo_particle_2jobs_masking.yaml missing sections: result_schemas, plotting_modes

** (python.exe:10232): WARNING **: Trying to register gtype 'GMountMountFlags' as enum when in fact it is of type 'GFlags'

** (python.exe:10232): WARNING **: Trying to register gtype 'GDriveStartFlags' as enum when in fact it is of type 'GFlags'

** (python.exe:10232): WARNING **: Trying to register gtype 'GSocketMsgFlags' as enum when in fact it is of type 'GFlags'
Config configs\TEST configs\Example configs\config.topo_particle_2jobs_masking.yaml missing sections: result_schemas, plotting_modes
Config configs\TEST configs\Example configs\config.topo_particle_2jobs_masking.yaml missing sections: result_schemas, plotting_modes

** (python.exe:17288): WARNING **: Trying to register gtype 'GMountMountFlags' as enum when in fact it is of type 'GFlags'

** (python.exe:17288): WARNING **: Trying to register gtype 'GDriveStartFlags' as enum when in fact it is of type 'GFlags'

** (python.exe:17288): WARNING **: Trying to register gtype 'GSocketMsgFlags' as enum when in fact it is of type 'GFlags'
Config configs\TEST configs\Example configs\config.topo_particle_2jobs_masking.yaml missing sections: result_schemas, plotting_modes
Config configs\TEST configs\Example configs\config.topo_particle_2jobs_masking.yaml missing sections: result_schemas, plotting_modes

** (python.exe:6840): WARNING **: Trying to register gtype 'GMountMountFlags' as enum when in fact it is of type 'GFlags'

** (python.exe:6840): WARNING **: Trying to register gtype 'GDriveStartFlags' as enum when in fact it is of type 'GFlags'

** (python.exe:6840): WARNING **: Trying to register gtype 'GSocketMsgFlags' as enum when in fact it is of type 'GFlags'
Config configs\TEST configs\Example configs\config.topo_particle_2jobs_masking.yaml missing sections: result_schemas, plotting_modes
Config configs\TEST configs\Example configs\config.topo_particle_2jobs_masking.yaml missing sections: result_schemas, plotting_modes

** (python.exe:11804): WARNING **: Trying to register gtype 'GMountMountFlags' as enum when in fact it is of type 'GFlags'

** (python.exe:11804): WARNING **: Trying to register gtype 'GDriveStartFlags' as enum when in fact it is of type 'GFlags'

** (python.exe:11804): WARNING **: Trying to register gtype 'GSocketMsgFlags' as enum when in fact it is of type 'GFlags'
Config configs\TEST configs\Example configs\config.topo_particle_2jobs_masking.yaml missing sections: result_schemas, plotting_modes
Config configs\TEST configs\Example configs\config.topo_particle_2jobs_masking.yaml missing sections: result_schemas, plotting_modes

** (python.exe:10496): WARNING **: Trying to register gtype 'GMountMountFlags' as enum when in fact it is of type 'GFlags'

** (python.exe:10496): WARNING **: Trying to register gtype 'GDriveStartFlags' as enum when in fact it is of type 'GFlags'

** (python.exe:10496): WARNING **: Trying to register gtype 'GSocketMsgFlags' as enum when in fact it is of type 'GFlags'
Config configs\TEST configs\Example configs\config.topo_particle_2jobs_masking.yaml missing sections: result_schemas, plotting_modes
Config configs\TEST configs\Example configs\config.topo_particle_2jobs_masking.yaml missing sections: result_schemas, plotting_modes

** (python.exe:3084): WARNING **: Trying to register gtype 'GMountMountFlags' as enum when in fact it is of type 'GFlags'

** (python.exe:3084): WARNING **: Trying to register gtype 'GDriveStartFlags' as enum when in fact it is of type 'GFlags'

** (python.exe:3084): WARNING **: Trying to register gtype 'GSocketMsgFlags' as enum when in fact it is of type 'GFlags'
Config configs\TEST configs\Example configs\config.topo_particle_2jobs_masking.yaml missing sections: result_schemas, plotting_modes
Config configs\TEST configs\Example configs\config.topo_particle_2jobs_masking.yaml missing sections: result_schemas, plotting_modes

** (python.exe:14732): WARNING **: Trying to register gtype 'GMountMountFlags' as enum when in fact it is of type 'GFlags'

** (python.exe:14732): WARNING **: Trying to register gtype 'GDriveStartFlags' as enum when in fact it is of type 'GFlags'

** (python.exe:14732): WARNING **: Trying to register gtype 'GSocketMsgFlags' as enum when in fact it is of type 'GFlags'
Config configs\TEST configs\Example configs\config.topo_particle_2jobs_masking.yaml missing sections: result_schemas, plotting_modes
Config configs\TEST configs\Example configs\config.topo_particle_2jobs_masking.yaml missing sections: result_schemas, plotting_modes

** (python.exe:16908): WARNING **: Trying to register gtype 'GMountMountFlags' as enum when in fact it is of type 'GFlags'

** (python.exe:16908): WARNING **: Trying to register gtype 'GDriveStartFlags' as enum when in fact it is of type 'GFlags'

** (python.exe:16908): WARNING **: Trying to register gtype 'GSocketMsgFlags' as enum when in fact it is of type 'GFlags'
Config configs\TEST configs\Example configs\config.topo_particle_2jobs_masking.yaml missing sections: result_schemas, plotting_modes
Config configs\TEST configs\Example configs\config.topo_particle_2jobs_masking.yaml missing sections: result_schemas, plotting_modes

** (python.exe:16216): WARNING **: Trying to register gtype 'GMountMountFlags' as enum when in fact it is of type 'GFlags'

** (python.exe:16216): WARNING **: Trying to register gtype 'GDriveStartFlags' as enum when in fact it is of type 'GFlags'

** (python.exe:16216): WARNING **: Trying to register gtype 'GSocketMsgFlags' as enum when in fact it is of type 'GFlags'
Config configs\TEST configs\Example configs\config.topo_particle_2jobs_masking.yaml missing sections: result_schemas, plotting_modes
Config configs\TEST configs\Example configs\config.topo_particle_2jobs_masking.yaml missing sections: result_schemas, plotting_modes

** (python.exe:9652): WARNING **: Trying to register gtype 'GMountMountFlags' as enum when in fact it is of type 'GFlags'

** (python.exe:9652): WARNING **: Trying to register gtype 'GDriveStartFlags' as enum when in fact it is of type 'GFlags'

** (python.exe:9652): WARNING **: Trying to register gtype 'GSocketMsgFlags' as enum when in fact it is of type 'GFlags'
Config configs\TEST configs\Example configs\config.topo_particle_2jobs_masking.yaml missing sections: result_schemas, plotting_modes
Config configs\TEST configs\Example configs\config.topo_particle_2jobs_masking.yaml missing sections: result_schemas, plotting_modes

** (python.exe:22992): WARNING **: Trying to register gtype 'GMountMountFlags' as enum when in fact it is of type 'GFlags'

** (python.exe:22992): WARNING **: Trying to register gtype 'GDriveStartFlags' as enum when in fact it is of type 'GFlags'

** (python.exe:22992): WARNING **: Trying to register gtype 'GSocketMsgFlags' as enum when in fact it is of type 'GFlags'
Config configs\TEST configs\Example configs\config.topo_particle_2jobs_masking.yaml missing sections: result_schemas, plotting_modes
Config configs\TEST configs\Example configs\config.topo_particle_2jobs_masking.yaml missing sections: result_schemas, plotting_modes

** (python.exe:19012): WARNING **: Trying to register gtype 'GMountMountFlags' as enum when in fact it is of type 'GFlags'

** (python.exe:19012): WARNING **: Trying to register gtype 'GDriveStartFlags' as enum when in fact it is of type 'GFlags'

** (python.exe:19012): WARNING **: Trying to register gtype 'GSocketMsgFlags' as enum when in fact it is of type 'GFlags'
Config configs\TEST configs\Example configs\config.topo_particle_2jobs_masking.yaml missing sections: result_schemas, plotting_modes
Config configs\TEST configs\Example configs\config.topo_particle_2jobs_masking.yaml missing sections: result_schemas, plotting_modes

** (python.exe:736): WARNING **: Trying to register gtype 'GMountMountFlags' as enum when in fact it is of type 'GFlags'

** (python.exe:736): WARNING **: Trying to register gtype 'GDriveStartFlags' as enum when in fact it is of type 'GFlags'

** (python.exe:736): WARNING **: Trying to register gtype 'GSocketMsgFlags' as enum when in fact it is of type 'GFlags'
Config configs\TEST configs\Example configs\config.topo_particle_2jobs_masking.yaml missing sections: result_schemas, plotting_modes
Config configs\TEST configs\Example configs\config.topo_particle_2jobs_masking.yaml missing sections: result_schemas, plotting_modes

** (python.exe:15812): WARNING **: Trying to register gtype 'GMountMountFlags' as enum when in fact it is of type 'GFlags'

** (python.exe:15812): WARNING **: Trying to register gtype 'GDriveStartFlags' as enum when in fact it is of type 'GFlags'

** (python.exe:15812): WARNING **: Trying to register gtype 'GSocketMsgFlags' as enum when in fact it is of type 'GFlags'
Config configs\TEST configs\Example configs\config.topo_particle_2jobs_masking.yaml missing sections: result_schemas, plotting_modes
Config configs\TEST configs\Example configs\config.topo_particle_2jobs_masking.yaml missing sections: result_schemas, plotting_modes

** (python.exe:9168): WARNING **: Trying to register gtype 'GMountMountFlags' as enum when in fact it is of type 'GFlags'

** (python.exe:9168): WARNING **: Trying to register gtype 'GDriveStartFlags' as enum when in fact it is of type 'GFlags'

** (python.exe:9168): WARNING **: Trying to register gtype 'GSocketMsgFlags' as enum when in fact it is of type 'GFlags'
Config configs\TEST configs\Example configs\config.topo_particle_2jobs_masking.yaml missing sections: result_schemas, plotting_modes
Config configs\TEST configs\Example configs\config.topo_particle_2jobs_masking.yaml missing sections: result_schemas, plotting_modes

** (python.exe:24372): WARNING **: Trying to register gtype 'GMountMountFlags' as enum when in fact it is of type 'GFlags'

** (python.exe:24372): WARNING **: Trying to register gtype 'GDriveStartFlags' as enum when in fact it is of type 'GFlags'

** (python.exe:24372): WARNING **: Trying to register gtype 'GSocketMsgFlags' as enum when in fact it is of type 'GFlags'
Config configs\TEST configs\Example configs\config.topo_particle_2jobs_masking.yaml missing sections: result_schemas, plotting_modes
Config configs\TEST configs\Example configs\config.topo_particle_2jobs_masking.yaml missing sections: result_schemas, plotting_modes

** (python.exe:10164): WARNING **: Trying to register gtype 'GMountMountFlags' as enum when in fact it is of type 'GFlags'

** (python.exe:10164): WARNING **: Trying to register gtype 'GDriveStartFlags' as enum when in fact it is of type 'GFlags'

** (python.exe:10164): WARNING **: Trying to register gtype 'GSocketMsgFlags' as enum when in fact it is of type 'GFlags'
Config configs\TEST configs\Example configs\config.topo_particle_2jobs_masking.yaml missing sections: result_schemas, plotting_modes
Config configs\TEST configs\Example configs\config.topo_particle_2jobs_masking.yaml missing sections: result_schemas, plotting_modes

** (python.exe:17288): WARNING **: Trying to register gtype 'GMountMountFlags' as enum when in fact it is of type 'GFlags'

** (python.exe:17288): WARNING **: Trying to register gtype 'GDriveStartFlags' as enum when in fact it is of type 'GFlags'

** (python.exe:17288): WARNING **: Trying to register gtype 'GSocketMsgFlags' as enum when in fact it is of type 'GFlags'
Config configs\TEST configs\Example configs\config.topo_particle_2jobs_masking.yaml missing sections: result_schemas, plotting_modes
Config configs\TEST configs\Example configs\config.topo_particle_2jobs_masking.yaml missing sections: result_schemas, plotting_modes
