Traceback (most recent call last):
  File "C:\Users\Conor O'Brien\AppData\Local\Python\pythoncore-3.14-64\Lib\pathlib\__init__.py", line 1011, in mkdir
    os.mkdir(self, mode)
    ~~~~~~~~^^^^^^^^^^^^
FileNotFoundError: [WinError 3] The system cannot find the path specified: "C:\\Users\\Conor O''Brien\\Dropbox\\03_AML\\00 IN-BOX\\AFM Topo Particle processing OUT\\run_grains_full_wt10_20260304_145519"

During handling of the above exception, another exception occurred:

Traceback (most recent call last):
  File "C:\Users\Conor O'Brien\AppData\Local\Python\pythoncore-3.14-64\Lib\pathlib\__init__.py", line 1011, in mkdir
    os.mkdir(self, mode)
    ~~~~~~~~^^^^^^^^^^^^
FileNotFoundError: [WinError 3] The system cannot find the path specified: "C:\\Users\\Conor O''Brien\\Dropbox\\03_AML\\00 IN-BOX\\AFM Topo Particle processing OUT"

During handling of the above exception, another exception occurred:

Traceback (most recent call last):
  File "C:\Users\Conor O'Brien\AppData\Local\Python\pythoncore-3.14-64\Lib\pathlib\__init__.py", line 1011, in mkdir
    os.mkdir(self, mode)
    ~~~~~~~~^^^^^^^^^^^^
FileNotFoundError: [WinError 3] The system cannot find the path specified: "C:\\Users\\Conor O''Brien\\Dropbox\\03_AML\\00 IN-BOX"

During handling of the above exception, another exception occurred:

Traceback (most recent call last):
  File "C:\Users\Conor O'Brien\AppData\Local\Python\pythoncore-3.14-64\Lib\pathlib\__init__.py", line 1011, in mkdir
    os.mkdir(self, mode)
    ~~~~~~~~^^^^^^^^^^^^
FileNotFoundError: [WinError 3] The system cannot find the path specified: "C:\\Users\\Conor O''Brien\\Dropbox\\03_AML"

During handling of the above exception, another exception occurred:

Traceback (most recent call last):
  File "C:\Users\Conor O'Brien\AppData\Local\Python\pythoncore-3.14-64\Lib\pathlib\__init__.py", line 1011, in mkdir
    os.mkdir(self, mode)
    ~~~~~~~~^^^^^^^^^^^^
FileNotFoundError: [WinError 3] The system cannot find the path specified: "C:\\Users\\Conor O''Brien\\Dropbox"

During handling of the above exception, another exception occurred:

Traceback (most recent call last):
  File "C:\Users\Conor O'Brien\Documents\GitHub\AFM-Data-Management\scripts\topo_particle_batch.py", line 266, in <module>
    main()
    ~~~~^^
  File "C:\Users\Conor O'Brien\Documents\GitHub\AFM-Data-Management\scripts\topo_particle_batch.py", line 169, in main
    out_base.mkdir(parents=True, exist_ok=True)
    ~~~~~~~~~~~~~~^^^^^^^^^^^^^^^^^^^^^^^^^^^^^
  File "C:\Users\Conor O'Brien\AppData\Local\Python\pythoncore-3.14-64\Lib\pathlib\__init__.py", line 1015, in mkdir
    self.parent.mkdir(parents=True, exist_ok=True)
    ~~~~~~~~~~~~~~~~~^^^^^^^^^^^^^^^^^^^^^^^^^^^^^
  File "C:\Users\Conor O'Brien\AppData\Local\Python\pythoncore-3.14-64\Lib\pathlib\__init__.py", line 1015, in mkdir
    self.parent.mkdir(parents=True, exist_ok=True)
    ~~~~~~~~~~~~~~~~~^^^^^^^^^^^^^^^^^^^^^^^^^^^^^
  File "C:\Users\Conor O'Brien\AppData\Local\Python\pythoncore-3.14-64\Lib\pathlib\__init__.py", line 1015, in mkdir
    self.parent.mkdir(parents=True, exist_ok=True)
    ~~~~~~~~~~~~~~~~~^^^^^^^^^^^^^^^^^^^^^^^^^^^^^
  [Previous line repeated 2 more times]
  File "C:\Users\Conor O'Brien\AppData\Local\Python\pythoncore-3.14-64\Lib\pathlib\__init__.py", line 1011, in mkdir
    os.mkdir(self, mode)
    ~~~~~~~~^^^^^^^^^^^^
PermissionError: [WinError 5] Access is denied: "C:\\Users\\Conor O''Brien"
Traceback (most recent call last):
  File "C:\Users\Conor O'Brien\AppData\Local\Python\pythoncore-3.14-64\Lib\pathlib\__init__.py", line 1011, in mkdir
    os.mkdir(self, mode)
    ~~~~~~~~^^^^^^^^^^^^
FileNotFoundError: [WinError 3] The system cannot find the path specified: "C:\\Users\\Conor O''Brien\\Dropbox\\03_AML\\00 IN-BOX\\AFM Topo Particle processing OUT\\run_grains_full_wt25_20260304_145519"

During handling of the above exception, another exception occurred:

Traceback (most recent call last):
  File "C:\Users\Conor O'Brien\AppData\Local\Python\pythoncore-3.14-64\Lib\pathlib\__init__.py", line 1011, in mkdir
    os.mkdir(self, mode)
    ~~~~~~~~^^^^^^^^^^^^
FileNotFoundError: [WinError 3] The system cannot find the path specified: "C:\\Users\\Conor O''Brien\\Dropbox\\03_AML\\00 IN-BOX\\AFM Topo Particle processing OUT"

During handling of the above exception, another exception occurred:

Traceback (most recent call last):
  File "C:\Users\Conor O'Brien\AppData\Local\Python\pythoncore-3.14-64\Lib\pathlib\__init__.py", line 1011, in mkdir
    os.mkdir(self, mode)
    ~~~~~~~~^^^^^^^^^^^^
FileNotFoundError: [WinError 3] The system cannot find the path specified: "C:\\Users\\Conor O''Brien\\Dropbox\\03_AML\\00 IN-BOX"

During handling of the above exception, another exception occurred:

Traceback (most recent call last):
  File "C:\Users\Conor O'Brien\AppData\Local\Python\pythoncore-3.14-64\Lib\pathlib\__init__.py", line 1011, in mkdir
    os.mkdir(self, mode)
    ~~~~~~~~^^^^^^^^^^^^
FileNotFoundError: [WinError 3] The system cannot find the path specified: "C:\\Users\\Conor O''Brien\\Dropbox\\03_AML"

During handling of the above exception, another exception occurred:

Traceback (most recent call last):
  File "C:\Users\Conor O'Brien\AppData\Local\Python\pythoncore-3.14-64\Lib\pathlib\__init__.py", line 1011, in mkdir
    os.mkdir(self, mode)
    ~~~~~~~~^^^^^^^^^^^^
FileNotFoundError: [WinError 3] The system cannot find the path specified: "C:\\Users\\Conor O''Brien\\Dropbox"

During handling of the above exception, another exception occurred:

Traceback (most recent call last):
  File "C:\Users\Conor O'Brien\Documents\GitHub\AFM-Data-Management\scripts\topo_particle_batch.py", line 266, in <module>
    main()
    ~~~~^^
  File "C:\Users\Conor O'Brien\Documents\GitHub\AFM-Data-Management\scripts\topo_particle_batch.py", line 169, in main
    out_base.mkdir(parents=True, exist_ok=True)
    ~~~~~~~~~~~~~~^^^^^^^^^^^^^^^^^^^^^^^^^^^^^
  File "C:\Users\Conor O'Brien\AppData\Local\Python\pythoncore-3.14-64\Lib\pathlib\__init__.py", line 1015, in mkdir
    self.parent.mkdir(parents=True, exist_ok=True)
    ~~~~~~~~~~~~~~~~~^^^^^^^^^^^^^^^^^^^^^^^^^^^^^
  File "C:\Users\Conor O'Brien\AppData\Local\Python\pythoncore-3.14-64\Lib\pathlib\__init__.py", line 1015, in mkdir
    self.parent.mkdir(parents=True, exist_ok=True)
    ~~~~~~~~~~~~~~~~~^^^^^^^^^^^^^^^^^^^^^^^^^^^^^
  File "C:\Users\Conor O'Brien\AppData\Local\Python\pythoncore-3.14-64\Lib\pathlib\__init__.py", line 1015, in mkdir
    self.parent.mkdir(parents=True, exist_ok=True)
    ~~~~~~~~~~~~~~~~~^^^^^^^^^^^^^^^^^^^^^^^^^^^^^
  [Previous line repeated 2 more times]
  File "C:\Users\Conor O'Brien\AppData\Local\Python\pythoncore-3.14-64\Lib\pathlib\__init__.py", line 1011, in mkdir
    os.mkdir(self, mode)
    ~~~~~~~~^^^^^^^^^^^^
PermissionError: [WinError 5] Access is denied: "C:\\Users\\Conor O''Brien"
