Considered: 176
Matched: 88
Copied: 88 (dry_run=False)
Out dir: C:\AFM_STAGE\collect_20260304_124117_collect_forward
Copied root: C:\AFM_STAGE\collect_20260304_124117_collect_forward\copied
Manifest: C:\AFM_STAGE\collect_20260304_124117_collect_forward\copy_manifest.csv
Metadata: C:\AFM_STAGE\collect_20260304_124117_collect_forward\run_metadata.json
Wrote manifest to C:\Users\Conor O'Brien\Dropbox\03_AML\00 IN-BOX\AFM Topo Particle processing OUT\run_grains_med_fixed_wt10_20260304_124108\PEGDA_SiNP\PEGDA1TPO10SiNP_Sa1_Si1-\particle_forward_medianbg_mean\job_manifest.json with 88 files
Processing_mode: particle_count_align_medianbg_mean
CSV_mode: particle_metrics_full
Files: 88
Output dir: C:\Users\Conor O'Brien\Dropbox\03_AML\00 IN-BOX\AFM Topo Particle processing OUT\run_grains_med_fixed_wt10_20260304_124108\PEGDA_SiNP\PEGDA1TPO10SiNP_Sa1_Si1-\particle_forward_medianbg_mean
Output CSV: C:\Users\Conor O'Brien\Dropbox\03_AML\00 IN-BOX\AFM Topo Particle processing OUT\run_grains_med_fixed_wt10_20260304_124108\PEGDA_SiNP\PEGDA1TPO10SiNP_Sa1_Si1-\particle_forward_medianbg_mean\summary.csv
Wrote summary CSV: C:\Users\Conor O'Brien\Dropbox\03_AML\00 IN-BOX\AFM Topo Particle processing OUT\run_grains_med_fixed_wt10_20260304_124108\PEGDA_SiNP\PEGDA1TPO10SiNP_Sa1_Si1-\particle_forward_medianbg_mean\summary.csv
C:\Users\Conor O'Brien\AppData\Local\Python\pythoncore-3.14-64\python.exe scripts/collect_files.py --config configs\TEST configs\Example configs\config.topo_particle_2jobs_masking.yaml --job collect_forward --input-root C:\Users\Conor O'Brien\Dropbox\03_AML\03 References and Materials\RAW DATA Files\AFM Scans\Particle Density for Fracture Surfaces Verification\092525-CRO\Data\PEGDA1TPO10SiNP_Sa1_Si1- --out-root C:/AFM_STAGE
C:\Users\Conor O'Brien\AppData\Local\Python\pythoncore-3.14-64\python.exe scripts/make_job_manifest.py --config configs\TEST configs\Example configs\config.topo_particle_2jobs_masking.yaml --input-root C:\AFM_STAGE\collect_20260304_124117_collect_forward\copied --output-dir C:\Users\Conor O'Brien\Dropbox\03_AML\00 IN-BOX\AFM Topo Particle processing OUT\run_grains_med_fixed_wt10_20260304_124108\PEGDA_SiNP\PEGDA1TPO10SiNP_Sa1_Si1-\particle_forward_medianbg_mean --processing-mode particle_count_align_medianbg_mean --csv-mode particle_metrics_full --out C:\Users\Conor O'Brien\Dropbox\03_AML\00 IN-BOX\AFM Topo Particle processing OUT\run_grains_med_fixed_wt10_20260304_124108\PEGDA_SiNP\PEGDA1TPO10SiNP_Sa1_Si1-\particle_forward_medianbg_mean\job_manifest.json --pattern **/*Z Height*Forward*.tif;**/*Z Height*Forward*.tiff --profile medianbg_mean
C:\Python27\python.exe scripts/run_pygwy_job.py --manifest C:\Users\Conor O'Brien\Dropbox\03_AML\00 IN-BOX\AFM Topo Particle processing OUT\run_grains_med_fixed_wt10_20260304_124108\PEGDA_SiNP\PEGDA1TPO10SiNP_Sa1_Si1-\particle_forward_medianbg_mean\job_manifest.json
Done. Output dir: C:\Users\Conor O'Brien\Dropbox\03_AML\00 IN-BOX\AFM Topo Particle processing OUT\run_grains_med_fixed_wt10_20260304_124108\PEGDA_SiNP\PEGDA1TPO10SiNP_Sa1_Si1-\particle_forward_medianbg_mean
Considered: 176
Matched: 88
Copied: 88 (dry_run=False)
Out dir: C:\AFM_STAGE\collect_20260304_124514_collect_forward
Copied root: C:\AFM_STAGE\collect_20260304_124514_collect_forward\copied
Manifest: C:\AFM_STAGE\collect_20260304_124514_collect_forward\copy_manifest.csv
Metadata: C:\AFM_STAGE\collect_20260304_124514_collect_forward\run_metadata.json
Wrote manifest to C:\Users\Conor O'Brien\Dropbox\03_AML\00 IN-BOX\AFM Topo Particle processing OUT\run_grains_med_fixed_wt10_20260304_124108\PEGDA_SiNP\PEGDA1TPO10SiNP_Sa1_Si1-\particle_forward_medianbg_fixed0\job_manifest.json with 88 files
Processing_mode: particle_count_align_medianbg_fixed0
CSV_mode: particle_metrics_full
Files: 88
Output dir: C:\Users\Conor O'Brien\Dropbox\03_AML\00 IN-BOX\AFM Topo Particle processing OUT\run_grains_med_fixed_wt10_20260304_124108\PEGDA_SiNP\PEGDA1TPO10SiNP_Sa1_Si1-\particle_forward_medianbg_fixed0
Output CSV: C:\Users\Conor O'Brien\Dropbox\03_AML\00 IN-BOX\AFM Topo Particle processing OUT\run_grains_med_fixed_wt10_20260304_124108\PEGDA_SiNP\PEGDA1TPO10SiNP_Sa1_Si1-\particle_forward_medianbg_fixed0\summary.csv
Wrote summary CSV: C:\Users\Conor O'Brien\Dropbox\03_AML\00 IN-BOX\AFM Topo Particle processing OUT\run_grains_med_fixed_wt10_20260304_124108\PEGDA_SiNP\PEGDA1TPO10SiNP_Sa1_Si1-\particle_forward_medianbg_fixed0\summary.csv
C:\Users\Conor O'Brien\AppData\Local\Python\pythoncore-3.14-64\python.exe scripts/collect_files.py --config configs\TEST configs\Example configs\config.topo_particle_2jobs_masking.yaml --job collect_forward --input-root C:\Users\Conor O'Brien\Dropbox\03_AML\03 References and Materials\RAW DATA Files\AFM Scans\Particle Density for Fracture Surfaces Verification\092525-CRO\Data\PEGDA1TPO10SiNP_Sa1_Si1- --out-root C:/AFM_STAGE
C:\Users\Conor O'Brien\AppData\Local\Python\pythoncore-3.14-64\python.exe scripts/make_job_manifest.py --config configs\TEST configs\Example configs\config.topo_particle_2jobs_masking.yaml --input-root C:\AFM_STAGE\collect_20260304_124514_collect_forward\copied --output-dir C:\Users\Conor O'Brien\Dropbox\03_AML\00 IN-BOX\AFM Topo Particle processing OUT\run_grains_med_fixed_wt10_20260304_124108\PEGDA_SiNP\PEGDA1TPO10SiNP_Sa1_Si1-\particle_forward_medianbg_fixed0 --processing-mode particle_count_align_medianbg_fixed0 --csv-mode particle_metrics_full --out C:\Users\Conor O'Brien\Dropbox\03_AML\00 IN-BOX\AFM Topo Particle processing OUT\run_grains_med_fixed_wt10_20260304_124108\PEGDA_SiNP\PEGDA1TPO10SiNP_Sa1_Si1-\particle_forward_medianbg_fixed0\job_manifest.json --pattern **/*Z Height*Forward*.tif;**/*Z Height*Forward*.tiff --profile medianbg_fixed0
C:\Python27\python.exe scripts/run_pygwy_job.py --manifest C:\Users\Conor O'Brien\Dropbox\03_AML\00 IN-BOX\AFM Topo Particle processing OUT\run_grains_med_fixed_wt10_20260304_124108\PEGDA_SiNP\PEGDA1TPO10SiNP_Sa1_Si1-\particle_forward_medianbg_fixed0\job_manifest.json
Done. Output dir: C:\Users\Conor O'Brien\Dropbox\03_AML\00 IN-BOX\AFM Topo Particle processing OUT\run_grains_med_fixed_wt10_20260304_124108\PEGDA_SiNP\PEGDA1TPO10SiNP_Sa1_Si1-\particle_forward_medianbg_fixed0
Considered: 198
Matched: 99
Copied: 99 (dry_run=False)
Out dir: C:\AFM_STAGE\collect_20260304_124844_collect_forward
Copied root: C:\AFM_STAGE\collect_20260304_124844_collect_forward\copied
Manifest: C:\AFM_STAGE\collect_20260304_124844_collect_forward\copy_manifest.csv
Metadata: C:\AFM_STAGE\collect_20260304_124844_collect_forward\run_metadata.json
Wrote manifest to C:\Users\Conor O'Brien\Dropbox\03_AML\00 IN-BOX\AFM Topo Particle processing OUT\run_grains_med_fixed_wt10_20260304_124108\PEGDA_SiNP\PEGDA1TPO10SiNP_Sa1_Si2\particle_forward_medianbg_mean\job_manifest.json with 99 files
Processing_mode: particle_count_align_medianbg_mean
CSV_mode: particle_metrics_full
Files: 99
Output dir: C:\Users\Conor O'Brien\Dropbox\03_AML\00 IN-BOX\AFM Topo Particle processing OUT\run_grains_med_fixed_wt10_20260304_124108\PEGDA_SiNP\PEGDA1TPO10SiNP_Sa1_Si2\particle_forward_medianbg_mean
Output CSV: C:\Users\Conor O'Brien\Dropbox\03_AML\00 IN-BOX\AFM Topo Particle processing OUT\run_grains_med_fixed_wt10_20260304_124108\PEGDA_SiNP\PEGDA1TPO10SiNP_Sa1_Si2\particle_forward_medianbg_mean\summary.csv
Wrote summary CSV: C:\Users\Conor O'Brien\Dropbox\03_AML\00 IN-BOX\AFM Topo Particle processing OUT\run_grains_med_fixed_wt10_20260304_124108\PEGDA_SiNP\PEGDA1TPO10SiNP_Sa1_Si2\particle_forward_medianbg_mean\summary.csv
C:\Users\Conor O'Brien\AppData\Local\Python\pythoncore-3.14-64\python.exe scripts/collect_files.py --config configs\TEST configs\Example configs\config.topo_particle_2jobs_masking.yaml --job collect_forward --input-root C:\Users\Conor O'Brien\Dropbox\03_AML\03 References and Materials\RAW DATA Files\AFM Scans\Particle Density for Fracture Surfaces Verification\092925-CRO\Data\PEGDA1TPO10SiNP_Sa1_Si2 --out-root C:/AFM_STAGE
C:\Users\Conor O'Brien\AppData\Local\Python\pythoncore-3.14-64\python.exe scripts/make_job_manifest.py --config configs\TEST configs\Example configs\config.topo_particle_2jobs_masking.yaml --input-root C:\AFM_STAGE\collect_20260304_124844_collect_forward\copied --output-dir C:\Users\Conor O'Brien\Dropbox\03_AML\00 IN-BOX\AFM Topo Particle processing OUT\run_grains_med_fixed_wt10_20260304_124108\PEGDA_SiNP\PEGDA1TPO10SiNP_Sa1_Si2\particle_forward_medianbg_mean --processing-mode particle_count_align_medianbg_mean --csv-mode particle_metrics_full --out C:\Users\Conor O'Brien\Dropbox\03_AML\00 IN-BOX\AFM Topo Particle processing OUT\run_grains_med_fixed_wt10_20260304_124108\PEGDA_SiNP\PEGDA1TPO10SiNP_Sa1_Si2\particle_forward_medianbg_mean\job_manifest.json --pattern **/*Z Height*Forward*.tif;**/*Z Height*Forward*.tiff --profile medianbg_mean
C:\Python27\python.exe scripts/run_pygwy_job.py --manifest C:\Users\Conor O'Brien\Dropbox\03_AML\00 IN-BOX\AFM Topo Particle processing OUT\run_grains_med_fixed_wt10_20260304_124108\PEGDA_SiNP\PEGDA1TPO10SiNP_Sa1_Si2\particle_forward_medianbg_mean\job_manifest.json
Done. Output dir: C:\Users\Conor O'Brien\Dropbox\03_AML\00 IN-BOX\AFM Topo Particle processing OUT\run_grains_med_fixed_wt10_20260304_124108\PEGDA_SiNP\PEGDA1TPO10SiNP_Sa1_Si2\particle_forward_medianbg_mean
Considered: 198
Matched: 99
Copied: 99 (dry_run=False)
Out dir: C:\AFM_STAGE\collect_20260304_125223_collect_forward
Copied root: C:\AFM_STAGE\collect_20260304_125223_collect_forward\copied
Manifest: C:\AFM_STAGE\collect_20260304_125223_collect_forward\copy_manifest.csv
Metadata: C:\AFM_STAGE\collect_20260304_125223_collect_forward\run_metadata.json
Wrote manifest to C:\Users\Conor O'Brien\Dropbox\03_AML\00 IN-BOX\AFM Topo Particle processing OUT\run_grains_med_fixed_wt10_20260304_124108\PEGDA_SiNP\PEGDA1TPO10SiNP_Sa1_Si2\particle_forward_medianbg_fixed0\job_manifest.json with 99 files
Processing_mode: particle_count_align_medianbg_fixed0
CSV_mode: particle_metrics_full
Files: 99
Output dir: C:\Users\Conor O'Brien\Dropbox\03_AML\00 IN-BOX\AFM Topo Particle processing OUT\run_grains_med_fixed_wt10_20260304_124108\PEGDA_SiNP\PEGDA1TPO10SiNP_Sa1_Si2\particle_forward_medianbg_fixed0
Output CSV: C:\Users\Conor O'Brien\Dropbox\03_AML\00 IN-BOX\AFM Topo Particle processing OUT\run_grains_med_fixed_wt10_20260304_124108\PEGDA_SiNP\PEGDA1TPO10SiNP_Sa1_Si2\particle_forward_medianbg_fixed0\summary.csv
Wrote summary CSV: C:\Users\Conor O'Brien\Dropbox\03_AML\00 IN-BOX\AFM Topo Particle processing OUT\run_grains_med_fixed_wt10_20260304_124108\PEGDA_SiNP\PEGDA1TPO10SiNP_Sa1_Si2\particle_forward_medianbg_fixed0\summary.csv
C:\Users\Conor O'Brien\AppData\Local\Python\pythoncore-3.14-64\python.exe scripts/collect_files.py --config configs\TEST configs\Example configs\config.topo_particle_2jobs_masking.yaml --job collect_forward --input-root C:\Users\Conor O'Brien\Dropbox\03_AML\03 References and Materials\RAW DATA Files\AFM Scans\Particle Density for Fracture Surfaces Verification\092925-CRO\Data\PEGDA1TPO10SiNP_Sa1_Si2 --out-root C:/AFM_STAGE
C:\Users\Conor O'Brien\AppData\Local\Python\pythoncore-3.14-64\python.exe scripts/make_job_manifest.py --config configs\TEST configs\Example configs\config.topo_particle_2jobs_masking.yaml --input-root C:\AFM_STAGE\collect_20260304_125223_collect_forward\copied --output-dir C:\Users\Conor O'Brien\Dropbox\03_AML\00 IN-BOX\AFM Topo Particle processing OUT\run_grains_med_fixed_wt10_20260304_124108\PEGDA_SiNP\PEGDA1TPO10SiNP_Sa1_Si2\particle_forward_medianbg_fixed0 --processing-mode particle_count_align_medianbg_fixed0 --csv-mode particle_metrics_full --out C:\Users\Conor O'Brien\Dropbox\03_AML\00 IN-BOX\AFM Topo Particle processing OUT\run_grains_med_fixed_wt10_20260304_124108\PEGDA_SiNP\PEGDA1TPO10SiNP_Sa1_Si2\particle_forward_medianbg_fixed0\job_manifest.json --pattern **/*Z Height*Forward*.tif;**/*Z Height*Forward*.tiff --profile medianbg_fixed0
C:\Python27\python.exe scripts/run_pygwy_job.py --manifest C:\Users\Conor O'Brien\Dropbox\03_AML\00 IN-BOX\AFM Topo Particle processing OUT\run_grains_med_fixed_wt10_20260304_124108\PEGDA_SiNP\PEGDA1TPO10SiNP_Sa1_Si2\particle_forward_medianbg_fixed0\job_manifest.json
Done. Output dir: C:\Users\Conor O'Brien\Dropbox\03_AML\00 IN-BOX\AFM Topo Particle processing OUT\run_grains_med_fixed_wt10_20260304_124108\PEGDA_SiNP\PEGDA1TPO10SiNP_Sa1_Si2\particle_forward_medianbg_fixed0
Considered: 200
Matched: 100
Copied: 100 (dry_run=False)
Out dir: C:\AFM_STAGE\collect_20260304_125559_collect_forward
Copied root: C:\AFM_STAGE\collect_20260304_125559_collect_forward\copied
Manifest: C:\AFM_STAGE\collect_20260304_125559_collect_forward\copy_manifest.csv
Metadata: C:\AFM_STAGE\collect_20260304_125559_collect_forward\run_metadata.json
Wrote manifest to C:\Users\Conor O'Brien\Dropbox\03_AML\00 IN-BOX\AFM Topo Particle processing OUT\run_grains_med_fixed_wt10_20260304_124108\PEGDA_SiNP\PEGDA1TPO10SiNP_Sam02_S1\particle_forward_medianbg_mean\job_manifest.json with 100 files
Processing_mode: particle_count_align_medianbg_mean
CSV_mode: particle_metrics_full
Files: 100
Output dir: C:\Users\Conor O'Brien\Dropbox\03_AML\00 IN-BOX\AFM Topo Particle processing OUT\run_grains_med_fixed_wt10_20260304_124108\PEGDA_SiNP\PEGDA1TPO10SiNP_Sam02_S1\particle_forward_medianbg_mean
Output CSV: C:\Users\Conor O'Brien\Dropbox\03_AML\00 IN-BOX\AFM Topo Particle processing OUT\run_grains_med_fixed_wt10_20260304_124108\PEGDA_SiNP\PEGDA1TPO10SiNP_Sam02_S1\particle_forward_medianbg_mean\summary.csv
Wrote summary CSV: C:\Users\Conor O'Brien\Dropbox\03_AML\00 IN-BOX\AFM Topo Particle processing OUT\run_grains_med_fixed_wt10_20260304_124108\PEGDA_SiNP\PEGDA1TPO10SiNP_Sam02_S1\particle_forward_medianbg_mean\summary.csv
C:\Users\Conor O'Brien\AppData\Local\Python\pythoncore-3.14-64\python.exe scripts/collect_files.py --config configs\TEST configs\Example configs\config.topo_particle_2jobs_masking.yaml --job collect_forward --input-root C:\Users\Conor O'Brien\Dropbox\03_AML\03 References and Materials\RAW DATA Files\AFM Scans\Particle Density for Fracture Surfaces Verification\093025-CRO\DATA\PEGDA1TPO10SiNP_Sam02_S1 --out-root C:/AFM_STAGE
C:\Users\Conor O'Brien\AppData\Local\Python\pythoncore-3.14-64\python.exe scripts/make_job_manifest.py --config configs\TEST configs\Example configs\config.topo_particle_2jobs_masking.yaml --input-root C:\AFM_STAGE\collect_20260304_125559_collect_forward\copied --output-dir C:\Users\Conor O'Brien\Dropbox\03_AML\00 IN-BOX\AFM Topo Particle processing OUT\run_grains_med_fixed_wt10_20260304_124108\PEGDA_SiNP\PEGDA1TPO10SiNP_Sam02_S1\particle_forward_medianbg_mean --processing-mode particle_count_align_medianbg_mean --csv-mode particle_metrics_full --out C:\Users\Conor O'Brien\Dropbox\03_AML\00 IN-BOX\AFM Topo Particle processing OUT\run_grains_med_fixed_wt10_20260304_124108\PEGDA_SiNP\PEGDA1TPO10SiNP_Sam02_S1\particle_forward_medianbg_mean\job_manifest.json --pattern **/*Z Height*Forward*.tif;**/*Z Height*Forward*.tiff --profile medianbg_mean
C:\Python27\python.exe scripts/run_pygwy_job.py --manifest C:\Users\Conor O'Brien\Dropbox\03_AML\00 IN-BOX\AFM Topo Particle processing OUT\run_grains_med_fixed_wt10_20260304_124108\PEGDA_SiNP\PEGDA1TPO10SiNP_Sam02_S1\particle_forward_medianbg_mean\job_manifest.json
Done. Output dir: C:\Users\Conor O'Brien\Dropbox\03_AML\00 IN-BOX\AFM Topo Particle processing OUT\run_grains_med_fixed_wt10_20260304_124108\PEGDA_SiNP\PEGDA1TPO10SiNP_Sam02_S1\particle_forward_medianbg_mean
Considered: 200
Matched: 100
Copied: 100 (dry_run=False)
Out dir: C:\AFM_STAGE\collect_20260304_125944_collect_forward
Copied root: C:\AFM_STAGE\collect_20260304_125944_collect_forward\copied
Manifest: C:\AFM_STAGE\collect_20260304_125944_collect_forward\copy_manifest.csv
Metadata: C:\AFM_STAGE\collect_20260304_125944_collect_forward\run_metadata.json
Wrote manifest to C:\Users\Conor O'Brien\Dropbox\03_AML\00 IN-BOX\AFM Topo Particle processing OUT\run_grains_med_fixed_wt10_20260304_124108\PEGDA_SiNP\PEGDA1TPO10SiNP_Sam02_S1\particle_forward_medianbg_fixed0\job_manifest.json with 100 files
Processing_mode: particle_count_align_medianbg_fixed0
CSV_mode: particle_metrics_full
Files: 100
Output dir: C:\Users\Conor O'Brien\Dropbox\03_AML\00 IN-BOX\AFM Topo Particle processing OUT\run_grains_med_fixed_wt10_20260304_124108\PEGDA_SiNP\PEGDA1TPO10SiNP_Sam02_S1\particle_forward_medianbg_fixed0
Output CSV: C:\Users\Conor O'Brien\Dropbox\03_AML\00 IN-BOX\AFM Topo Particle processing OUT\run_grains_med_fixed_wt10_20260304_124108\PEGDA_SiNP\PEGDA1TPO10SiNP_Sam02_S1\particle_forward_medianbg_fixed0\summary.csv
Wrote summary CSV: C:\Users\Conor O'Brien\Dropbox\03_AML\00 IN-BOX\AFM Topo Particle processing OUT\run_grains_med_fixed_wt10_20260304_124108\PEGDA_SiNP\PEGDA1TPO10SiNP_Sam02_S1\particle_forward_medianbg_fixed0\summary.csv
C:\Users\Conor O'Brien\AppData\Local\Python\pythoncore-3.14-64\python.exe scripts/collect_files.py --config configs\TEST configs\Example configs\config.topo_particle_2jobs_masking.yaml --job collect_forward --input-root C:\Users\Conor O'Brien\Dropbox\03_AML\03 References and Materials\RAW DATA Files\AFM Scans\Particle Density for Fracture Surfaces Verification\093025-CRO\DATA\PEGDA1TPO10SiNP_Sam02_S1 --out-root C:/AFM_STAGE
C:\Users\Conor O'Brien\AppData\Local\Python\pythoncore-3.14-64\python.exe scripts/make_job_manifest.py --config configs\TEST configs\Example configs\config.topo_particle_2jobs_masking.yaml --input-root C:\AFM_STAGE\collect_20260304_125944_collect_forward\copied --output-dir C:\Users\Conor O'Brien\Dropbox\03_AML\00 IN-BOX\AFM Topo Particle processing OUT\run_grains_med_fixed_wt10_20260304_124108\PEGDA_SiNP\PEGDA1TPO10SiNP_Sam02_S1\particle_forward_medianbg_fixed0 --processing-mode particle_count_align_medianbg_fixed0 --csv-mode particle_metrics_full --out C:\Users\Conor O'Brien\Dropbox\03_AML\00 IN-BOX\AFM Topo Particle processing OUT\run_grains_med_fixed_wt10_20260304_124108\PEGDA_SiNP\PEGDA1TPO10SiNP_Sam02_S1\particle_forward_medianbg_fixed0\job_manifest.json --pattern **/*Z Height*Forward*.tif;**/*Z Height*Forward*.tiff --profile medianbg_fixed0
C:\Python27\python.exe scripts/run_pygwy_job.py --manifest C:\Users\Conor O'Brien\Dropbox\03_AML\00 IN-BOX\AFM Topo Particle processing OUT\run_grains_med_fixed_wt10_20260304_124108\PEGDA_SiNP\PEGDA1TPO10SiNP_Sam02_S1\particle_forward_medianbg_fixed0\job_manifest.json
Done. Output dir: C:\Users\Conor O'Brien\Dropbox\03_AML\00 IN-BOX\AFM Topo Particle processing OUT\run_grains_med_fixed_wt10_20260304_124108\PEGDA_SiNP\PEGDA1TPO10SiNP_Sam02_S1\particle_forward_medianbg_fixed0
Considered: 198
Matched: 99
Copied: 99 (dry_run=False)
Out dir: C:\AFM_STAGE\collect_20260304_130321_collect_forward
Copied root: C:\AFM_STAGE\collect_20260304_130321_collect_forward\copied
Manifest: C:\AFM_STAGE\collect_20260304_130321_collect_forward\copy_manifest.csv
Metadata: C:\AFM_STAGE\collect_20260304_130321_collect_forward\run_metadata.json
Wrote manifest to C:\Users\Conor O'Brien\Dropbox\03_AML\00 IN-BOX\AFM Topo Particle processing OUT\run_grains_med_fixed_wt10_20260304_124108\PEGDA_SiNP\PEGDA1TPO10SiNP_Sam02_S2\particle_forward_medianbg_mean\job_manifest.json with 99 files
Processing_mode: particle_count_align_medianbg_mean
CSV_mode: particle_metrics_full
Files: 99
Output dir: C:\Users\Conor O'Brien\Dropbox\03_AML\00 IN-BOX\AFM Topo Particle processing OUT\run_grains_med_fixed_wt10_20260304_124108\PEGDA_SiNP\PEGDA1TPO10SiNP_Sam02_S2\particle_forward_medianbg_mean
Output CSV: C:\Users\Conor O'Brien\Dropbox\03_AML\00 IN-BOX\AFM Topo Particle processing OUT\run_grains_med_fixed_wt10_20260304_124108\PEGDA_SiNP\PEGDA1TPO10SiNP_Sam02_S2\particle_forward_medianbg_mean\summary.csv
Wrote summary CSV: C:\Users\Conor O'Brien\Dropbox\03_AML\00 IN-BOX\AFM Topo Particle processing OUT\run_grains_med_fixed_wt10_20260304_124108\PEGDA_SiNP\PEGDA1TPO10SiNP_Sam02_S2\particle_forward_medianbg_mean\summary.csv
C:\Users\Conor O'Brien\AppData\Local\Python\pythoncore-3.14-64\python.exe scripts/collect_files.py --config configs\TEST configs\Example configs\config.topo_particle_2jobs_masking.yaml --job collect_forward --input-root C:\Users\Conor O'Brien\Dropbox\03_AML\03 References and Materials\RAW DATA Files\AFM Scans\Particle Density for Fracture Surfaces Verification\100125-CRO\DATA\PEGDA1TPO10SiNP_Sam02_S2 --out-root C:/AFM_STAGE
C:\Users\Conor O'Brien\AppData\Local\Python\pythoncore-3.14-64\python.exe scripts/make_job_manifest.py --config configs\TEST configs\Example configs\config.topo_particle_2jobs_masking.yaml --input-root C:\AFM_STAGE\collect_20260304_130321_collect_forward\copied --output-dir C:\Users\Conor O'Brien\Dropbox\03_AML\00 IN-BOX\AFM Topo Particle processing OUT\run_grains_med_fixed_wt10_20260304_124108\PEGDA_SiNP\PEGDA1TPO10SiNP_Sam02_S2\particle_forward_medianbg_mean --processing-mode particle_count_align_medianbg_mean --csv-mode particle_metrics_full --out C:\Users\Conor O'Brien\Dropbox\03_AML\00 IN-BOX\AFM Topo Particle processing OUT\run_grains_med_fixed_wt10_20260304_124108\PEGDA_SiNP\PEGDA1TPO10SiNP_Sam02_S2\particle_forward_medianbg_mean\job_manifest.json --pattern **/*Z Height*Forward*.tif;**/*Z Height*Forward*.tiff --profile medianbg_mean
C:\Python27\python.exe scripts/run_pygwy_job.py --manifest C:\Users\Conor O'Brien\Dropbox\03_AML\00 IN-BOX\AFM Topo Particle processing OUT\run_grains_med_fixed_wt10_20260304_124108\PEGDA_SiNP\PEGDA1TPO10SiNP_Sam02_S2\particle_forward_medianbg_mean\job_manifest.json
Done. Output dir: C:\Users\Conor O'Brien\Dropbox\03_AML\00 IN-BOX\AFM Topo Particle processing OUT\run_grains_med_fixed_wt10_20260304_124108\PEGDA_SiNP\PEGDA1TPO10SiNP_Sam02_S2\particle_forward_medianbg_mean
Considered: 198
Matched: 99
Copied: 99 (dry_run=False)
Out dir: C:\AFM_STAGE\collect_20260304_130630_collect_forward
Copied root: C:\AFM_STAGE\collect_20260304_130630_collect_forward\copied
Manifest: C:\AFM_STAGE\collect_20260304_130630_collect_forward\copy_manifest.csv
Metadata: C:\AFM_STAGE\collect_20260304_130630_collect_forward\run_metadata.json
Wrote manifest to C:\Users\Conor O'Brien\Dropbox\03_AML\00 IN-BOX\AFM Topo Particle processing OUT\run_grains_med_fixed_wt10_20260304_124108\PEGDA_SiNP\PEGDA1TPO10SiNP_Sam02_S2\particle_forward_medianbg_fixed0\job_manifest.json with 99 files
Processing_mode: particle_count_align_medianbg_fixed0
CSV_mode: particle_metrics_full
Files: 99
Output dir: C:\Users\Conor O'Brien\Dropbox\03_AML\00 IN-BOX\AFM Topo Particle processing OUT\run_grains_med_fixed_wt10_20260304_124108\PEGDA_SiNP\PEGDA1TPO10SiNP_Sam02_S2\particle_forward_medianbg_fixed0
Output CSV: C:\Users\Conor O'Brien\Dropbox\03_AML\00 IN-BOX\AFM Topo Particle processing OUT\run_grains_med_fixed_wt10_20260304_124108\PEGDA_SiNP\PEGDA1TPO10SiNP_Sam02_S2\particle_forward_medianbg_fixed0\summary.csv
Wrote summary CSV: C:\Users\Conor O'Brien\Dropbox\03_AML\00 IN-BOX\AFM Topo Particle processing OUT\run_grains_med_fixed_wt10_20260304_124108\PEGDA_SiNP\PEGDA1TPO10SiNP_Sam02_S2\particle_forward_medianbg_fixed0\summary.csv
C:\Users\Conor O'Brien\AppData\Local\Python\pythoncore-3.14-64\python.exe scripts/collect_files.py --config configs\TEST configs\Example configs\config.topo_particle_2jobs_masking.yaml --job collect_forward --input-root C:\Users\Conor O'Brien\Dropbox\03_AML\03 References and Materials\RAW DATA Files\AFM Scans\Particle Density for Fracture Surfaces Verification\100125-CRO\DATA\PEGDA1TPO10SiNP_Sam02_S2 --out-root C:/AFM_STAGE
C:\Users\Conor O'Brien\AppData\Local\Python\pythoncore-3.14-64\python.exe scripts/make_job_manifest.py --config configs\TEST configs\Example configs\config.topo_particle_2jobs_masking.yaml --input-root C:\AFM_STAGE\collect_20260304_130630_collect_forward\copied --output-dir C:\Users\Conor O'Brien\Dropbox\03_AML\00 IN-BOX\AFM Topo Particle processing OUT\run_grains_med_fixed_wt10_20260304_124108\PEGDA_SiNP\PEGDA1TPO10SiNP_Sam02_S2\particle_forward_medianbg_fixed0 --processing-mode particle_count_align_medianbg_fixed0 --csv-mode particle_metrics_full --out C:\Users\Conor O'Brien\Dropbox\03_AML\00 IN-BOX\AFM Topo Particle processing OUT\run_grains_med_fixed_wt10_20260304_124108\PEGDA_SiNP\PEGDA1TPO10SiNP_Sam02_S2\particle_forward_medianbg_fixed0\job_manifest.json --pattern **/*Z Height*Forward*.tif;**/*Z Height*Forward*.tiff --profile medianbg_fixed0
C:\Python27\python.exe scripts/run_pygwy_job.py --manifest C:\Users\Conor O'Brien\Dropbox\03_AML\00 IN-BOX\AFM Topo Particle processing OUT\run_grains_med_fixed_wt10_20260304_124108\PEGDA_SiNP\PEGDA1TPO10SiNP_Sam02_S2\particle_forward_medianbg_fixed0\job_manifest.json
Done. Output dir: C:\Users\Conor O'Brien\Dropbox\03_AML\00 IN-BOX\AFM Topo Particle processing OUT\run_grains_med_fixed_wt10_20260304_124108\PEGDA_SiNP\PEGDA1TPO10SiNP_Sam02_S2\particle_forward_medianbg_fixed0
Wrote C:\Users\Conor O'Brien\Dropbox\03_AML\00 IN-BOX\AFM Topo Particle processing OUT\run_grains_med_fixed_wt10_20260304_124108\scan_inventory.json
RUN: C:\Users\Conor O'Brien\AppData\Local\Python\pythoncore-3.14-64\python.exe scripts/run_job.py --config configs\TEST configs\Example configs\config.topo_particle_2jobs_masking.yaml --job particle_forward_medianbg_mean --input-root C:\Users\Conor O'Brien\Dropbox\03_AML\03 References and Materials\RAW DATA Files\AFM Scans\Particle Density for Fracture Surfaces Verification\092525-CRO\Data\PEGDA1TPO10SiNP_Sa1_Si1- --output-root C:\Users\Conor O'Brien\Dropbox\03_AML\00 IN-BOX\AFM Topo Particle processing OUT\run_grains_med_fixed_wt10_20260304_124108\PEGDA_SiNP\PEGDA1TPO10SiNP_Sa1_Si1-
RUN: C:\Users\Conor O'Brien\AppData\Local\Python\pythoncore-3.14-64\python.exe scripts/run_job.py --config configs\TEST configs\Example configs\config.topo_particle_2jobs_masking.yaml --job particle_forward_medianbg_fixed0 --input-root C:\Users\Conor O'Brien\Dropbox\03_AML\03 References and Materials\RAW DATA Files\AFM Scans\Particle Density for Fracture Surfaces Verification\092525-CRO\Data\PEGDA1TPO10SiNP_Sa1_Si1- --output-root C:\Users\Conor O'Brien\Dropbox\03_AML\00 IN-BOX\AFM Topo Particle processing OUT\run_grains_med_fixed_wt10_20260304_124108\PEGDA_SiNP\PEGDA1TPO10SiNP_Sa1_Si1-
RUN: C:\Users\Conor O'Brien\AppData\Local\Python\pythoncore-3.14-64\python.exe scripts/run_job.py --config configs\TEST configs\Example configs\config.topo_particle_2jobs_masking.yaml --job particle_forward_medianbg_mean --input-root C:\Users\Conor O'Brien\Dropbox\03_AML\03 References and Materials\RAW DATA Files\AFM Scans\Particle Density for Fracture Surfaces Verification\092925-CRO\Data\PEGDA1TPO10SiNP_Sa1_Si2 --output-root C:\Users\Conor O'Brien\Dropbox\03_AML\00 IN-BOX\AFM Topo Particle processing OUT\run_grains_med_fixed_wt10_20260304_124108\PEGDA_SiNP\PEGDA1TPO10SiNP_Sa1_Si2
RUN: C:\Users\Conor O'Brien\AppData\Local\Python\pythoncore-3.14-64\python.exe scripts/run_job.py --config configs\TEST configs\Example configs\config.topo_particle_2jobs_masking.yaml --job particle_forward_medianbg_fixed0 --input-root C:\Users\Conor O'Brien\Dropbox\03_AML\03 References and Materials\RAW DATA Files\AFM Scans\Particle Density for Fracture Surfaces Verification\092925-CRO\Data\PEGDA1TPO10SiNP_Sa1_Si2 --output-root C:\Users\Conor O'Brien\Dropbox\03_AML\00 IN-BOX\AFM Topo Particle processing OUT\run_grains_med_fixed_wt10_20260304_124108\PEGDA_SiNP\PEGDA1TPO10SiNP_Sa1_Si2
RUN: C:\Users\Conor O'Brien\AppData\Local\Python\pythoncore-3.14-64\python.exe scripts/run_job.py --config configs\TEST configs\Example configs\config.topo_particle_2jobs_masking.yaml --job particle_forward_medianbg_mean --input-root C:\Users\Conor O'Brien\Dropbox\03_AML\03 References and Materials\RAW DATA Files\AFM Scans\Particle Density for Fracture Surfaces Verification\093025-CRO\DATA\PEGDA1TPO10SiNP_Sam02_S1 --output-root C:\Users\Conor O'Brien\Dropbox\03_AML\00 IN-BOX\AFM Topo Particle processing OUT\run_grains_med_fixed_wt10_20260304_124108\PEGDA_SiNP\PEGDA1TPO10SiNP_Sam02_S1
RUN: C:\Users\Conor O'Brien\AppData\Local\Python\pythoncore-3.14-64\python.exe scripts/run_job.py --config configs\TEST configs\Example configs\config.topo_particle_2jobs_masking.yaml --job particle_forward_medianbg_fixed0 --input-root C:\Users\Conor O'Brien\Dropbox\03_AML\03 References and Materials\RAW DATA Files\AFM Scans\Particle Density for Fracture Surfaces Verification\093025-CRO\DATA\PEGDA1TPO10SiNP_Sam02_S1 --output-root C:\Users\Conor O'Brien\Dropbox\03_AML\00 IN-BOX\AFM Topo Particle processing OUT\run_grains_med_fixed_wt10_20260304_124108\PEGDA_SiNP\PEGDA1TPO10SiNP_Sam02_S1
RUN: C:\Users\Conor O'Brien\AppData\Local\Python\pythoncore-3.14-64\python.exe scripts/run_job.py --config configs\TEST configs\Example configs\config.topo_particle_2jobs_masking.yaml --job particle_forward_medianbg_mean --input-root C:\Users\Conor O'Brien\Dropbox\03_AML\03 References and Materials\RAW DATA Files\AFM Scans\Particle Density for Fracture Surfaces Verification\100125-CRO\DATA\PEGDA1TPO10SiNP_Sam02_S2 --output-root C:\Users\Conor O'Brien\Dropbox\03_AML\00 IN-BOX\AFM Topo Particle processing OUT\run_grains_med_fixed_wt10_20260304_124108\PEGDA_SiNP\PEGDA1TPO10SiNP_Sam02_S2
RUN: C:\Users\Conor O'Brien\AppData\Local\Python\pythoncore-3.14-64\python.exe scripts/run_job.py --config configs\TEST configs\Example configs\config.topo_particle_2jobs_masking.yaml --job particle_forward_medianbg_fixed0 --input-root C:\Users\Conor O'Brien\Dropbox\03_AML\03 References and Materials\RAW DATA Files\AFM Scans\Particle Density for Fracture Surfaces Verification\100125-CRO\DATA\PEGDA1TPO10SiNP_Sam02_S2 --output-root C:\Users\Conor O'Brien\Dropbox\03_AML\00 IN-BOX\AFM Topo Particle processing OUT\run_grains_med_fixed_wt10_20260304_124108\PEGDA_SiNP\PEGDA1TPO10SiNP_Sam02_S2
Wrote C:\Users\Conor O'Brien\Dropbox\03_AML\00 IN-BOX\AFM Topo Particle processing OUT\run_grains_med_fixed_wt10_20260304_124108\run_timing.json
Done.
Summary written to C:\Users\Conor O'Brien\Dropbox\03_AML\00 IN-BOX\AFM Topo Particle processing OUT\run_grains_med_fixed_wt10_20260304_124108
Considered: 110
Matched: 55
Copied: 55 (dry_run=False)
Out dir: C:\AFM_STAGE\collect_20260304_131125_collect_forward
Copied root: C:\AFM_STAGE\collect_20260304_131125_collect_forward\copied
Manifest: C:\AFM_STAGE\collect_20260304_131125_collect_forward\copy_manifest.csv
Metadata: C:\AFM_STAGE\collect_20260304_131125_collect_forward\run_metadata.json
Wrote manifest to C:\Users\Conor O'Brien\Dropbox\03_AML\00 IN-BOX\AFM Topo Particle processing OUT\run_grains_med_fixed_wt25_20260304_124108\PEGDA_SiNP\PEGDA1TPO25SiNP_Sam01_S2\particle_forward_medianbg_mean\job_manifest.json with 55 files
Processing_mode: particle_count_align_medianbg_mean
CSV_mode: particle_metrics_full
Files: 55
Output dir: C:\Users\Conor O'Brien\Dropbox\03_AML\00 IN-BOX\AFM Topo Particle processing OUT\run_grains_med_fixed_wt25_20260304_124108\PEGDA_SiNP\PEGDA1TPO25SiNP_Sam01_S2\particle_forward_medianbg_mean
Output CSV: C:\Users\Conor O'Brien\Dropbox\03_AML\00 IN-BOX\AFM Topo Particle processing OUT\run_grains_med_fixed_wt25_20260304_124108\PEGDA_SiNP\PEGDA1TPO25SiNP_Sam01_S2\particle_forward_medianbg_mean\summary.csv
Wrote summary CSV: C:\Users\Conor O'Brien\Dropbox\03_AML\00 IN-BOX\AFM Topo Particle processing OUT\run_grains_med_fixed_wt25_20260304_124108\PEGDA_SiNP\PEGDA1TPO25SiNP_Sam01_S2\particle_forward_medianbg_mean\summary.csv
C:\Users\Conor O'Brien\AppData\Local\Python\pythoncore-3.14-64\python.exe scripts/collect_files.py --config configs\TEST configs\Example configs\config.topo_particle_2jobs_masking.yaml --job collect_forward --input-root C:\Users\Conor O'Brien\Dropbox\03_AML\03 References and Materials\RAW DATA Files\AFM Scans\Particle Density for Fracture Surfaces Verification\100825-CRO\PEGDA1TPO25SiNP_Sam01_S2 --out-root C:/AFM_STAGE
C:\Users\Conor O'Brien\AppData\Local\Python\pythoncore-3.14-64\python.exe scripts/make_job_manifest.py --config configs\TEST configs\Example configs\config.topo_particle_2jobs_masking.yaml --input-root C:\AFM_STAGE\collect_20260304_131125_collect_forward\copied --output-dir C:\Users\Conor O'Brien\Dropbox\03_AML\00 IN-BOX\AFM Topo Particle processing OUT\run_grains_med_fixed_wt25_20260304_124108\PEGDA_SiNP\PEGDA1TPO25SiNP_Sam01_S2\particle_forward_medianbg_mean --processing-mode particle_count_align_medianbg_mean --csv-mode particle_metrics_full --out C:\Users\Conor O'Brien\Dropbox\03_AML\00 IN-BOX\AFM Topo Particle processing OUT\run_grains_med_fixed_wt25_20260304_124108\PEGDA_SiNP\PEGDA1TPO25SiNP_Sam01_S2\particle_forward_medianbg_mean\job_manifest.json --pattern **/*Z Height*Forward*.tif;**/*Z Height*Forward*.tiff --profile medianbg_mean
C:\Python27\python.exe scripts/run_pygwy_job.py --manifest C:\Users\Conor O'Brien\Dropbox\03_AML\00 IN-BOX\AFM Topo Particle processing OUT\run_grains_med_fixed_wt25_20260304_124108\PEGDA_SiNP\PEGDA1TPO25SiNP_Sam01_S2\particle_forward_medianbg_mean\job_manifest.json
Done. Output dir: C:\Users\Conor O'Brien\Dropbox\03_AML\00 IN-BOX\AFM Topo Particle processing OUT\run_grains_med_fixed_wt25_20260304_124108\PEGDA_SiNP\PEGDA1TPO25SiNP_Sam01_S2\particle_forward_medianbg_mean
Considered: 110
Matched: 55
Copied: 55 (dry_run=False)
Out dir: C:\AFM_STAGE\collect_20260304_131336_collect_forward
Copied root: C:\AFM_STAGE\collect_20260304_131336_collect_forward\copied
Manifest: C:\AFM_STAGE\collect_20260304_131336_collect_forward\copy_manifest.csv
Metadata: C:\AFM_STAGE\collect_20260304_131336_collect_forward\run_metadata.json
Wrote manifest to C:\Users\Conor O'Brien\Dropbox\03_AML\00 IN-BOX\AFM Topo Particle processing OUT\run_grains_med_fixed_wt25_20260304_124108\PEGDA_SiNP\PEGDA1TPO25SiNP_Sam01_S2\particle_forward_medianbg_fixed0\job_manifest.json with 55 files
Processing_mode: particle_count_align_medianbg_fixed0
CSV_mode: particle_metrics_full
Files: 55
Output dir: C:\Users\Conor O'Brien\Dropbox\03_AML\00 IN-BOX\AFM Topo Particle processing OUT\run_grains_med_fixed_wt25_20260304_124108\PEGDA_SiNP\PEGDA1TPO25SiNP_Sam01_S2\particle_forward_medianbg_fixed0
Output CSV: C:\Users\Conor O'Brien\Dropbox\03_AML\00 IN-BOX\AFM Topo Particle processing OUT\run_grains_med_fixed_wt25_20260304_124108\PEGDA_SiNP\PEGDA1TPO25SiNP_Sam01_S2\particle_forward_medianbg_fixed0\summary.csv
Wrote summary CSV: C:\Users\Conor O'Brien\Dropbox\03_AML\00 IN-BOX\AFM Topo Particle processing OUT\run_grains_med_fixed_wt25_20260304_124108\PEGDA_SiNP\PEGDA1TPO25SiNP_Sam01_S2\particle_forward_medianbg_fixed0\summary.csv
C:\Users\Conor O'Brien\AppData\Local\Python\pythoncore-3.14-64\python.exe scripts/collect_files.py --config configs\TEST configs\Example configs\config.topo_particle_2jobs_masking.yaml --job collect_forward --input-root C:\Users\Conor O'Brien\Dropbox\03_AML\03 References and Materials\RAW DATA Files\AFM Scans\Particle Density for Fracture Surfaces Verification\100825-CRO\PEGDA1TPO25SiNP_Sam01_S2 --out-root C:/AFM_STAGE
C:\Users\Conor O'Brien\AppData\Local\Python\pythoncore-3.14-64\python.exe scripts/make_job_manifest.py --config configs\TEST configs\Example configs\config.topo_particle_2jobs_masking.yaml --input-root C:\AFM_STAGE\collect_20260304_131336_collect_forward\copied --output-dir C:\Users\Conor O'Brien\Dropbox\03_AML\00 IN-BOX\AFM Topo Particle processing OUT\run_grains_med_fixed_wt25_20260304_124108\PEGDA_SiNP\PEGDA1TPO25SiNP_Sam01_S2\particle_forward_medianbg_fixed0 --processing-mode particle_count_align_medianbg_fixed0 --csv-mode particle_metrics_full --out C:\Users\Conor O'Brien\Dropbox\03_AML\00 IN-BOX\AFM Topo Particle processing OUT\run_grains_med_fixed_wt25_20260304_124108\PEGDA_SiNP\PEGDA1TPO25SiNP_Sam01_S2\particle_forward_medianbg_fixed0\job_manifest.json --pattern **/*Z Height*Forward*.tif;**/*Z Height*Forward*.tiff --profile medianbg_fixed0
C:\Python27\python.exe scripts/run_pygwy_job.py --manifest C:\Users\Conor O'Brien\Dropbox\03_AML\00 IN-BOX\AFM Topo Particle processing OUT\run_grains_med_fixed_wt25_20260304_124108\PEGDA_SiNP\PEGDA1TPO25SiNP_Sam01_S2\particle_forward_medianbg_fixed0\job_manifest.json
Done. Output dir: C:\Users\Conor O'Brien\Dropbox\03_AML\00 IN-BOX\AFM Topo Particle processing OUT\run_grains_med_fixed_wt25_20260304_124108\PEGDA_SiNP\PEGDA1TPO25SiNP_Sam01_S2\particle_forward_medianbg_fixed0
Considered: 68
Matched: 34
Copied: 34 (dry_run=False)
Out dir: C:\AFM_STAGE\collect_20260304_131546_collect_forward
Copied root: C:\AFM_STAGE\collect_20260304_131546_collect_forward\copied
Manifest: C:\AFM_STAGE\collect_20260304_131546_collect_forward\copy_manifest.csv
Metadata: C:\AFM_STAGE\collect_20260304_131546_collect_forward\run_metadata.json
Wrote manifest to C:\Users\Conor O'Brien\Dropbox\03_AML\00 IN-BOX\AFM Topo Particle processing OUT\run_grains_med_fixed_wt25_20260304_124108\PEGDA_SiNP\PEGDA1TPO25SiNP_Sam02_S2\particle_forward_medianbg_mean\job_manifest.json with 34 files
Processing_mode: particle_count_align_medianbg_mean
CSV_mode: particle_metrics_full
Files: 34
Output dir: C:\Users\Conor O'Brien\Dropbox\03_AML\00 IN-BOX\AFM Topo Particle processing OUT\run_grains_med_fixed_wt25_20260304_124108\PEGDA_SiNP\PEGDA1TPO25SiNP_Sam02_S2\particle_forward_medianbg_mean
Output CSV: C:\Users\Conor O'Brien\Dropbox\03_AML\00 IN-BOX\AFM Topo Particle processing OUT\run_grains_med_fixed_wt25_20260304_124108\PEGDA_SiNP\PEGDA1TPO25SiNP_Sam02_S2\particle_forward_medianbg_mean\summary.csv
Wrote summary CSV: C:\Users\Conor O'Brien\Dropbox\03_AML\00 IN-BOX\AFM Topo Particle processing OUT\run_grains_med_fixed_wt25_20260304_124108\PEGDA_SiNP\PEGDA1TPO25SiNP_Sam02_S2\particle_forward_medianbg_mean\summary.csv
C:\Users\Conor O'Brien\AppData\Local\Python\pythoncore-3.14-64\python.exe scripts/collect_files.py --config configs\TEST configs\Example configs\config.topo_particle_2jobs_masking.yaml --job collect_forward --input-root C:\Users\Conor O'Brien\Dropbox\03_AML\03 References and Materials\RAW DATA Files\AFM Scans\Particle Density for Fracture Surfaces Verification\101425-CRO\DATA\PEGDA1TPO25SiNP_Sam02_S2 --out-root C:/AFM_STAGE
C:\Users\Conor O'Brien\AppData\Local\Python\pythoncore-3.14-64\python.exe scripts/make_job_manifest.py --config configs\TEST configs\Example configs\config.topo_particle_2jobs_masking.yaml --input-root C:\AFM_STAGE\collect_20260304_131546_collect_forward\copied --output-dir C:\Users\Conor O'Brien\Dropbox\03_AML\00 IN-BOX\AFM Topo Particle processing OUT\run_grains_med_fixed_wt25_20260304_124108\PEGDA_SiNP\PEGDA1TPO25SiNP_Sam02_S2\particle_forward_medianbg_mean --processing-mode particle_count_align_medianbg_mean --csv-mode particle_metrics_full --out C:\Users\Conor O'Brien\Dropbox\03_AML\00 IN-BOX\AFM Topo Particle processing OUT\run_grains_med_fixed_wt25_20260304_124108\PEGDA_SiNP\PEGDA1TPO25SiNP_Sam02_S2\particle_forward_medianbg_mean\job_manifest.json --pattern **/*Z Height*Forward*.tif;**/*Z Height*Forward*.tiff --profile medianbg_mean
C:\Python27\python.exe scripts/run_pygwy_job.py --manifest C:\Users\Conor O'Brien\Dropbox\03_AML\00 IN-BOX\AFM Topo Particle processing OUT\run_grains_med_fixed_wt25_20260304_124108\PEGDA_SiNP\PEGDA1TPO25SiNP_Sam02_S2\particle_forward_medianbg_mean\job_manifest.json
Done. Output dir: C:\Users\Conor O'Brien\Dropbox\03_AML\00 IN-BOX\AFM Topo Particle processing OUT\run_grains_med_fixed_wt25_20260304_124108\PEGDA_SiNP\PEGDA1TPO25SiNP_Sam02_S2\particle_forward_medianbg_mean
Considered: 68
Matched: 34
Copied: 34 (dry_run=False)
Out dir: C:\AFM_STAGE\collect_20260304_131702_collect_forward
Copied root: C:\AFM_STAGE\collect_20260304_131702_collect_forward\copied
Manifest: C:\AFM_STAGE\collect_20260304_131702_collect_forward\copy_manifest.csv
Metadata: C:\AFM_STAGE\collect_20260304_131702_collect_forward\run_metadata.json
Wrote manifest to C:\Users\Conor O'Brien\Dropbox\03_AML\00 IN-BOX\AFM Topo Particle processing OUT\run_grains_med_fixed_wt25_20260304_124108\PEGDA_SiNP\PEGDA1TPO25SiNP_Sam02_S2\particle_forward_medianbg_fixed0\job_manifest.json with 34 files
Processing_mode: particle_count_align_medianbg_fixed0
CSV_mode: particle_metrics_full
Files: 34
Output dir: C:\Users\Conor O'Brien\Dropbox\03_AML\00 IN-BOX\AFM Topo Particle processing OUT\run_grains_med_fixed_wt25_20260304_124108\PEGDA_SiNP\PEGDA1TPO25SiNP_Sam02_S2\particle_forward_medianbg_fixed0
Output CSV: C:\Users\Conor O'Brien\Dropbox\03_AML\00 IN-BOX\AFM Topo Particle processing OUT\run_grains_med_fixed_wt25_20260304_124108\PEGDA_SiNP\PEGDA1TPO25SiNP_Sam02_S2\particle_forward_medianbg_fixed0\summary.csv
Wrote summary CSV: C:\Users\Conor O'Brien\Dropbox\03_AML\00 IN-BOX\AFM Topo Particle processing OUT\run_grains_med_fixed_wt25_20260304_124108\PEGDA_SiNP\PEGDA1TPO25SiNP_Sam02_S2\particle_forward_medianbg_fixed0\summary.csv
C:\Users\Conor O'Brien\AppData\Local\Python\pythoncore-3.14-64\python.exe scripts/collect_files.py --config configs\TEST configs\Example configs\config.topo_particle_2jobs_masking.yaml --job collect_forward --input-root C:\Users\Conor O'Brien\Dropbox\03_AML\03 References and Materials\RAW DATA Files\AFM Scans\Particle Density for Fracture Surfaces Verification\101425-CRO\DATA\PEGDA1TPO25SiNP_Sam02_S2 --out-root C:/AFM_STAGE
C:\Users\Conor O'Brien\AppData\Local\Python\pythoncore-3.14-64\python.exe scripts/make_job_manifest.py --config configs\TEST configs\Example configs\config.topo_particle_2jobs_masking.yaml --input-root C:\AFM_STAGE\collect_20260304_131702_collect_forward\copied --output-dir C:\Users\Conor O'Brien\Dropbox\03_AML\00 IN-BOX\AFM Topo Particle processing OUT\run_grains_med_fixed_wt25_20260304_124108\PEGDA_SiNP\PEGDA1TPO25SiNP_Sam02_S2\particle_forward_medianbg_fixed0 --processing-mode particle_count_align_medianbg_fixed0 --csv-mode particle_metrics_full --out C:\Users\Conor O'Brien\Dropbox\03_AML\00 IN-BOX\AFM Topo Particle processing OUT\run_grains_med_fixed_wt25_20260304_124108\PEGDA_SiNP\PEGDA1TPO25SiNP_Sam02_S2\particle_forward_medianbg_fixed0\job_manifest.json --pattern **/*Z Height*Forward*.tif;**/*Z Height*Forward*.tiff --profile medianbg_fixed0
C:\Python27\python.exe scripts/run_pygwy_job.py --manifest C:\Users\Conor O'Brien\Dropbox\03_AML\00 IN-BOX\AFM Topo Particle processing OUT\run_grains_med_fixed_wt25_20260304_124108\PEGDA_SiNP\PEGDA1TPO25SiNP_Sam02_S2\particle_forward_medianbg_fixed0\job_manifest.json
Done. Output dir: C:\Users\Conor O'Brien\Dropbox\03_AML\00 IN-BOX\AFM Topo Particle processing OUT\run_grains_med_fixed_wt25_20260304_124108\PEGDA_SiNP\PEGDA1TPO25SiNP_Sam02_S2\particle_forward_medianbg_fixed0
Considered: 210
Matched: 105
Copied: 105 (dry_run=False)
Out dir: C:\AFM_STAGE\collect_20260304_131810_collect_forward
Copied root: C:\AFM_STAGE\collect_20260304_131810_collect_forward\copied
Manifest: C:\AFM_STAGE\collect_20260304_131810_collect_forward\copy_manifest.csv
Metadata: C:\AFM_STAGE\collect_20260304_131810_collect_forward\run_metadata.json
Wrote manifest to C:\Users\Conor O'Brien\Dropbox\03_AML\00 IN-BOX\AFM Topo Particle processing OUT\run_grains_med_fixed_wt25_20260304_124108\PEGDA_SiNP\PEGDA1TPO25SiNP_Sam03_S1\particle_forward_medianbg_mean\job_manifest.json with 105 files
Processing_mode: particle_count_align_medianbg_mean
CSV_mode: particle_metrics_full
Files: 105
Output dir: C:\Users\Conor O'Brien\Dropbox\03_AML\00 IN-BOX\AFM Topo Particle processing OUT\run_grains_med_fixed_wt25_20260304_124108\PEGDA_SiNP\PEGDA1TPO25SiNP_Sam03_S1\particle_forward_medianbg_mean
Output CSV: C:\Users\Conor O'Brien\Dropbox\03_AML\00 IN-BOX\AFM Topo Particle processing OUT\run_grains_med_fixed_wt25_20260304_124108\PEGDA_SiNP\PEGDA1TPO25SiNP_Sam03_S1\particle_forward_medianbg_mean\summary.csv
Wrote summary CSV: C:\Users\Conor O'Brien\Dropbox\03_AML\00 IN-BOX\AFM Topo Particle processing OUT\run_grains_med_fixed_wt25_20260304_124108\PEGDA_SiNP\PEGDA1TPO25SiNP_Sam03_S1\particle_forward_medianbg_mean\summary.csv
C:\Users\Conor O'Brien\AppData\Local\Python\pythoncore-3.14-64\python.exe scripts/collect_files.py --config configs\TEST configs\Example configs\config.topo_particle_2jobs_masking.yaml --job collect_forward --input-root C:\Users\Conor O'Brien\Dropbox\03_AML\03 References and Materials\RAW DATA Files\AFM Scans\Particle Density for Fracture Surfaces Verification\101525-CRO\DATA\PEGDA1TPO25SiNP_Sam03_S1 --out-root C:/AFM_STAGE
C:\Users\Conor O'Brien\AppData\Local\Python\pythoncore-3.14-64\python.exe scripts/make_job_manifest.py --config configs\TEST configs\Example configs\config.topo_particle_2jobs_masking.yaml --input-root C:\AFM_STAGE\collect_20260304_131810_collect_forward\copied --output-dir C:\Users\Conor O'Brien\Dropbox\03_AML\00 IN-BOX\AFM Topo Particle processing OUT\run_grains_med_fixed_wt25_20260304_124108\PEGDA_SiNP\PEGDA1TPO25SiNP_Sam03_S1\particle_forward_medianbg_mean --processing-mode particle_count_align_medianbg_mean --csv-mode particle_metrics_full --out C:\Users\Conor O'Brien\Dropbox\03_AML\00 IN-BOX\AFM Topo Particle processing OUT\run_grains_med_fixed_wt25_20260304_124108\PEGDA_SiNP\PEGDA1TPO25SiNP_Sam03_S1\particle_forward_medianbg_mean\job_manifest.json --pattern **/*Z Height*Forward*.tif;**/*Z Height*Forward*.tiff --profile medianbg_mean
C:\Python27\python.exe scripts/run_pygwy_job.py --manifest C:\Users\Conor O'Brien\Dropbox\03_AML\00 IN-BOX\AFM Topo Particle processing OUT\run_grains_med_fixed_wt25_20260304_124108\PEGDA_SiNP\PEGDA1TPO25SiNP_Sam03_S1\particle_forward_medianbg_mean\job_manifest.json
Done. Output dir: C:\Users\Conor O'Brien\Dropbox\03_AML\00 IN-BOX\AFM Topo Particle processing OUT\run_grains_med_fixed_wt25_20260304_124108\PEGDA_SiNP\PEGDA1TPO25SiNP_Sam03_S1\particle_forward_medianbg_mean
Considered: 210
Matched: 105
Copied: 105 (dry_run=False)
Out dir: C:\AFM_STAGE\collect_20260304_132144_collect_forward
Copied root: C:\AFM_STAGE\collect_20260304_132144_collect_forward\copied
Manifest: C:\AFM_STAGE\collect_20260304_132144_collect_forward\copy_manifest.csv
Metadata: C:\AFM_STAGE\collect_20260304_132144_collect_forward\run_metadata.json
Wrote manifest to C:\Users\Conor O'Brien\Dropbox\03_AML\00 IN-BOX\AFM Topo Particle processing OUT\run_grains_med_fixed_wt25_20260304_124108\PEGDA_SiNP\PEGDA1TPO25SiNP_Sam03_S1\particle_forward_medianbg_fixed0\job_manifest.json with 105 files
Processing_mode: particle_count_align_medianbg_fixed0
CSV_mode: particle_metrics_full
Files: 105
Output dir: C:\Users\Conor O'Brien\Dropbox\03_AML\00 IN-BOX\AFM Topo Particle processing OUT\run_grains_med_fixed_wt25_20260304_124108\PEGDA_SiNP\PEGDA1TPO25SiNP_Sam03_S1\particle_forward_medianbg_fixed0
Output CSV: C:\Users\Conor O'Brien\Dropbox\03_AML\00 IN-BOX\AFM Topo Particle processing OUT\run_grains_med_fixed_wt25_20260304_124108\PEGDA_SiNP\PEGDA1TPO25SiNP_Sam03_S1\particle_forward_medianbg_fixed0\summary.csv
Wrote summary CSV: C:\Users\Conor O'Brien\Dropbox\03_AML\00 IN-BOX\AFM Topo Particle processing OUT\run_grains_med_fixed_wt25_20260304_124108\PEGDA_SiNP\PEGDA1TPO25SiNP_Sam03_S1\particle_forward_medianbg_fixed0\summary.csv
C:\Users\Conor O'Brien\AppData\Local\Python\pythoncore-3.14-64\python.exe scripts/collect_files.py --config configs\TEST configs\Example configs\config.topo_particle_2jobs_masking.yaml --job collect_forward --input-root C:\Users\Conor O'Brien\Dropbox\03_AML\03 References and Materials\RAW DATA Files\AFM Scans\Particle Density for Fracture Surfaces Verification\101525-CRO\DATA\PEGDA1TPO25SiNP_Sam03_S1 --out-root C:/AFM_STAGE
C:\Users\Conor O'Brien\AppData\Local\Python\pythoncore-3.14-64\python.exe scripts/make_job_manifest.py --config configs\TEST configs\Example configs\config.topo_particle_2jobs_masking.yaml --input-root C:\AFM_STAGE\collect_20260304_132144_collect_forward\copied --output-dir C:\Users\Conor O'Brien\Dropbox\03_AML\00 IN-BOX\AFM Topo Particle processing OUT\run_grains_med_fixed_wt25_20260304_124108\PEGDA_SiNP\PEGDA1TPO25SiNP_Sam03_S1\particle_forward_medianbg_fixed0 --processing-mode particle_count_align_medianbg_fixed0 --csv-mode particle_metrics_full --out C:\Users\Conor O'Brien\Dropbox\03_AML\00 IN-BOX\AFM Topo Particle processing OUT\run_grains_med_fixed_wt25_20260304_124108\PEGDA_SiNP\PEGDA1TPO25SiNP_Sam03_S1\particle_forward_medianbg_fixed0\job_manifest.json --pattern **/*Z Height*Forward*.tif;**/*Z Height*Forward*.tiff --profile medianbg_fixed0
C:\Python27\python.exe scripts/run_pygwy_job.py --manifest C:\Users\Conor O'Brien\Dropbox\03_AML\00 IN-BOX\AFM Topo Particle processing OUT\run_grains_med_fixed_wt25_20260304_124108\PEGDA_SiNP\PEGDA1TPO25SiNP_Sam03_S1\particle_forward_medianbg_fixed0\job_manifest.json
Done. Output dir: C:\Users\Conor O'Brien\Dropbox\03_AML\00 IN-BOX\AFM Topo Particle processing OUT\run_grains_med_fixed_wt25_20260304_124108\PEGDA_SiNP\PEGDA1TPO25SiNP_Sam03_S1\particle_forward_medianbg_fixed0
Considered: 210
Matched: 105
Copied: 105 (dry_run=False)
Out dir: C:\AFM_STAGE\collect_20260304_132517_collect_forward
Copied root: C:\AFM_STAGE\collect_20260304_132517_collect_forward\copied
Manifest: C:\AFM_STAGE\collect_20260304_132517_collect_forward\copy_manifest.csv
Metadata: C:\AFM_STAGE\collect_20260304_132517_collect_forward\run_metadata.json
Wrote manifest to C:\Users\Conor O'Brien\Dropbox\03_AML\00 IN-BOX\AFM Topo Particle processing OUT\run_grains_med_fixed_wt25_20260304_124108\PEGDA_SiNP\PEGDA1TPO25SiNP_Sam03_S2\particle_forward_medianbg_mean\job_manifest.json with 105 files
Processing_mode: particle_count_align_medianbg_mean
CSV_mode: particle_metrics_full
Files: 105
Output dir: C:\Users\Conor O'Brien\Dropbox\03_AML\00 IN-BOX\AFM Topo Particle processing OUT\run_grains_med_fixed_wt25_20260304_124108\PEGDA_SiNP\PEGDA1TPO25SiNP_Sam03_S2\particle_forward_medianbg_mean
Output CSV: C:\Users\Conor O'Brien\Dropbox\03_AML\00 IN-BOX\AFM Topo Particle processing OUT\run_grains_med_fixed_wt25_20260304_124108\PEGDA_SiNP\PEGDA1TPO25SiNP_Sam03_S2\particle_forward_medianbg_mean\summary.csv
Wrote summary CSV: C:\Users\Conor O'Brien\Dropbox\03_AML\00 IN-BOX\AFM Topo Particle processing OUT\run_grains_med_fixed_wt25_20260304_124108\PEGDA_SiNP\PEGDA1TPO25SiNP_Sam03_S2\particle_forward_medianbg_mean\summary.csv
C:\Users\Conor O'Brien\AppData\Local\Python\pythoncore-3.14-64\python.exe scripts/collect_files.py --config configs\TEST configs\Example configs\config.topo_particle_2jobs_masking.yaml --job collect_forward --input-root C:\Users\Conor O'Brien\Dropbox\03_AML\03 References and Materials\RAW DATA Files\AFM Scans\Particle Density for Fracture Surfaces Verification\101725-CRO\DATA\PEGDA1TPO25SiNP_Sam03_S2 --out-root C:/AFM_STAGE
C:\Users\Conor O'Brien\AppData\Local\Python\pythoncore-3.14-64\python.exe scripts/make_job_manifest.py --config configs\TEST configs\Example configs\config.topo_particle_2jobs_masking.yaml --input-root C:\AFM_STAGE\collect_20260304_132517_collect_forward\copied --output-dir C:\Users\Conor O'Brien\Dropbox\03_AML\00 IN-BOX\AFM Topo Particle processing OUT\run_grains_med_fixed_wt25_20260304_124108\PEGDA_SiNP\PEGDA1TPO25SiNP_Sam03_S2\particle_forward_medianbg_mean --processing-mode particle_count_align_medianbg_mean --csv-mode particle_metrics_full --out C:\Users\Conor O'Brien\Dropbox\03_AML\00 IN-BOX\AFM Topo Particle processing OUT\run_grains_med_fixed_wt25_20260304_124108\PEGDA_SiNP\PEGDA1TPO25SiNP_Sam03_S2\particle_forward_medianbg_mean\job_manifest.json --pattern **/*Z Height*Forward*.tif;**/*Z Height*Forward*.tiff --profile medianbg_mean
C:\Python27\python.exe scripts/run_pygwy_job.py --manifest C:\Users\Conor O'Brien\Dropbox\03_AML\00 IN-BOX\AFM Topo Particle processing OUT\run_grains_med_fixed_wt25_20260304_124108\PEGDA_SiNP\PEGDA1TPO25SiNP_Sam03_S2\particle_forward_medianbg_mean\job_manifest.json
Done. Output dir: C:\Users\Conor O'Brien\Dropbox\03_AML\00 IN-BOX\AFM Topo Particle processing OUT\run_grains_med_fixed_wt25_20260304_124108\PEGDA_SiNP\PEGDA1TPO25SiNP_Sam03_S2\particle_forward_medianbg_mean
Considered: 210
Matched: 105
Copied: 105 (dry_run=False)
Out dir: C:\AFM_STAGE\collect_20260304_132854_collect_forward
Copied root: C:\AFM_STAGE\collect_20260304_132854_collect_forward\copied
Manifest: C:\AFM_STAGE\collect_20260304_132854_collect_forward\copy_manifest.csv
Metadata: C:\AFM_STAGE\collect_20260304_132854_collect_forward\run_metadata.json
Wrote manifest to C:\Users\Conor O'Brien\Dropbox\03_AML\00 IN-BOX\AFM Topo Particle processing OUT\run_grains_med_fixed_wt25_20260304_124108\PEGDA_SiNP\PEGDA1TPO25SiNP_Sam03_S2\particle_forward_medianbg_fixed0\job_manifest.json with 105 files
Processing_mode: particle_count_align_medianbg_fixed0
CSV_mode: particle_metrics_full
Files: 105
Output dir: C:\Users\Conor O'Brien\Dropbox\03_AML\00 IN-BOX\AFM Topo Particle processing OUT\run_grains_med_fixed_wt25_20260304_124108\PEGDA_SiNP\PEGDA1TPO25SiNP_Sam03_S2\particle_forward_medianbg_fixed0
Output CSV: C:\Users\Conor O'Brien\Dropbox\03_AML\00 IN-BOX\AFM Topo Particle processing OUT\run_grains_med_fixed_wt25_20260304_124108\PEGDA_SiNP\PEGDA1TPO25SiNP_Sam03_S2\particle_forward_medianbg_fixed0\summary.csv
Wrote summary CSV: C:\Users\Conor O'Brien\Dropbox\03_AML\00 IN-BOX\AFM Topo Particle processing OUT\run_grains_med_fixed_wt25_20260304_124108\PEGDA_SiNP\PEGDA1TPO25SiNP_Sam03_S2\particle_forward_medianbg_fixed0\summary.csv
C:\Users\Conor O'Brien\AppData\Local\Python\pythoncore-3.14-64\python.exe scripts/collect_files.py --config configs\TEST configs\Example configs\config.topo_particle_2jobs_masking.yaml --job collect_forward --input-root C:\Users\Conor O'Brien\Dropbox\03_AML\03 References and Materials\RAW DATA Files\AFM Scans\Particle Density for Fracture Surfaces Verification\101725-CRO\DATA\PEGDA1TPO25SiNP_Sam03_S2 --out-root C:/AFM_STAGE
C:\Users\Conor O'Brien\AppData\Local\Python\pythoncore-3.14-64\python.exe scripts/make_job_manifest.py --config configs\TEST configs\Example configs\config.topo_particle_2jobs_masking.yaml --input-root C:\AFM_STAGE\collect_20260304_132854_collect_forward\copied --output-dir C:\Users\Conor O'Brien\Dropbox\03_AML\00 IN-BOX\AFM Topo Particle processing OUT\run_grains_med_fixed_wt25_20260304_124108\PEGDA_SiNP\PEGDA1TPO25SiNP_Sam03_S2\particle_forward_medianbg_fixed0 --processing-mode particle_count_align_medianbg_fixed0 --csv-mode particle_metrics_full --out C:\Users\Conor O'Brien\Dropbox\03_AML\00 IN-BOX\AFM Topo Particle processing OUT\run_grains_med_fixed_wt25_20260304_124108\PEGDA_SiNP\PEGDA1TPO25SiNP_Sam03_S2\particle_forward_medianbg_fixed0\job_manifest.json --pattern **/*Z Height*Forward*.tif;**/*Z Height*Forward*.tiff --profile medianbg_fixed0
C:\Python27\python.exe scripts/run_pygwy_job.py --manifest C:\Users\Conor O'Brien\Dropbox\03_AML\00 IN-BOX\AFM Topo Particle processing OUT\run_grains_med_fixed_wt25_20260304_124108\PEGDA_SiNP\PEGDA1TPO25SiNP_Sam03_S2\particle_forward_medianbg_fixed0\job_manifest.json
Done. Output dir: C:\Users\Conor O'Brien\Dropbox\03_AML\00 IN-BOX\AFM Topo Particle processing OUT\run_grains_med_fixed_wt25_20260304_124108\PEGDA_SiNP\PEGDA1TPO25SiNP_Sam03_S2\particle_forward_medianbg_fixed0
Considered: 110
Matched: 55
Copied: 55 (dry_run=False)
Out dir: C:\AFM_STAGE\collect_20260304_134048_collect_forward
Copied root: C:\AFM_STAGE\collect_20260304_134048_collect_forward\copied
Manifest: C:\AFM_STAGE\collect_20260304_134048_collect_forward\copy_manifest.csv
Metadata: C:\AFM_STAGE\collect_20260304_134048_collect_forward\run_metadata.json
Wrote manifest to C:\Users\Conor O'Brien\Dropbox\03_AML\00 IN-BOX\AFM Topo Particle processing OUT\run_grains_med_fixed_wt25_20260304_124108\PEGDA_SiNP\PEGDA1TPO25SiNP_Sam01_S2\particle_forward_medianbg_mean\job_manifest.json with 55 files
Processing_mode: particle_count_align_medianbg_mean
CSV_mode: particle_metrics_full
Files: 55
Output dir: C:\Users\Conor O'Brien\Dropbox\03_AML\00 IN-BOX\AFM Topo Particle processing OUT\run_grains_med_fixed_wt25_20260304_124108\PEGDA_SiNP\PEGDA1TPO25SiNP_Sam01_S2\particle_forward_medianbg_mean
Output CSV: C:\Users\Conor O'Brien\Dropbox\03_AML\00 IN-BOX\AFM Topo Particle processing OUT\run_grains_med_fixed_wt25_20260304_124108\PEGDA_SiNP\PEGDA1TPO25SiNP_Sam01_S2\particle_forward_medianbg_mean\summary.csv
Wrote summary CSV: C:\Users\Conor O'Brien\Dropbox\03_AML\00 IN-BOX\AFM Topo Particle processing OUT\run_grains_med_fixed_wt25_20260304_124108\PEGDA_SiNP\PEGDA1TPO25SiNP_Sam01_S2\particle_forward_medianbg_mean\summary.csv
C:\Users\Conor O'Brien\AppData\Local\Python\pythoncore-3.14-64\python.exe scripts/collect_files.py --config configs\TEST configs\Example configs\config.topo_particle_2jobs_masking.yaml --job collect_forward --input-root C:\Users\Conor O'Brien\Dropbox\03_AML\03 References and Materials\RAW DATA Files\AFM Scans\Particle Density for Fracture Surfaces Verification\100825-CRO\PEGDA1TPO25SiNP_Sam01_S2 --out-root C:/AFM_STAGE
C:\Users\Conor O'Brien\AppData\Local\Python\pythoncore-3.14-64\python.exe scripts/make_job_manifest.py --config configs\TEST configs\Example configs\config.topo_particle_2jobs_masking.yaml --input-root C:\AFM_STAGE\collect_20260304_134048_collect_forward\copied --output-dir C:\Users\Conor O'Brien\Dropbox\03_AML\00 IN-BOX\AFM Topo Particle processing OUT\run_grains_med_fixed_wt25_20260304_124108\PEGDA_SiNP\PEGDA1TPO25SiNP_Sam01_S2\particle_forward_medianbg_mean --processing-mode particle_count_align_medianbg_mean --csv-mode particle_metrics_full --out C:\Users\Conor O'Brien\Dropbox\03_AML\00 IN-BOX\AFM Topo Particle processing OUT\run_grains_med_fixed_wt25_20260304_124108\PEGDA_SiNP\PEGDA1TPO25SiNP_Sam01_S2\particle_forward_medianbg_mean\job_manifest.json --pattern **/*Z Height*Forward*.tif;**/*Z Height*Forward*.tiff --profile medianbg_mean
C:\Python27\python.exe scripts/run_pygwy_job.py --manifest C:\Users\Conor O'Brien\Dropbox\03_AML\00 IN-BOX\AFM Topo Particle processing OUT\run_grains_med_fixed_wt25_20260304_124108\PEGDA_SiNP\PEGDA1TPO25SiNP_Sam01_S2\particle_forward_medianbg_mean\job_manifest.json
Done. Output dir: C:\Users\Conor O'Brien\Dropbox\03_AML\00 IN-BOX\AFM Topo Particle processing OUT\run_grains_med_fixed_wt25_20260304_124108\PEGDA_SiNP\PEGDA1TPO25SiNP_Sam01_S2\particle_forward_medianbg_mean
Considered: 110
Matched: 55
Copied: 55 (dry_run=False)
Out dir: C:\AFM_STAGE\collect_20260304_134238_collect_forward
Copied root: C:\AFM_STAGE\collect_20260304_134238_collect_forward\copied
Manifest: C:\AFM_STAGE\collect_20260304_134238_collect_forward\copy_manifest.csv
Metadata: C:\AFM_STAGE\collect_20260304_134238_collect_forward\run_metadata.json
Wrote manifest to C:\Users\Conor O'Brien\Dropbox\03_AML\00 IN-BOX\AFM Topo Particle processing OUT\run_grains_med_fixed_wt25_20260304_124108\PEGDA_SiNP\PEGDA1TPO25SiNP_Sam01_S2\particle_forward_medianbg_fixed0\job_manifest.json with 55 files
Processing_mode: particle_count_align_medianbg_fixed0
CSV_mode: particle_metrics_full
Files: 55
Output dir: C:\Users\Conor O'Brien\Dropbox\03_AML\00 IN-BOX\AFM Topo Particle processing OUT\run_grains_med_fixed_wt25_20260304_124108\PEGDA_SiNP\PEGDA1TPO25SiNP_Sam01_S2\particle_forward_medianbg_fixed0
Output CSV: C:\Users\Conor O'Brien\Dropbox\03_AML\00 IN-BOX\AFM Topo Particle processing OUT\run_grains_med_fixed_wt25_20260304_124108\PEGDA_SiNP\PEGDA1TPO25SiNP_Sam01_S2\particle_forward_medianbg_fixed0\summary.csv
Wrote summary CSV: C:\Users\Conor O'Brien\Dropbox\03_AML\00 IN-BOX\AFM Topo Particle processing OUT\run_grains_med_fixed_wt25_20260304_124108\PEGDA_SiNP\PEGDA1TPO25SiNP_Sam01_S2\particle_forward_medianbg_fixed0\summary.csv
C:\Users\Conor O'Brien\AppData\Local\Python\pythoncore-3.14-64\python.exe scripts/collect_files.py --config configs\TEST configs\Example configs\config.topo_particle_2jobs_masking.yaml --job collect_forward --input-root C:\Users\Conor O'Brien\Dropbox\03_AML\03 References and Materials\RAW DATA Files\AFM Scans\Particle Density for Fracture Surfaces Verification\100825-CRO\PEGDA1TPO25SiNP_Sam01_S2 --out-root C:/AFM_STAGE
C:\Users\Conor O'Brien\AppData\Local\Python\pythoncore-3.14-64\python.exe scripts/make_job_manifest.py --config configs\TEST configs\Example configs\config.topo_particle_2jobs_masking.yaml --input-root C:\AFM_STAGE\collect_20260304_134238_collect_forward\copied --output-dir C:\Users\Conor O'Brien\Dropbox\03_AML\00 IN-BOX\AFM Topo Particle processing OUT\run_grains_med_fixed_wt25_20260304_124108\PEGDA_SiNP\PEGDA1TPO25SiNP_Sam01_S2\particle_forward_medianbg_fixed0 --processing-mode particle_count_align_medianbg_fixed0 --csv-mode particle_metrics_full --out C:\Users\Conor O'Brien\Dropbox\03_AML\00 IN-BOX\AFM Topo Particle processing OUT\run_grains_med_fixed_wt25_20260304_124108\PEGDA_SiNP\PEGDA1TPO25SiNP_Sam01_S2\particle_forward_medianbg_fixed0\job_manifest.json --pattern **/*Z Height*Forward*.tif;**/*Z Height*Forward*.tiff --profile medianbg_fixed0
C:\Python27\python.exe scripts/run_pygwy_job.py --manifest C:\Users\Conor O'Brien\Dropbox\03_AML\00 IN-BOX\AFM Topo Particle processing OUT\run_grains_med_fixed_wt25_20260304_124108\PEGDA_SiNP\PEGDA1TPO25SiNP_Sam01_S2\particle_forward_medianbg_fixed0\job_manifest.json
Done. Output dir: C:\Users\Conor O'Brien\Dropbox\03_AML\00 IN-BOX\AFM Topo Particle processing OUT\run_grains_med_fixed_wt25_20260304_124108\PEGDA_SiNP\PEGDA1TPO25SiNP_Sam01_S2\particle_forward_medianbg_fixed0
Considered: 210
Matched: 105
Copied: 105 (dry_run=False)
Out dir: C:\AFM_STAGE\collect_20260304_134439_collect_forward
Copied root: C:\AFM_STAGE\collect_20260304_134439_collect_forward\copied
Manifest: C:\AFM_STAGE\collect_20260304_134439_collect_forward\copy_manifest.csv
Metadata: C:\AFM_STAGE\collect_20260304_134439_collect_forward\run_metadata.json
Wrote manifest to C:\Users\Conor O'Brien\Dropbox\03_AML\00 IN-BOX\AFM Topo Particle processing OUT\run_grains_med_fixed_wt25_20260304_124108\PEGDA_SiNP\PEGDA1TPO25SiNP_Sam02_S1\particle_forward_medianbg_mean\job_manifest.json with 105 files
Processing_mode: particle_count_align_medianbg_mean
CSV_mode: particle_metrics_full
Files: 105
Output dir: C:\Users\Conor O'Brien\Dropbox\03_AML\00 IN-BOX\AFM Topo Particle processing OUT\run_grains_med_fixed_wt25_20260304_124108\PEGDA_SiNP\PEGDA1TPO25SiNP_Sam02_S1\particle_forward_medianbg_mean
Output CSV: C:\Users\Conor O'Brien\Dropbox\03_AML\00 IN-BOX\AFM Topo Particle processing OUT\run_grains_med_fixed_wt25_20260304_124108\PEGDA_SiNP\PEGDA1TPO25SiNP_Sam02_S1\particle_forward_medianbg_mean\summary.csv
Wrote summary CSV: C:\Users\Conor O'Brien\Dropbox\03_AML\00 IN-BOX\AFM Topo Particle processing OUT\run_grains_med_fixed_wt25_20260304_124108\PEGDA_SiNP\PEGDA1TPO25SiNP_Sam02_S1\particle_forward_medianbg_mean\summary.csv
C:\Users\Conor O'Brien\AppData\Local\Python\pythoncore-3.14-64\python.exe scripts/collect_files.py --config configs\TEST configs\Example configs\config.topo_particle_2jobs_masking.yaml --job collect_forward --input-root C:\Users\Conor O'Brien\Dropbox\03_AML\03 References and Materials\RAW DATA Files\AFM Scans\Particle Density for Fracture Surfaces Verification\101325-CRO\DATA\PEGDA1TPO25SiNP_Sam02_S1 --out-root C:/AFM_STAGE
C:\Users\Conor O'Brien\AppData\Local\Python\pythoncore-3.14-64\python.exe scripts/make_job_manifest.py --config configs\TEST configs\Example configs\config.topo_particle_2jobs_masking.yaml --input-root C:\AFM_STAGE\collect_20260304_134439_collect_forward\copied --output-dir C:\Users\Conor O'Brien\Dropbox\03_AML\00 IN-BOX\AFM Topo Particle processing OUT\run_grains_med_fixed_wt25_20260304_124108\PEGDA_SiNP\PEGDA1TPO25SiNP_Sam02_S1\particle_forward_medianbg_mean --processing-mode particle_count_align_medianbg_mean --csv-mode particle_metrics_full --out C:\Users\Conor O'Brien\Dropbox\03_AML\00 IN-BOX\AFM Topo Particle processing OUT\run_grains_med_fixed_wt25_20260304_124108\PEGDA_SiNP\PEGDA1TPO25SiNP_Sam02_S1\particle_forward_medianbg_mean\job_manifest.json --pattern **/*Z Height*Forward*.tif;**/*Z Height*Forward*.tiff --profile medianbg_mean
C:\Python27\python.exe scripts/run_pygwy_job.py --manifest C:\Users\Conor O'Brien\Dropbox\03_AML\00 IN-BOX\AFM Topo Particle processing OUT\run_grains_med_fixed_wt25_20260304_124108\PEGDA_SiNP\PEGDA1TPO25SiNP_Sam02_S1\particle_forward_medianbg_mean\job_manifest.json
Done. Output dir: C:\Users\Conor O'Brien\Dropbox\03_AML\00 IN-BOX\AFM Topo Particle processing OUT\run_grains_med_fixed_wt25_20260304_124108\PEGDA_SiNP\PEGDA1TPO25SiNP_Sam02_S1\particle_forward_medianbg_mean
Considered: 210
Matched: 105
Copied: 105 (dry_run=False)
Out dir: C:\AFM_STAGE\collect_20260304_134827_collect_forward
Copied root: C:\AFM_STAGE\collect_20260304_134827_collect_forward\copied
Manifest: C:\AFM_STAGE\collect_20260304_134827_collect_forward\copy_manifest.csv
Metadata: C:\AFM_STAGE\collect_20260304_134827_collect_forward\run_metadata.json
Wrote manifest to C:\Users\Conor O'Brien\Dropbox\03_AML\00 IN-BOX\AFM Topo Particle processing OUT\run_grains_med_fixed_wt25_20260304_124108\PEGDA_SiNP\PEGDA1TPO25SiNP_Sam02_S1\particle_forward_medianbg_fixed0\job_manifest.json with 105 files
Processing_mode: particle_count_align_medianbg_fixed0
CSV_mode: particle_metrics_full
Files: 105
Output dir: C:\Users\Conor O'Brien\Dropbox\03_AML\00 IN-BOX\AFM Topo Particle processing OUT\run_grains_med_fixed_wt25_20260304_124108\PEGDA_SiNP\PEGDA1TPO25SiNP_Sam02_S1\particle_forward_medianbg_fixed0
Output CSV: C:\Users\Conor O'Brien\Dropbox\03_AML\00 IN-BOX\AFM Topo Particle processing OUT\run_grains_med_fixed_wt25_20260304_124108\PEGDA_SiNP\PEGDA1TPO25SiNP_Sam02_S1\particle_forward_medianbg_fixed0\summary.csv
Wrote summary CSV: C:\Users\Conor O'Brien\Dropbox\03_AML\00 IN-BOX\AFM Topo Particle processing OUT\run_grains_med_fixed_wt25_20260304_124108\PEGDA_SiNP\PEGDA1TPO25SiNP_Sam02_S1\particle_forward_medianbg_fixed0\summary.csv
C:\Users\Conor O'Brien\AppData\Local\Python\pythoncore-3.14-64\python.exe scripts/collect_files.py --config configs\TEST configs\Example configs\config.topo_particle_2jobs_masking.yaml --job collect_forward --input-root C:\Users\Conor O'Brien\Dropbox\03_AML\03 References and Materials\RAW DATA Files\AFM Scans\Particle Density for Fracture Surfaces Verification\101325-CRO\DATA\PEGDA1TPO25SiNP_Sam02_S1 --out-root C:/AFM_STAGE
C:\Users\Conor O'Brien\AppData\Local\Python\pythoncore-3.14-64\python.exe scripts/make_job_manifest.py --config configs\TEST configs\Example configs\config.topo_particle_2jobs_masking.yaml --input-root C:\AFM_STAGE\collect_20260304_134827_collect_forward\copied --output-dir C:\Users\Conor O'Brien\Dropbox\03_AML\00 IN-BOX\AFM Topo Particle processing OUT\run_grains_med_fixed_wt25_20260304_124108\PEGDA_SiNP\PEGDA1TPO25SiNP_Sam02_S1\particle_forward_medianbg_fixed0 --processing-mode particle_count_align_medianbg_fixed0 --csv-mode particle_metrics_full --out C:\Users\Conor O'Brien\Dropbox\03_AML\00 IN-BOX\AFM Topo Particle processing OUT\run_grains_med_fixed_wt25_20260304_124108\PEGDA_SiNP\PEGDA1TPO25SiNP_Sam02_S1\particle_forward_medianbg_fixed0\job_manifest.json --pattern **/*Z Height*Forward*.tif;**/*Z Height*Forward*.tiff --profile medianbg_fixed0
C:\Python27\python.exe scripts/run_pygwy_job.py --manifest C:\Users\Conor O'Brien\Dropbox\03_AML\00 IN-BOX\AFM Topo Particle processing OUT\run_grains_med_fixed_wt25_20260304_124108\PEGDA_SiNP\PEGDA1TPO25SiNP_Sam02_S1\particle_forward_medianbg_fixed0\job_manifest.json
Done. Output dir: C:\Users\Conor O'Brien\Dropbox\03_AML\00 IN-BOX\AFM Topo Particle processing OUT\run_grains_med_fixed_wt25_20260304_124108\PEGDA_SiNP\PEGDA1TPO25SiNP_Sam02_S1\particle_forward_medianbg_fixed0
Wrote C:\Users\Conor O'Brien\Dropbox\03_AML\00 IN-BOX\AFM Topo Particle processing OUT\run_grains_med_fixed_wt25_20260304_124108\scan_inventory.json
Estimated run time: ~30.60 hr total (using 120.0 sec/scan/job).
RUN: C:\Users\Conor O'Brien\AppData\Local\Python\pythoncore-3.14-64\python.exe scripts/run_job.py --config configs\TEST configs\Example configs\config.topo_particle_2jobs_masking.yaml --job particle_forward_medianbg_mean --input-root C:\Users\Conor O'Brien\Dropbox\03_AML\03 References and Materials\RAW DATA Files\AFM Scans\Particle Density for Fracture Surfaces Verification\100825-CRO\PEGDA1TPO25SiNP_Sam01_S2 --output-root C:\Users\Conor O'Brien\Dropbox\03_AML\00 IN-BOX\AFM Topo Particle processing OUT\run_grains_med_fixed_wt25_20260304_124108\PEGDA_SiNP\PEGDA1TPO25SiNP_Sam01_S2
[##----------------------------] 1/12 (8.3%) | est rem 28.77 hr
RUN: C:\Users\Conor O'Brien\AppData\Local\Python\pythoncore-3.14-64\python.exe scripts/run_job.py --config configs\TEST configs\Example configs\config.topo_particle_2jobs_masking.yaml --job particle_forward_medianbg_fixed0 --input-root C:\Users\Conor O'Brien\Dropbox\03_AML\03 References and Materials\RAW DATA Files\AFM Scans\Particle Density for Fracture Surfaces Verification\100825-CRO\PEGDA1TPO25SiNP_Sam01_S2 --output-root C:\Users\Conor O'Brien\Dropbox\03_AML\00 IN-BOX\AFM Topo Particle processing OUT\run_grains_med_fixed_wt25_20260304_124108\PEGDA_SiNP\PEGDA1TPO25SiNP_Sam01_S2
[####--------------------------] 2/12 (16.7%) | est rem 26.93 hr
RUN: C:\Users\Conor O'Brien\AppData\Local\Python\pythoncore-3.14-64\python.exe scripts/run_job.py --config configs\TEST configs\Example configs\config.topo_particle_2jobs_masking.yaml --job particle_forward_medianbg_mean --input-root C:\Users\Conor O'Brien\Dropbox\03_AML\03 References and Materials\RAW DATA Files\AFM Scans\Particle Density for Fracture Surfaces Verification\101425-CRO\DATA\PEGDA1TPO25SiNP_Sam02_S2 --output-root C:\Users\Conor O'Brien\Dropbox\03_AML\00 IN-BOX\AFM Topo Particle processing OUT\run_grains_med_fixed_wt25_20260304_124108\PEGDA_SiNP\PEGDA1TPO25SiNP_Sam02_S2
[#######-----------------------] 3/12 (25.0%) | est rem 25.80 hr
RUN: C:\Users\Conor O'Brien\AppData\Local\Python\pythoncore-3.14-64\python.exe scripts/run_job.py --config configs\TEST configs\Example configs\config.topo_particle_2jobs_masking.yaml --job particle_forward_medianbg_fixed0 --input-root C:\Users\Conor O'Brien\Dropbox\03_AML\03 References and Materials\RAW DATA Files\AFM Scans\Particle Density for Fracture Surfaces Verification\101425-CRO\DATA\PEGDA1TPO25SiNP_Sam02_S2 --output-root C:\Users\Conor O'Brien\Dropbox\03_AML\00 IN-BOX\AFM Topo Particle processing OUT\run_grains_med_fixed_wt25_20260304_124108\PEGDA_SiNP\PEGDA1TPO25SiNP_Sam02_S2
[#########---------------------] 4/12 (33.3%) | est rem 24.67 hr
RUN: C:\Users\Conor O'Brien\AppData\Local\Python\pythoncore-3.14-64\python.exe scripts/run_job.py --config configs\TEST configs\Example configs\config.topo_particle_2jobs_masking.yaml --job particle_forward_medianbg_mean --input-root C:\Users\Conor O'Brien\Dropbox\03_AML\03 References and Materials\RAW DATA Files\AFM Scans\Particle Density for Fracture Surfaces Verification\101525-CRO\DATA\PEGDA1TPO25SiNP_Sam03_S1 --output-root C:\Users\Conor O'Brien\Dropbox\03_AML\00 IN-BOX\AFM Topo Particle processing OUT\run_grains_med_fixed_wt25_20260304_124108\PEGDA_SiNP\PEGDA1TPO25SiNP_Sam03_S1
[############------------------] 5/12 (41.7%) | est rem 21.17 hr
RUN: C:\Users\Conor O'Brien\AppData\Local\Python\pythoncore-3.14-64\python.exe scripts/run_job.py --config configs\TEST configs\Example configs\config.topo_particle_2jobs_masking.yaml --job particle_forward_medianbg_fixed0 --input-root C:\Users\Conor O'Brien\Dropbox\03_AML\03 References and Materials\RAW DATA Files\AFM Scans\Particle Density for Fracture Surfaces Verification\101525-CRO\DATA\PEGDA1TPO25SiNP_Sam03_S1 --output-root C:\Users\Conor O'Brien\Dropbox\03_AML\00 IN-BOX\AFM Topo Particle processing OUT\run_grains_med_fixed_wt25_20260304_124108\PEGDA_SiNP\PEGDA1TPO25SiNP_Sam03_S1
[###############---------------] 6/12 (50.0%) | est rem 17.67 hr
RUN: C:\Users\Conor O'Brien\AppData\Local\Python\pythoncore-3.14-64\python.exe scripts/run_job.py --config configs\TEST configs\Example configs\config.topo_particle_2jobs_masking.yaml --job particle_forward_medianbg_mean --input-root C:\Users\Conor O'Brien\Dropbox\03_AML\03 References and Materials\RAW DATA Files\AFM Scans\Particle Density for Fracture Surfaces Verification\101725-CRO\DATA\PEGDA1TPO25SiNP_Sam03_S2 --output-root C:\Users\Conor O'Brien\Dropbox\03_AML\00 IN-BOX\AFM Topo Particle processing OUT\run_grains_med_fixed_wt25_20260304_124108\PEGDA_SiNP\PEGDA1TPO25SiNP_Sam03_S2
[#################-------------] 7/12 (58.3%) | est rem 14.17 hr
RUN: C:\Users\Conor O'Brien\AppData\Local\Python\pythoncore-3.14-64\python.exe scripts/run_job.py --config configs\TEST configs\Example configs\config.topo_particle_2jobs_masking.yaml --job particle_forward_medianbg_fixed0 --input-root C:\Users\Conor O'Brien\Dropbox\03_AML\03 References and Materials\RAW DATA Files\AFM Scans\Particle Density for Fracture Surfaces Verification\101725-CRO\DATA\PEGDA1TPO25SiNP_Sam03_S2 --output-root C:\Users\Conor O'Brien\Dropbox\03_AML\00 IN-BOX\AFM Topo Particle processing OUT\run_grains_med_fixed_wt25_20260304_124108\PEGDA_SiNP\PEGDA1TPO25SiNP_Sam03_S2
[###################-----------] 8/12 (66.7%) | est rem 10.67 hr
RUN: C:\Users\Conor O'Brien\AppData\Local\Python\pythoncore-3.14-64\python.exe scripts/run_job.py --config configs\TEST configs\Example configs\config.topo_particle_2jobs_masking.yaml --job particle_forward_medianbg_mean --input-root C:\Users\Conor O'Brien\Dropbox\03_AML\03 References and Materials\RAW DATA Files\AFM Scans\Particle Density for Fracture Surfaces Verification\100825-CRO\PEGDA1TPO25SiNP_Sam01_S2 --output-root C:\Users\Conor O'Brien\Dropbox\03_AML\00 IN-BOX\AFM Topo Particle processing OUT\run_grains_med_fixed_wt25_20260304_124108\PEGDA_SiNP\PEGDA1TPO25SiNP_Sam01_S2
[######################--------] 9/12 (75.0%) | est rem 8.83 hr
RUN: C:\Users\Conor O'Brien\AppData\Local\Python\pythoncore-3.14-64\python.exe scripts/run_job.py --config configs\TEST configs\Example configs\config.topo_particle_2jobs_masking.yaml --job particle_forward_medianbg_fixed0 --input-root C:\Users\Conor O'Brien\Dropbox\03_AML\03 References and Materials\RAW DATA Files\AFM Scans\Particle Density for Fracture Surfaces Verification\100825-CRO\PEGDA1TPO25SiNP_Sam01_S2 --output-root C:\Users\Conor O'Brien\Dropbox\03_AML\00 IN-BOX\AFM Topo Particle processing OUT\run_grains_med_fixed_wt25_20260304_124108\PEGDA_SiNP\PEGDA1TPO25SiNP_Sam01_S2
[#########################-----] 10/12 (83.3%) | est rem 7.00 hr
RUN: C:\Users\Conor O'Brien\AppData\Local\Python\pythoncore-3.14-64\python.exe scripts/run_job.py --config configs\TEST configs\Example configs\config.topo_particle_2jobs_masking.yaml --job particle_forward_medianbg_mean --input-root C:\Users\Conor O'Brien\Dropbox\03_AML\03 References and Materials\RAW DATA Files\AFM Scans\Particle Density for Fracture Surfaces Verification\101325-CRO\DATA\PEGDA1TPO25SiNP_Sam02_S1 --output-root C:\Users\Conor O'Brien\Dropbox\03_AML\00 IN-BOX\AFM Topo Particle processing OUT\run_grains_med_fixed_wt25_20260304_124108\PEGDA_SiNP\PEGDA1TPO25SiNP_Sam02_S1
[###########################---] 11/12 (91.7%) | est rem 3.50 hr
RUN: C:\Users\Conor O'Brien\AppData\Local\Python\pythoncore-3.14-64\python.exe scripts/run_job.py --config configs\TEST configs\Example configs\config.topo_particle_2jobs_masking.yaml --job particle_forward_medianbg_fixed0 --input-root C:\Users\Conor O'Brien\Dropbox\03_AML\03 References and Materials\RAW DATA Files\AFM Scans\Particle Density for Fracture Surfaces Verification\101325-CRO\DATA\PEGDA1TPO25SiNP_Sam02_S1 --output-root C:\Users\Conor O'Brien\Dropbox\03_AML\00 IN-BOX\AFM Topo Particle processing OUT\run_grains_med_fixed_wt25_20260304_124108\PEGDA_SiNP\PEGDA1TPO25SiNP_Sam02_S1
[##############################] 12/12 (100.0%) | est rem 0s
Wrote C:\Users\Conor O'Brien\Dropbox\03_AML\00 IN-BOX\AFM Topo Particle processing OUT\run_grains_med_fixed_wt25_20260304_124108\run_timing.json
Done.
Summary written to C:\Users\Conor O'Brien\Dropbox\03_AML\00 IN-BOX\AFM Topo Particle processing OUT\run_grains_med_fixed_wt25_20260304_124108
