Config configs\TEST configs\Example configs\config.topo_particle_2jobs_masking.yaml missing sections: result_schemas, plotting_modes
Config configs\TEST configs\Example configs\config.topo_particle_2jobs_masking.yaml missing sections: result_schemas, plotting_modes
[DEBUG] PEGDA01TPO10SiNP_S1_P__GrID001_LOC_RC001001-5.00x5.00-Z Height_Forward-250925-CRO_5f446dfb.tiff unit=n/a grid=(0,0)
[DEBUG] PEGDA01TPO10SiNP_S1_P__GrID002_LOC_RC001002-5.00x5.00-Z Height_Forward-250925-CRO_cf100b54.tiff unit=n/a grid=(0,1)
[DEBUG] PEGDA01TPO10SiNP_S1_P__GrID003_LOC_RC001005-5.00x5.00-Z Height_Forward-250925-CRO_0e813613.tiff unit=n/a grid=(0,4)
[DEBUG] PEGDA01TPO10SiNP_S1_P__GrID004_LOC_RC001006-5.00x5.00-Z Height_Forward-250925-CRO_c64e8f78.tiff unit=n/a grid=(0,5)
[DEBUG] PEGDA01TPO10SiNP_S1_P__GrID005_LOC_RC001010-5.00x5.00-Z Height_Forward-250925-CRO_00ddd9b7.tiff unit=n/a grid=(0,9)
[DEBUG] PEGDA01TPO10SiNP_S1_P__GrID006_LOC_RC001011-5.00x5.00-Z Height_Forward-250925-CRO_312e6cc5.tiff unit=n/a grid=(0,10)
[DEBUG] PEGDA01TPO10SiNP_S1_P__GrID007_LOC_RC001015-5.00x5.00-Z Height_Forward-250925-CRO_064028ec.tiff unit=n/a grid=(0,14)
[DEBUG] PEGDA01TPO10SiNP_S1_P__GrID008_LOC_RC001016-5.00x5.00-Z Height_Forward-250925-CRO_25dae6f5.tiff unit=n/a grid=(0,15)
[DEBUG] PEGDA01TPO10SiNP_S1_P__GrID009_LOC_RC001019-5.00x5.00-Z Height_Forward-250925-CRO_aa3759bf.tiff unit=n/a grid=(0,18)
[DEBUG] PEGDA01TPO10SiNP_S1_P__GrID010_LOC_RC001020-5.00x5.00-Z Height_Forward-250925-CRO_4e75a7e7.tiff unit=n/a grid=(0,19)
[DEBUG] PEGDA01TPO10SiNP_S1_P__GrID011_LOC_RC002001-5.00x5.00-Z Height_Forward-250925-CRO_e8401a14.tiff unit=n/a grid=(1,0)
[DEBUG] PEGDA01TPO10SiNP_S1_P__GrID012_LOC_RC002002-5.00x5.00-Z Height_Forward-250925-CRO_d1a8aa14.tiff unit=n/a grid=(1,1)
[DEBUG] PEGDA01TPO10SiNP_S1_P__GrID013_LOC_RC002010-5.00x5.00-Z Height_Forward-250925-CRO_de377ef7.tiff unit=n/a grid=(1,9)
[DEBUG] PEGDA01TPO10SiNP_S1_P__GrID014_LOC_RC002011-5.00x5.00-Z Height_Forward-250925-CRO_28cb9114.tiff unit=n/a grid=(1,10)
[DEBUG] PEGDA01TPO10SiNP_S1_P__GrID015_LOC_RC002019-5.00x5.00-Z Height_Forward-250925-CRO_dae53368.tiff unit=n/a grid=(1,18)
[DEBUG] PEGDA01TPO10SiNP_S1_P__GrID016_LOC_RC002020-5.00x5.00-Z Height_Forward-250925-CRO_3a162aa2.tiff unit=n/a grid=(1,19)
[DEBUG] PEGDA01TPO10SiNP_S1_P__GrID017_LOC_RC004008-5.00x5.00-Z Height_Forward-250925-CRO_bfb2beb7.tiff unit=n/a grid=(3,7)
[DEBUG] PEGDA01TPO10SiNP_S1_P__GrID018_LOC_RC004013-5.00x5.00-Z Height_Forward-250925-CRO_179f8f7f.tiff unit=n/a grid=(3,12)
[DEBUG] PEGDA01TPO10SiNP_S1_P__GrID019_LOC_RC005001-5.00x5.00-Z Height_Forward-250925-CRO_e54ecc44.tiff unit=n/a grid=(4,0)
[DEBUG] PEGDA01TPO10SiNP_S1_P__GrID020_LOC_RC005005-5.00x5.00-Z Height_Forward-250925-CRO_a46912c3.tiff unit=n/a grid=(4,4)
[DEBUG] PEGDA01TPO10SiNP_S1_P__GrID021_LOC_RC005006-5.00x5.00-Z Height_Forward-250925-CRO_b653b4ad.tiff unit=n/a grid=(4,5)
[DEBUG] PEGDA01TPO10SiNP_S1_P__GrID022_LOC_RC005015-5.00x5.00-Z Height_Forward-250925-CRO_10adb125.tiff unit=n/a grid=(4,14)
[DEBUG] PEGDA01TPO10SiNP_S1_P__GrID023_LOC_RC005016-5.00x5.00-Z Height_Forward-250925-CRO_b3d976fd.tiff unit=n/a grid=(4,15)
[DEBUG] PEGDA01TPO10SiNP_S1_P__GrID024_LOC_RC005020-5.00x5.00-Z Height_Forward-250925-CRO_78ef50b9.tiff unit=n/a grid=(4,19)
[DEBUG] PEGDA01TPO10SiNP_S1_P__GrID025_LOC_RC006001-5.00x5.00-Z Height_Forward-250925-CRO_33a38746.tiff unit=n/a grid=(5,0)
[DEBUG] PEGDA01TPO10SiNP_S1_P__GrID026_LOC_RC006005-5.00x5.00-Z Height_Forward-250925-CRO_9ad36484.tiff unit=n/a grid=(5,4)
[DEBUG] PEGDA01TPO10SiNP_S1_P__GrID027_LOC_RC006006-5.00x5.00-Z Height_Forward-250925-CRO_5098984e.tiff unit=n/a grid=(5,5)
[DEBUG] PEGDA01TPO10SiNP_S1_P__GrID028_LOC_RC006010-5.00x5.00-Z Height_Forward-250925-CRO_56f35efc.tiff unit=n/a grid=(5,9)
[DEBUG] PEGDA01TPO10SiNP_S1_P__GrID029_LOC_RC006011-5.00x5.00-Z Height_Forward-250925-CRO_b9c6eb96.tiff unit=n/a grid=(5,10)
[DEBUG] PEGDA01TPO10SiNP_S1_P__GrID030_LOC_RC006015-5.00x5.00-Z Height_Forward-250926-CRO_6c875e36.tiff unit=n/a grid=(5,14)
[DEBUG] PEGDA01TPO10SiNP_S1_P__GrID031_LOC_RC006016-5.00x5.00-Z Height_Forward-250926-CRO_7c1f8fe4.tiff unit=n/a grid=(5,15)
[DEBUG] PEGDA01TPO10SiNP_S1_P__GrID032_LOC_RC006020-5.00x5.00-Z Height_Forward-250926-CRO_9dd15a9f.tiff unit=n/a grid=(5,19)
[DEBUG] PEGDA01TPO10SiNP_S1_P__GrID033_LOC_RC008004-5.00x5.00-Z Height_Forward-250926-CRO_fa43f842.tiff unit=n/a grid=(7,3)
[DEBUG] PEGDA01TPO10SiNP_S1_P__GrID034_LOC_RC008008-5.00x5.00-Z Height_Forward-250926-CRO_279d3ac3.tiff unit=n/a grid=(7,7)
[DEBUG] PEGDA01TPO10SiNP_S1_P__GrID035_LOC_RC008013-5.00x5.00-Z Height_Forward-250926-CRO_d545355f.tiff unit=n/a grid=(7,12)
[DEBUG] PEGDA01TPO10SiNP_S1_P__GrID036_LOC_RC008018-5.00x5.00-Z Height_Forward-250926-CRO_3b339317.tiff unit=n/a grid=(7,17)
[DEBUG] PEGDA01TPO10SiNP_S1_P__GrID037_LOC_RC010001-5.00x5.00-Z Height_Forward-250926-CRO_8711e4fe.tiff unit=n/a grid=(9,0)
[DEBUG] PEGDA01TPO10SiNP_S1_P__GrID038_LOC_RC010002-5.00x5.00-Z Height_Forward-250926-CRO_c3e380b7.tiff unit=n/a grid=(9,1)
[DEBUG] PEGDA01TPO10SiNP_S1_P__GrID039_LOC_RC010006-5.00x5.00-Z Height_Forward-250926-CRO_bd3c64b3.tiff unit=n/a grid=(9,5)
[DEBUG] PEGDA01TPO10SiNP_S1_P__GrID040_LOC_RC010010-5.00x5.00-Z Height_Forward-250926-CRO_07278b4e.tiff unit=n/a grid=(9,9)
[DEBUG] PEGDA01TPO10SiNP_S1_P__GrID041_LOC_RC010011-5.00x5.00-Z Height_Forward-250926-CRO_3952595f.tiff unit=n/a grid=(9,10)
[DEBUG] PEGDA01TPO10SiNP_S1_P__GrID042_LOC_RC010015-5.00x5.00-Z Height_Forward-250926-CRO_9b4293b9.tiff unit=n/a grid=(9,14)
[DEBUG] PEGDA01TPO10SiNP_S1_P__GrID043_LOC_RC010019-5.00x5.00-Z Height_Forward-250926-CRO_78379d48.tiff unit=n/a grid=(9,18)
[DEBUG] PEGDA01TPO10SiNP_S1_P__GrID044_LOC_RC010020-5.00x5.00-Z Height_Forward-250926-CRO_a7c8c1be.tiff unit=n/a grid=(9,19)
[DEBUG] PEGDA01TPO10SiNP_S1_P__GrID045_LOC_RC011001-5.00x5.00-Z Height_Forward-250926-CRO_c2a08341.tiff unit=n/a grid=(10,0)
[DEBUG] PEGDA01TPO10SiNP_S1_P__GrID046_LOC_RC011002-5.00x5.00-Z Height_Forward-250926-CRO_ef080abe.tiff unit=n/a grid=(10,1)
[DEBUG] PEGDA01TPO10SiNP_S1_P__GrID047_LOC_RC011006-5.00x5.00-Z Height_Forward-250926-CRO_3ae79972.tiff unit=n/a grid=(10,5)
[DEBUG] PEGDA01TPO10SiNP_S1_P__GrID048_LOC_RC011010-5.00x5.00-Z Height_Forward-250926-CRO_5033db31.tiff unit=n/a grid=(10,9)
[DEBUG] PEGDA01TPO10SiNP_S1_P__GrID049_LOC_RC011011-5.00x5.00-Z Height_Forward-250926-CRO_d2d3dbf0.tiff unit=n/a grid=(10,10)
[DEBUG] PEGDA01TPO10SiNP_S1_P__GrID050_LOC_RC011015-5.00x5.00-Z Height_Forward-250926-CRO_4e6617e8.tiff unit=n/a grid=(10,14)
[DEBUG] PEGDA01TPO10SiNP_S1_P__GrID051_LOC_RC011019-5.00x5.00-Z Height_Forward-250926-CRO_3a90073f.tiff unit=n/a grid=(10,18)
[DEBUG] PEGDA01TPO10SiNP_S1_P__GrID052_LOC_RC011020-5.00x5.00-Z Height_Forward-250926-CRO_a73ea858.tiff unit=n/a grid=(10,19)
[DEBUG] PEGDA01TPO10SiNP_S1_P__GrID053_LOC_RC013004-5.00x5.00-Z Height_Forward-250926-CRO_4fff85f2.tiff unit=n/a grid=(12,3)
[DEBUG] PEGDA01TPO10SiNP_S1_P__GrID054_LOC_RC013008-5.00x5.00-Z Height_Forward-250926-CRO_3fb0ad35.tiff unit=n/a grid=(12,7)
[DEBUG] PEGDA01TPO10SiNP_S1_P__GrID055_LOC_RC013013-5.00x5.00-Z Height_Forward-250926-CRO_308dd720.tiff unit=n/a grid=(12,12)
[DEBUG] PEGDA01TPO10SiNP_S1_P__GrID056_LOC_RC013018-5.00x5.00-Z Height_Forward-250926-CRO_403bdf18.tiff unit=n/a grid=(12,17)
[DEBUG] PEGDA01TPO10SiNP_S1_P__GrID057_LOC_RC015001-5.00x5.00-Z Height_Forward-250926-CRO_158d6456.tiff unit=n/a grid=(14,0)
[DEBUG] PEGDA01TPO10SiNP_S1_P__GrID058_LOC_RC015005-5.00x5.00-Z Height_Forward-250926-CRO_1d5b0b48.tiff unit=n/a grid=(14,4)
[DEBUG] PEGDA01TPO10SiNP_S1_P__GrID059_LOC_RC015006-5.00x5.00-Z Height_Forward-250926-CRO_1e2c19dd.tiff unit=n/a grid=(14,5)
[DEBUG] PEGDA01TPO10SiNP_S1_P__GrID060_LOC_RC015010-5.00x5.00-Z Height_Forward-250926-CRO_b04e03db.tiff unit=n/a grid=(14,9)
[DEBUG] PEGDA01TPO10SiNP_S1_P__GrID061_LOC_RC015011-5.00x5.00-Z Height_Forward-250926-CRO_f986bab5.tiff unit=n/a grid=(14,10)
[DEBUG] PEGDA01TPO10SiNP_S1_P__GrID062_LOC_RC015015-5.00x5.00-Z Height_Forward-250926-CRO_120f9640.tiff unit=n/a grid=(14,14)
[DEBUG] PEGDA01TPO10SiNP_S1_P__GrID063_LOC_RC015016-5.00x5.00-Z Height_Forward-250926-CRO_7c9838dd.tiff unit=n/a grid=(14,15)
[DEBUG] PEGDA01TPO10SiNP_S1_P__GrID064_LOC_RC015020-5.00x5.00-Z Height_Forward-250926-CRO_984d5467.tiff unit=n/a grid=(14,19)
[DEBUG] PEGDA01TPO10SiNP_S1_P__GrID065_LOC_RC016001-5.00x5.00-Z Height_Forward-250926-CRO_f3c035bf.tiff unit=n/a grid=(15,0)
[DEBUG] PEGDA01TPO10SiNP_S1_P__GrID066_LOC_RC016005-5.00x5.00-Z Height_Forward-250926-CRO_e4be5194.tiff unit=n/a grid=(15,4)
[DEBUG] PEGDA01TPO10SiNP_S1_P__GrID067_LOC_RC016006-5.00x5.00-Z Height_Forward-250926-CRO_6f9bcdbe.tiff unit=n/a grid=(15,5)
[DEBUG] PEGDA01TPO10SiNP_S1_P__GrID068_LOC_RC016015-5.00x5.00-Z Height_Forward-250926-CRO_12cabc17.tiff unit=n/a grid=(15,14)
[DEBUG] PEGDA01TPO10SiNP_S1_P__GrID069_LOC_RC016016-5.00x5.00-Z Height_Forward-250926-CRO_2090c4c2.tiff unit=n/a grid=(15,15)
[DEBUG] PEGDA01TPO10SiNP_S1_P__GrID070_LOC_RC016020-5.00x5.00-Z Height_Forward-250926-CRO_7270ab92.tiff unit=n/a grid=(15,19)
[DEBUG] PEGDA01TPO10SiNP_S1_P__GrID071_LOC_RC017008-5.00x5.00-Z Height_Forward-250926-CRO_9d7c5636.tiff unit=n/a grid=(16,7)
[DEBUG] PEGDA01TPO10SiNP_S1_P__GrID072_LOC_RC017013-5.00x5.00-Z Height_Forward-250926-CRO_319b4af6.tiff unit=n/a grid=(16,12)
[DEBUG] PEGDA01TPO10SiNP_S1_P__GrID073_LOC_RC019001-5.00x5.00-Z Height_Forward-250926-CRO_737e25da.tiff unit=n/a grid=(18,0)
[DEBUG] PEGDA01TPO10SiNP_S1_P__GrID074_LOC_RC019002-5.00x5.00-Z Height_Forward-250926-CRO_e7a6d048.tiff unit=n/a grid=(18,1)
[DEBUG] PEGDA01TPO10SiNP_S1_P__GrID075_LOC_RC019010-5.00x5.00-Z Height_Forward-250926-CRO_22d1f3af.tiff unit=n/a grid=(18,9)
[DEBUG] PEGDA01TPO10SiNP_S1_P__GrID076_LOC_RC019011-5.00x5.00-Z Height_Forward-250926-CRO_a27a3a67.tiff unit=n/a grid=(18,10)
[DEBUG] PEGDA01TPO10SiNP_S1_P__GrID077_LOC_RC019019-5.00x5.00-Z Height_Forward-250926-CRO_dfe4fbda.tiff unit=n/a grid=(18,18)
[DEBUG] PEGDA01TPO10SiNP_S1_P__GrID078_LOC_RC019020-5.00x5.00-Z Height_Forward-250926-CRO_fc331a8a.tiff unit=n/a grid=(18,19)
[DEBUG] PEGDA01TPO10SiNP_S1_P__GrID079_LOC_RC020001-5.00x5.00-Z Height_Forward-250926-CRO_b13cc807.tiff unit=n/a grid=(19,0)
[DEBUG] PEGDA01TPO10SiNP_S1_P__GrID080_LOC_RC020002-5.00x5.00-Z Height_Forward-250926-CRO_b4257f9f.tiff unit=n/a grid=(19,1)
[DEBUG] PEGDA01TPO10SiNP_S1_P__GrID081_LOC_RC020005-5.00x5.00-Z Height_Forward-250926-CRO_e13810db.tiff unit=n/a grid=(19,4)
[DEBUG] PEGDA01TPO10SiNP_S1_P__GrID082_LOC_RC020006-5.00x5.00-Z Height_Forward-250926-CRO_fcceac9b.tiff unit=n/a grid=(19,5)
[DEBUG] PEGDA01TPO10SiNP_S1_P__GrID083_LOC_RC020010-5.00x5.00-Z Height_Forward-250926-CRO_cee31ec3.tiff unit=n/a grid=(19,9)
[DEBUG] PEGDA01TPO10SiNP_S1_P__GrID084_LOC_RC020011-5.00x5.00-Z Height_Forward-250926-CRO_c18023f4.tiff unit=n/a grid=(19,10)
[DEBUG] PEGDA01TPO10SiNP_S1_P__GrID085_LOC_RC020015-5.00x5.00-Z Height_Forward-250926-CRO_4cd7e661.tiff unit=n/a grid=(19,14)
[DEBUG] PEGDA01TPO10SiNP_S1_P__GrID086_LOC_RC020016-5.00x5.00-Z Height_Forward-250926-CRO_423f4974.tiff unit=n/a grid=(19,15)
[DEBUG] PEGDA01TPO10SiNP_S1_P__GrID087_LOC_RC020019-5.00x5.00-Z Height_Forward-250926-CRO_f37bc649.tiff unit=n/a grid=(19,18)
[DEBUG] PEGDA01TPO10SiNP_S1_P__GrID088_LOC_RC020020-5.00x5.00-Z Height_Forward-250926-CRO_491c3cf9.tiff unit=n/a grid=(19,19)

** (python.exe:10944): WARNING **: Trying to register gtype 'GMountMountFlags' as enum when in fact it is of type 'GFlags'

** (python.exe:10944): WARNING **: Trying to register gtype 'GDriveStartFlags' as enum when in fact it is of type 'GFlags'

** (python.exe:10944): WARNING **: Trying to register gtype 'GSocketMsgFlags' as enum when in fact it is of type 'GFlags'
Config configs\TEST configs\Example configs\config.topo_particle_2jobs_masking.yaml missing sections: result_schemas, plotting_modes
Config configs\TEST configs\Example configs\config.topo_particle_2jobs_masking.yaml missing sections: result_schemas, plotting_modes
[DEBUG] PEGDA01TPO10SiNP_S1_P__GrID001_LOC_RC001001-5.00x5.00-Z Height_Forward-250925-CRO_5f446dfb.tiff unit=n/a grid=(0,0)
[DEBUG] PEGDA01TPO10SiNP_S1_P__GrID002_LOC_RC001002-5.00x5.00-Z Height_Forward-250925-CRO_cf100b54.tiff unit=n/a grid=(0,1)
[DEBUG] PEGDA01TPO10SiNP_S1_P__GrID003_LOC_RC001005-5.00x5.00-Z Height_Forward-250925-CRO_0e813613.tiff unit=n/a grid=(0,4)
[DEBUG] PEGDA01TPO10SiNP_S1_P__GrID004_LOC_RC001006-5.00x5.00-Z Height_Forward-250925-CRO_c64e8f78.tiff unit=n/a grid=(0,5)
[DEBUG] PEGDA01TPO10SiNP_S1_P__GrID005_LOC_RC001010-5.00x5.00-Z Height_Forward-250925-CRO_00ddd9b7.tiff unit=n/a grid=(0,9)
[DEBUG] PEGDA01TPO10SiNP_S1_P__GrID006_LOC_RC001011-5.00x5.00-Z Height_Forward-250925-CRO_312e6cc5.tiff unit=n/a grid=(0,10)
[DEBUG] PEGDA01TPO10SiNP_S1_P__GrID007_LOC_RC001015-5.00x5.00-Z Height_Forward-250925-CRO_064028ec.tiff unit=n/a grid=(0,14)
[DEBUG] PEGDA01TPO10SiNP_S1_P__GrID008_LOC_RC001016-5.00x5.00-Z Height_Forward-250925-CRO_25dae6f5.tiff unit=n/a grid=(0,15)
[DEBUG] PEGDA01TPO10SiNP_S1_P__GrID009_LOC_RC001019-5.00x5.00-Z Height_Forward-250925-CRO_aa3759bf.tiff unit=n/a grid=(0,18)
[DEBUG] PEGDA01TPO10SiNP_S1_P__GrID010_LOC_RC001020-5.00x5.00-Z Height_Forward-250925-CRO_4e75a7e7.tiff unit=n/a grid=(0,19)
[DEBUG] PEGDA01TPO10SiNP_S1_P__GrID011_LOC_RC002001-5.00x5.00-Z Height_Forward-250925-CRO_e8401a14.tiff unit=n/a grid=(1,0)
[DEBUG] PEGDA01TPO10SiNP_S1_P__GrID012_LOC_RC002002-5.00x5.00-Z Height_Forward-250925-CRO_d1a8aa14.tiff unit=n/a grid=(1,1)
[DEBUG] PEGDA01TPO10SiNP_S1_P__GrID013_LOC_RC002010-5.00x5.00-Z Height_Forward-250925-CRO_de377ef7.tiff unit=n/a grid=(1,9)
[DEBUG] PEGDA01TPO10SiNP_S1_P__GrID014_LOC_RC002011-5.00x5.00-Z Height_Forward-250925-CRO_28cb9114.tiff unit=n/a grid=(1,10)
[DEBUG] PEGDA01TPO10SiNP_S1_P__GrID015_LOC_RC002019-5.00x5.00-Z Height_Forward-250925-CRO_dae53368.tiff unit=n/a grid=(1,18)
[DEBUG] PEGDA01TPO10SiNP_S1_P__GrID016_LOC_RC002020-5.00x5.00-Z Height_Forward-250925-CRO_3a162aa2.tiff unit=n/a grid=(1,19)
[DEBUG] PEGDA01TPO10SiNP_S1_P__GrID017_LOC_RC004008-5.00x5.00-Z Height_Forward-250925-CRO_bfb2beb7.tiff unit=n/a grid=(3,7)
[DEBUG] PEGDA01TPO10SiNP_S1_P__GrID018_LOC_RC004013-5.00x5.00-Z Height_Forward-250925-CRO_179f8f7f.tiff unit=n/a grid=(3,12)
[DEBUG] PEGDA01TPO10SiNP_S1_P__GrID019_LOC_RC005001-5.00x5.00-Z Height_Forward-250925-CRO_e54ecc44.tiff unit=n/a grid=(4,0)
[DEBUG] PEGDA01TPO10SiNP_S1_P__GrID020_LOC_RC005005-5.00x5.00-Z Height_Forward-250925-CRO_a46912c3.tiff unit=n/a grid=(4,4)
[DEBUG] PEGDA01TPO10SiNP_S1_P__GrID021_LOC_RC005006-5.00x5.00-Z Height_Forward-250925-CRO_b653b4ad.tiff unit=n/a grid=(4,5)
[DEBUG] PEGDA01TPO10SiNP_S1_P__GrID022_LOC_RC005015-5.00x5.00-Z Height_Forward-250925-CRO_10adb125.tiff unit=n/a grid=(4,14)
[DEBUG] PEGDA01TPO10SiNP_S1_P__GrID023_LOC_RC005016-5.00x5.00-Z Height_Forward-250925-CRO_b3d976fd.tiff unit=n/a grid=(4,15)
[DEBUG] PEGDA01TPO10SiNP_S1_P__GrID024_LOC_RC005020-5.00x5.00-Z Height_Forward-250925-CRO_78ef50b9.tiff unit=n/a grid=(4,19)
[DEBUG] PEGDA01TPO10SiNP_S1_P__GrID025_LOC_RC006001-5.00x5.00-Z Height_Forward-250925-CRO_33a38746.tiff unit=n/a grid=(5,0)
[DEBUG] PEGDA01TPO10SiNP_S1_P__GrID026_LOC_RC006005-5.00x5.00-Z Height_Forward-250925-CRO_9ad36484.tiff unit=n/a grid=(5,4)
[DEBUG] PEGDA01TPO10SiNP_S1_P__GrID027_LOC_RC006006-5.00x5.00-Z Height_Forward-250925-CRO_5098984e.tiff unit=n/a grid=(5,5)
[DEBUG] PEGDA01TPO10SiNP_S1_P__GrID028_LOC_RC006010-5.00x5.00-Z Height_Forward-250925-CRO_56f35efc.tiff unit=n/a grid=(5,9)
[DEBUG] PEGDA01TPO10SiNP_S1_P__GrID029_LOC_RC006011-5.00x5.00-Z Height_Forward-250925-CRO_b9c6eb96.tiff unit=n/a grid=(5,10)
[DEBUG] PEGDA01TPO10SiNP_S1_P__GrID030_LOC_RC006015-5.00x5.00-Z Height_Forward-250926-CRO_6c875e36.tiff unit=n/a grid=(5,14)
[DEBUG] PEGDA01TPO10SiNP_S1_P__GrID031_LOC_RC006016-5.00x5.00-Z Height_Forward-250926-CRO_7c1f8fe4.tiff unit=n/a grid=(5,15)
[DEBUG] PEGDA01TPO10SiNP_S1_P__GrID032_LOC_RC006020-5.00x5.00-Z Height_Forward-250926-CRO_9dd15a9f.tiff unit=n/a grid=(5,19)
[DEBUG] PEGDA01TPO10SiNP_S1_P__GrID033_LOC_RC008004-5.00x5.00-Z Height_Forward-250926-CRO_fa43f842.tiff unit=n/a grid=(7,3)
[DEBUG] PEGDA01TPO10SiNP_S1_P__GrID034_LOC_RC008008-5.00x5.00-Z Height_Forward-250926-CRO_279d3ac3.tiff unit=n/a grid=(7,7)
[DEBUG] PEGDA01TPO10SiNP_S1_P__GrID035_LOC_RC008013-5.00x5.00-Z Height_Forward-250926-CRO_d545355f.tiff unit=n/a grid=(7,12)
[DEBUG] PEGDA01TPO10SiNP_S1_P__GrID036_LOC_RC008018-5.00x5.00-Z Height_Forward-250926-CRO_3b339317.tiff unit=n/a grid=(7,17)
[DEBUG] PEGDA01TPO10SiNP_S1_P__GrID037_LOC_RC010001-5.00x5.00-Z Height_Forward-250926-CRO_8711e4fe.tiff unit=n/a grid=(9,0)
[DEBUG] PEGDA01TPO10SiNP_S1_P__GrID038_LOC_RC010002-5.00x5.00-Z Height_Forward-250926-CRO_c3e380b7.tiff unit=n/a grid=(9,1)
[DEBUG] PEGDA01TPO10SiNP_S1_P__GrID039_LOC_RC010006-5.00x5.00-Z Height_Forward-250926-CRO_bd3c64b3.tiff unit=n/a grid=(9,5)
[DEBUG] PEGDA01TPO10SiNP_S1_P__GrID040_LOC_RC010010-5.00x5.00-Z Height_Forward-250926-CRO_07278b4e.tiff unit=n/a grid=(9,9)
[DEBUG] PEGDA01TPO10SiNP_S1_P__GrID041_LOC_RC010011-5.00x5.00-Z Height_Forward-250926-CRO_3952595f.tiff unit=n/a grid=(9,10)
[DEBUG] PEGDA01TPO10SiNP_S1_P__GrID042_LOC_RC010015-5.00x5.00-Z Height_Forward-250926-CRO_9b4293b9.tiff unit=n/a grid=(9,14)
[DEBUG] PEGDA01TPO10SiNP_S1_P__GrID043_LOC_RC010019-5.00x5.00-Z Height_Forward-250926-CRO_78379d48.tiff unit=n/a grid=(9,18)
[DEBUG] PEGDA01TPO10SiNP_S1_P__GrID044_LOC_RC010020-5.00x5.00-Z Height_Forward-250926-CRO_a7c8c1be.tiff unit=n/a grid=(9,19)
[DEBUG] PEGDA01TPO10SiNP_S1_P__GrID045_LOC_RC011001-5.00x5.00-Z Height_Forward-250926-CRO_c2a08341.tiff unit=n/a grid=(10,0)
[DEBUG] PEGDA01TPO10SiNP_S1_P__GrID046_LOC_RC011002-5.00x5.00-Z Height_Forward-250926-CRO_ef080abe.tiff unit=n/a grid=(10,1)
[DEBUG] PEGDA01TPO10SiNP_S1_P__GrID047_LOC_RC011006-5.00x5.00-Z Height_Forward-250926-CRO_3ae79972.tiff unit=n/a grid=(10,5)
[DEBUG] PEGDA01TPO10SiNP_S1_P__GrID048_LOC_RC011010-5.00x5.00-Z Height_Forward-250926-CRO_5033db31.tiff unit=n/a grid=(10,9)
[DEBUG] PEGDA01TPO10SiNP_S1_P__GrID049_LOC_RC011011-5.00x5.00-Z Height_Forward-250926-CRO_d2d3dbf0.tiff unit=n/a grid=(10,10)
[DEBUG] PEGDA01TPO10SiNP_S1_P__GrID050_LOC_RC011015-5.00x5.00-Z Height_Forward-250926-CRO_4e6617e8.tiff unit=n/a grid=(10,14)
[DEBUG] PEGDA01TPO10SiNP_S1_P__GrID051_LOC_RC011019-5.00x5.00-Z Height_Forward-250926-CRO_3a90073f.tiff unit=n/a grid=(10,18)
[DEBUG] PEGDA01TPO10SiNP_S1_P__GrID052_LOC_RC011020-5.00x5.00-Z Height_Forward-250926-CRO_a73ea858.tiff unit=n/a grid=(10,19)
[DEBUG] PEGDA01TPO10SiNP_S1_P__GrID053_LOC_RC013004-5.00x5.00-Z Height_Forward-250926-CRO_4fff85f2.tiff unit=n/a grid=(12,3)
[DEBUG] PEGDA01TPO10SiNP_S1_P__GrID054_LOC_RC013008-5.00x5.00-Z Height_Forward-250926-CRO_3fb0ad35.tiff unit=n/a grid=(12,7)
[DEBUG] PEGDA01TPO10SiNP_S1_P__GrID055_LOC_RC013013-5.00x5.00-Z Height_Forward-250926-CRO_308dd720.tiff unit=n/a grid=(12,12)
[DEBUG] PEGDA01TPO10SiNP_S1_P__GrID056_LOC_RC013018-5.00x5.00-Z Height_Forward-250926-CRO_403bdf18.tiff unit=n/a grid=(12,17)
[DEBUG] PEGDA01TPO10SiNP_S1_P__GrID057_LOC_RC015001-5.00x5.00-Z Height_Forward-250926-CRO_158d6456.tiff unit=n/a grid=(14,0)
[DEBUG] PEGDA01TPO10SiNP_S1_P__GrID058_LOC_RC015005-5.00x5.00-Z Height_Forward-250926-CRO_1d5b0b48.tiff unit=n/a grid=(14,4)
[DEBUG] PEGDA01TPO10SiNP_S1_P__GrID059_LOC_RC015006-5.00x5.00-Z Height_Forward-250926-CRO_1e2c19dd.tiff unit=n/a grid=(14,5)
[DEBUG] PEGDA01TPO10SiNP_S1_P__GrID060_LOC_RC015010-5.00x5.00-Z Height_Forward-250926-CRO_b04e03db.tiff unit=n/a grid=(14,9)
[DEBUG] PEGDA01TPO10SiNP_S1_P__GrID061_LOC_RC015011-5.00x5.00-Z Height_Forward-250926-CRO_f986bab5.tiff unit=n/a grid=(14,10)
[DEBUG] PEGDA01TPO10SiNP_S1_P__GrID062_LOC_RC015015-5.00x5.00-Z Height_Forward-250926-CRO_120f9640.tiff unit=n/a grid=(14,14)
[DEBUG] PEGDA01TPO10SiNP_S1_P__GrID063_LOC_RC015016-5.00x5.00-Z Height_Forward-250926-CRO_7c9838dd.tiff unit=n/a grid=(14,15)
[DEBUG] PEGDA01TPO10SiNP_S1_P__GrID064_LOC_RC015020-5.00x5.00-Z Height_Forward-250926-CRO_984d5467.tiff unit=n/a grid=(14,19)
[DEBUG] PEGDA01TPO10SiNP_S1_P__GrID065_LOC_RC016001-5.00x5.00-Z Height_Forward-250926-CRO_f3c035bf.tiff unit=n/a grid=(15,0)
[DEBUG] PEGDA01TPO10SiNP_S1_P__GrID066_LOC_RC016005-5.00x5.00-Z Height_Forward-250926-CRO_e4be5194.tiff unit=n/a grid=(15,4)
[DEBUG] PEGDA01TPO10SiNP_S1_P__GrID067_LOC_RC016006-5.00x5.00-Z Height_Forward-250926-CRO_6f9bcdbe.tiff unit=n/a grid=(15,5)
[DEBUG] PEGDA01TPO10SiNP_S1_P__GrID068_LOC_RC016015-5.00x5.00-Z Height_Forward-250926-CRO_12cabc17.tiff unit=n/a grid=(15,14)
[DEBUG] PEGDA01TPO10SiNP_S1_P__GrID069_LOC_RC016016-5.00x5.00-Z Height_Forward-250926-CRO_2090c4c2.tiff unit=n/a grid=(15,15)
[DEBUG] PEGDA01TPO10SiNP_S1_P__GrID070_LOC_RC016020-5.00x5.00-Z Height_Forward-250926-CRO_7270ab92.tiff unit=n/a grid=(15,19)
[DEBUG] PEGDA01TPO10SiNP_S1_P__GrID071_LOC_RC017008-5.00x5.00-Z Height_Forward-250926-CRO_9d7c5636.tiff unit=n/a grid=(16,7)
[DEBUG] PEGDA01TPO10SiNP_S1_P__GrID072_LOC_RC017013-5.00x5.00-Z Height_Forward-250926-CRO_319b4af6.tiff unit=n/a grid=(16,12)
[DEBUG] PEGDA01TPO10SiNP_S1_P__GrID073_LOC_RC019001-5.00x5.00-Z Height_Forward-250926-CRO_737e25da.tiff unit=n/a grid=(18,0)
[DEBUG] PEGDA01TPO10SiNP_S1_P__GrID074_LOC_RC019002-5.00x5.00-Z Height_Forward-250926-CRO_e7a6d048.tiff unit=n/a grid=(18,1)
[DEBUG] PEGDA01TPO10SiNP_S1_P__GrID075_LOC_RC019010-5.00x5.00-Z Height_Forward-250926-CRO_22d1f3af.tiff unit=n/a grid=(18,9)
[DEBUG] PEGDA01TPO10SiNP_S1_P__GrID076_LOC_RC019011-5.00x5.00-Z Height_Forward-250926-CRO_a27a3a67.tiff unit=n/a grid=(18,10)
[DEBUG] PEGDA01TPO10SiNP_S1_P__GrID077_LOC_RC019019-5.00x5.00-Z Height_Forward-250926-CRO_dfe4fbda.tiff unit=n/a grid=(18,18)
[DEBUG] PEGDA01TPO10SiNP_S1_P__GrID078_LOC_RC019020-5.00x5.00-Z Height_Forward-250926-CRO_fc331a8a.tiff unit=n/a grid=(18,19)
[DEBUG] PEGDA01TPO10SiNP_S1_P__GrID079_LOC_RC020001-5.00x5.00-Z Height_Forward-250926-CRO_b13cc807.tiff unit=n/a grid=(19,0)
[DEBUG] PEGDA01TPO10SiNP_S1_P__GrID080_LOC_RC020002-5.00x5.00-Z Height_Forward-250926-CRO_b4257f9f.tiff unit=n/a grid=(19,1)
[DEBUG] PEGDA01TPO10SiNP_S1_P__GrID081_LOC_RC020005-5.00x5.00-Z Height_Forward-250926-CRO_e13810db.tiff unit=n/a grid=(19,4)
[DEBUG] PEGDA01TPO10SiNP_S1_P__GrID082_LOC_RC020006-5.00x5.00-Z Height_Forward-250926-CRO_fcceac9b.tiff unit=n/a grid=(19,5)
[DEBUG] PEGDA01TPO10SiNP_S1_P__GrID083_LOC_RC020010-5.00x5.00-Z Height_Forward-250926-CRO_cee31ec3.tiff unit=n/a grid=(19,9)
[DEBUG] PEGDA01TPO10SiNP_S1_P__GrID084_LOC_RC020011-5.00x5.00-Z Height_Forward-250926-CRO_c18023f4.tiff unit=n/a grid=(19,10)
[DEBUG] PEGDA01TPO10SiNP_S1_P__GrID085_LOC_RC020015-5.00x5.00-Z Height_Forward-250926-CRO_4cd7e661.tiff unit=n/a grid=(19,14)
[DEBUG] PEGDA01TPO10SiNP_S1_P__GrID086_LOC_RC020016-5.00x5.00-Z Height_Forward-250926-CRO_423f4974.tiff unit=n/a grid=(19,15)
[DEBUG] PEGDA01TPO10SiNP_S1_P__GrID087_LOC_RC020019-5.00x5.00-Z Height_Forward-250926-CRO_f37bc649.tiff unit=n/a grid=(19,18)
[DEBUG] PEGDA01TPO10SiNP_S1_P__GrID088_LOC_RC020020-5.00x5.00-Z Height_Forward-250926-CRO_491c3cf9.tiff unit=n/a grid=(19,19)

** (python.exe:17972): WARNING **: Trying to register gtype 'GMountMountFlags' as enum when in fact it is of type 'GFlags'

** (python.exe:17972): WARNING **: Trying to register gtype 'GDriveStartFlags' as enum when in fact it is of type 'GFlags'

** (python.exe:17972): WARNING **: Trying to register gtype 'GSocketMsgFlags' as enum when in fact it is of type 'GFlags'
Config configs\TEST configs\Example configs\config.topo_particle_2jobs_masking.yaml missing sections: result_schemas, plotting_modes
Config configs\TEST configs\Example configs\config.topo_particle_2jobs_masking.yaml missing sections: result_schemas, plotting_modes
[DEBUG] PEGDA01TPO10SiNP_S1_P__GrID001_LOC_RC001001-5.00x5.00-Z Height_Forward-250925-CRO_5f446dfb.tiff unit=n/a grid=(0,0)
[DEBUG] PEGDA01TPO10SiNP_S1_P__GrID002_LOC_RC001002-5.00x5.00-Z Height_Forward-250925-CRO_cf100b54.tiff unit=n/a grid=(0,1)
[DEBUG] PEGDA01TPO10SiNP_S1_P__GrID003_LOC_RC001005-5.00x5.00-Z Height_Forward-250925-CRO_0e813613.tiff unit=n/a grid=(0,4)
[DEBUG] PEGDA01TPO10SiNP_S1_P__GrID004_LOC_RC001006-5.00x5.00-Z Height_Forward-250925-CRO_c64e8f78.tiff unit=n/a grid=(0,5)
[DEBUG] PEGDA01TPO10SiNP_S1_P__GrID005_LOC_RC001010-5.00x5.00-Z Height_Forward-250925-CRO_00ddd9b7.tiff unit=n/a grid=(0,9)
[DEBUG] PEGDA01TPO10SiNP_S1_P__GrID006_LOC_RC001011-5.00x5.00-Z Height_Forward-250925-CRO_312e6cc5.tiff unit=n/a grid=(0,10)
[DEBUG] PEGDA01TPO10SiNP_S1_P__GrID007_LOC_RC001015-5.00x5.00-Z Height_Forward-250925-CRO_064028ec.tiff unit=n/a grid=(0,14)
[DEBUG] PEGDA01TPO10SiNP_S1_P__GrID008_LOC_RC001016-5.00x5.00-Z Height_Forward-250925-CRO_25dae6f5.tiff unit=n/a grid=(0,15)
[DEBUG] PEGDA01TPO10SiNP_S1_P__GrID009_LOC_RC001019-5.00x5.00-Z Height_Forward-250925-CRO_aa3759bf.tiff unit=n/a grid=(0,18)
[DEBUG] PEGDA01TPO10SiNP_S1_P__GrID010_LOC_RC001020-5.00x5.00-Z Height_Forward-250925-CRO_4e75a7e7.tiff unit=n/a grid=(0,19)
[DEBUG] PEGDA01TPO10SiNP_S1_P__GrID011_LOC_RC002001-5.00x5.00-Z Height_Forward-250925-CRO_e8401a14.tiff unit=n/a grid=(1,0)
[DEBUG] PEGDA01TPO10SiNP_S1_P__GrID012_LOC_RC002002-5.00x5.00-Z Height_Forward-250925-CRO_d1a8aa14.tiff unit=n/a grid=(1,1)
[DEBUG] PEGDA01TPO10SiNP_S1_P__GrID013_LOC_RC002010-5.00x5.00-Z Height_Forward-250925-CRO_de377ef7.tiff unit=n/a grid=(1,9)
[DEBUG] PEGDA01TPO10SiNP_S1_P__GrID014_LOC_RC002011-5.00x5.00-Z Height_Forward-250925-CRO_28cb9114.tiff unit=n/a grid=(1,10)
[DEBUG] PEGDA01TPO10SiNP_S1_P__GrID015_LOC_RC002019-5.00x5.00-Z Height_Forward-250925-CRO_dae53368.tiff unit=n/a grid=(1,18)
[DEBUG] PEGDA01TPO10SiNP_S1_P__GrID016_LOC_RC002020-5.00x5.00-Z Height_Forward-250925-CRO_3a162aa2.tiff unit=n/a grid=(1,19)
[DEBUG] PEGDA01TPO10SiNP_S1_P__GrID017_LOC_RC004008-5.00x5.00-Z Height_Forward-250925-CRO_bfb2beb7.tiff unit=n/a grid=(3,7)
[DEBUG] PEGDA01TPO10SiNP_S1_P__GrID018_LOC_RC004013-5.00x5.00-Z Height_Forward-250925-CRO_179f8f7f.tiff unit=n/a grid=(3,12)
[DEBUG] PEGDA01TPO10SiNP_S1_P__GrID019_LOC_RC005001-5.00x5.00-Z Height_Forward-250925-CRO_e54ecc44.tiff unit=n/a grid=(4,0)
[DEBUG] PEGDA01TPO10SiNP_S1_P__GrID020_LOC_RC005005-5.00x5.00-Z Height_Forward-250925-CRO_a46912c3.tiff unit=n/a grid=(4,4)
[DEBUG] PEGDA01TPO10SiNP_S1_P__GrID021_LOC_RC005006-5.00x5.00-Z Height_Forward-250925-CRO_b653b4ad.tiff unit=n/a grid=(4,5)
[DEBUG] PEGDA01TPO10SiNP_S1_P__GrID022_LOC_RC005015-5.00x5.00-Z Height_Forward-250925-CRO_10adb125.tiff unit=n/a grid=(4,14)
[DEBUG] PEGDA01TPO10SiNP_S1_P__GrID023_LOC_RC005016-5.00x5.00-Z Height_Forward-250925-CRO_b3d976fd.tiff unit=n/a grid=(4,15)
[DEBUG] PEGDA01TPO10SiNP_S1_P__GrID024_LOC_RC005020-5.00x5.00-Z Height_Forward-250925-CRO_78ef50b9.tiff unit=n/a grid=(4,19)
[DEBUG] PEGDA01TPO10SiNP_S1_P__GrID025_LOC_RC006001-5.00x5.00-Z Height_Forward-250925-CRO_33a38746.tiff unit=n/a grid=(5,0)
[DEBUG] PEGDA01TPO10SiNP_S1_P__GrID026_LOC_RC006005-5.00x5.00-Z Height_Forward-250925-CRO_9ad36484.tiff unit=n/a grid=(5,4)
[DEBUG] PEGDA01TPO10SiNP_S1_P__GrID027_LOC_RC006006-5.00x5.00-Z Height_Forward-250925-CRO_5098984e.tiff unit=n/a grid=(5,5)
[DEBUG] PEGDA01TPO10SiNP_S1_P__GrID028_LOC_RC006010-5.00x5.00-Z Height_Forward-250925-CRO_56f35efc.tiff unit=n/a grid=(5,9)
[DEBUG] PEGDA01TPO10SiNP_S1_P__GrID029_LOC_RC006011-5.00x5.00-Z Height_Forward-250925-CRO_b9c6eb96.tiff unit=n/a grid=(5,10)
[DEBUG] PEGDA01TPO10SiNP_S1_P__GrID030_LOC_RC006015-5.00x5.00-Z Height_Forward-250926-CRO_6c875e36.tiff unit=n/a grid=(5,14)
[DEBUG] PEGDA01TPO10SiNP_S1_P__GrID031_LOC_RC006016-5.00x5.00-Z Height_Forward-250926-CRO_7c1f8fe4.tiff unit=n/a grid=(5,15)
[DEBUG] PEGDA01TPO10SiNP_S1_P__GrID032_LOC_RC006020-5.00x5.00-Z Height_Forward-250926-CRO_9dd15a9f.tiff unit=n/a grid=(5,19)
[DEBUG] PEGDA01TPO10SiNP_S1_P__GrID033_LOC_RC008004-5.00x5.00-Z Height_Forward-250926-CRO_fa43f842.tiff unit=n/a grid=(7,3)
[DEBUG] PEGDA01TPO10SiNP_S1_P__GrID034_LOC_RC008008-5.00x5.00-Z Height_Forward-250926-CRO_279d3ac3.tiff unit=n/a grid=(7,7)
[DEBUG] PEGDA01TPO10SiNP_S1_P__GrID035_LOC_RC008013-5.00x5.00-Z Height_Forward-250926-CRO_d545355f.tiff unit=n/a grid=(7,12)
[DEBUG] PEGDA01TPO10SiNP_S1_P__GrID036_LOC_RC008018-5.00x5.00-Z Height_Forward-250926-CRO_3b339317.tiff unit=n/a grid=(7,17)
[DEBUG] PEGDA01TPO10SiNP_S1_P__GrID037_LOC_RC010001-5.00x5.00-Z Height_Forward-250926-CRO_8711e4fe.tiff unit=n/a grid=(9,0)
[DEBUG] PEGDA01TPO10SiNP_S1_P__GrID038_LOC_RC010002-5.00x5.00-Z Height_Forward-250926-CRO_c3e380b7.tiff unit=n/a grid=(9,1)
[DEBUG] PEGDA01TPO10SiNP_S1_P__GrID039_LOC_RC010006-5.00x5.00-Z Height_Forward-250926-CRO_bd3c64b3.tiff unit=n/a grid=(9,5)
[DEBUG] PEGDA01TPO10SiNP_S1_P__GrID040_LOC_RC010010-5.00x5.00-Z Height_Forward-250926-CRO_07278b4e.tiff unit=n/a grid=(9,9)
[DEBUG] PEGDA01TPO10SiNP_S1_P__GrID041_LOC_RC010011-5.00x5.00-Z Height_Forward-250926-CRO_3952595f.tiff unit=n/a grid=(9,10)
[DEBUG] PEGDA01TPO10SiNP_S1_P__GrID042_LOC_RC010015-5.00x5.00-Z Height_Forward-250926-CRO_9b4293b9.tiff unit=n/a grid=(9,14)
[DEBUG] PEGDA01TPO10SiNP_S1_P__GrID043_LOC_RC010019-5.00x5.00-Z Height_Forward-250926-CRO_78379d48.tiff unit=n/a grid=(9,18)
[DEBUG] PEGDA01TPO10SiNP_S1_P__GrID044_LOC_RC010020-5.00x5.00-Z Height_Forward-250926-CRO_a7c8c1be.tiff unit=n/a grid=(9,19)
[DEBUG] PEGDA01TPO10SiNP_S1_P__GrID045_LOC_RC011001-5.00x5.00-Z Height_Forward-250926-CRO_c2a08341.tiff unit=n/a grid=(10,0)
[DEBUG] PEGDA01TPO10SiNP_S1_P__GrID046_LOC_RC011002-5.00x5.00-Z Height_Forward-250926-CRO_ef080abe.tiff unit=n/a grid=(10,1)
[DEBUG] PEGDA01TPO10SiNP_S1_P__GrID047_LOC_RC011006-5.00x5.00-Z Height_Forward-250926-CRO_3ae79972.tiff unit=n/a grid=(10,5)
[DEBUG] PEGDA01TPO10SiNP_S1_P__GrID048_LOC_RC011010-5.00x5.00-Z Height_Forward-250926-CRO_5033db31.tiff unit=n/a grid=(10,9)
[DEBUG] PEGDA01TPO10SiNP_S1_P__GrID049_LOC_RC011011-5.00x5.00-Z Height_Forward-250926-CRO_d2d3dbf0.tiff unit=n/a grid=(10,10)
[DEBUG] PEGDA01TPO10SiNP_S1_P__GrID050_LOC_RC011015-5.00x5.00-Z Height_Forward-250926-CRO_4e6617e8.tiff unit=n/a grid=(10,14)
[DEBUG] PEGDA01TPO10SiNP_S1_P__GrID051_LOC_RC011019-5.00x5.00-Z Height_Forward-250926-CRO_3a90073f.tiff unit=n/a grid=(10,18)
[DEBUG] PEGDA01TPO10SiNP_S1_P__GrID052_LOC_RC011020-5.00x5.00-Z Height_Forward-250926-CRO_a73ea858.tiff unit=n/a grid=(10,19)
[DEBUG] PEGDA01TPO10SiNP_S1_P__GrID053_LOC_RC013004-5.00x5.00-Z Height_Forward-250926-CRO_4fff85f2.tiff unit=n/a grid=(12,3)
[DEBUG] PEGDA01TPO10SiNP_S1_P__GrID054_LOC_RC013008-5.00x5.00-Z Height_Forward-250926-CRO_3fb0ad35.tiff unit=n/a grid=(12,7)
[DEBUG] PEGDA01TPO10SiNP_S1_P__GrID055_LOC_RC013013-5.00x5.00-Z Height_Forward-250926-CRO_308dd720.tiff unit=n/a grid=(12,12)
[DEBUG] PEGDA01TPO10SiNP_S1_P__GrID056_LOC_RC013018-5.00x5.00-Z Height_Forward-250926-CRO_403bdf18.tiff unit=n/a grid=(12,17)
[DEBUG] PEGDA01TPO10SiNP_S1_P__GrID057_LOC_RC015001-5.00x5.00-Z Height_Forward-250926-CRO_158d6456.tiff unit=n/a grid=(14,0)
[DEBUG] PEGDA01TPO10SiNP_S1_P__GrID058_LOC_RC015005-5.00x5.00-Z Height_Forward-250926-CRO_1d5b0b48.tiff unit=n/a grid=(14,4)
[DEBUG] PEGDA01TPO10SiNP_S1_P__GrID059_LOC_RC015006-5.00x5.00-Z Height_Forward-250926-CRO_1e2c19dd.tiff unit=n/a grid=(14,5)
[DEBUG] PEGDA01TPO10SiNP_S1_P__GrID060_LOC_RC015010-5.00x5.00-Z Height_Forward-250926-CRO_b04e03db.tiff unit=n/a grid=(14,9)
[DEBUG] PEGDA01TPO10SiNP_S1_P__GrID061_LOC_RC015011-5.00x5.00-Z Height_Forward-250926-CRO_f986bab5.tiff unit=n/a grid=(14,10)
[DEBUG] PEGDA01TPO10SiNP_S1_P__GrID062_LOC_RC015015-5.00x5.00-Z Height_Forward-250926-CRO_120f9640.tiff unit=n/a grid=(14,14)
[DEBUG] PEGDA01TPO10SiNP_S1_P__GrID063_LOC_RC015016-5.00x5.00-Z Height_Forward-250926-CRO_7c9838dd.tiff unit=n/a grid=(14,15)
[DEBUG] PEGDA01TPO10SiNP_S1_P__GrID064_LOC_RC015020-5.00x5.00-Z Height_Forward-250926-CRO_984d5467.tiff unit=n/a grid=(14,19)
[DEBUG] PEGDA01TPO10SiNP_S1_P__GrID065_LOC_RC016001-5.00x5.00-Z Height_Forward-250926-CRO_f3c035bf.tiff unit=n/a grid=(15,0)
[DEBUG] PEGDA01TPO10SiNP_S1_P__GrID066_LOC_RC016005-5.00x5.00-Z Height_Forward-250926-CRO_e4be5194.tiff unit=n/a grid=(15,4)
[DEBUG] PEGDA01TPO10SiNP_S1_P__GrID067_LOC_RC016006-5.00x5.00-Z Height_Forward-250926-CRO_6f9bcdbe.tiff unit=n/a grid=(15,5)
[DEBUG] PEGDA01TPO10SiNP_S1_P__GrID068_LOC_RC016015-5.00x5.00-Z Height_Forward-250926-CRO_12cabc17.tiff unit=n/a grid=(15,14)
[DEBUG] PEGDA01TPO10SiNP_S1_P__GrID069_LOC_RC016016-5.00x5.00-Z Height_Forward-250926-CRO_2090c4c2.tiff unit=n/a grid=(15,15)
[DEBUG] PEGDA01TPO10SiNP_S1_P__GrID070_LOC_RC016020-5.00x5.00-Z Height_Forward-250926-CRO_7270ab92.tiff unit=n/a grid=(15,19)
[DEBUG] PEGDA01TPO10SiNP_S1_P__GrID071_LOC_RC017008-5.00x5.00-Z Height_Forward-250926-CRO_9d7c5636.tiff unit=n/a grid=(16,7)
[DEBUG] PEGDA01TPO10SiNP_S1_P__GrID072_LOC_RC017013-5.00x5.00-Z Height_Forward-250926-CRO_319b4af6.tiff unit=n/a grid=(16,12)
[DEBUG] PEGDA01TPO10SiNP_S1_P__GrID073_LOC_RC019001-5.00x5.00-Z Height_Forward-250926-CRO_737e25da.tiff unit=n/a grid=(18,0)
[DEBUG] PEGDA01TPO10SiNP_S1_P__GrID074_LOC_RC019002-5.00x5.00-Z Height_Forward-250926-CRO_e7a6d048.tiff unit=n/a grid=(18,1)
[DEBUG] PEGDA01TPO10SiNP_S1_P__GrID075_LOC_RC019010-5.00x5.00-Z Height_Forward-250926-CRO_22d1f3af.tiff unit=n/a grid=(18,9)
[DEBUG] PEGDA01TPO10SiNP_S1_P__GrID076_LOC_RC019011-5.00x5.00-Z Height_Forward-250926-CRO_a27a3a67.tiff unit=n/a grid=(18,10)
[DEBUG] PEGDA01TPO10SiNP_S1_P__GrID077_LOC_RC019019-5.00x5.00-Z Height_Forward-250926-CRO_dfe4fbda.tiff unit=n/a grid=(18,18)
[DEBUG] PEGDA01TPO10SiNP_S1_P__GrID078_LOC_RC019020-5.00x5.00-Z Height_Forward-250926-CRO_fc331a8a.tiff unit=n/a grid=(18,19)
[DEBUG] PEGDA01TPO10SiNP_S1_P__GrID079_LOC_RC020001-5.00x5.00-Z Height_Forward-250926-CRO_b13cc807.tiff unit=n/a grid=(19,0)
[DEBUG] PEGDA01TPO10SiNP_S1_P__GrID080_LOC_RC020002-5.00x5.00-Z Height_Forward-250926-CRO_b4257f9f.tiff unit=n/a grid=(19,1)
[DEBUG] PEGDA01TPO10SiNP_S1_P__GrID081_LOC_RC020005-5.00x5.00-Z Height_Forward-250926-CRO_e13810db.tiff unit=n/a grid=(19,4)
[DEBUG] PEGDA01TPO10SiNP_S1_P__GrID082_LOC_RC020006-5.00x5.00-Z Height_Forward-250926-CRO_fcceac9b.tiff unit=n/a grid=(19,5)
[DEBUG] PEGDA01TPO10SiNP_S1_P__GrID083_LOC_RC020010-5.00x5.00-Z Height_Forward-250926-CRO_cee31ec3.tiff unit=n/a grid=(19,9)
[DEBUG] PEGDA01TPO10SiNP_S1_P__GrID084_LOC_RC020011-5.00x5.00-Z Height_Forward-250926-CRO_c18023f4.tiff unit=n/a grid=(19,10)
[DEBUG] PEGDA01TPO10SiNP_S1_P__GrID085_LOC_RC020015-5.00x5.00-Z Height_Forward-250926-CRO_4cd7e661.tiff unit=n/a grid=(19,14)
[DEBUG] PEGDA01TPO10SiNP_S1_P__GrID086_LOC_RC020016-5.00x5.00-Z Height_Forward-250926-CRO_423f4974.tiff unit=n/a grid=(19,15)
[DEBUG] PEGDA01TPO10SiNP_S1_P__GrID087_LOC_RC020019-5.00x5.00-Z Height_Forward-250926-CRO_f37bc649.tiff unit=n/a grid=(19,18)
[DEBUG] PEGDA01TPO10SiNP_S1_P__GrID088_LOC_RC020020-5.00x5.00-Z Height_Forward-250926-CRO_491c3cf9.tiff unit=n/a grid=(19,19)

** (python.exe:5340): WARNING **: Trying to register gtype 'GMountMountFlags' as enum when in fact it is of type 'GFlags'

** (python.exe:5340): WARNING **: Trying to register gtype 'GDriveStartFlags' as enum when in fact it is of type 'GFlags'

** (python.exe:5340): WARNING **: Trying to register gtype 'GSocketMsgFlags' as enum when in fact it is of type 'GFlags'
Config configs\TEST configs\Example configs\config.topo_particle_2jobs_masking.yaml missing sections: result_schemas, plotting_modes
Config configs\TEST configs\Example configs\config.topo_particle_2jobs_masking.yaml missing sections: result_schemas, plotting_modes
[DEBUG] PEGDA01TPO10SiNP_S1_P__GrID001_LOC_RC001001-5.00x5.00-Z Height_Forward-250925-CRO_5f446dfb.tiff unit=n/a grid=(0,0)
[DEBUG] PEGDA01TPO10SiNP_S1_P__GrID002_LOC_RC001002-5.00x5.00-Z Height_Forward-250925-CRO_cf100b54.tiff unit=n/a grid=(0,1)
[DEBUG] PEGDA01TPO10SiNP_S1_P__GrID003_LOC_RC001005-5.00x5.00-Z Height_Forward-250925-CRO_0e813613.tiff unit=n/a grid=(0,4)
[DEBUG] PEGDA01TPO10SiNP_S1_P__GrID004_LOC_RC001006-5.00x5.00-Z Height_Forward-250925-CRO_c64e8f78.tiff unit=n/a grid=(0,5)
[DEBUG] PEGDA01TPO10SiNP_S1_P__GrID005_LOC_RC001010-5.00x5.00-Z Height_Forward-250925-CRO_00ddd9b7.tiff unit=n/a grid=(0,9)
[DEBUG] PEGDA01TPO10SiNP_S1_P__GrID006_LOC_RC001011-5.00x5.00-Z Height_Forward-250925-CRO_312e6cc5.tiff unit=n/a grid=(0,10)
[DEBUG] PEGDA01TPO10SiNP_S1_P__GrID007_LOC_RC001015-5.00x5.00-Z Height_Forward-250925-CRO_064028ec.tiff unit=n/a grid=(0,14)
[DEBUG] PEGDA01TPO10SiNP_S1_P__GrID008_LOC_RC001016-5.00x5.00-Z Height_Forward-250925-CRO_25dae6f5.tiff unit=n/a grid=(0,15)
[DEBUG] PEGDA01TPO10SiNP_S1_P__GrID009_LOC_RC001019-5.00x5.00-Z Height_Forward-250925-CRO_aa3759bf.tiff unit=n/a grid=(0,18)
[DEBUG] PEGDA01TPO10SiNP_S1_P__GrID010_LOC_RC001020-5.00x5.00-Z Height_Forward-250925-CRO_4e75a7e7.tiff unit=n/a grid=(0,19)
[DEBUG] PEGDA01TPO10SiNP_S1_P__GrID011_LOC_RC002001-5.00x5.00-Z Height_Forward-250925-CRO_e8401a14.tiff unit=n/a grid=(1,0)
[DEBUG] PEGDA01TPO10SiNP_S1_P__GrID012_LOC_RC002002-5.00x5.00-Z Height_Forward-250925-CRO_d1a8aa14.tiff unit=n/a grid=(1,1)
[DEBUG] PEGDA01TPO10SiNP_S1_P__GrID013_LOC_RC002010-5.00x5.00-Z Height_Forward-250925-CRO_de377ef7.tiff unit=n/a grid=(1,9)
[DEBUG] PEGDA01TPO10SiNP_S1_P__GrID014_LOC_RC002011-5.00x5.00-Z Height_Forward-250925-CRO_28cb9114.tiff unit=n/a grid=(1,10)
[DEBUG] PEGDA01TPO10SiNP_S1_P__GrID015_LOC_RC002019-5.00x5.00-Z Height_Forward-250925-CRO_dae53368.tiff unit=n/a grid=(1,18)
[DEBUG] PEGDA01TPO10SiNP_S1_P__GrID016_LOC_RC002020-5.00x5.00-Z Height_Forward-250925-CRO_3a162aa2.tiff unit=n/a grid=(1,19)
[DEBUG] PEGDA01TPO10SiNP_S1_P__GrID017_LOC_RC004008-5.00x5.00-Z Height_Forward-250925-CRO_bfb2beb7.tiff unit=n/a grid=(3,7)
[DEBUG] PEGDA01TPO10SiNP_S1_P__GrID018_LOC_RC004013-5.00x5.00-Z Height_Forward-250925-CRO_179f8f7f.tiff unit=n/a grid=(3,12)
[DEBUG] PEGDA01TPO10SiNP_S1_P__GrID019_LOC_RC005001-5.00x5.00-Z Height_Forward-250925-CRO_e54ecc44.tiff unit=n/a grid=(4,0)
[DEBUG] PEGDA01TPO10SiNP_S1_P__GrID020_LOC_RC005005-5.00x5.00-Z Height_Forward-250925-CRO_a46912c3.tiff unit=n/a grid=(4,4)
[DEBUG] PEGDA01TPO10SiNP_S1_P__GrID021_LOC_RC005006-5.00x5.00-Z Height_Forward-250925-CRO_b653b4ad.tiff unit=n/a grid=(4,5)
[DEBUG] PEGDA01TPO10SiNP_S1_P__GrID022_LOC_RC005015-5.00x5.00-Z Height_Forward-250925-CRO_10adb125.tiff unit=n/a grid=(4,14)
[DEBUG] PEGDA01TPO10SiNP_S1_P__GrID023_LOC_RC005016-5.00x5.00-Z Height_Forward-250925-CRO_b3d976fd.tiff unit=n/a grid=(4,15)
[DEBUG] PEGDA01TPO10SiNP_S1_P__GrID024_LOC_RC005020-5.00x5.00-Z Height_Forward-250925-CRO_78ef50b9.tiff unit=n/a grid=(4,19)
[DEBUG] PEGDA01TPO10SiNP_S1_P__GrID025_LOC_RC006001-5.00x5.00-Z Height_Forward-250925-CRO_33a38746.tiff unit=n/a grid=(5,0)
[DEBUG] PEGDA01TPO10SiNP_S1_P__GrID026_LOC_RC006005-5.00x5.00-Z Height_Forward-250925-CRO_9ad36484.tiff unit=n/a grid=(5,4)
[DEBUG] PEGDA01TPO10SiNP_S1_P__GrID027_LOC_RC006006-5.00x5.00-Z Height_Forward-250925-CRO_5098984e.tiff unit=n/a grid=(5,5)
[DEBUG] PEGDA01TPO10SiNP_S1_P__GrID028_LOC_RC006010-5.00x5.00-Z Height_Forward-250925-CRO_56f35efc.tiff unit=n/a grid=(5,9)
[DEBUG] PEGDA01TPO10SiNP_S1_P__GrID029_LOC_RC006011-5.00x5.00-Z Height_Forward-250925-CRO_b9c6eb96.tiff unit=n/a grid=(5,10)
[DEBUG] PEGDA01TPO10SiNP_S1_P__GrID030_LOC_RC006015-5.00x5.00-Z Height_Forward-250926-CRO_6c875e36.tiff unit=n/a grid=(5,14)
[DEBUG] PEGDA01TPO10SiNP_S1_P__GrID031_LOC_RC006016-5.00x5.00-Z Height_Forward-250926-CRO_7c1f8fe4.tiff unit=n/a grid=(5,15)
[DEBUG] PEGDA01TPO10SiNP_S1_P__GrID032_LOC_RC006020-5.00x5.00-Z Height_Forward-250926-CRO_9dd15a9f.tiff unit=n/a grid=(5,19)
[DEBUG] PEGDA01TPO10SiNP_S1_P__GrID033_LOC_RC008004-5.00x5.00-Z Height_Forward-250926-CRO_fa43f842.tiff unit=n/a grid=(7,3)
[DEBUG] PEGDA01TPO10SiNP_S1_P__GrID034_LOC_RC008008-5.00x5.00-Z Height_Forward-250926-CRO_279d3ac3.tiff unit=n/a grid=(7,7)
[DEBUG] PEGDA01TPO10SiNP_S1_P__GrID035_LOC_RC008013-5.00x5.00-Z Height_Forward-250926-CRO_d545355f.tiff unit=n/a grid=(7,12)
[DEBUG] PEGDA01TPO10SiNP_S1_P__GrID036_LOC_RC008018-5.00x5.00-Z Height_Forward-250926-CRO_3b339317.tiff unit=n/a grid=(7,17)
[DEBUG] PEGDA01TPO10SiNP_S1_P__GrID037_LOC_RC010001-5.00x5.00-Z Height_Forward-250926-CRO_8711e4fe.tiff unit=n/a grid=(9,0)
[DEBUG] PEGDA01TPO10SiNP_S1_P__GrID038_LOC_RC010002-5.00x5.00-Z Height_Forward-250926-CRO_c3e380b7.tiff unit=n/a grid=(9,1)
[DEBUG] PEGDA01TPO10SiNP_S1_P__GrID039_LOC_RC010006-5.00x5.00-Z Height_Forward-250926-CRO_bd3c64b3.tiff unit=n/a grid=(9,5)
[DEBUG] PEGDA01TPO10SiNP_S1_P__GrID040_LOC_RC010010-5.00x5.00-Z Height_Forward-250926-CRO_07278b4e.tiff unit=n/a grid=(9,9)
[DEBUG] PEGDA01TPO10SiNP_S1_P__GrID041_LOC_RC010011-5.00x5.00-Z Height_Forward-250926-CRO_3952595f.tiff unit=n/a grid=(9,10)
[DEBUG] PEGDA01TPO10SiNP_S1_P__GrID042_LOC_RC010015-5.00x5.00-Z Height_Forward-250926-CRO_9b4293b9.tiff unit=n/a grid=(9,14)
[DEBUG] PEGDA01TPO10SiNP_S1_P__GrID043_LOC_RC010019-5.00x5.00-Z Height_Forward-250926-CRO_78379d48.tiff unit=n/a grid=(9,18)
[DEBUG] PEGDA01TPO10SiNP_S1_P__GrID044_LOC_RC010020-5.00x5.00-Z Height_Forward-250926-CRO_a7c8c1be.tiff unit=n/a grid=(9,19)
[DEBUG] PEGDA01TPO10SiNP_S1_P__GrID045_LOC_RC011001-5.00x5.00-Z Height_Forward-250926-CRO_c2a08341.tiff unit=n/a grid=(10,0)
[DEBUG] PEGDA01TPO10SiNP_S1_P__GrID046_LOC_RC011002-5.00x5.00-Z Height_Forward-250926-CRO_ef080abe.tiff unit=n/a grid=(10,1)
[DEBUG] PEGDA01TPO10SiNP_S1_P__GrID047_LOC_RC011006-5.00x5.00-Z Height_Forward-250926-CRO_3ae79972.tiff unit=n/a grid=(10,5)
[DEBUG] PEGDA01TPO10SiNP_S1_P__GrID048_LOC_RC011010-5.00x5.00-Z Height_Forward-250926-CRO_5033db31.tiff unit=n/a grid=(10,9)
[DEBUG] PEGDA01TPO10SiNP_S1_P__GrID049_LOC_RC011011-5.00x5.00-Z Height_Forward-250926-CRO_d2d3dbf0.tiff unit=n/a grid=(10,10)
[DEBUG] PEGDA01TPO10SiNP_S1_P__GrID050_LOC_RC011015-5.00x5.00-Z Height_Forward-250926-CRO_4e6617e8.tiff unit=n/a grid=(10,14)
[DEBUG] PEGDA01TPO10SiNP_S1_P__GrID051_LOC_RC011019-5.00x5.00-Z Height_Forward-250926-CRO_3a90073f.tiff unit=n/a grid=(10,18)
[DEBUG] PEGDA01TPO10SiNP_S1_P__GrID052_LOC_RC011020-5.00x5.00-Z Height_Forward-250926-CRO_a73ea858.tiff unit=n/a grid=(10,19)
[DEBUG] PEGDA01TPO10SiNP_S1_P__GrID053_LOC_RC013004-5.00x5.00-Z Height_Forward-250926-CRO_4fff85f2.tiff unit=n/a grid=(12,3)
[DEBUG] PEGDA01TPO10SiNP_S1_P__GrID054_LOC_RC013008-5.00x5.00-Z Height_Forward-250926-CRO_3fb0ad35.tiff unit=n/a grid=(12,7)
[DEBUG] PEGDA01TPO10SiNP_S1_P__GrID055_LOC_RC013013-5.00x5.00-Z Height_Forward-250926-CRO_308dd720.tiff unit=n/a grid=(12,12)
[DEBUG] PEGDA01TPO10SiNP_S1_P__GrID056_LOC_RC013018-5.00x5.00-Z Height_Forward-250926-CRO_403bdf18.tiff unit=n/a grid=(12,17)
[DEBUG] PEGDA01TPO10SiNP_S1_P__GrID057_LOC_RC015001-5.00x5.00-Z Height_Forward-250926-CRO_158d6456.tiff unit=n/a grid=(14,0)
[DEBUG] PEGDA01TPO10SiNP_S1_P__GrID058_LOC_RC015005-5.00x5.00-Z Height_Forward-250926-CRO_1d5b0b48.tiff unit=n/a grid=(14,4)
[DEBUG] PEGDA01TPO10SiNP_S1_P__GrID059_LOC_RC015006-5.00x5.00-Z Height_Forward-250926-CRO_1e2c19dd.tiff unit=n/a grid=(14,5)
[DEBUG] PEGDA01TPO10SiNP_S1_P__GrID060_LOC_RC015010-5.00x5.00-Z Height_Forward-250926-CRO_b04e03db.tiff unit=n/a grid=(14,9)
[DEBUG] PEGDA01TPO10SiNP_S1_P__GrID061_LOC_RC015011-5.00x5.00-Z Height_Forward-250926-CRO_f986bab5.tiff unit=n/a grid=(14,10)
[DEBUG] PEGDA01TPO10SiNP_S1_P__GrID062_LOC_RC015015-5.00x5.00-Z Height_Forward-250926-CRO_120f9640.tiff unit=n/a grid=(14,14)
[DEBUG] PEGDA01TPO10SiNP_S1_P__GrID063_LOC_RC015016-5.00x5.00-Z Height_Forward-250926-CRO_7c9838dd.tiff unit=n/a grid=(14,15)
[DEBUG] PEGDA01TPO10SiNP_S1_P__GrID064_LOC_RC015020-5.00x5.00-Z Height_Forward-250926-CRO_984d5467.tiff unit=n/a grid=(14,19)
[DEBUG] PEGDA01TPO10SiNP_S1_P__GrID065_LOC_RC016001-5.00x5.00-Z Height_Forward-250926-CRO_f3c035bf.tiff unit=n/a grid=(15,0)
[DEBUG] PEGDA01TPO10SiNP_S1_P__GrID066_LOC_RC016005-5.00x5.00-Z Height_Forward-250926-CRO_e4be5194.tiff unit=n/a grid=(15,4)
[DEBUG] PEGDA01TPO10SiNP_S1_P__GrID067_LOC_RC016006-5.00x5.00-Z Height_Forward-250926-CRO_6f9bcdbe.tiff unit=n/a grid=(15,5)
[DEBUG] PEGDA01TPO10SiNP_S1_P__GrID068_LOC_RC016015-5.00x5.00-Z Height_Forward-250926-CRO_12cabc17.tiff unit=n/a grid=(15,14)
[DEBUG] PEGDA01TPO10SiNP_S1_P__GrID069_LOC_RC016016-5.00x5.00-Z Height_Forward-250926-CRO_2090c4c2.tiff unit=n/a grid=(15,15)
[DEBUG] PEGDA01TPO10SiNP_S1_P__GrID070_LOC_RC016020-5.00x5.00-Z Height_Forward-250926-CRO_7270ab92.tiff unit=n/a grid=(15,19)
[DEBUG] PEGDA01TPO10SiNP_S1_P__GrID071_LOC_RC017008-5.00x5.00-Z Height_Forward-250926-CRO_9d7c5636.tiff unit=n/a grid=(16,7)
[DEBUG] PEGDA01TPO10SiNP_S1_P__GrID072_LOC_RC017013-5.00x5.00-Z Height_Forward-250926-CRO_319b4af6.tiff unit=n/a grid=(16,12)
[DEBUG] PEGDA01TPO10SiNP_S1_P__GrID073_LOC_RC019001-5.00x5.00-Z Height_Forward-250926-CRO_737e25da.tiff unit=n/a grid=(18,0)
[DEBUG] PEGDA01TPO10SiNP_S1_P__GrID074_LOC_RC019002-5.00x5.00-Z Height_Forward-250926-CRO_e7a6d048.tiff unit=n/a grid=(18,1)
[DEBUG] PEGDA01TPO10SiNP_S1_P__GrID075_LOC_RC019010-5.00x5.00-Z Height_Forward-250926-CRO_22d1f3af.tiff unit=n/a grid=(18,9)
[DEBUG] PEGDA01TPO10SiNP_S1_P__GrID076_LOC_RC019011-5.00x5.00-Z Height_Forward-250926-CRO_a27a3a67.tiff unit=n/a grid=(18,10)
[DEBUG] PEGDA01TPO10SiNP_S1_P__GrID077_LOC_RC019019-5.00x5.00-Z Height_Forward-250926-CRO_dfe4fbda.tiff unit=n/a grid=(18,18)
[DEBUG] PEGDA01TPO10SiNP_S1_P__GrID078_LOC_RC019020-5.00x5.00-Z Height_Forward-250926-CRO_fc331a8a.tiff unit=n/a grid=(18,19)
[DEBUG] PEGDA01TPO10SiNP_S1_P__GrID079_LOC_RC020001-5.00x5.00-Z Height_Forward-250926-CRO_b13cc807.tiff unit=n/a grid=(19,0)
[DEBUG] PEGDA01TPO10SiNP_S1_P__GrID080_LOC_RC020002-5.00x5.00-Z Height_Forward-250926-CRO_b4257f9f.tiff unit=n/a grid=(19,1)
[DEBUG] PEGDA01TPO10SiNP_S1_P__GrID081_LOC_RC020005-5.00x5.00-Z Height_Forward-250926-CRO_e13810db.tiff unit=n/a grid=(19,4)
[DEBUG] PEGDA01TPO10SiNP_S1_P__GrID082_LOC_RC020006-5.00x5.00-Z Height_Forward-250926-CRO_fcceac9b.tiff unit=n/a grid=(19,5)
[DEBUG] PEGDA01TPO10SiNP_S1_P__GrID083_LOC_RC020010-5.00x5.00-Z Height_Forward-250926-CRO_cee31ec3.tiff unit=n/a grid=(19,9)
[DEBUG] PEGDA01TPO10SiNP_S1_P__GrID084_LOC_RC020011-5.00x5.00-Z Height_Forward-250926-CRO_c18023f4.tiff unit=n/a grid=(19,10)
[DEBUG] PEGDA01TPO10SiNP_S1_P__GrID085_LOC_RC020015-5.00x5.00-Z Height_Forward-250926-CRO_4cd7e661.tiff unit=n/a grid=(19,14)
[DEBUG] PEGDA01TPO10SiNP_S1_P__GrID086_LOC_RC020016-5.00x5.00-Z Height_Forward-250926-CRO_423f4974.tiff unit=n/a grid=(19,15)
[DEBUG] PEGDA01TPO10SiNP_S1_P__GrID087_LOC_RC020019-5.00x5.00-Z Height_Forward-250926-CRO_f37bc649.tiff unit=n/a grid=(19,18)
[DEBUG] PEGDA01TPO10SiNP_S1_P__GrID088_LOC_RC020020-5.00x5.00-Z Height_Forward-250926-CRO_491c3cf9.tiff unit=n/a grid=(19,19)

** (python.exe:12556): WARNING **: Trying to register gtype 'GMountMountFlags' as enum when in fact it is of type 'GFlags'

** (python.exe:12556): WARNING **: Trying to register gtype 'GDriveStartFlags' as enum when in fact it is of type 'GFlags'

** (python.exe:12556): WARNING **: Trying to register gtype 'GSocketMsgFlags' as enum when in fact it is of type 'GFlags'
Config configs\TEST configs\Example configs\config.topo_particle_2jobs_masking.yaml missing sections: result_schemas, plotting_modes
Config configs\TEST configs\Example configs\config.topo_particle_2jobs_masking.yaml missing sections: result_schemas, plotting_modes
[DEBUG] PEGDA01TPO10SiNP_S1_P__GrID001_LOC_RC001001-5.00x5.00-Z Height_Forward-250925-CRO_5f446dfb.tiff unit=n/a grid=(0,0)
[DEBUG] PEGDA01TPO10SiNP_S1_P__GrID002_LOC_RC001002-5.00x5.00-Z Height_Forward-250925-CRO_cf100b54.tiff unit=n/a grid=(0,1)
[DEBUG] PEGDA01TPO10SiNP_S1_P__GrID003_LOC_RC001005-5.00x5.00-Z Height_Forward-250925-CRO_0e813613.tiff unit=n/a grid=(0,4)
[DEBUG] PEGDA01TPO10SiNP_S1_P__GrID004_LOC_RC001006-5.00x5.00-Z Height_Forward-250925-CRO_c64e8f78.tiff unit=n/a grid=(0,5)
[DEBUG] PEGDA01TPO10SiNP_S1_P__GrID005_LOC_RC001010-5.00x5.00-Z Height_Forward-250925-CRO_00ddd9b7.tiff unit=n/a grid=(0,9)
[DEBUG] PEGDA01TPO10SiNP_S1_P__GrID006_LOC_RC001011-5.00x5.00-Z Height_Forward-250925-CRO_312e6cc5.tiff unit=n/a grid=(0,10)
[DEBUG] PEGDA01TPO10SiNP_S1_P__GrID007_LOC_RC001015-5.00x5.00-Z Height_Forward-250925-CRO_064028ec.tiff unit=n/a grid=(0,14)
[DEBUG] PEGDA01TPO10SiNP_S1_P__GrID008_LOC_RC001016-5.00x5.00-Z Height_Forward-250925-CRO_25dae6f5.tiff unit=n/a grid=(0,15)
[DEBUG] PEGDA01TPO10SiNP_S1_P__GrID009_LOC_RC001019-5.00x5.00-Z Height_Forward-250925-CRO_aa3759bf.tiff unit=n/a grid=(0,18)
[DEBUG] PEGDA01TPO10SiNP_S1_P__GrID010_LOC_RC001020-5.00x5.00-Z Height_Forward-250925-CRO_4e75a7e7.tiff unit=n/a grid=(0,19)
[DEBUG] PEGDA01TPO10SiNP_S1_P__GrID011_LOC_RC002001-5.00x5.00-Z Height_Forward-250925-CRO_e8401a14.tiff unit=n/a grid=(1,0)
[DEBUG] PEGDA01TPO10SiNP_S1_P__GrID012_LOC_RC002002-5.00x5.00-Z Height_Forward-250925-CRO_d1a8aa14.tiff unit=n/a grid=(1,1)
[DEBUG] PEGDA01TPO10SiNP_S1_P__GrID013_LOC_RC002010-5.00x5.00-Z Height_Forward-250925-CRO_de377ef7.tiff unit=n/a grid=(1,9)
[DEBUG] PEGDA01TPO10SiNP_S1_P__GrID014_LOC_RC002011-5.00x5.00-Z Height_Forward-250925-CRO_28cb9114.tiff unit=n/a grid=(1,10)
[DEBUG] PEGDA01TPO10SiNP_S1_P__GrID015_LOC_RC002019-5.00x5.00-Z Height_Forward-250925-CRO_dae53368.tiff unit=n/a grid=(1,18)
[DEBUG] PEGDA01TPO10SiNP_S1_P__GrID016_LOC_RC002020-5.00x5.00-Z Height_Forward-250925-CRO_3a162aa2.tiff unit=n/a grid=(1,19)
[DEBUG] PEGDA01TPO10SiNP_S1_P__GrID017_LOC_RC004008-5.00x5.00-Z Height_Forward-250925-CRO_bfb2beb7.tiff unit=n/a grid=(3,7)
[DEBUG] PEGDA01TPO10SiNP_S1_P__GrID018_LOC_RC004013-5.00x5.00-Z Height_Forward-250925-CRO_179f8f7f.tiff unit=n/a grid=(3,12)
[DEBUG] PEGDA01TPO10SiNP_S1_P__GrID019_LOC_RC005001-5.00x5.00-Z Height_Forward-250925-CRO_e54ecc44.tiff unit=n/a grid=(4,0)
[DEBUG] PEGDA01TPO10SiNP_S1_P__GrID020_LOC_RC005005-5.00x5.00-Z Height_Forward-250925-CRO_a46912c3.tiff unit=n/a grid=(4,4)
[DEBUG] PEGDA01TPO10SiNP_S1_P__GrID021_LOC_RC005006-5.00x5.00-Z Height_Forward-250925-CRO_b653b4ad.tiff unit=n/a grid=(4,5)
[DEBUG] PEGDA01TPO10SiNP_S1_P__GrID022_LOC_RC005015-5.00x5.00-Z Height_Forward-250925-CRO_10adb125.tiff unit=n/a grid=(4,14)
[DEBUG] PEGDA01TPO10SiNP_S1_P__GrID023_LOC_RC005016-5.00x5.00-Z Height_Forward-250925-CRO_b3d976fd.tiff unit=n/a grid=(4,15)
[DEBUG] PEGDA01TPO10SiNP_S1_P__GrID024_LOC_RC005020-5.00x5.00-Z Height_Forward-250925-CRO_78ef50b9.tiff unit=n/a grid=(4,19)
[DEBUG] PEGDA01TPO10SiNP_S1_P__GrID025_LOC_RC006001-5.00x5.00-Z Height_Forward-250925-CRO_33a38746.tiff unit=n/a grid=(5,0)
[DEBUG] PEGDA01TPO10SiNP_S1_P__GrID026_LOC_RC006005-5.00x5.00-Z Height_Forward-250925-CRO_9ad36484.tiff unit=n/a grid=(5,4)
[DEBUG] PEGDA01TPO10SiNP_S1_P__GrID027_LOC_RC006006-5.00x5.00-Z Height_Forward-250925-CRO_5098984e.tiff unit=n/a grid=(5,5)
[DEBUG] PEGDA01TPO10SiNP_S1_P__GrID028_LOC_RC006010-5.00x5.00-Z Height_Forward-250925-CRO_56f35efc.tiff unit=n/a grid=(5,9)
[DEBUG] PEGDA01TPO10SiNP_S1_P__GrID029_LOC_RC006011-5.00x5.00-Z Height_Forward-250925-CRO_b9c6eb96.tiff unit=n/a grid=(5,10)
[DEBUG] PEGDA01TPO10SiNP_S1_P__GrID030_LOC_RC006015-5.00x5.00-Z Height_Forward-250926-CRO_6c875e36.tiff unit=n/a grid=(5,14)
[DEBUG] PEGDA01TPO10SiNP_S1_P__GrID031_LOC_RC006016-5.00x5.00-Z Height_Forward-250926-CRO_7c1f8fe4.tiff unit=n/a grid=(5,15)
[DEBUG] PEGDA01TPO10SiNP_S1_P__GrID032_LOC_RC006020-5.00x5.00-Z Height_Forward-250926-CRO_9dd15a9f.tiff unit=n/a grid=(5,19)
[DEBUG] PEGDA01TPO10SiNP_S1_P__GrID033_LOC_RC008004-5.00x5.00-Z Height_Forward-250926-CRO_fa43f842.tiff unit=n/a grid=(7,3)
[DEBUG] PEGDA01TPO10SiNP_S1_P__GrID034_LOC_RC008008-5.00x5.00-Z Height_Forward-250926-CRO_279d3ac3.tiff unit=n/a grid=(7,7)
[DEBUG] PEGDA01TPO10SiNP_S1_P__GrID035_LOC_RC008013-5.00x5.00-Z Height_Forward-250926-CRO_d545355f.tiff unit=n/a grid=(7,12)
[DEBUG] PEGDA01TPO10SiNP_S1_P__GrID036_LOC_RC008018-5.00x5.00-Z Height_Forward-250926-CRO_3b339317.tiff unit=n/a grid=(7,17)
[DEBUG] PEGDA01TPO10SiNP_S1_P__GrID037_LOC_RC010001-5.00x5.00-Z Height_Forward-250926-CRO_8711e4fe.tiff unit=n/a grid=(9,0)
[DEBUG] PEGDA01TPO10SiNP_S1_P__GrID038_LOC_RC010002-5.00x5.00-Z Height_Forward-250926-CRO_c3e380b7.tiff unit=n/a grid=(9,1)
[DEBUG] PEGDA01TPO10SiNP_S1_P__GrID039_LOC_RC010006-5.00x5.00-Z Height_Forward-250926-CRO_bd3c64b3.tiff unit=n/a grid=(9,5)
[DEBUG] PEGDA01TPO10SiNP_S1_P__GrID040_LOC_RC010010-5.00x5.00-Z Height_Forward-250926-CRO_07278b4e.tiff unit=n/a grid=(9,9)
[DEBUG] PEGDA01TPO10SiNP_S1_P__GrID041_LOC_RC010011-5.00x5.00-Z Height_Forward-250926-CRO_3952595f.tiff unit=n/a grid=(9,10)
[DEBUG] PEGDA01TPO10SiNP_S1_P__GrID042_LOC_RC010015-5.00x5.00-Z Height_Forward-250926-CRO_9b4293b9.tiff unit=n/a grid=(9,14)
[DEBUG] PEGDA01TPO10SiNP_S1_P__GrID043_LOC_RC010019-5.00x5.00-Z Height_Forward-250926-CRO_78379d48.tiff unit=n/a grid=(9,18)
[DEBUG] PEGDA01TPO10SiNP_S1_P__GrID044_LOC_RC010020-5.00x5.00-Z Height_Forward-250926-CRO_a7c8c1be.tiff unit=n/a grid=(9,19)
[DEBUG] PEGDA01TPO10SiNP_S1_P__GrID045_LOC_RC011001-5.00x5.00-Z Height_Forward-250926-CRO_c2a08341.tiff unit=n/a grid=(10,0)
[DEBUG] PEGDA01TPO10SiNP_S1_P__GrID046_LOC_RC011002-5.00x5.00-Z Height_Forward-250926-CRO_ef080abe.tiff unit=n/a grid=(10,1)
[DEBUG] PEGDA01TPO10SiNP_S1_P__GrID047_LOC_RC011006-5.00x5.00-Z Height_Forward-250926-CRO_3ae79972.tiff unit=n/a grid=(10,5)
[DEBUG] PEGDA01TPO10SiNP_S1_P__GrID048_LOC_RC011010-5.00x5.00-Z Height_Forward-250926-CRO_5033db31.tiff unit=n/a grid=(10,9)
[DEBUG] PEGDA01TPO10SiNP_S1_P__GrID049_LOC_RC011011-5.00x5.00-Z Height_Forward-250926-CRO_d2d3dbf0.tiff unit=n/a grid=(10,10)
[DEBUG] PEGDA01TPO10SiNP_S1_P__GrID050_LOC_RC011015-5.00x5.00-Z Height_Forward-250926-CRO_4e6617e8.tiff unit=n/a grid=(10,14)
[DEBUG] PEGDA01TPO10SiNP_S1_P__GrID051_LOC_RC011019-5.00x5.00-Z Height_Forward-250926-CRO_3a90073f.tiff unit=n/a grid=(10,18)
[DEBUG] PEGDA01TPO10SiNP_S1_P__GrID052_LOC_RC011020-5.00x5.00-Z Height_Forward-250926-CRO_a73ea858.tiff unit=n/a grid=(10,19)
[DEBUG] PEGDA01TPO10SiNP_S1_P__GrID053_LOC_RC013004-5.00x5.00-Z Height_Forward-250926-CRO_4fff85f2.tiff unit=n/a grid=(12,3)
[DEBUG] PEGDA01TPO10SiNP_S1_P__GrID054_LOC_RC013008-5.00x5.00-Z Height_Forward-250926-CRO_3fb0ad35.tiff unit=n/a grid=(12,7)
[DEBUG] PEGDA01TPO10SiNP_S1_P__GrID055_LOC_RC013013-5.00x5.00-Z Height_Forward-250926-CRO_308dd720.tiff unit=n/a grid=(12,12)
[DEBUG] PEGDA01TPO10SiNP_S1_P__GrID056_LOC_RC013018-5.00x5.00-Z Height_Forward-250926-CRO_403bdf18.tiff unit=n/a grid=(12,17)
[DEBUG] PEGDA01TPO10SiNP_S1_P__GrID057_LOC_RC015001-5.00x5.00-Z Height_Forward-250926-CRO_158d6456.tiff unit=n/a grid=(14,0)
[DEBUG] PEGDA01TPO10SiNP_S1_P__GrID058_LOC_RC015005-5.00x5.00-Z Height_Forward-250926-CRO_1d5b0b48.tiff unit=n/a grid=(14,4)
[DEBUG] PEGDA01TPO10SiNP_S1_P__GrID059_LOC_RC015006-5.00x5.00-Z Height_Forward-250926-CRO_1e2c19dd.tiff unit=n/a grid=(14,5)
[DEBUG] PEGDA01TPO10SiNP_S1_P__GrID060_LOC_RC015010-5.00x5.00-Z Height_Forward-250926-CRO_b04e03db.tiff unit=n/a grid=(14,9)
[DEBUG] PEGDA01TPO10SiNP_S1_P__GrID061_LOC_RC015011-5.00x5.00-Z Height_Forward-250926-CRO_f986bab5.tiff unit=n/a grid=(14,10)
[DEBUG] PEGDA01TPO10SiNP_S1_P__GrID062_LOC_RC015015-5.00x5.00-Z Height_Forward-250926-CRO_120f9640.tiff unit=n/a grid=(14,14)
[DEBUG] PEGDA01TPO10SiNP_S1_P__GrID063_LOC_RC015016-5.00x5.00-Z Height_Forward-250926-CRO_7c9838dd.tiff unit=n/a grid=(14,15)
[DEBUG] PEGDA01TPO10SiNP_S1_P__GrID064_LOC_RC015020-5.00x5.00-Z Height_Forward-250926-CRO_984d5467.tiff unit=n/a grid=(14,19)
[DEBUG] PEGDA01TPO10SiNP_S1_P__GrID065_LOC_RC016001-5.00x5.00-Z Height_Forward-250926-CRO_f3c035bf.tiff unit=n/a grid=(15,0)
[DEBUG] PEGDA01TPO10SiNP_S1_P__GrID066_LOC_RC016005-5.00x5.00-Z Height_Forward-250926-CRO_e4be5194.tiff unit=n/a grid=(15,4)
[DEBUG] PEGDA01TPO10SiNP_S1_P__GrID067_LOC_RC016006-5.00x5.00-Z Height_Forward-250926-CRO_6f9bcdbe.tiff unit=n/a grid=(15,5)
[DEBUG] PEGDA01TPO10SiNP_S1_P__GrID068_LOC_RC016015-5.00x5.00-Z Height_Forward-250926-CRO_12cabc17.tiff unit=n/a grid=(15,14)
[DEBUG] PEGDA01TPO10SiNP_S1_P__GrID069_LOC_RC016016-5.00x5.00-Z Height_Forward-250926-CRO_2090c4c2.tiff unit=n/a grid=(15,15)
[DEBUG] PEGDA01TPO10SiNP_S1_P__GrID070_LOC_RC016020-5.00x5.00-Z Height_Forward-250926-CRO_7270ab92.tiff unit=n/a grid=(15,19)
[DEBUG] PEGDA01TPO10SiNP_S1_P__GrID071_LOC_RC017008-5.00x5.00-Z Height_Forward-250926-CRO_9d7c5636.tiff unit=n/a grid=(16,7)
[DEBUG] PEGDA01TPO10SiNP_S1_P__GrID072_LOC_RC017013-5.00x5.00-Z Height_Forward-250926-CRO_319b4af6.tiff unit=n/a grid=(16,12)
[DEBUG] PEGDA01TPO10SiNP_S1_P__GrID073_LOC_RC019001-5.00x5.00-Z Height_Forward-250926-CRO_737e25da.tiff unit=n/a grid=(18,0)
[DEBUG] PEGDA01TPO10SiNP_S1_P__GrID074_LOC_RC019002-5.00x5.00-Z Height_Forward-250926-CRO_e7a6d048.tiff unit=n/a grid=(18,1)
[DEBUG] PEGDA01TPO10SiNP_S1_P__GrID075_LOC_RC019010-5.00x5.00-Z Height_Forward-250926-CRO_22d1f3af.tiff unit=n/a grid=(18,9)
[DEBUG] PEGDA01TPO10SiNP_S1_P__GrID076_LOC_RC019011-5.00x5.00-Z Height_Forward-250926-CRO_a27a3a67.tiff unit=n/a grid=(18,10)
[DEBUG] PEGDA01TPO10SiNP_S1_P__GrID077_LOC_RC019019-5.00x5.00-Z Height_Forward-250926-CRO_dfe4fbda.tiff unit=n/a grid=(18,18)
[DEBUG] PEGDA01TPO10SiNP_S1_P__GrID078_LOC_RC019020-5.00x5.00-Z Height_Forward-250926-CRO_fc331a8a.tiff unit=n/a grid=(18,19)
[DEBUG] PEGDA01TPO10SiNP_S1_P__GrID079_LOC_RC020001-5.00x5.00-Z Height_Forward-250926-CRO_b13cc807.tiff unit=n/a grid=(19,0)
[DEBUG] PEGDA01TPO10SiNP_S1_P__GrID080_LOC_RC020002-5.00x5.00-Z Height_Forward-250926-CRO_b4257f9f.tiff unit=n/a grid=(19,1)
[DEBUG] PEGDA01TPO10SiNP_S1_P__GrID081_LOC_RC020005-5.00x5.00-Z Height_Forward-250926-CRO_e13810db.tiff unit=n/a grid=(19,4)
[DEBUG] PEGDA01TPO10SiNP_S1_P__GrID082_LOC_RC020006-5.00x5.00-Z Height_Forward-250926-CRO_fcceac9b.tiff unit=n/a grid=(19,5)
[DEBUG] PEGDA01TPO10SiNP_S1_P__GrID083_LOC_RC020010-5.00x5.00-Z Height_Forward-250926-CRO_cee31ec3.tiff unit=n/a grid=(19,9)
[DEBUG] PEGDA01TPO10SiNP_S1_P__GrID084_LOC_RC020011-5.00x5.00-Z Height_Forward-250926-CRO_c18023f4.tiff unit=n/a grid=(19,10)
[DEBUG] PEGDA01TPO10SiNP_S1_P__GrID085_LOC_RC020015-5.00x5.00-Z Height_Forward-250926-CRO_4cd7e661.tiff unit=n/a grid=(19,14)
[DEBUG] PEGDA01TPO10SiNP_S1_P__GrID086_LOC_RC020016-5.00x5.00-Z Height_Forward-250926-CRO_423f4974.tiff unit=n/a grid=(19,15)
[DEBUG] PEGDA01TPO10SiNP_S1_P__GrID087_LOC_RC020019-5.00x5.00-Z Height_Forward-250926-CRO_f37bc649.tiff unit=n/a grid=(19,18)
[DEBUG] PEGDA01TPO10SiNP_S1_P__GrID088_LOC_RC020020-5.00x5.00-Z Height_Forward-250926-CRO_491c3cf9.tiff unit=n/a grid=(19,19)

** (python.exe:25992): WARNING **: Trying to register gtype 'GMountMountFlags' as enum when in fact it is of type 'GFlags'

** (python.exe:25992): WARNING **: Trying to register gtype 'GDriveStartFlags' as enum when in fact it is of type 'GFlags'

** (python.exe:25992): WARNING **: Trying to register gtype 'GSocketMsgFlags' as enum when in fact it is of type 'GFlags'
Config configs\TEST configs\Example configs\config.topo_particle_2jobs_masking.yaml missing sections: result_schemas, plotting_modes
Config configs\TEST configs\Example configs\config.topo_particle_2jobs_masking.yaml missing sections: result_schemas, plotting_modes
[DEBUG] PEGDA01TPO10SiNP_S1_P__GrID001_LOC_RC001001-5.00x5.00-Z Height_Forward-250925-CRO_5f446dfb.tiff unit=n/a grid=(0,0)
[DEBUG] PEGDA01TPO10SiNP_S1_P__GrID002_LOC_RC001002-5.00x5.00-Z Height_Forward-250925-CRO_cf100b54.tiff unit=n/a grid=(0,1)
[DEBUG] PEGDA01TPO10SiNP_S1_P__GrID003_LOC_RC001005-5.00x5.00-Z Height_Forward-250925-CRO_0e813613.tiff unit=n/a grid=(0,4)
[DEBUG] PEGDA01TPO10SiNP_S1_P__GrID004_LOC_RC001006-5.00x5.00-Z Height_Forward-250925-CRO_c64e8f78.tiff unit=n/a grid=(0,5)
[DEBUG] PEGDA01TPO10SiNP_S1_P__GrID005_LOC_RC001010-5.00x5.00-Z Height_Forward-250925-CRO_00ddd9b7.tiff unit=n/a grid=(0,9)
[DEBUG] PEGDA01TPO10SiNP_S1_P__GrID006_LOC_RC001011-5.00x5.00-Z Height_Forward-250925-CRO_312e6cc5.tiff unit=n/a grid=(0,10)
[DEBUG] PEGDA01TPO10SiNP_S1_P__GrID007_LOC_RC001015-5.00x5.00-Z Height_Forward-250925-CRO_064028ec.tiff unit=n/a grid=(0,14)
[DEBUG] PEGDA01TPO10SiNP_S1_P__GrID008_LOC_RC001016-5.00x5.00-Z Height_Forward-250925-CRO_25dae6f5.tiff unit=n/a grid=(0,15)
[DEBUG] PEGDA01TPO10SiNP_S1_P__GrID009_LOC_RC001019-5.00x5.00-Z Height_Forward-250925-CRO_aa3759bf.tiff unit=n/a grid=(0,18)
[DEBUG] PEGDA01TPO10SiNP_S1_P__GrID010_LOC_RC001020-5.00x5.00-Z Height_Forward-250925-CRO_4e75a7e7.tiff unit=n/a grid=(0,19)
[DEBUG] PEGDA01TPO10SiNP_S1_P__GrID011_LOC_RC002001-5.00x5.00-Z Height_Forward-250925-CRO_e8401a14.tiff unit=n/a grid=(1,0)
[DEBUG] PEGDA01TPO10SiNP_S1_P__GrID012_LOC_RC002002-5.00x5.00-Z Height_Forward-250925-CRO_d1a8aa14.tiff unit=n/a grid=(1,1)
[DEBUG] PEGDA01TPO10SiNP_S1_P__GrID013_LOC_RC002010-5.00x5.00-Z Height_Forward-250925-CRO_de377ef7.tiff unit=n/a grid=(1,9)
[DEBUG] PEGDA01TPO10SiNP_S1_P__GrID014_LOC_RC002011-5.00x5.00-Z Height_Forward-250925-CRO_28cb9114.tiff unit=n/a grid=(1,10)
[DEBUG] PEGDA01TPO10SiNP_S1_P__GrID015_LOC_RC002019-5.00x5.00-Z Height_Forward-250925-CRO_dae53368.tiff unit=n/a grid=(1,18)
[DEBUG] PEGDA01TPO10SiNP_S1_P__GrID016_LOC_RC002020-5.00x5.00-Z Height_Forward-250925-CRO_3a162aa2.tiff unit=n/a grid=(1,19)
[DEBUG] PEGDA01TPO10SiNP_S1_P__GrID017_LOC_RC004008-5.00x5.00-Z Height_Forward-250925-CRO_bfb2beb7.tiff unit=n/a grid=(3,7)
[DEBUG] PEGDA01TPO10SiNP_S1_P__GrID018_LOC_RC004013-5.00x5.00-Z Height_Forward-250925-CRO_179f8f7f.tiff unit=n/a grid=(3,12)
[DEBUG] PEGDA01TPO10SiNP_S1_P__GrID019_LOC_RC005001-5.00x5.00-Z Height_Forward-250925-CRO_e54ecc44.tiff unit=n/a grid=(4,0)
[DEBUG] PEGDA01TPO10SiNP_S1_P__GrID020_LOC_RC005005-5.00x5.00-Z Height_Forward-250925-CRO_a46912c3.tiff unit=n/a grid=(4,4)
[DEBUG] PEGDA01TPO10SiNP_S1_P__GrID021_LOC_RC005006-5.00x5.00-Z Height_Forward-250925-CRO_b653b4ad.tiff unit=n/a grid=(4,5)
[DEBUG] PEGDA01TPO10SiNP_S1_P__GrID022_LOC_RC005015-5.00x5.00-Z Height_Forward-250925-CRO_10adb125.tiff unit=n/a grid=(4,14)
[DEBUG] PEGDA01TPO10SiNP_S1_P__GrID023_LOC_RC005016-5.00x5.00-Z Height_Forward-250925-CRO_b3d976fd.tiff unit=n/a grid=(4,15)
[DEBUG] PEGDA01TPO10SiNP_S1_P__GrID024_LOC_RC005020-5.00x5.00-Z Height_Forward-250925-CRO_78ef50b9.tiff unit=n/a grid=(4,19)
[DEBUG] PEGDA01TPO10SiNP_S1_P__GrID025_LOC_RC006001-5.00x5.00-Z Height_Forward-250925-CRO_33a38746.tiff unit=n/a grid=(5,0)
[DEBUG] PEGDA01TPO10SiNP_S1_P__GrID026_LOC_RC006005-5.00x5.00-Z Height_Forward-250925-CRO_9ad36484.tiff unit=n/a grid=(5,4)
[DEBUG] PEGDA01TPO10SiNP_S1_P__GrID027_LOC_RC006006-5.00x5.00-Z Height_Forward-250925-CRO_5098984e.tiff unit=n/a grid=(5,5)
[DEBUG] PEGDA01TPO10SiNP_S1_P__GrID028_LOC_RC006010-5.00x5.00-Z Height_Forward-250925-CRO_56f35efc.tiff unit=n/a grid=(5,9)
[DEBUG] PEGDA01TPO10SiNP_S1_P__GrID029_LOC_RC006011-5.00x5.00-Z Height_Forward-250925-CRO_b9c6eb96.tiff unit=n/a grid=(5,10)
[DEBUG] PEGDA01TPO10SiNP_S1_P__GrID030_LOC_RC006015-5.00x5.00-Z Height_Forward-250926-CRO_6c875e36.tiff unit=n/a grid=(5,14)
[DEBUG] PEGDA01TPO10SiNP_S1_P__GrID031_LOC_RC006016-5.00x5.00-Z Height_Forward-250926-CRO_7c1f8fe4.tiff unit=n/a grid=(5,15)
[DEBUG] PEGDA01TPO10SiNP_S1_P__GrID032_LOC_RC006020-5.00x5.00-Z Height_Forward-250926-CRO_9dd15a9f.tiff unit=n/a grid=(5,19)
[DEBUG] PEGDA01TPO10SiNP_S1_P__GrID033_LOC_RC008004-5.00x5.00-Z Height_Forward-250926-CRO_fa43f842.tiff unit=n/a grid=(7,3)
[DEBUG] PEGDA01TPO10SiNP_S1_P__GrID034_LOC_RC008008-5.00x5.00-Z Height_Forward-250926-CRO_279d3ac3.tiff unit=n/a grid=(7,7)
[DEBUG] PEGDA01TPO10SiNP_S1_P__GrID035_LOC_RC008013-5.00x5.00-Z Height_Forward-250926-CRO_d545355f.tiff unit=n/a grid=(7,12)
[DEBUG] PEGDA01TPO10SiNP_S1_P__GrID036_LOC_RC008018-5.00x5.00-Z Height_Forward-250926-CRO_3b339317.tiff unit=n/a grid=(7,17)
[DEBUG] PEGDA01TPO10SiNP_S1_P__GrID037_LOC_RC010001-5.00x5.00-Z Height_Forward-250926-CRO_8711e4fe.tiff unit=n/a grid=(9,0)
[DEBUG] PEGDA01TPO10SiNP_S1_P__GrID038_LOC_RC010002-5.00x5.00-Z Height_Forward-250926-CRO_c3e380b7.tiff unit=n/a grid=(9,1)
[DEBUG] PEGDA01TPO10SiNP_S1_P__GrID039_LOC_RC010006-5.00x5.00-Z Height_Forward-250926-CRO_bd3c64b3.tiff unit=n/a grid=(9,5)
[DEBUG] PEGDA01TPO10SiNP_S1_P__GrID040_LOC_RC010010-5.00x5.00-Z Height_Forward-250926-CRO_07278b4e.tiff unit=n/a grid=(9,9)
[DEBUG] PEGDA01TPO10SiNP_S1_P__GrID041_LOC_RC010011-5.00x5.00-Z Height_Forward-250926-CRO_3952595f.tiff unit=n/a grid=(9,10)
[DEBUG] PEGDA01TPO10SiNP_S1_P__GrID042_LOC_RC010015-5.00x5.00-Z Height_Forward-250926-CRO_9b4293b9.tiff unit=n/a grid=(9,14)
[DEBUG] PEGDA01TPO10SiNP_S1_P__GrID043_LOC_RC010019-5.00x5.00-Z Height_Forward-250926-CRO_78379d48.tiff unit=n/a grid=(9,18)
[DEBUG] PEGDA01TPO10SiNP_S1_P__GrID044_LOC_RC010020-5.00x5.00-Z Height_Forward-250926-CRO_a7c8c1be.tiff unit=n/a grid=(9,19)
[DEBUG] PEGDA01TPO10SiNP_S1_P__GrID045_LOC_RC011001-5.00x5.00-Z Height_Forward-250926-CRO_c2a08341.tiff unit=n/a grid=(10,0)
[DEBUG] PEGDA01TPO10SiNP_S1_P__GrID046_LOC_RC011002-5.00x5.00-Z Height_Forward-250926-CRO_ef080abe.tiff unit=n/a grid=(10,1)
[DEBUG] PEGDA01TPO10SiNP_S1_P__GrID047_LOC_RC011006-5.00x5.00-Z Height_Forward-250926-CRO_3ae79972.tiff unit=n/a grid=(10,5)
[DEBUG] PEGDA01TPO10SiNP_S1_P__GrID048_LOC_RC011010-5.00x5.00-Z Height_Forward-250926-CRO_5033db31.tiff unit=n/a grid=(10,9)
[DEBUG] PEGDA01TPO10SiNP_S1_P__GrID049_LOC_RC011011-5.00x5.00-Z Height_Forward-250926-CRO_d2d3dbf0.tiff unit=n/a grid=(10,10)
[DEBUG] PEGDA01TPO10SiNP_S1_P__GrID050_LOC_RC011015-5.00x5.00-Z Height_Forward-250926-CRO_4e6617e8.tiff unit=n/a grid=(10,14)
[DEBUG] PEGDA01TPO10SiNP_S1_P__GrID051_LOC_RC011019-5.00x5.00-Z Height_Forward-250926-CRO_3a90073f.tiff unit=n/a grid=(10,18)
[DEBUG] PEGDA01TPO10SiNP_S1_P__GrID052_LOC_RC011020-5.00x5.00-Z Height_Forward-250926-CRO_a73ea858.tiff unit=n/a grid=(10,19)
[DEBUG] PEGDA01TPO10SiNP_S1_P__GrID053_LOC_RC013004-5.00x5.00-Z Height_Forward-250926-CRO_4fff85f2.tiff unit=n/a grid=(12,3)
[DEBUG] PEGDA01TPO10SiNP_S1_P__GrID054_LOC_RC013008-5.00x5.00-Z Height_Forward-250926-CRO_3fb0ad35.tiff unit=n/a grid=(12,7)
[DEBUG] PEGDA01TPO10SiNP_S1_P__GrID055_LOC_RC013013-5.00x5.00-Z Height_Forward-250926-CRO_308dd720.tiff unit=n/a grid=(12,12)
[DEBUG] PEGDA01TPO10SiNP_S1_P__GrID056_LOC_RC013018-5.00x5.00-Z Height_Forward-250926-CRO_403bdf18.tiff unit=n/a grid=(12,17)
[DEBUG] PEGDA01TPO10SiNP_S1_P__GrID057_LOC_RC015001-5.00x5.00-Z Height_Forward-250926-CRO_158d6456.tiff unit=n/a grid=(14,0)
[DEBUG] PEGDA01TPO10SiNP_S1_P__GrID058_LOC_RC015005-5.00x5.00-Z Height_Forward-250926-CRO_1d5b0b48.tiff unit=n/a grid=(14,4)
[DEBUG] PEGDA01TPO10SiNP_S1_P__GrID059_LOC_RC015006-5.00x5.00-Z Height_Forward-250926-CRO_1e2c19dd.tiff unit=n/a grid=(14,5)
[DEBUG] PEGDA01TPO10SiNP_S1_P__GrID060_LOC_RC015010-5.00x5.00-Z Height_Forward-250926-CRO_b04e03db.tiff unit=n/a grid=(14,9)
[DEBUG] PEGDA01TPO10SiNP_S1_P__GrID061_LOC_RC015011-5.00x5.00-Z Height_Forward-250926-CRO_f986bab5.tiff unit=n/a grid=(14,10)
[DEBUG] PEGDA01TPO10SiNP_S1_P__GrID062_LOC_RC015015-5.00x5.00-Z Height_Forward-250926-CRO_120f9640.tiff unit=n/a grid=(14,14)
[DEBUG] PEGDA01TPO10SiNP_S1_P__GrID063_LOC_RC015016-5.00x5.00-Z Height_Forward-250926-CRO_7c9838dd.tiff unit=n/a grid=(14,15)
[DEBUG] PEGDA01TPO10SiNP_S1_P__GrID064_LOC_RC015020-5.00x5.00-Z Height_Forward-250926-CRO_984d5467.tiff unit=n/a grid=(14,19)
[DEBUG] PEGDA01TPO10SiNP_S1_P__GrID065_LOC_RC016001-5.00x5.00-Z Height_Forward-250926-CRO_f3c035bf.tiff unit=n/a grid=(15,0)
[DEBUG] PEGDA01TPO10SiNP_S1_P__GrID066_LOC_RC016005-5.00x5.00-Z Height_Forward-250926-CRO_e4be5194.tiff unit=n/a grid=(15,4)
[DEBUG] PEGDA01TPO10SiNP_S1_P__GrID067_LOC_RC016006-5.00x5.00-Z Height_Forward-250926-CRO_6f9bcdbe.tiff unit=n/a grid=(15,5)
[DEBUG] PEGDA01TPO10SiNP_S1_P__GrID068_LOC_RC016015-5.00x5.00-Z Height_Forward-250926-CRO_12cabc17.tiff unit=n/a grid=(15,14)
[DEBUG] PEGDA01TPO10SiNP_S1_P__GrID069_LOC_RC016016-5.00x5.00-Z Height_Forward-250926-CRO_2090c4c2.tiff unit=n/a grid=(15,15)
[DEBUG] PEGDA01TPO10SiNP_S1_P__GrID070_LOC_RC016020-5.00x5.00-Z Height_Forward-250926-CRO_7270ab92.tiff unit=n/a grid=(15,19)
[DEBUG] PEGDA01TPO10SiNP_S1_P__GrID071_LOC_RC017008-5.00x5.00-Z Height_Forward-250926-CRO_9d7c5636.tiff unit=n/a grid=(16,7)
[DEBUG] PEGDA01TPO10SiNP_S1_P__GrID072_LOC_RC017013-5.00x5.00-Z Height_Forward-250926-CRO_319b4af6.tiff unit=n/a grid=(16,12)
[DEBUG] PEGDA01TPO10SiNP_S1_P__GrID073_LOC_RC019001-5.00x5.00-Z Height_Forward-250926-CRO_737e25da.tiff unit=n/a grid=(18,0)
[DEBUG] PEGDA01TPO10SiNP_S1_P__GrID074_LOC_RC019002-5.00x5.00-Z Height_Forward-250926-CRO_e7a6d048.tiff unit=n/a grid=(18,1)
[DEBUG] PEGDA01TPO10SiNP_S1_P__GrID075_LOC_RC019010-5.00x5.00-Z Height_Forward-250926-CRO_22d1f3af.tiff unit=n/a grid=(18,9)
[DEBUG] PEGDA01TPO10SiNP_S1_P__GrID076_LOC_RC019011-5.00x5.00-Z Height_Forward-250926-CRO_a27a3a67.tiff unit=n/a grid=(18,10)
[DEBUG] PEGDA01TPO10SiNP_S1_P__GrID077_LOC_RC019019-5.00x5.00-Z Height_Forward-250926-CRO_dfe4fbda.tiff unit=n/a grid=(18,18)
[DEBUG] PEGDA01TPO10SiNP_S1_P__GrID078_LOC_RC019020-5.00x5.00-Z Height_Forward-250926-CRO_fc331a8a.tiff unit=n/a grid=(18,19)
[DEBUG] PEGDA01TPO10SiNP_S1_P__GrID079_LOC_RC020001-5.00x5.00-Z Height_Forward-250926-CRO_b13cc807.tiff unit=n/a grid=(19,0)
[DEBUG] PEGDA01TPO10SiNP_S1_P__GrID080_LOC_RC020002-5.00x5.00-Z Height_Forward-250926-CRO_b4257f9f.tiff unit=n/a grid=(19,1)
[DEBUG] PEGDA01TPO10SiNP_S1_P__GrID081_LOC_RC020005-5.00x5.00-Z Height_Forward-250926-CRO_e13810db.tiff unit=n/a grid=(19,4)
[DEBUG] PEGDA01TPO10SiNP_S1_P__GrID082_LOC_RC020006-5.00x5.00-Z Height_Forward-250926-CRO_fcceac9b.tiff unit=n/a grid=(19,5)
[DEBUG] PEGDA01TPO10SiNP_S1_P__GrID083_LOC_RC020010-5.00x5.00-Z Height_Forward-250926-CRO_cee31ec3.tiff unit=n/a grid=(19,9)
[DEBUG] PEGDA01TPO10SiNP_S1_P__GrID084_LOC_RC020011-5.00x5.00-Z Height_Forward-250926-CRO_c18023f4.tiff unit=n/a grid=(19,10)
[DEBUG] PEGDA01TPO10SiNP_S1_P__GrID085_LOC_RC020015-5.00x5.00-Z Height_Forward-250926-CRO_4cd7e661.tiff unit=n/a grid=(19,14)
[DEBUG] PEGDA01TPO10SiNP_S1_P__GrID086_LOC_RC020016-5.00x5.00-Z Height_Forward-250926-CRO_423f4974.tiff unit=n/a grid=(19,15)
[DEBUG] PEGDA01TPO10SiNP_S1_P__GrID087_LOC_RC020019-5.00x5.00-Z Height_Forward-250926-CRO_f37bc649.tiff unit=n/a grid=(19,18)
[DEBUG] PEGDA01TPO10SiNP_S1_P__GrID088_LOC_RC020020-5.00x5.00-Z Height_Forward-250926-CRO_491c3cf9.tiff unit=n/a grid=(19,19)

** (python.exe:9604): WARNING **: Trying to register gtype 'GMountMountFlags' as enum when in fact it is of type 'GFlags'

** (python.exe:9604): WARNING **: Trying to register gtype 'GDriveStartFlags' as enum when in fact it is of type 'GFlags'

** (python.exe:9604): WARNING **: Trying to register gtype 'GSocketMsgFlags' as enum when in fact it is of type 'GFlags'
Config configs\TEST configs\Example configs\config.topo_particle_2jobs_masking.yaml missing sections: result_schemas, plotting_modes
Config configs\TEST configs\Example configs\config.topo_particle_2jobs_masking.yaml missing sections: result_schemas, plotting_modes
[DEBUG] PEGDA01TPO10SiNP_S1_P__GrID001_LOC_RC001001-5.00x5.00-Z Height_Forward-250925-CRO_5f446dfb.tiff unit=n/a grid=(0,0)
[DEBUG] PEGDA01TPO10SiNP_S1_P__GrID002_LOC_RC001002-5.00x5.00-Z Height_Forward-250925-CRO_cf100b54.tiff unit=n/a grid=(0,1)
[DEBUG] PEGDA01TPO10SiNP_S1_P__GrID003_LOC_RC001005-5.00x5.00-Z Height_Forward-250925-CRO_0e813613.tiff unit=n/a grid=(0,4)
[DEBUG] PEGDA01TPO10SiNP_S1_P__GrID004_LOC_RC001006-5.00x5.00-Z Height_Forward-250925-CRO_c64e8f78.tiff unit=n/a grid=(0,5)
[DEBUG] PEGDA01TPO10SiNP_S1_P__GrID005_LOC_RC001010-5.00x5.00-Z Height_Forward-250925-CRO_00ddd9b7.tiff unit=n/a grid=(0,9)
[DEBUG] PEGDA01TPO10SiNP_S1_P__GrID006_LOC_RC001011-5.00x5.00-Z Height_Forward-250925-CRO_312e6cc5.tiff unit=n/a grid=(0,10)
[DEBUG] PEGDA01TPO10SiNP_S1_P__GrID007_LOC_RC001015-5.00x5.00-Z Height_Forward-250925-CRO_064028ec.tiff unit=n/a grid=(0,14)
[DEBUG] PEGDA01TPO10SiNP_S1_P__GrID008_LOC_RC001016-5.00x5.00-Z Height_Forward-250925-CRO_25dae6f5.tiff unit=n/a grid=(0,15)
[DEBUG] PEGDA01TPO10SiNP_S1_P__GrID009_LOC_RC001019-5.00x5.00-Z Height_Forward-250925-CRO_aa3759bf.tiff unit=n/a grid=(0,18)
[DEBUG] PEGDA01TPO10SiNP_S1_P__GrID010_LOC_RC001020-5.00x5.00-Z Height_Forward-250925-CRO_4e75a7e7.tiff unit=n/a grid=(0,19)
[DEBUG] PEGDA01TPO10SiNP_S1_P__GrID011_LOC_RC002001-5.00x5.00-Z Height_Forward-250925-CRO_e8401a14.tiff unit=n/a grid=(1,0)
[DEBUG] PEGDA01TPO10SiNP_S1_P__GrID012_LOC_RC002002-5.00x5.00-Z Height_Forward-250925-CRO_d1a8aa14.tiff unit=n/a grid=(1,1)
[DEBUG] PEGDA01TPO10SiNP_S1_P__GrID013_LOC_RC002010-5.00x5.00-Z Height_Forward-250925-CRO_de377ef7.tiff unit=n/a grid=(1,9)
[DEBUG] PEGDA01TPO10SiNP_S1_P__GrID014_LOC_RC002011-5.00x5.00-Z Height_Forward-250925-CRO_28cb9114.tiff unit=n/a grid=(1,10)
[DEBUG] PEGDA01TPO10SiNP_S1_P__GrID015_LOC_RC002019-5.00x5.00-Z Height_Forward-250925-CRO_dae53368.tiff unit=n/a grid=(1,18)
[DEBUG] PEGDA01TPO10SiNP_S1_P__GrID016_LOC_RC002020-5.00x5.00-Z Height_Forward-250925-CRO_3a162aa2.tiff unit=n/a grid=(1,19)
[DEBUG] PEGDA01TPO10SiNP_S1_P__GrID017_LOC_RC004008-5.00x5.00-Z Height_Forward-250925-CRO_bfb2beb7.tiff unit=n/a grid=(3,7)
[DEBUG] PEGDA01TPO10SiNP_S1_P__GrID018_LOC_RC004013-5.00x5.00-Z Height_Forward-250925-CRO_179f8f7f.tiff unit=n/a grid=(3,12)
[DEBUG] PEGDA01TPO10SiNP_S1_P__GrID019_LOC_RC005001-5.00x5.00-Z Height_Forward-250925-CRO_e54ecc44.tiff unit=n/a grid=(4,0)
[DEBUG] PEGDA01TPO10SiNP_S1_P__GrID020_LOC_RC005005-5.00x5.00-Z Height_Forward-250925-CRO_a46912c3.tiff unit=n/a grid=(4,4)
[DEBUG] PEGDA01TPO10SiNP_S1_P__GrID021_LOC_RC005006-5.00x5.00-Z Height_Forward-250925-CRO_b653b4ad.tiff unit=n/a grid=(4,5)
[DEBUG] PEGDA01TPO10SiNP_S1_P__GrID022_LOC_RC005015-5.00x5.00-Z Height_Forward-250925-CRO_10adb125.tiff unit=n/a grid=(4,14)
[DEBUG] PEGDA01TPO10SiNP_S1_P__GrID023_LOC_RC005016-5.00x5.00-Z Height_Forward-250925-CRO_b3d976fd.tiff unit=n/a grid=(4,15)
[DEBUG] PEGDA01TPO10SiNP_S1_P__GrID024_LOC_RC005020-5.00x5.00-Z Height_Forward-250925-CRO_78ef50b9.tiff unit=n/a grid=(4,19)
[DEBUG] PEGDA01TPO10SiNP_S1_P__GrID025_LOC_RC006001-5.00x5.00-Z Height_Forward-250925-CRO_33a38746.tiff unit=n/a grid=(5,0)
[DEBUG] PEGDA01TPO10SiNP_S1_P__GrID026_LOC_RC006005-5.00x5.00-Z Height_Forward-250925-CRO_9ad36484.tiff unit=n/a grid=(5,4)
[DEBUG] PEGDA01TPO10SiNP_S1_P__GrID027_LOC_RC006006-5.00x5.00-Z Height_Forward-250925-CRO_5098984e.tiff unit=n/a grid=(5,5)
[DEBUG] PEGDA01TPO10SiNP_S1_P__GrID028_LOC_RC006010-5.00x5.00-Z Height_Forward-250925-CRO_56f35efc.tiff unit=n/a grid=(5,9)
[DEBUG] PEGDA01TPO10SiNP_S1_P__GrID029_LOC_RC006011-5.00x5.00-Z Height_Forward-250925-CRO_b9c6eb96.tiff unit=n/a grid=(5,10)
[DEBUG] PEGDA01TPO10SiNP_S1_P__GrID030_LOC_RC006015-5.00x5.00-Z Height_Forward-250926-CRO_6c875e36.tiff unit=n/a grid=(5,14)
[DEBUG] PEGDA01TPO10SiNP_S1_P__GrID031_LOC_RC006016-5.00x5.00-Z Height_Forward-250926-CRO_7c1f8fe4.tiff unit=n/a grid=(5,15)
[DEBUG] PEGDA01TPO10SiNP_S1_P__GrID032_LOC_RC006020-5.00x5.00-Z Height_Forward-250926-CRO_9dd15a9f.tiff unit=n/a grid=(5,19)
[DEBUG] PEGDA01TPO10SiNP_S1_P__GrID033_LOC_RC008004-5.00x5.00-Z Height_Forward-250926-CRO_fa43f842.tiff unit=n/a grid=(7,3)
[DEBUG] PEGDA01TPO10SiNP_S1_P__GrID034_LOC_RC008008-5.00x5.00-Z Height_Forward-250926-CRO_279d3ac3.tiff unit=n/a grid=(7,7)
[DEBUG] PEGDA01TPO10SiNP_S1_P__GrID035_LOC_RC008013-5.00x5.00-Z Height_Forward-250926-CRO_d545355f.tiff unit=n/a grid=(7,12)
[DEBUG] PEGDA01TPO10SiNP_S1_P__GrID036_LOC_RC008018-5.00x5.00-Z Height_Forward-250926-CRO_3b339317.tiff unit=n/a grid=(7,17)
[DEBUG] PEGDA01TPO10SiNP_S1_P__GrID037_LOC_RC010001-5.00x5.00-Z Height_Forward-250926-CRO_8711e4fe.tiff unit=n/a grid=(9,0)
[DEBUG] PEGDA01TPO10SiNP_S1_P__GrID038_LOC_RC010002-5.00x5.00-Z Height_Forward-250926-CRO_c3e380b7.tiff unit=n/a grid=(9,1)
[DEBUG] PEGDA01TPO10SiNP_S1_P__GrID039_LOC_RC010006-5.00x5.00-Z Height_Forward-250926-CRO_bd3c64b3.tiff unit=n/a grid=(9,5)
[DEBUG] PEGDA01TPO10SiNP_S1_P__GrID040_LOC_RC010010-5.00x5.00-Z Height_Forward-250926-CRO_07278b4e.tiff unit=n/a grid=(9,9)
[DEBUG] PEGDA01TPO10SiNP_S1_P__GrID041_LOC_RC010011-5.00x5.00-Z Height_Forward-250926-CRO_3952595f.tiff unit=n/a grid=(9,10)
[DEBUG] PEGDA01TPO10SiNP_S1_P__GrID042_LOC_RC010015-5.00x5.00-Z Height_Forward-250926-CRO_9b4293b9.tiff unit=n/a grid=(9,14)
[DEBUG] PEGDA01TPO10SiNP_S1_P__GrID043_LOC_RC010019-5.00x5.00-Z Height_Forward-250926-CRO_78379d48.tiff unit=n/a grid=(9,18)
[DEBUG] PEGDA01TPO10SiNP_S1_P__GrID044_LOC_RC010020-5.00x5.00-Z Height_Forward-250926-CRO_a7c8c1be.tiff unit=n/a grid=(9,19)
[DEBUG] PEGDA01TPO10SiNP_S1_P__GrID045_LOC_RC011001-5.00x5.00-Z Height_Forward-250926-CRO_c2a08341.tiff unit=n/a grid=(10,0)
[DEBUG] PEGDA01TPO10SiNP_S1_P__GrID046_LOC_RC011002-5.00x5.00-Z Height_Forward-250926-CRO_ef080abe.tiff unit=n/a grid=(10,1)
[DEBUG] PEGDA01TPO10SiNP_S1_P__GrID047_LOC_RC011006-5.00x5.00-Z Height_Forward-250926-CRO_3ae79972.tiff unit=n/a grid=(10,5)
[DEBUG] PEGDA01TPO10SiNP_S1_P__GrID048_LOC_RC011010-5.00x5.00-Z Height_Forward-250926-CRO_5033db31.tiff unit=n/a grid=(10,9)
[DEBUG] PEGDA01TPO10SiNP_S1_P__GrID049_LOC_RC011011-5.00x5.00-Z Height_Forward-250926-CRO_d2d3dbf0.tiff unit=n/a grid=(10,10)
[DEBUG] PEGDA01TPO10SiNP_S1_P__GrID050_LOC_RC011015-5.00x5.00-Z Height_Forward-250926-CRO_4e6617e8.tiff unit=n/a grid=(10,14)
[DEBUG] PEGDA01TPO10SiNP_S1_P__GrID051_LOC_RC011019-5.00x5.00-Z Height_Forward-250926-CRO_3a90073f.tiff unit=n/a grid=(10,18)
[DEBUG] PEGDA01TPO10SiNP_S1_P__GrID052_LOC_RC011020-5.00x5.00-Z Height_Forward-250926-CRO_a73ea858.tiff unit=n/a grid=(10,19)
[DEBUG] PEGDA01TPO10SiNP_S1_P__GrID053_LOC_RC013004-5.00x5.00-Z Height_Forward-250926-CRO_4fff85f2.tiff unit=n/a grid=(12,3)
[DEBUG] PEGDA01TPO10SiNP_S1_P__GrID054_LOC_RC013008-5.00x5.00-Z Height_Forward-250926-CRO_3fb0ad35.tiff unit=n/a grid=(12,7)
[DEBUG] PEGDA01TPO10SiNP_S1_P__GrID055_LOC_RC013013-5.00x5.00-Z Height_Forward-250926-CRO_308dd720.tiff unit=n/a grid=(12,12)
[DEBUG] PEGDA01TPO10SiNP_S1_P__GrID056_LOC_RC013018-5.00x5.00-Z Height_Forward-250926-CRO_403bdf18.tiff unit=n/a grid=(12,17)
[DEBUG] PEGDA01TPO10SiNP_S1_P__GrID057_LOC_RC015001-5.00x5.00-Z Height_Forward-250926-CRO_158d6456.tiff unit=n/a grid=(14,0)
[DEBUG] PEGDA01TPO10SiNP_S1_P__GrID058_LOC_RC015005-5.00x5.00-Z Height_Forward-250926-CRO_1d5b0b48.tiff unit=n/a grid=(14,4)
[DEBUG] PEGDA01TPO10SiNP_S1_P__GrID059_LOC_RC015006-5.00x5.00-Z Height_Forward-250926-CRO_1e2c19dd.tiff unit=n/a grid=(14,5)
[DEBUG] PEGDA01TPO10SiNP_S1_P__GrID060_LOC_RC015010-5.00x5.00-Z Height_Forward-250926-CRO_b04e03db.tiff unit=n/a grid=(14,9)
[DEBUG] PEGDA01TPO10SiNP_S1_P__GrID061_LOC_RC015011-5.00x5.00-Z Height_Forward-250926-CRO_f986bab5.tiff unit=n/a grid=(14,10)
[DEBUG] PEGDA01TPO10SiNP_S1_P__GrID062_LOC_RC015015-5.00x5.00-Z Height_Forward-250926-CRO_120f9640.tiff unit=n/a grid=(14,14)
[DEBUG] PEGDA01TPO10SiNP_S1_P__GrID063_LOC_RC015016-5.00x5.00-Z Height_Forward-250926-CRO_7c9838dd.tiff unit=n/a grid=(14,15)
[DEBUG] PEGDA01TPO10SiNP_S1_P__GrID064_LOC_RC015020-5.00x5.00-Z Height_Forward-250926-CRO_984d5467.tiff unit=n/a grid=(14,19)
[DEBUG] PEGDA01TPO10SiNP_S1_P__GrID065_LOC_RC016001-5.00x5.00-Z Height_Forward-250926-CRO_f3c035bf.tiff unit=n/a grid=(15,0)
[DEBUG] PEGDA01TPO10SiNP_S1_P__GrID066_LOC_RC016005-5.00x5.00-Z Height_Forward-250926-CRO_e4be5194.tiff unit=n/a grid=(15,4)
[DEBUG] PEGDA01TPO10SiNP_S1_P__GrID067_LOC_RC016006-5.00x5.00-Z Height_Forward-250926-CRO_6f9bcdbe.tiff unit=n/a grid=(15,5)
[DEBUG] PEGDA01TPO10SiNP_S1_P__GrID068_LOC_RC016015-5.00x5.00-Z Height_Forward-250926-CRO_12cabc17.tiff unit=n/a grid=(15,14)
[DEBUG] PEGDA01TPO10SiNP_S1_P__GrID069_LOC_RC016016-5.00x5.00-Z Height_Forward-250926-CRO_2090c4c2.tiff unit=n/a grid=(15,15)
[DEBUG] PEGDA01TPO10SiNP_S1_P__GrID070_LOC_RC016020-5.00x5.00-Z Height_Forward-250926-CRO_7270ab92.tiff unit=n/a grid=(15,19)
[DEBUG] PEGDA01TPO10SiNP_S1_P__GrID071_LOC_RC017008-5.00x5.00-Z Height_Forward-250926-CRO_9d7c5636.tiff unit=n/a grid=(16,7)
[DEBUG] PEGDA01TPO10SiNP_S1_P__GrID072_LOC_RC017013-5.00x5.00-Z Height_Forward-250926-CRO_319b4af6.tiff unit=n/a grid=(16,12)
[DEBUG] PEGDA01TPO10SiNP_S1_P__GrID073_LOC_RC019001-5.00x5.00-Z Height_Forward-250926-CRO_737e25da.tiff unit=n/a grid=(18,0)
[DEBUG] PEGDA01TPO10SiNP_S1_P__GrID074_LOC_RC019002-5.00x5.00-Z Height_Forward-250926-CRO_e7a6d048.tiff unit=n/a grid=(18,1)
[DEBUG] PEGDA01TPO10SiNP_S1_P__GrID075_LOC_RC019010-5.00x5.00-Z Height_Forward-250926-CRO_22d1f3af.tiff unit=n/a grid=(18,9)
[DEBUG] PEGDA01TPO10SiNP_S1_P__GrID076_LOC_RC019011-5.00x5.00-Z Height_Forward-250926-CRO_a27a3a67.tiff unit=n/a grid=(18,10)
[DEBUG] PEGDA01TPO10SiNP_S1_P__GrID077_LOC_RC019019-5.00x5.00-Z Height_Forward-250926-CRO_dfe4fbda.tiff unit=n/a grid=(18,18)
[DEBUG] PEGDA01TPO10SiNP_S1_P__GrID078_LOC_RC019020-5.00x5.00-Z Height_Forward-250926-CRO_fc331a8a.tiff unit=n/a grid=(18,19)
[DEBUG] PEGDA01TPO10SiNP_S1_P__GrID079_LOC_RC020001-5.00x5.00-Z Height_Forward-250926-CRO_b13cc807.tiff unit=n/a grid=(19,0)
[DEBUG] PEGDA01TPO10SiNP_S1_P__GrID080_LOC_RC020002-5.00x5.00-Z Height_Forward-250926-CRO_b4257f9f.tiff unit=n/a grid=(19,1)
[DEBUG] PEGDA01TPO10SiNP_S1_P__GrID081_LOC_RC020005-5.00x5.00-Z Height_Forward-250926-CRO_e13810db.tiff unit=n/a grid=(19,4)
[DEBUG] PEGDA01TPO10SiNP_S1_P__GrID082_LOC_RC020006-5.00x5.00-Z Height_Forward-250926-CRO_fcceac9b.tiff unit=n/a grid=(19,5)
[DEBUG] PEGDA01TPO10SiNP_S1_P__GrID083_LOC_RC020010-5.00x5.00-Z Height_Forward-250926-CRO_cee31ec3.tiff unit=n/a grid=(19,9)
[DEBUG] PEGDA01TPO10SiNP_S1_P__GrID084_LOC_RC020011-5.00x5.00-Z Height_Forward-250926-CRO_c18023f4.tiff unit=n/a grid=(19,10)
[DEBUG] PEGDA01TPO10SiNP_S1_P__GrID085_LOC_RC020015-5.00x5.00-Z Height_Forward-250926-CRO_4cd7e661.tiff unit=n/a grid=(19,14)
[DEBUG] PEGDA01TPO10SiNP_S1_P__GrID086_LOC_RC020016-5.00x5.00-Z Height_Forward-250926-CRO_423f4974.tiff unit=n/a grid=(19,15)
[DEBUG] PEGDA01TPO10SiNP_S1_P__GrID087_LOC_RC020019-5.00x5.00-Z Height_Forward-250926-CRO_f37bc649.tiff unit=n/a grid=(19,18)
[DEBUG] PEGDA01TPO10SiNP_S1_P__GrID088_LOC_RC020020-5.00x5.00-Z Height_Forward-250926-CRO_491c3cf9.tiff unit=n/a grid=(19,19)

** (python.exe:15088): WARNING **: Trying to register gtype 'GMountMountFlags' as enum when in fact it is of type 'GFlags'

** (python.exe:15088): WARNING **: Trying to register gtype 'GDriveStartFlags' as enum when in fact it is of type 'GFlags'

** (python.exe:15088): WARNING **: Trying to register gtype 'GSocketMsgFlags' as enum when in fact it is of type 'GFlags'
Config configs\TEST configs\Example configs\config.topo_particle_2jobs_masking.yaml missing sections: result_schemas, plotting_modes
Config configs\TEST configs\Example configs\config.topo_particle_2jobs_masking.yaml missing sections: result_schemas, plotting_modes
[DEBUG] PEGDA01TPO10SiNP_S1_P__GrID001_LOC_RC001001-5.00x5.00-Z Height_Forward-250925-CRO_5f446dfb.tiff unit=n/a grid=(0,0)
[DEBUG] PEGDA01TPO10SiNP_S1_P__GrID002_LOC_RC001002-5.00x5.00-Z Height_Forward-250925-CRO_cf100b54.tiff unit=n/a grid=(0,1)
[DEBUG] PEGDA01TPO10SiNP_S1_P__GrID003_LOC_RC001005-5.00x5.00-Z Height_Forward-250925-CRO_0e813613.tiff unit=n/a grid=(0,4)
[DEBUG] PEGDA01TPO10SiNP_S1_P__GrID004_LOC_RC001006-5.00x5.00-Z Height_Forward-250925-CRO_c64e8f78.tiff unit=n/a grid=(0,5)
[DEBUG] PEGDA01TPO10SiNP_S1_P__GrID005_LOC_RC001010-5.00x5.00-Z Height_Forward-250925-CRO_00ddd9b7.tiff unit=n/a grid=(0,9)
[DEBUG] PEGDA01TPO10SiNP_S1_P__GrID006_LOC_RC001011-5.00x5.00-Z Height_Forward-250925-CRO_312e6cc5.tiff unit=n/a grid=(0,10)
[DEBUG] PEGDA01TPO10SiNP_S1_P__GrID007_LOC_RC001015-5.00x5.00-Z Height_Forward-250925-CRO_064028ec.tiff unit=n/a grid=(0,14)
[DEBUG] PEGDA01TPO10SiNP_S1_P__GrID008_LOC_RC001016-5.00x5.00-Z Height_Forward-250925-CRO_25dae6f5.tiff unit=n/a grid=(0,15)
[DEBUG] PEGDA01TPO10SiNP_S1_P__GrID009_LOC_RC001019-5.00x5.00-Z Height_Forward-250925-CRO_aa3759bf.tiff unit=n/a grid=(0,18)
[DEBUG] PEGDA01TPO10SiNP_S1_P__GrID010_LOC_RC001020-5.00x5.00-Z Height_Forward-250925-CRO_4e75a7e7.tiff unit=n/a grid=(0,19)
[DEBUG] PEGDA01TPO10SiNP_S1_P__GrID011_LOC_RC002001-5.00x5.00-Z Height_Forward-250925-CRO_e8401a14.tiff unit=n/a grid=(1,0)
[DEBUG] PEGDA01TPO10SiNP_S1_P__GrID012_LOC_RC002002-5.00x5.00-Z Height_Forward-250925-CRO_d1a8aa14.tiff unit=n/a grid=(1,1)
[DEBUG] PEGDA01TPO10SiNP_S1_P__GrID013_LOC_RC002010-5.00x5.00-Z Height_Forward-250925-CRO_de377ef7.tiff unit=n/a grid=(1,9)
[DEBUG] PEGDA01TPO10SiNP_S1_P__GrID014_LOC_RC002011-5.00x5.00-Z Height_Forward-250925-CRO_28cb9114.tiff unit=n/a grid=(1,10)
[DEBUG] PEGDA01TPO10SiNP_S1_P__GrID015_LOC_RC002019-5.00x5.00-Z Height_Forward-250925-CRO_dae53368.tiff unit=n/a grid=(1,18)
[DEBUG] PEGDA01TPO10SiNP_S1_P__GrID016_LOC_RC002020-5.00x5.00-Z Height_Forward-250925-CRO_3a162aa2.tiff unit=n/a grid=(1,19)
[DEBUG] PEGDA01TPO10SiNP_S1_P__GrID017_LOC_RC004008-5.00x5.00-Z Height_Forward-250925-CRO_bfb2beb7.tiff unit=n/a grid=(3,7)
[DEBUG] PEGDA01TPO10SiNP_S1_P__GrID018_LOC_RC004013-5.00x5.00-Z Height_Forward-250925-CRO_179f8f7f.tiff unit=n/a grid=(3,12)
[DEBUG] PEGDA01TPO10SiNP_S1_P__GrID019_LOC_RC005001-5.00x5.00-Z Height_Forward-250925-CRO_e54ecc44.tiff unit=n/a grid=(4,0)
[DEBUG] PEGDA01TPO10SiNP_S1_P__GrID020_LOC_RC005005-5.00x5.00-Z Height_Forward-250925-CRO_a46912c3.tiff unit=n/a grid=(4,4)
[DEBUG] PEGDA01TPO10SiNP_S1_P__GrID021_LOC_RC005006-5.00x5.00-Z Height_Forward-250925-CRO_b653b4ad.tiff unit=n/a grid=(4,5)
[DEBUG] PEGDA01TPO10SiNP_S1_P__GrID022_LOC_RC005015-5.00x5.00-Z Height_Forward-250925-CRO_10adb125.tiff unit=n/a grid=(4,14)
[DEBUG] PEGDA01TPO10SiNP_S1_P__GrID023_LOC_RC005016-5.00x5.00-Z Height_Forward-250925-CRO_b3d976fd.tiff unit=n/a grid=(4,15)
[DEBUG] PEGDA01TPO10SiNP_S1_P__GrID024_LOC_RC005020-5.00x5.00-Z Height_Forward-250925-CRO_78ef50b9.tiff unit=n/a grid=(4,19)
[DEBUG] PEGDA01TPO10SiNP_S1_P__GrID025_LOC_RC006001-5.00x5.00-Z Height_Forward-250925-CRO_33a38746.tiff unit=n/a grid=(5,0)
[DEBUG] PEGDA01TPO10SiNP_S1_P__GrID026_LOC_RC006005-5.00x5.00-Z Height_Forward-250925-CRO_9ad36484.tiff unit=n/a grid=(5,4)
[DEBUG] PEGDA01TPO10SiNP_S1_P__GrID027_LOC_RC006006-5.00x5.00-Z Height_Forward-250925-CRO_5098984e.tiff unit=n/a grid=(5,5)
[DEBUG] PEGDA01TPO10SiNP_S1_P__GrID028_LOC_RC006010-5.00x5.00-Z Height_Forward-250925-CRO_56f35efc.tiff unit=n/a grid=(5,9)
[DEBUG] PEGDA01TPO10SiNP_S1_P__GrID029_LOC_RC006011-5.00x5.00-Z Height_Forward-250925-CRO_b9c6eb96.tiff unit=n/a grid=(5,10)
[DEBUG] PEGDA01TPO10SiNP_S1_P__GrID030_LOC_RC006015-5.00x5.00-Z Height_Forward-250926-CRO_6c875e36.tiff unit=n/a grid=(5,14)
[DEBUG] PEGDA01TPO10SiNP_S1_P__GrID031_LOC_RC006016-5.00x5.00-Z Height_Forward-250926-CRO_7c1f8fe4.tiff unit=n/a grid=(5,15)
[DEBUG] PEGDA01TPO10SiNP_S1_P__GrID032_LOC_RC006020-5.00x5.00-Z Height_Forward-250926-CRO_9dd15a9f.tiff unit=n/a grid=(5,19)
[DEBUG] PEGDA01TPO10SiNP_S1_P__GrID033_LOC_RC008004-5.00x5.00-Z Height_Forward-250926-CRO_fa43f842.tiff unit=n/a grid=(7,3)
[DEBUG] PEGDA01TPO10SiNP_S1_P__GrID034_LOC_RC008008-5.00x5.00-Z Height_Forward-250926-CRO_279d3ac3.tiff unit=n/a grid=(7,7)
[DEBUG] PEGDA01TPO10SiNP_S1_P__GrID035_LOC_RC008013-5.00x5.00-Z Height_Forward-250926-CRO_d545355f.tiff unit=n/a grid=(7,12)
[DEBUG] PEGDA01TPO10SiNP_S1_P__GrID036_LOC_RC008018-5.00x5.00-Z Height_Forward-250926-CRO_3b339317.tiff unit=n/a grid=(7,17)
[DEBUG] PEGDA01TPO10SiNP_S1_P__GrID037_LOC_RC010001-5.00x5.00-Z Height_Forward-250926-CRO_8711e4fe.tiff unit=n/a grid=(9,0)
[DEBUG] PEGDA01TPO10SiNP_S1_P__GrID038_LOC_RC010002-5.00x5.00-Z Height_Forward-250926-CRO_c3e380b7.tiff unit=n/a grid=(9,1)
[DEBUG] PEGDA01TPO10SiNP_S1_P__GrID039_LOC_RC010006-5.00x5.00-Z Height_Forward-250926-CRO_bd3c64b3.tiff unit=n/a grid=(9,5)
[DEBUG] PEGDA01TPO10SiNP_S1_P__GrID040_LOC_RC010010-5.00x5.00-Z Height_Forward-250926-CRO_07278b4e.tiff unit=n/a grid=(9,9)
[DEBUG] PEGDA01TPO10SiNP_S1_P__GrID041_LOC_RC010011-5.00x5.00-Z Height_Forward-250926-CRO_3952595f.tiff unit=n/a grid=(9,10)
[DEBUG] PEGDA01TPO10SiNP_S1_P__GrID042_LOC_RC010015-5.00x5.00-Z Height_Forward-250926-CRO_9b4293b9.tiff unit=n/a grid=(9,14)
[DEBUG] PEGDA01TPO10SiNP_S1_P__GrID043_LOC_RC010019-5.00x5.00-Z Height_Forward-250926-CRO_78379d48.tiff unit=n/a grid=(9,18)
[DEBUG] PEGDA01TPO10SiNP_S1_P__GrID044_LOC_RC010020-5.00x5.00-Z Height_Forward-250926-CRO_a7c8c1be.tiff unit=n/a grid=(9,19)
[DEBUG] PEGDA01TPO10SiNP_S1_P__GrID045_LOC_RC011001-5.00x5.00-Z Height_Forward-250926-CRO_c2a08341.tiff unit=n/a grid=(10,0)
[DEBUG] PEGDA01TPO10SiNP_S1_P__GrID046_LOC_RC011002-5.00x5.00-Z Height_Forward-250926-CRO_ef080abe.tiff unit=n/a grid=(10,1)
[DEBUG] PEGDA01TPO10SiNP_S1_P__GrID047_LOC_RC011006-5.00x5.00-Z Height_Forward-250926-CRO_3ae79972.tiff unit=n/a grid=(10,5)
[DEBUG] PEGDA01TPO10SiNP_S1_P__GrID048_LOC_RC011010-5.00x5.00-Z Height_Forward-250926-CRO_5033db31.tiff unit=n/a grid=(10,9)
[DEBUG] PEGDA01TPO10SiNP_S1_P__GrID049_LOC_RC011011-5.00x5.00-Z Height_Forward-250926-CRO_d2d3dbf0.tiff unit=n/a grid=(10,10)
[DEBUG] PEGDA01TPO10SiNP_S1_P__GrID050_LOC_RC011015-5.00x5.00-Z Height_Forward-250926-CRO_4e6617e8.tiff unit=n/a grid=(10,14)
[DEBUG] PEGDA01TPO10SiNP_S1_P__GrID051_LOC_RC011019-5.00x5.00-Z Height_Forward-250926-CRO_3a90073f.tiff unit=n/a grid=(10,18)
[DEBUG] PEGDA01TPO10SiNP_S1_P__GrID052_LOC_RC011020-5.00x5.00-Z Height_Forward-250926-CRO_a73ea858.tiff unit=n/a grid=(10,19)
[DEBUG] PEGDA01TPO10SiNP_S1_P__GrID053_LOC_RC013004-5.00x5.00-Z Height_Forward-250926-CRO_4fff85f2.tiff unit=n/a grid=(12,3)
[DEBUG] PEGDA01TPO10SiNP_S1_P__GrID054_LOC_RC013008-5.00x5.00-Z Height_Forward-250926-CRO_3fb0ad35.tiff unit=n/a grid=(12,7)
[DEBUG] PEGDA01TPO10SiNP_S1_P__GrID055_LOC_RC013013-5.00x5.00-Z Height_Forward-250926-CRO_308dd720.tiff unit=n/a grid=(12,12)
[DEBUG] PEGDA01TPO10SiNP_S1_P__GrID056_LOC_RC013018-5.00x5.00-Z Height_Forward-250926-CRO_403bdf18.tiff unit=n/a grid=(12,17)
[DEBUG] PEGDA01TPO10SiNP_S1_P__GrID057_LOC_RC015001-5.00x5.00-Z Height_Forward-250926-CRO_158d6456.tiff unit=n/a grid=(14,0)
[DEBUG] PEGDA01TPO10SiNP_S1_P__GrID058_LOC_RC015005-5.00x5.00-Z Height_Forward-250926-CRO_1d5b0b48.tiff unit=n/a grid=(14,4)
[DEBUG] PEGDA01TPO10SiNP_S1_P__GrID059_LOC_RC015006-5.00x5.00-Z Height_Forward-250926-CRO_1e2c19dd.tiff unit=n/a grid=(14,5)
[DEBUG] PEGDA01TPO10SiNP_S1_P__GrID060_LOC_RC015010-5.00x5.00-Z Height_Forward-250926-CRO_b04e03db.tiff unit=n/a grid=(14,9)
[DEBUG] PEGDA01TPO10SiNP_S1_P__GrID061_LOC_RC015011-5.00x5.00-Z Height_Forward-250926-CRO_f986bab5.tiff unit=n/a grid=(14,10)
[DEBUG] PEGDA01TPO10SiNP_S1_P__GrID062_LOC_RC015015-5.00x5.00-Z Height_Forward-250926-CRO_120f9640.tiff unit=n/a grid=(14,14)
[DEBUG] PEGDA01TPO10SiNP_S1_P__GrID063_LOC_RC015016-5.00x5.00-Z Height_Forward-250926-CRO_7c9838dd.tiff unit=n/a grid=(14,15)
[DEBUG] PEGDA01TPO10SiNP_S1_P__GrID064_LOC_RC015020-5.00x5.00-Z Height_Forward-250926-CRO_984d5467.tiff unit=n/a grid=(14,19)
[DEBUG] PEGDA01TPO10SiNP_S1_P__GrID065_LOC_RC016001-5.00x5.00-Z Height_Forward-250926-CRO_f3c035bf.tiff unit=n/a grid=(15,0)
[DEBUG] PEGDA01TPO10SiNP_S1_P__GrID066_LOC_RC016005-5.00x5.00-Z Height_Forward-250926-CRO_e4be5194.tiff unit=n/a grid=(15,4)
[DEBUG] PEGDA01TPO10SiNP_S1_P__GrID067_LOC_RC016006-5.00x5.00-Z Height_Forward-250926-CRO_6f9bcdbe.tiff unit=n/a grid=(15,5)
[DEBUG] PEGDA01TPO10SiNP_S1_P__GrID068_LOC_RC016015-5.00x5.00-Z Height_Forward-250926-CRO_12cabc17.tiff unit=n/a grid=(15,14)
[DEBUG] PEGDA01TPO10SiNP_S1_P__GrID069_LOC_RC016016-5.00x5.00-Z Height_Forward-250926-CRO_2090c4c2.tiff unit=n/a grid=(15,15)
[DEBUG] PEGDA01TPO10SiNP_S1_P__GrID070_LOC_RC016020-5.00x5.00-Z Height_Forward-250926-CRO_7270ab92.tiff unit=n/a grid=(15,19)
[DEBUG] PEGDA01TPO10SiNP_S1_P__GrID071_LOC_RC017008-5.00x5.00-Z Height_Forward-250926-CRO_9d7c5636.tiff unit=n/a grid=(16,7)
[DEBUG] PEGDA01TPO10SiNP_S1_P__GrID072_LOC_RC017013-5.00x5.00-Z Height_Forward-250926-CRO_319b4af6.tiff unit=n/a grid=(16,12)
[DEBUG] PEGDA01TPO10SiNP_S1_P__GrID073_LOC_RC019001-5.00x5.00-Z Height_Forward-250926-CRO_737e25da.tiff unit=n/a grid=(18,0)
[DEBUG] PEGDA01TPO10SiNP_S1_P__GrID074_LOC_RC019002-5.00x5.00-Z Height_Forward-250926-CRO_e7a6d048.tiff unit=n/a grid=(18,1)
[DEBUG] PEGDA01TPO10SiNP_S1_P__GrID075_LOC_RC019010-5.00x5.00-Z Height_Forward-250926-CRO_22d1f3af.tiff unit=n/a grid=(18,9)
[DEBUG] PEGDA01TPO10SiNP_S1_P__GrID076_LOC_RC019011-5.00x5.00-Z Height_Forward-250926-CRO_a27a3a67.tiff unit=n/a grid=(18,10)
[DEBUG] PEGDA01TPO10SiNP_S1_P__GrID077_LOC_RC019019-5.00x5.00-Z Height_Forward-250926-CRO_dfe4fbda.tiff unit=n/a grid=(18,18)
[DEBUG] PEGDA01TPO10SiNP_S1_P__GrID078_LOC_RC019020-5.00x5.00-Z Height_Forward-250926-CRO_fc331a8a.tiff unit=n/a grid=(18,19)
[DEBUG] PEGDA01TPO10SiNP_S1_P__GrID079_LOC_RC020001-5.00x5.00-Z Height_Forward-250926-CRO_b13cc807.tiff unit=n/a grid=(19,0)
[DEBUG] PEGDA01TPO10SiNP_S1_P__GrID080_LOC_RC020002-5.00x5.00-Z Height_Forward-250926-CRO_b4257f9f.tiff unit=n/a grid=(19,1)
[DEBUG] PEGDA01TPO10SiNP_S1_P__GrID081_LOC_RC020005-5.00x5.00-Z Height_Forward-250926-CRO_e13810db.tiff unit=n/a grid=(19,4)
[DEBUG] PEGDA01TPO10SiNP_S1_P__GrID082_LOC_RC020006-5.00x5.00-Z Height_Forward-250926-CRO_fcceac9b.tiff unit=n/a grid=(19,5)
[DEBUG] PEGDA01TPO10SiNP_S1_P__GrID083_LOC_RC020010-5.00x5.00-Z Height_Forward-250926-CRO_cee31ec3.tiff unit=n/a grid=(19,9)
[DEBUG] PEGDA01TPO10SiNP_S1_P__GrID084_LOC_RC020011-5.00x5.00-Z Height_Forward-250926-CRO_c18023f4.tiff unit=n/a grid=(19,10)
[DEBUG] PEGDA01TPO10SiNP_S1_P__GrID085_LOC_RC020015-5.00x5.00-Z Height_Forward-250926-CRO_4cd7e661.tiff unit=n/a grid=(19,14)
[DEBUG] PEGDA01TPO10SiNP_S1_P__GrID086_LOC_RC020016-5.00x5.00-Z Height_Forward-250926-CRO_423f4974.tiff unit=n/a grid=(19,15)
[DEBUG] PEGDA01TPO10SiNP_S1_P__GrID087_LOC_RC020019-5.00x5.00-Z Height_Forward-250926-CRO_f37bc649.tiff unit=n/a grid=(19,18)
[DEBUG] PEGDA01TPO10SiNP_S1_P__GrID088_LOC_RC020020-5.00x5.00-Z Height_Forward-250926-CRO_491c3cf9.tiff unit=n/a grid=(19,19)

** (python.exe:26072): WARNING **: Trying to register gtype 'GMountMountFlags' as enum when in fact it is of type 'GFlags'

** (python.exe:26072): WARNING **: Trying to register gtype 'GDriveStartFlags' as enum when in fact it is of type 'GFlags'

** (python.exe:26072): WARNING **: Trying to register gtype 'GSocketMsgFlags' as enum when in fact it is of type 'GFlags'
