Considered: 110
Matched: 55
Copied: 55 (dry_run=False)
Out dir: C:\AFM_STAGE\collect_20260303_103813_collect_forward
Copied root: C:\AFM_STAGE\collect_20260303_103813_collect_forward\copied
Manifest: C:\AFM_STAGE\collect_20260303_103813_collect_forward\copy_manifest.csv
Metadata: C:\AFM_STAGE\collect_20260303_103813_collect_forward\run_metadata.json
Wrote manifest to C:\Users\Conor O'Brien\Dropbox\03_AML\00 IN-BOX\AFM Topo Particle processing OUT\PEGDA_SiNP\PEGDA1TPO25SiNP_Sam01_S2\particle_forward_medianbg_mean\job_manifest.json with 55 files
Processing_mode: particle_count_align_medianbg_mean
CSV_mode: particle_metrics_full
Files: 55
Output dir: C:\Users\Conor O'Brien\Dropbox\03_AML\00 IN-BOX\AFM Topo Particle processing OUT\PEGDA_SiNP\PEGDA1TPO25SiNP_Sam01_S2\particle_forward_medianbg_mean
Output CSV: C:\Users\Conor O'Brien\Dropbox\03_AML\00 IN-BOX\AFM Topo Particle processing OUT\PEGDA_SiNP\PEGDA1TPO25SiNP_Sam01_S2\particle_forward_medianbg_mean\summary.csv
Wrote summary CSV: C:\Users\Conor O'Brien\Dropbox\03_AML\00 IN-BOX\AFM Topo Particle processing OUT\PEGDA_SiNP\PEGDA1TPO25SiNP_Sam01_S2\particle_forward_medianbg_mean\summary.csv
Wrote review CSV: C:\Users\Conor O'Brien\Dropbox\03_AML\00 IN-BOX\AFM Topo Particle processing OUT\PEGDA_SiNP\PEGDA1TPO25SiNP_Sam01_S2\particle_forward_medianbg_mean\review\review.csv
C:\Users\Conor O'Brien\AppData\Local\Python\pythoncore-3.14-64\python.exe scripts/collect_files.py --config configs\TEST configs\Example configs\config.topo_particle_2jobs_masking.yaml --job collect_forward --input-root C:\Users\Conor O'Brien\Dropbox\03_AML\03 References and Materials\RAW DATA Files\AFM Scans\Particle Density for Fracture Surfaces Verification\100825-CRO\PEGDA1TPO25SiNP_Sam01_S2 --out-root C:/AFM_STAGE
C:\Users\Conor O'Brien\AppData\Local\Python\pythoncore-3.14-64\python.exe scripts/make_job_manifest.py --config configs\TEST configs\Example configs\config.topo_particle_2jobs_masking.yaml --input-root C:\AFM_STAGE\collect_20260303_103813_collect_forward\copied --output-dir C:\Users\Conor O'Brien\Dropbox\03_AML\00 IN-BOX\AFM Topo Particle processing OUT\PEGDA_SiNP\PEGDA1TPO25SiNP_Sam01_S2\particle_forward_medianbg_mean --processing-mode particle_count_align_medianbg_mean --csv-mode particle_metrics_full --out C:\Users\Conor O'Brien\Dropbox\03_AML\00 IN-BOX\AFM Topo Particle processing OUT\PEGDA_SiNP\PEGDA1TPO25SiNP_Sam01_S2\particle_forward_medianbg_mean\job_manifest.json --pattern **/*Z Height*Forward*.tif;**/*Z Height*Forward*.tiff --profile medianbg_mean
C:\Python27\python.exe scripts/run_pygwy_job.py --manifest C:\Users\Conor O'Brien\Dropbox\03_AML\00 IN-BOX\AFM Topo Particle processing OUT\PEGDA_SiNP\PEGDA1TPO25SiNP_Sam01_S2\particle_forward_medianbg_mean\job_manifest.json
Done. Output dir: C:\Users\Conor O'Brien\Dropbox\03_AML\00 IN-BOX\AFM Topo Particle processing OUT\PEGDA_SiNP\PEGDA1TPO25SiNP_Sam01_S2\particle_forward_medianbg_mean
Considered: 110
Matched: 55
Copied: 55 (dry_run=False)
Out dir: C:\AFM_STAGE\collect_20260303_104003_collect_forward
Copied root: C:\AFM_STAGE\collect_20260303_104003_collect_forward\copied
Manifest: C:\AFM_STAGE\collect_20260303_104003_collect_forward\copy_manifest.csv
Metadata: C:\AFM_STAGE\collect_20260303_104003_collect_forward\run_metadata.json
Wrote manifest to C:\Users\Conor O'Brien\Dropbox\03_AML\00 IN-BOX\AFM Topo Particle processing OUT\PEGDA_SiNP\PEGDA1TPO25SiNP_Sam01_S2\particle_forward_medianbg_fixed0\job_manifest.json with 55 files
Processing_mode: particle_count_align_medianbg_fixed0
CSV_mode: particle_metrics_full
Files: 55
Output dir: C:\Users\Conor O'Brien\Dropbox\03_AML\00 IN-BOX\AFM Topo Particle processing OUT\PEGDA_SiNP\PEGDA1TPO25SiNP_Sam01_S2\particle_forward_medianbg_fixed0
Output CSV: C:\Users\Conor O'Brien\Dropbox\03_AML\00 IN-BOX\AFM Topo Particle processing OUT\PEGDA_SiNP\PEGDA1TPO25SiNP_Sam01_S2\particle_forward_medianbg_fixed0\summary.csv
Wrote summary CSV: C:\Users\Conor O'Brien\Dropbox\03_AML\00 IN-BOX\AFM Topo Particle processing OUT\PEGDA_SiNP\PEGDA1TPO25SiNP_Sam01_S2\particle_forward_medianbg_fixed0\summary.csv
Wrote review CSV: C:\Users\Conor O'Brien\Dropbox\03_AML\00 IN-BOX\AFM Topo Particle processing OUT\PEGDA_SiNP\PEGDA1TPO25SiNP_Sam01_S2\particle_forward_medianbg_fixed0\review\review.csv
C:\Users\Conor O'Brien\AppData\Local\Python\pythoncore-3.14-64\python.exe scripts/collect_files.py --config configs\TEST configs\Example configs\config.topo_particle_2jobs_masking.yaml --job collect_forward --input-root C:\Users\Conor O'Brien\Dropbox\03_AML\03 References and Materials\RAW DATA Files\AFM Scans\Particle Density for Fracture Surfaces Verification\100825-CRO\PEGDA1TPO25SiNP_Sam01_S2 --out-root C:/AFM_STAGE
C:\Users\Conor O'Brien\AppData\Local\Python\pythoncore-3.14-64\python.exe scripts/make_job_manifest.py --config configs\TEST configs\Example configs\config.topo_particle_2jobs_masking.yaml --input-root C:\AFM_STAGE\collect_20260303_104003_collect_forward\copied --output-dir C:\Users\Conor O'Brien\Dropbox\03_AML\00 IN-BOX\AFM Topo Particle processing OUT\PEGDA_SiNP\PEGDA1TPO25SiNP_Sam01_S2\particle_forward_medianbg_fixed0 --processing-mode particle_count_align_medianbg_fixed0 --csv-mode particle_metrics_full --out C:\Users\Conor O'Brien\Dropbox\03_AML\00 IN-BOX\AFM Topo Particle processing OUT\PEGDA_SiNP\PEGDA1TPO25SiNP_Sam01_S2\particle_forward_medianbg_fixed0\job_manifest.json --pattern **/*Z Height*Forward*.tif;**/*Z Height*Forward*.tiff --profile medianbg_fixed0
C:\Python27\python.exe scripts/run_pygwy_job.py --manifest C:\Users\Conor O'Brien\Dropbox\03_AML\00 IN-BOX\AFM Topo Particle processing OUT\PEGDA_SiNP\PEGDA1TPO25SiNP_Sam01_S2\particle_forward_medianbg_fixed0\job_manifest.json
Done. Output dir: C:\Users\Conor O'Brien\Dropbox\03_AML\00 IN-BOX\AFM Topo Particle processing OUT\PEGDA_SiNP\PEGDA1TPO25SiNP_Sam01_S2\particle_forward_medianbg_fixed0
Considered: 110
Matched: 55
Copied: 55 (dry_run=False)
Out dir: C:\AFM_STAGE\collect_20260303_104148_collect_forward
Copied root: C:\AFM_STAGE\collect_20260303_104148_collect_forward\copied
Manifest: C:\AFM_STAGE\collect_20260303_104148_collect_forward\copy_manifest.csv
Metadata: C:\AFM_STAGE\collect_20260303_104148_collect_forward\run_metadata.json
Wrote manifest to C:\Users\Conor O'Brien\Dropbox\03_AML\00 IN-BOX\AFM Topo Particle processing OUT\PEGDA_SiNP\PEGDA1TPO25SiNP_Sam01_S2\particle_forward_medianbg_p95\job_manifest.json with 55 files
Processing_mode: particle_count_align_medianbg_p95
CSV_mode: particle_metrics_full
Files: 55
Output dir: C:\Users\Conor O'Brien\Dropbox\03_AML\00 IN-BOX\AFM Topo Particle processing OUT\PEGDA_SiNP\PEGDA1TPO25SiNP_Sam01_S2\particle_forward_medianbg_p95
Output CSV: C:\Users\Conor O'Brien\Dropbox\03_AML\00 IN-BOX\AFM Topo Particle processing OUT\PEGDA_SiNP\PEGDA1TPO25SiNP_Sam01_S2\particle_forward_medianbg_p95\summary.csv
Wrote summary CSV: C:\Users\Conor O'Brien\Dropbox\03_AML\00 IN-BOX\AFM Topo Particle processing OUT\PEGDA_SiNP\PEGDA1TPO25SiNP_Sam01_S2\particle_forward_medianbg_p95\summary.csv
Wrote review CSV: C:\Users\Conor O'Brien\Dropbox\03_AML\00 IN-BOX\AFM Topo Particle processing OUT\PEGDA_SiNP\PEGDA1TPO25SiNP_Sam01_S2\particle_forward_medianbg_p95\review\review.csv
C:\Users\Conor O'Brien\AppData\Local\Python\pythoncore-3.14-64\python.exe scripts/collect_files.py --config configs\TEST configs\Example configs\config.topo_particle_2jobs_masking.yaml --job collect_forward --input-root C:\Users\Conor O'Brien\Dropbox\03_AML\03 References and Materials\RAW DATA Files\AFM Scans\Particle Density for Fracture Surfaces Verification\100825-CRO\PEGDA1TPO25SiNP_Sam01_S2 --out-root C:/AFM_STAGE
C:\Users\Conor O'Brien\AppData\Local\Python\pythoncore-3.14-64\python.exe scripts/make_job_manifest.py --config configs\TEST configs\Example configs\config.topo_particle_2jobs_masking.yaml --input-root C:\AFM_STAGE\collect_20260303_104148_collect_forward\copied --output-dir C:\Users\Conor O'Brien\Dropbox\03_AML\00 IN-BOX\AFM Topo Particle processing OUT\PEGDA_SiNP\PEGDA1TPO25SiNP_Sam01_S2\particle_forward_medianbg_p95 --processing-mode particle_count_align_medianbg_p95 --csv-mode particle_metrics_full --out C:\Users\Conor O'Brien\Dropbox\03_AML\00 IN-BOX\AFM Topo Particle processing OUT\PEGDA_SiNP\PEGDA1TPO25SiNP_Sam01_S2\particle_forward_medianbg_p95\job_manifest.json --pattern **/*Z Height*Forward*.tif;**/*Z Height*Forward*.tiff --profile medianbg_p95
C:\Python27\python.exe scripts/run_pygwy_job.py --manifest C:\Users\Conor O'Brien\Dropbox\03_AML\00 IN-BOX\AFM Topo Particle processing OUT\PEGDA_SiNP\PEGDA1TPO25SiNP_Sam01_S2\particle_forward_medianbg_p95\job_manifest.json
Done. Output dir: C:\Users\Conor O'Brien\Dropbox\03_AML\00 IN-BOX\AFM Topo Particle processing OUT\PEGDA_SiNP\PEGDA1TPO25SiNP_Sam01_S2\particle_forward_medianbg_p95
Considered: 110
Matched: 55
Copied: 55 (dry_run=False)
Out dir: C:\AFM_STAGE\collect_20260303_104418_collect_forward
Copied root: C:\AFM_STAGE\collect_20260303_104418_collect_forward\copied
Manifest: C:\AFM_STAGE\collect_20260303_104418_collect_forward\copy_manifest.csv
Metadata: C:\AFM_STAGE\collect_20260303_104418_collect_forward\run_metadata.json
Wrote manifest to C:\Users\Conor O'Brien\Dropbox\03_AML\00 IN-BOX\AFM Topo Particle processing OUT\PEGDA_SiNP\PEGDA1TPO25SiNP_Sam01_S2\particle_forward_medianbg_max_fixed0_p95\job_manifest.json with 55 files
Processing_mode: particle_count_align_medianbg_max_fixed0_p95
CSV_mode: particle_metrics_full
Files: 55
Output dir: C:\Users\Conor O'Brien\Dropbox\03_AML\00 IN-BOX\AFM Topo Particle processing OUT\PEGDA_SiNP\PEGDA1TPO25SiNP_Sam01_S2\particle_forward_medianbg_max_fixed0_p95
Output CSV: C:\Users\Conor O'Brien\Dropbox\03_AML\00 IN-BOX\AFM Topo Particle processing OUT\PEGDA_SiNP\PEGDA1TPO25SiNP_Sam01_S2\particle_forward_medianbg_max_fixed0_p95\summary.csv
Wrote summary CSV: C:\Users\Conor O'Brien\Dropbox\03_AML\00 IN-BOX\AFM Topo Particle processing OUT\PEGDA_SiNP\PEGDA1TPO25SiNP_Sam01_S2\particle_forward_medianbg_max_fixed0_p95\summary.csv
Wrote review CSV: C:\Users\Conor O'Brien\Dropbox\03_AML\00 IN-BOX\AFM Topo Particle processing OUT\PEGDA_SiNP\PEGDA1TPO25SiNP_Sam01_S2\particle_forward_medianbg_max_fixed0_p95\review\review.csv
C:\Users\Conor O'Brien\AppData\Local\Python\pythoncore-3.14-64\python.exe scripts/collect_files.py --config configs\TEST configs\Example configs\config.topo_particle_2jobs_masking.yaml --job collect_forward --input-root C:\Users\Conor O'Brien\Dropbox\03_AML\03 References and Materials\RAW DATA Files\AFM Scans\Particle Density for Fracture Surfaces Verification\100825-CRO\PEGDA1TPO25SiNP_Sam01_S2 --out-root C:/AFM_STAGE
C:\Users\Conor O'Brien\AppData\Local\Python\pythoncore-3.14-64\python.exe scripts/make_job_manifest.py --config configs\TEST configs\Example configs\config.topo_particle_2jobs_masking.yaml --input-root C:\AFM_STAGE\collect_20260303_104418_collect_forward\copied --output-dir C:\Users\Conor O'Brien\Dropbox\03_AML\00 IN-BOX\AFM Topo Particle processing OUT\PEGDA_SiNP\PEGDA1TPO25SiNP_Sam01_S2\particle_forward_medianbg_max_fixed0_p95 --processing-mode particle_count_align_medianbg_max_fixed0_p95 --csv-mode particle_metrics_full --out C:\Users\Conor O'Brien\Dropbox\03_AML\00 IN-BOX\AFM Topo Particle processing OUT\PEGDA_SiNP\PEGDA1TPO25SiNP_Sam01_S2\particle_forward_medianbg_max_fixed0_p95\job_manifest.json --pattern **/*Z Height*Forward*.tif;**/*Z Height*Forward*.tiff --profile medianbg_max_fixed0_p95
C:\Python27\python.exe scripts/run_pygwy_job.py --manifest C:\Users\Conor O'Brien\Dropbox\03_AML\00 IN-BOX\AFM Topo Particle processing OUT\PEGDA_SiNP\PEGDA1TPO25SiNP_Sam01_S2\particle_forward_medianbg_max_fixed0_p95\job_manifest.json
Done. Output dir: C:\Users\Conor O'Brien\Dropbox\03_AML\00 IN-BOX\AFM Topo Particle processing OUT\PEGDA_SiNP\PEGDA1TPO25SiNP_Sam01_S2\particle_forward_medianbg_max_fixed0_p95
Considered: 110
Matched: 55
Copied: 55 (dry_run=False)
Out dir: C:\AFM_STAGE\collect_20260303_104654_collect_forward
Copied root: C:\AFM_STAGE\collect_20260303_104654_collect_forward\copied
Manifest: C:\AFM_STAGE\collect_20260303_104654_collect_forward\copy_manifest.csv
Metadata: C:\AFM_STAGE\collect_20260303_104654_collect_forward\run_metadata.json
Wrote manifest to C:\Users\Conor O'Brien\Dropbox\03_AML\00 IN-BOX\AFM Topo Particle processing OUT\PEGDA_SiNP\PEGDA1TPO25SiNP_Sam01_S2\particle_forward_flatten_mean\job_manifest.json with 55 files
Processing_mode: particle_count_align_flatten_mean
CSV_mode: particle_metrics_full
Files: 55
Output dir: C:\Users\Conor O'Brien\Dropbox\03_AML\00 IN-BOX\AFM Topo Particle processing OUT\PEGDA_SiNP\PEGDA1TPO25SiNP_Sam01_S2\particle_forward_flatten_mean
Output CSV: C:\Users\Conor O'Brien\Dropbox\03_AML\00 IN-BOX\AFM Topo Particle processing OUT\PEGDA_SiNP\PEGDA1TPO25SiNP_Sam01_S2\particle_forward_flatten_mean\summary.csv
Wrote summary CSV: C:\Users\Conor O'Brien\Dropbox\03_AML\00 IN-BOX\AFM Topo Particle processing OUT\PEGDA_SiNP\PEGDA1TPO25SiNP_Sam01_S2\particle_forward_flatten_mean\summary.csv
Wrote review CSV: C:\Users\Conor O'Brien\Dropbox\03_AML\00 IN-BOX\AFM Topo Particle processing OUT\PEGDA_SiNP\PEGDA1TPO25SiNP_Sam01_S2\particle_forward_flatten_mean\review\review.csv
C:\Users\Conor O'Brien\AppData\Local\Python\pythoncore-3.14-64\python.exe scripts/collect_files.py --config configs\TEST configs\Example configs\config.topo_particle_2jobs_masking.yaml --job collect_forward --input-root C:\Users\Conor O'Brien\Dropbox\03_AML\03 References and Materials\RAW DATA Files\AFM Scans\Particle Density for Fracture Surfaces Verification\100825-CRO\PEGDA1TPO25SiNP_Sam01_S2 --out-root C:/AFM_STAGE
C:\Users\Conor O'Brien\AppData\Local\Python\pythoncore-3.14-64\python.exe scripts/make_job_manifest.py --config configs\TEST configs\Example configs\config.topo_particle_2jobs_masking.yaml --input-root C:\AFM_STAGE\collect_20260303_104654_collect_forward\copied --output-dir C:\Users\Conor O'Brien\Dropbox\03_AML\00 IN-BOX\AFM Topo Particle processing OUT\PEGDA_SiNP\PEGDA1TPO25SiNP_Sam01_S2\particle_forward_flatten_mean --processing-mode particle_count_align_flatten_mean --csv-mode particle_metrics_full --out C:\Users\Conor O'Brien\Dropbox\03_AML\00 IN-BOX\AFM Topo Particle processing OUT\PEGDA_SiNP\PEGDA1TPO25SiNP_Sam01_S2\particle_forward_flatten_mean\job_manifest.json --pattern **/*Z Height*Forward*.tif;**/*Z Height*Forward*.tiff --profile flatten_mean
C:\Python27\python.exe scripts/run_pygwy_job.py --manifest C:\Users\Conor O'Brien\Dropbox\03_AML\00 IN-BOX\AFM Topo Particle processing OUT\PEGDA_SiNP\PEGDA1TPO25SiNP_Sam01_S2\particle_forward_flatten_mean\job_manifest.json
Done. Output dir: C:\Users\Conor O'Brien\Dropbox\03_AML\00 IN-BOX\AFM Topo Particle processing OUT\PEGDA_SiNP\PEGDA1TPO25SiNP_Sam01_S2\particle_forward_flatten_mean
Considered: 110
Matched: 55
Copied: 55 (dry_run=False)
Out dir: C:\AFM_STAGE\collect_20260303_104911_collect_forward
Copied root: C:\AFM_STAGE\collect_20260303_104911_collect_forward\copied
Manifest: C:\AFM_STAGE\collect_20260303_104911_collect_forward\copy_manifest.csv
Metadata: C:\AFM_STAGE\collect_20260303_104911_collect_forward\run_metadata.json
Wrote manifest to C:\Users\Conor O'Brien\Dropbox\03_AML\00 IN-BOX\AFM Topo Particle processing OUT\PEGDA_SiNP\PEGDA1TPO25SiNP_Sam01_S2\particle_forward_flatten_fixed0\job_manifest.json with 55 files
Processing_mode: particle_count_align_flatten_fixed0
CSV_mode: particle_metrics_full
Files: 55
Output dir: C:\Users\Conor O'Brien\Dropbox\03_AML\00 IN-BOX\AFM Topo Particle processing OUT\PEGDA_SiNP\PEGDA1TPO25SiNP_Sam01_S2\particle_forward_flatten_fixed0
Output CSV: C:\Users\Conor O'Brien\Dropbox\03_AML\00 IN-BOX\AFM Topo Particle processing OUT\PEGDA_SiNP\PEGDA1TPO25SiNP_Sam01_S2\particle_forward_flatten_fixed0\summary.csv
Wrote summary CSV: C:\Users\Conor O'Brien\Dropbox\03_AML\00 IN-BOX\AFM Topo Particle processing OUT\PEGDA_SiNP\PEGDA1TPO25SiNP_Sam01_S2\particle_forward_flatten_fixed0\summary.csv
Wrote review CSV: C:\Users\Conor O'Brien\Dropbox\03_AML\00 IN-BOX\AFM Topo Particle processing OUT\PEGDA_SiNP\PEGDA1TPO25SiNP_Sam01_S2\particle_forward_flatten_fixed0\review\review.csv
C:\Users\Conor O'Brien\AppData\Local\Python\pythoncore-3.14-64\python.exe scripts/collect_files.py --config configs\TEST configs\Example configs\config.topo_particle_2jobs_masking.yaml --job collect_forward --input-root C:\Users\Conor O'Brien\Dropbox\03_AML\03 References and Materials\RAW DATA Files\AFM Scans\Particle Density for Fracture Surfaces Verification\100825-CRO\PEGDA1TPO25SiNP_Sam01_S2 --out-root C:/AFM_STAGE
C:\Users\Conor O'Brien\AppData\Local\Python\pythoncore-3.14-64\python.exe scripts/make_job_manifest.py --config configs\TEST configs\Example configs\config.topo_particle_2jobs_masking.yaml --input-root C:\AFM_STAGE\collect_20260303_104911_collect_forward\copied --output-dir C:\Users\Conor O'Brien\Dropbox\03_AML\00 IN-BOX\AFM Topo Particle processing OUT\PEGDA_SiNP\PEGDA1TPO25SiNP_Sam01_S2\particle_forward_flatten_fixed0 --processing-mode particle_count_align_flatten_fixed0 --csv-mode particle_metrics_full --out C:\Users\Conor O'Brien\Dropbox\03_AML\00 IN-BOX\AFM Topo Particle processing OUT\PEGDA_SiNP\PEGDA1TPO25SiNP_Sam01_S2\particle_forward_flatten_fixed0\job_manifest.json --pattern **/*Z Height*Forward*.tif;**/*Z Height*Forward*.tiff --profile flatten_fixed0
C:\Python27\python.exe scripts/run_pygwy_job.py --manifest C:\Users\Conor O'Brien\Dropbox\03_AML\00 IN-BOX\AFM Topo Particle processing OUT\PEGDA_SiNP\PEGDA1TPO25SiNP_Sam01_S2\particle_forward_flatten_fixed0\job_manifest.json
Done. Output dir: C:\Users\Conor O'Brien\Dropbox\03_AML\00 IN-BOX\AFM Topo Particle processing OUT\PEGDA_SiNP\PEGDA1TPO25SiNP_Sam01_S2\particle_forward_flatten_fixed0
Considered: 110
Matched: 55
Copied: 55 (dry_run=False)
Out dir: C:\AFM_STAGE\collect_20260303_105111_collect_forward
Copied root: C:\AFM_STAGE\collect_20260303_105111_collect_forward\copied
Manifest: C:\AFM_STAGE\collect_20260303_105111_collect_forward\copy_manifest.csv
Metadata: C:\AFM_STAGE\collect_20260303_105111_collect_forward\run_metadata.json
Wrote manifest to C:\Users\Conor O'Brien\Dropbox\03_AML\00 IN-BOX\AFM Topo Particle processing OUT\PEGDA_SiNP\PEGDA1TPO25SiNP_Sam01_S2\particle_forward_flatten_p95\job_manifest.json with 55 files
Processing_mode: particle_count_align_flatten_p95
CSV_mode: particle_metrics_full
Files: 55
Output dir: C:\Users\Conor O'Brien\Dropbox\03_AML\00 IN-BOX\AFM Topo Particle processing OUT\PEGDA_SiNP\PEGDA1TPO25SiNP_Sam01_S2\particle_forward_flatten_p95
Output CSV: C:\Users\Conor O'Brien\Dropbox\03_AML\00 IN-BOX\AFM Topo Particle processing OUT\PEGDA_SiNP\PEGDA1TPO25SiNP_Sam01_S2\particle_forward_flatten_p95\summary.csv
Wrote summary CSV: C:\Users\Conor O'Brien\Dropbox\03_AML\00 IN-BOX\AFM Topo Particle processing OUT\PEGDA_SiNP\PEGDA1TPO25SiNP_Sam01_S2\particle_forward_flatten_p95\summary.csv
Wrote review CSV: C:\Users\Conor O'Brien\Dropbox\03_AML\00 IN-BOX\AFM Topo Particle processing OUT\PEGDA_SiNP\PEGDA1TPO25SiNP_Sam01_S2\particle_forward_flatten_p95\review\review.csv
C:\Users\Conor O'Brien\AppData\Local\Python\pythoncore-3.14-64\python.exe scripts/collect_files.py --config configs\TEST configs\Example configs\config.topo_particle_2jobs_masking.yaml --job collect_forward --input-root C:\Users\Conor O'Brien\Dropbox\03_AML\03 References and Materials\RAW DATA Files\AFM Scans\Particle Density for Fracture Surfaces Verification\100825-CRO\PEGDA1TPO25SiNP_Sam01_S2 --out-root C:/AFM_STAGE
C:\Users\Conor O'Brien\AppData\Local\Python\pythoncore-3.14-64\python.exe scripts/make_job_manifest.py --config configs\TEST configs\Example configs\config.topo_particle_2jobs_masking.yaml --input-root C:\AFM_STAGE\collect_20260303_105111_collect_forward\copied --output-dir C:\Users\Conor O'Brien\Dropbox\03_AML\00 IN-BOX\AFM Topo Particle processing OUT\PEGDA_SiNP\PEGDA1TPO25SiNP_Sam01_S2\particle_forward_flatten_p95 --processing-mode particle_count_align_flatten_p95 --csv-mode particle_metrics_full --out C:\Users\Conor O'Brien\Dropbox\03_AML\00 IN-BOX\AFM Topo Particle processing OUT\PEGDA_SiNP\PEGDA1TPO25SiNP_Sam01_S2\particle_forward_flatten_p95\job_manifest.json --pattern **/*Z Height*Forward*.tif;**/*Z Height*Forward*.tiff --profile flatten_p95
C:\Python27\python.exe scripts/run_pygwy_job.py --manifest C:\Users\Conor O'Brien\Dropbox\03_AML\00 IN-BOX\AFM Topo Particle processing OUT\PEGDA_SiNP\PEGDA1TPO25SiNP_Sam01_S2\particle_forward_flatten_p95\job_manifest.json
Done. Output dir: C:\Users\Conor O'Brien\Dropbox\03_AML\00 IN-BOX\AFM Topo Particle processing OUT\PEGDA_SiNP\PEGDA1TPO25SiNP_Sam01_S2\particle_forward_flatten_p95
Considered: 110
Matched: 55
Copied: 55 (dry_run=False)
Out dir: C:\AFM_STAGE\collect_20260303_105359_collect_forward
Copied root: C:\AFM_STAGE\collect_20260303_105359_collect_forward\copied
Manifest: C:\AFM_STAGE\collect_20260303_105359_collect_forward\copy_manifest.csv
Metadata: C:\AFM_STAGE\collect_20260303_105359_collect_forward\run_metadata.json
Wrote manifest to C:\Users\Conor O'Brien\Dropbox\03_AML\00 IN-BOX\AFM Topo Particle processing OUT\PEGDA_SiNP\PEGDA1TPO25SiNP_Sam01_S2\particle_forward_flatten_max_fixed0_p95\job_manifest.json with 55 files
Processing_mode: particle_count_align_flatten_max_fixed0_p95
CSV_mode: particle_metrics_full
Files: 55
Output dir: C:\Users\Conor O'Brien\Dropbox\03_AML\00 IN-BOX\AFM Topo Particle processing OUT\PEGDA_SiNP\PEGDA1TPO25SiNP_Sam01_S2\particle_forward_flatten_max_fixed0_p95
Output CSV: C:\Users\Conor O'Brien\Dropbox\03_AML\00 IN-BOX\AFM Topo Particle processing OUT\PEGDA_SiNP\PEGDA1TPO25SiNP_Sam01_S2\particle_forward_flatten_max_fixed0_p95\summary.csv
Wrote summary CSV: C:\Users\Conor O'Brien\Dropbox\03_AML\00 IN-BOX\AFM Topo Particle processing OUT\PEGDA_SiNP\PEGDA1TPO25SiNP_Sam01_S2\particle_forward_flatten_max_fixed0_p95\summary.csv
Wrote review CSV: C:\Users\Conor O'Brien\Dropbox\03_AML\00 IN-BOX\AFM Topo Particle processing OUT\PEGDA_SiNP\PEGDA1TPO25SiNP_Sam01_S2\particle_forward_flatten_max_fixed0_p95\review\review.csv
C:\Users\Conor O'Brien\AppData\Local\Python\pythoncore-3.14-64\python.exe scripts/collect_files.py --config configs\TEST configs\Example configs\config.topo_particle_2jobs_masking.yaml --job collect_forward --input-root C:\Users\Conor O'Brien\Dropbox\03_AML\03 References and Materials\RAW DATA Files\AFM Scans\Particle Density for Fracture Surfaces Verification\100825-CRO\PEGDA1TPO25SiNP_Sam01_S2 --out-root C:/AFM_STAGE
C:\Users\Conor O'Brien\AppData\Local\Python\pythoncore-3.14-64\python.exe scripts/make_job_manifest.py --config configs\TEST configs\Example configs\config.topo_particle_2jobs_masking.yaml --input-root C:\AFM_STAGE\collect_20260303_105359_collect_forward\copied --output-dir C:\Users\Conor O'Brien\Dropbox\03_AML\00 IN-BOX\AFM Topo Particle processing OUT\PEGDA_SiNP\PEGDA1TPO25SiNP_Sam01_S2\particle_forward_flatten_max_fixed0_p95 --processing-mode particle_count_align_flatten_max_fixed0_p95 --csv-mode particle_metrics_full --out C:\Users\Conor O'Brien\Dropbox\03_AML\00 IN-BOX\AFM Topo Particle processing OUT\PEGDA_SiNP\PEGDA1TPO25SiNP_Sam01_S2\particle_forward_flatten_max_fixed0_p95\job_manifest.json --pattern **/*Z Height*Forward*.tif;**/*Z Height*Forward*.tiff --profile flatten_max_fixed0_p95
C:\Python27\python.exe scripts/run_pygwy_job.py --manifest C:\Users\Conor O'Brien\Dropbox\03_AML\00 IN-BOX\AFM Topo Particle processing OUT\PEGDA_SiNP\PEGDA1TPO25SiNP_Sam01_S2\particle_forward_flatten_max_fixed0_p95\job_manifest.json
Done. Output dir: C:\Users\Conor O'Brien\Dropbox\03_AML\00 IN-BOX\AFM Topo Particle processing OUT\PEGDA_SiNP\PEGDA1TPO25SiNP_Sam01_S2\particle_forward_flatten_max_fixed0_p95
Considered: 176
Matched: 88
Copied: 88 (dry_run=False)
Out dir: C:\AFM_STAGE\collect_20260303_105647_collect_forward
Copied root: C:\AFM_STAGE\collect_20260303_105647_collect_forward\copied
Manifest: C:\AFM_STAGE\collect_20260303_105647_collect_forward\copy_manifest.csv
Metadata: C:\AFM_STAGE\collect_20260303_105647_collect_forward\run_metadata.json
Wrote manifest to C:\Users\Conor O'Brien\Dropbox\03_AML\00 IN-BOX\AFM Topo Particle processing OUT\PEGDA_SiNP\PEGDA1TPO10SiNP_Sa1_Si1-\particle_forward_medianbg_mean\job_manifest.json with 88 files
Processing_mode: particle_count_align_medianbg_mean
CSV_mode: particle_metrics_full
Files: 88
Output dir: C:\Users\Conor O'Brien\Dropbox\03_AML\00 IN-BOX\AFM Topo Particle processing OUT\PEGDA_SiNP\PEGDA1TPO10SiNP_Sa1_Si1-\particle_forward_medianbg_mean
Output CSV: C:\Users\Conor O'Brien\Dropbox\03_AML\00 IN-BOX\AFM Topo Particle processing OUT\PEGDA_SiNP\PEGDA1TPO10SiNP_Sa1_Si1-\particle_forward_medianbg_mean\summary.csv
Wrote summary CSV: C:\Users\Conor O'Brien\Dropbox\03_AML\00 IN-BOX\AFM Topo Particle processing OUT\PEGDA_SiNP\PEGDA1TPO10SiNP_Sa1_Si1-\particle_forward_medianbg_mean\summary.csv
Wrote review CSV: C:\Users\Conor O'Brien\Dropbox\03_AML\00 IN-BOX\AFM Topo Particle processing OUT\PEGDA_SiNP\PEGDA1TPO10SiNP_Sa1_Si1-\particle_forward_medianbg_mean\review\review.csv
C:\Users\Conor O'Brien\AppData\Local\Python\pythoncore-3.14-64\python.exe scripts/collect_files.py --config configs\TEST configs\Example configs\config.topo_particle_2jobs_masking.yaml --job collect_forward --input-root C:\Users\Conor O'Brien\Dropbox\03_AML\03 References and Materials\RAW DATA Files\AFM Scans\Particle Density for Fracture Surfaces Verification\092525-CRO\Data\PEGDA1TPO10SiNP_Sa1_Si1- --out-root C:/AFM_STAGE
C:\Users\Conor O'Brien\AppData\Local\Python\pythoncore-3.14-64\python.exe scripts/make_job_manifest.py --config configs\TEST configs\Example configs\config.topo_particle_2jobs_masking.yaml --input-root C:\AFM_STAGE\collect_20260303_105647_collect_forward\copied --output-dir C:\Users\Conor O'Brien\Dropbox\03_AML\00 IN-BOX\AFM Topo Particle processing OUT\PEGDA_SiNP\PEGDA1TPO10SiNP_Sa1_Si1-\particle_forward_medianbg_mean --processing-mode particle_count_align_medianbg_mean --csv-mode particle_metrics_full --out C:\Users\Conor O'Brien\Dropbox\03_AML\00 IN-BOX\AFM Topo Particle processing OUT\PEGDA_SiNP\PEGDA1TPO10SiNP_Sa1_Si1-\particle_forward_medianbg_mean\job_manifest.json --pattern **/*Z Height*Forward*.tif;**/*Z Height*Forward*.tiff --profile medianbg_mean
C:\Python27\python.exe scripts/run_pygwy_job.py --manifest C:\Users\Conor O'Brien\Dropbox\03_AML\00 IN-BOX\AFM Topo Particle processing OUT\PEGDA_SiNP\PEGDA1TPO10SiNP_Sa1_Si1-\particle_forward_medianbg_mean\job_manifest.json
Done. Output dir: C:\Users\Conor O'Brien\Dropbox\03_AML\00 IN-BOX\AFM Topo Particle processing OUT\PEGDA_SiNP\PEGDA1TPO10SiNP_Sa1_Si1-\particle_forward_medianbg_mean
Considered: 176
Matched: 88
Copied: 88 (dry_run=False)
Out dir: C:\AFM_STAGE\collect_20260303_105925_collect_forward
Copied root: C:\AFM_STAGE\collect_20260303_105925_collect_forward\copied
Manifest: C:\AFM_STAGE\collect_20260303_105925_collect_forward\copy_manifest.csv
Metadata: C:\AFM_STAGE\collect_20260303_105925_collect_forward\run_metadata.json
Wrote manifest to C:\Users\Conor O'Brien\Dropbox\03_AML\00 IN-BOX\AFM Topo Particle processing OUT\PEGDA_SiNP\PEGDA1TPO10SiNP_Sa1_Si1-\particle_forward_medianbg_fixed0\job_manifest.json with 88 files
Processing_mode: particle_count_align_medianbg_fixed0
CSV_mode: particle_metrics_full
Files: 88
Output dir: C:\Users\Conor O'Brien\Dropbox\03_AML\00 IN-BOX\AFM Topo Particle processing OUT\PEGDA_SiNP\PEGDA1TPO10SiNP_Sa1_Si1-\particle_forward_medianbg_fixed0
Output CSV: C:\Users\Conor O'Brien\Dropbox\03_AML\00 IN-BOX\AFM Topo Particle processing OUT\PEGDA_SiNP\PEGDA1TPO10SiNP_Sa1_Si1-\particle_forward_medianbg_fixed0\summary.csv
Wrote summary CSV: C:\Users\Conor O'Brien\Dropbox\03_AML\00 IN-BOX\AFM Topo Particle processing OUT\PEGDA_SiNP\PEGDA1TPO10SiNP_Sa1_Si1-\particle_forward_medianbg_fixed0\summary.csv
Wrote review CSV: C:\Users\Conor O'Brien\Dropbox\03_AML\00 IN-BOX\AFM Topo Particle processing OUT\PEGDA_SiNP\PEGDA1TPO10SiNP_Sa1_Si1-\particle_forward_medianbg_fixed0\review\review.csv
C:\Users\Conor O'Brien\AppData\Local\Python\pythoncore-3.14-64\python.exe scripts/collect_files.py --config configs\TEST configs\Example configs\config.topo_particle_2jobs_masking.yaml --job collect_forward --input-root C:\Users\Conor O'Brien\Dropbox\03_AML\03 References and Materials\RAW DATA Files\AFM Scans\Particle Density for Fracture Surfaces Verification\092525-CRO\Data\PEGDA1TPO10SiNP_Sa1_Si1- --out-root C:/AFM_STAGE
C:\Users\Conor O'Brien\AppData\Local\Python\pythoncore-3.14-64\python.exe scripts/make_job_manifest.py --config configs\TEST configs\Example configs\config.topo_particle_2jobs_masking.yaml --input-root C:\AFM_STAGE\collect_20260303_105925_collect_forward\copied --output-dir C:\Users\Conor O'Brien\Dropbox\03_AML\00 IN-BOX\AFM Topo Particle processing OUT\PEGDA_SiNP\PEGDA1TPO10SiNP_Sa1_Si1-\particle_forward_medianbg_fixed0 --processing-mode particle_count_align_medianbg_fixed0 --csv-mode particle_metrics_full --out C:\Users\Conor O'Brien\Dropbox\03_AML\00 IN-BOX\AFM Topo Particle processing OUT\PEGDA_SiNP\PEGDA1TPO10SiNP_Sa1_Si1-\particle_forward_medianbg_fixed0\job_manifest.json --pattern **/*Z Height*Forward*.tif;**/*Z Height*Forward*.tiff --profile medianbg_fixed0
C:\Python27\python.exe scripts/run_pygwy_job.py --manifest C:\Users\Conor O'Brien\Dropbox\03_AML\00 IN-BOX\AFM Topo Particle processing OUT\PEGDA_SiNP\PEGDA1TPO10SiNP_Sa1_Si1-\particle_forward_medianbg_fixed0\job_manifest.json
Done. Output dir: C:\Users\Conor O'Brien\Dropbox\03_AML\00 IN-BOX\AFM Topo Particle processing OUT\PEGDA_SiNP\PEGDA1TPO10SiNP_Sa1_Si1-\particle_forward_medianbg_fixed0
Considered: 176
Matched: 88
Copied: 88 (dry_run=False)
Out dir: C:\AFM_STAGE\collect_20260303_110202_collect_forward
Copied root: C:\AFM_STAGE\collect_20260303_110202_collect_forward\copied
Manifest: C:\AFM_STAGE\collect_20260303_110202_collect_forward\copy_manifest.csv
Metadata: C:\AFM_STAGE\collect_20260303_110202_collect_forward\run_metadata.json
Wrote manifest to C:\Users\Conor O'Brien\Dropbox\03_AML\00 IN-BOX\AFM Topo Particle processing OUT\PEGDA_SiNP\PEGDA1TPO10SiNP_Sa1_Si1-\particle_forward_medianbg_p95\job_manifest.json with 88 files
Processing_mode: particle_count_align_medianbg_p95
CSV_mode: particle_metrics_full
Files: 88
Output dir: C:\Users\Conor O'Brien\Dropbox\03_AML\00 IN-BOX\AFM Topo Particle processing OUT\PEGDA_SiNP\PEGDA1TPO10SiNP_Sa1_Si1-\particle_forward_medianbg_p95
Output CSV: C:\Users\Conor O'Brien\Dropbox\03_AML\00 IN-BOX\AFM Topo Particle processing OUT\PEGDA_SiNP\PEGDA1TPO10SiNP_Sa1_Si1-\particle_forward_medianbg_p95\summary.csv
Wrote summary CSV: C:\Users\Conor O'Brien\Dropbox\03_AML\00 IN-BOX\AFM Topo Particle processing OUT\PEGDA_SiNP\PEGDA1TPO10SiNP_Sa1_Si1-\particle_forward_medianbg_p95\summary.csv
Wrote review CSV: C:\Users\Conor O'Brien\Dropbox\03_AML\00 IN-BOX\AFM Topo Particle processing OUT\PEGDA_SiNP\PEGDA1TPO10SiNP_Sa1_Si1-\particle_forward_medianbg_p95\review\review.csv
C:\Users\Conor O'Brien\AppData\Local\Python\pythoncore-3.14-64\python.exe scripts/collect_files.py --config configs\TEST configs\Example configs\config.topo_particle_2jobs_masking.yaml --job collect_forward --input-root C:\Users\Conor O'Brien\Dropbox\03_AML\03 References and Materials\RAW DATA Files\AFM Scans\Particle Density for Fracture Surfaces Verification\092525-CRO\Data\PEGDA1TPO10SiNP_Sa1_Si1- --out-root C:/AFM_STAGE
C:\Users\Conor O'Brien\AppData\Local\Python\pythoncore-3.14-64\python.exe scripts/make_job_manifest.py --config configs\TEST configs\Example configs\config.topo_particle_2jobs_masking.yaml --input-root C:\AFM_STAGE\collect_20260303_110202_collect_forward\copied --output-dir C:\Users\Conor O'Brien\Dropbox\03_AML\00 IN-BOX\AFM Topo Particle processing OUT\PEGDA_SiNP\PEGDA1TPO10SiNP_Sa1_Si1-\particle_forward_medianbg_p95 --processing-mode particle_count_align_medianbg_p95 --csv-mode particle_metrics_full --out C:\Users\Conor O'Brien\Dropbox\03_AML\00 IN-BOX\AFM Topo Particle processing OUT\PEGDA_SiNP\PEGDA1TPO10SiNP_Sa1_Si1-\particle_forward_medianbg_p95\job_manifest.json --pattern **/*Z Height*Forward*.tif;**/*Z Height*Forward*.tiff --profile medianbg_p95
C:\Python27\python.exe scripts/run_pygwy_job.py --manifest C:\Users\Conor O'Brien\Dropbox\03_AML\00 IN-BOX\AFM Topo Particle processing OUT\PEGDA_SiNP\PEGDA1TPO10SiNP_Sa1_Si1-\particle_forward_medianbg_p95\job_manifest.json
Done. Output dir: C:\Users\Conor O'Brien\Dropbox\03_AML\00 IN-BOX\AFM Topo Particle processing OUT\PEGDA_SiNP\PEGDA1TPO10SiNP_Sa1_Si1-\particle_forward_medianbg_p95
Considered: 176
Matched: 88
Copied: 88 (dry_run=False)
Out dir: C:\AFM_STAGE\collect_20260303_110557_collect_forward
Copied root: C:\AFM_STAGE\collect_20260303_110557_collect_forward\copied
Manifest: C:\AFM_STAGE\collect_20260303_110557_collect_forward\copy_manifest.csv
Metadata: C:\AFM_STAGE\collect_20260303_110557_collect_forward\run_metadata.json
Wrote manifest to C:\Users\Conor O'Brien\Dropbox\03_AML\00 IN-BOX\AFM Topo Particle processing OUT\PEGDA_SiNP\PEGDA1TPO10SiNP_Sa1_Si1-\particle_forward_medianbg_max_fixed0_p95\job_manifest.json with 88 files
Processing_mode: particle_count_align_medianbg_max_fixed0_p95
CSV_mode: particle_metrics_full
Files: 88
Output dir: C:\Users\Conor O'Brien\Dropbox\03_AML\00 IN-BOX\AFM Topo Particle processing OUT\PEGDA_SiNP\PEGDA1TPO10SiNP_Sa1_Si1-\particle_forward_medianbg_max_fixed0_p95
Output CSV: C:\Users\Conor O'Brien\Dropbox\03_AML\00 IN-BOX\AFM Topo Particle processing OUT\PEGDA_SiNP\PEGDA1TPO10SiNP_Sa1_Si1-\particle_forward_medianbg_max_fixed0_p95\summary.csv
Wrote summary CSV: C:\Users\Conor O'Brien\Dropbox\03_AML\00 IN-BOX\AFM Topo Particle processing OUT\PEGDA_SiNP\PEGDA1TPO10SiNP_Sa1_Si1-\particle_forward_medianbg_max_fixed0_p95\summary.csv
Wrote review CSV: C:\Users\Conor O'Brien\Dropbox\03_AML\00 IN-BOX\AFM Topo Particle processing OUT\PEGDA_SiNP\PEGDA1TPO10SiNP_Sa1_Si1-\particle_forward_medianbg_max_fixed0_p95\review\review.csv
C:\Users\Conor O'Brien\AppData\Local\Python\pythoncore-3.14-64\python.exe scripts/collect_files.py --config configs\TEST configs\Example configs\config.topo_particle_2jobs_masking.yaml --job collect_forward --input-root C:\Users\Conor O'Brien\Dropbox\03_AML\03 References and Materials\RAW DATA Files\AFM Scans\Particle Density for Fracture Surfaces Verification\092525-CRO\Data\PEGDA1TPO10SiNP_Sa1_Si1- --out-root C:/AFM_STAGE
C:\Users\Conor O'Brien\AppData\Local\Python\pythoncore-3.14-64\python.exe scripts/make_job_manifest.py --config configs\TEST configs\Example configs\config.topo_particle_2jobs_masking.yaml --input-root C:\AFM_STAGE\collect_20260303_110557_collect_forward\copied --output-dir C:\Users\Conor O'Brien\Dropbox\03_AML\00 IN-BOX\AFM Topo Particle processing OUT\PEGDA_SiNP\PEGDA1TPO10SiNP_Sa1_Si1-\particle_forward_medianbg_max_fixed0_p95 --processing-mode particle_count_align_medianbg_max_fixed0_p95 --csv-mode particle_metrics_full --out C:\Users\Conor O'Brien\Dropbox\03_AML\00 IN-BOX\AFM Topo Particle processing OUT\PEGDA_SiNP\PEGDA1TPO10SiNP_Sa1_Si1-\particle_forward_medianbg_max_fixed0_p95\job_manifest.json --pattern **/*Z Height*Forward*.tif;**/*Z Height*Forward*.tiff --profile medianbg_max_fixed0_p95
C:\Python27\python.exe scripts/run_pygwy_job.py --manifest C:\Users\Conor O'Brien\Dropbox\03_AML\00 IN-BOX\AFM Topo Particle processing OUT\PEGDA_SiNP\PEGDA1TPO10SiNP_Sa1_Si1-\particle_forward_medianbg_max_fixed0_p95\job_manifest.json
Done. Output dir: C:\Users\Conor O'Brien\Dropbox\03_AML\00 IN-BOX\AFM Topo Particle processing OUT\PEGDA_SiNP\PEGDA1TPO10SiNP_Sa1_Si1-\particle_forward_medianbg_max_fixed0_p95
Considered: 176
Matched: 88
Copied: 88 (dry_run=False)
Out dir: C:\AFM_STAGE\collect_20260303_110949_collect_forward
Copied root: C:\AFM_STAGE\collect_20260303_110949_collect_forward\copied
Manifest: C:\AFM_STAGE\collect_20260303_110949_collect_forward\copy_manifest.csv
Metadata: C:\AFM_STAGE\collect_20260303_110949_collect_forward\run_metadata.json
Wrote manifest to C:\Users\Conor O'Brien\Dropbox\03_AML\00 IN-BOX\AFM Topo Particle processing OUT\PEGDA_SiNP\PEGDA1TPO10SiNP_Sa1_Si1-\particle_forward_flatten_mean\job_manifest.json with 88 files
Processing_mode: particle_count_align_flatten_mean
CSV_mode: particle_metrics_full
Files: 88
Output dir: C:\Users\Conor O'Brien\Dropbox\03_AML\00 IN-BOX\AFM Topo Particle processing OUT\PEGDA_SiNP\PEGDA1TPO10SiNP_Sa1_Si1-\particle_forward_flatten_mean
Output CSV: C:\Users\Conor O'Brien\Dropbox\03_AML\00 IN-BOX\AFM Topo Particle processing OUT\PEGDA_SiNP\PEGDA1TPO10SiNP_Sa1_Si1-\particle_forward_flatten_mean\summary.csv
Wrote summary CSV: C:\Users\Conor O'Brien\Dropbox\03_AML\00 IN-BOX\AFM Topo Particle processing OUT\PEGDA_SiNP\PEGDA1TPO10SiNP_Sa1_Si1-\particle_forward_flatten_mean\summary.csv
Wrote review CSV: C:\Users\Conor O'Brien\Dropbox\03_AML\00 IN-BOX\AFM Topo Particle processing OUT\PEGDA_SiNP\PEGDA1TPO10SiNP_Sa1_Si1-\particle_forward_flatten_mean\review\review.csv
C:\Users\Conor O'Brien\AppData\Local\Python\pythoncore-3.14-64\python.exe scripts/collect_files.py --config configs\TEST configs\Example configs\config.topo_particle_2jobs_masking.yaml --job collect_forward --input-root C:\Users\Conor O'Brien\Dropbox\03_AML\03 References and Materials\RAW DATA Files\AFM Scans\Particle Density for Fracture Surfaces Verification\092525-CRO\Data\PEGDA1TPO10SiNP_Sa1_Si1- --out-root C:/AFM_STAGE
C:\Users\Conor O'Brien\AppData\Local\Python\pythoncore-3.14-64\python.exe scripts/make_job_manifest.py --config configs\TEST configs\Example configs\config.topo_particle_2jobs_masking.yaml --input-root C:\AFM_STAGE\collect_20260303_110949_collect_forward\copied --output-dir C:\Users\Conor O'Brien\Dropbox\03_AML\00 IN-BOX\AFM Topo Particle processing OUT\PEGDA_SiNP\PEGDA1TPO10SiNP_Sa1_Si1-\particle_forward_flatten_mean --processing-mode particle_count_align_flatten_mean --csv-mode particle_metrics_full --out C:\Users\Conor O'Brien\Dropbox\03_AML\00 IN-BOX\AFM Topo Particle processing OUT\PEGDA_SiNP\PEGDA1TPO10SiNP_Sa1_Si1-\particle_forward_flatten_mean\job_manifest.json --pattern **/*Z Height*Forward*.tif;**/*Z Height*Forward*.tiff --profile flatten_mean
C:\Python27\python.exe scripts/run_pygwy_job.py --manifest C:\Users\Conor O'Brien\Dropbox\03_AML\00 IN-BOX\AFM Topo Particle processing OUT\PEGDA_SiNP\PEGDA1TPO10SiNP_Sa1_Si1-\particle_forward_flatten_mean\job_manifest.json
Done. Output dir: C:\Users\Conor O'Brien\Dropbox\03_AML\00 IN-BOX\AFM Topo Particle processing OUT\PEGDA_SiNP\PEGDA1TPO10SiNP_Sa1_Si1-\particle_forward_flatten_mean
Considered: 176
Matched: 88
Copied: 88 (dry_run=False)
Out dir: C:\AFM_STAGE\collect_20260303_111301_collect_forward
Copied root: C:\AFM_STAGE\collect_20260303_111301_collect_forward\copied
Manifest: C:\AFM_STAGE\collect_20260303_111301_collect_forward\copy_manifest.csv
Metadata: C:\AFM_STAGE\collect_20260303_111301_collect_forward\run_metadata.json
Wrote manifest to C:\Users\Conor O'Brien\Dropbox\03_AML\00 IN-BOX\AFM Topo Particle processing OUT\PEGDA_SiNP\PEGDA1TPO10SiNP_Sa1_Si1-\particle_forward_flatten_fixed0\job_manifest.json with 88 files
Processing_mode: particle_count_align_flatten_fixed0
CSV_mode: particle_metrics_full
Files: 88
Output dir: C:\Users\Conor O'Brien\Dropbox\03_AML\00 IN-BOX\AFM Topo Particle processing OUT\PEGDA_SiNP\PEGDA1TPO10SiNP_Sa1_Si1-\particle_forward_flatten_fixed0
Output CSV: C:\Users\Conor O'Brien\Dropbox\03_AML\00 IN-BOX\AFM Topo Particle processing OUT\PEGDA_SiNP\PEGDA1TPO10SiNP_Sa1_Si1-\particle_forward_flatten_fixed0\summary.csv
Wrote summary CSV: C:\Users\Conor O'Brien\Dropbox\03_AML\00 IN-BOX\AFM Topo Particle processing OUT\PEGDA_SiNP\PEGDA1TPO10SiNP_Sa1_Si1-\particle_forward_flatten_fixed0\summary.csv
Wrote review CSV: C:\Users\Conor O'Brien\Dropbox\03_AML\00 IN-BOX\AFM Topo Particle processing OUT\PEGDA_SiNP\PEGDA1TPO10SiNP_Sa1_Si1-\particle_forward_flatten_fixed0\review\review.csv
C:\Users\Conor O'Brien\AppData\Local\Python\pythoncore-3.14-64\python.exe scripts/collect_files.py --config configs\TEST configs\Example configs\config.topo_particle_2jobs_masking.yaml --job collect_forward --input-root C:\Users\Conor O'Brien\Dropbox\03_AML\03 References and Materials\RAW DATA Files\AFM Scans\Particle Density for Fracture Surfaces Verification\092525-CRO\Data\PEGDA1TPO10SiNP_Sa1_Si1- --out-root C:/AFM_STAGE
C:\Users\Conor O'Brien\AppData\Local\Python\pythoncore-3.14-64\python.exe scripts/make_job_manifest.py --config configs\TEST configs\Example configs\config.topo_particle_2jobs_masking.yaml --input-root C:\AFM_STAGE\collect_20260303_111301_collect_forward\copied --output-dir C:\Users\Conor O'Brien\Dropbox\03_AML\00 IN-BOX\AFM Topo Particle processing OUT\PEGDA_SiNP\PEGDA1TPO10SiNP_Sa1_Si1-\particle_forward_flatten_fixed0 --processing-mode particle_count_align_flatten_fixed0 --csv-mode particle_metrics_full --out C:\Users\Conor O'Brien\Dropbox\03_AML\00 IN-BOX\AFM Topo Particle processing OUT\PEGDA_SiNP\PEGDA1TPO10SiNP_Sa1_Si1-\particle_forward_flatten_fixed0\job_manifest.json --pattern **/*Z Height*Forward*.tif;**/*Z Height*Forward*.tiff --profile flatten_fixed0
C:\Python27\python.exe scripts/run_pygwy_job.py --manifest C:\Users\Conor O'Brien\Dropbox\03_AML\00 IN-BOX\AFM Topo Particle processing OUT\PEGDA_SiNP\PEGDA1TPO10SiNP_Sa1_Si1-\particle_forward_flatten_fixed0\job_manifest.json
Done. Output dir: C:\Users\Conor O'Brien\Dropbox\03_AML\00 IN-BOX\AFM Topo Particle processing OUT\PEGDA_SiNP\PEGDA1TPO10SiNP_Sa1_Si1-\particle_forward_flatten_fixed0
Considered: 176
Matched: 88
Copied: 88 (dry_run=False)
Out dir: C:\AFM_STAGE\collect_20260303_111614_collect_forward
Copied root: C:\AFM_STAGE\collect_20260303_111614_collect_forward\copied
Manifest: C:\AFM_STAGE\collect_20260303_111614_collect_forward\copy_manifest.csv
Metadata: C:\AFM_STAGE\collect_20260303_111614_collect_forward\run_metadata.json
Wrote manifest to C:\Users\Conor O'Brien\Dropbox\03_AML\00 IN-BOX\AFM Topo Particle processing OUT\PEGDA_SiNP\PEGDA1TPO10SiNP_Sa1_Si1-\particle_forward_flatten_p95\job_manifest.json with 88 files
Processing_mode: particle_count_align_flatten_p95
CSV_mode: particle_metrics_full
Files: 88
Output dir: C:\Users\Conor O'Brien\Dropbox\03_AML\00 IN-BOX\AFM Topo Particle processing OUT\PEGDA_SiNP\PEGDA1TPO10SiNP_Sa1_Si1-\particle_forward_flatten_p95
Output CSV: C:\Users\Conor O'Brien\Dropbox\03_AML\00 IN-BOX\AFM Topo Particle processing OUT\PEGDA_SiNP\PEGDA1TPO10SiNP_Sa1_Si1-\particle_forward_flatten_p95\summary.csv
Wrote summary CSV: C:\Users\Conor O'Brien\Dropbox\03_AML\00 IN-BOX\AFM Topo Particle processing OUT\PEGDA_SiNP\PEGDA1TPO10SiNP_Sa1_Si1-\particle_forward_flatten_p95\summary.csv
Wrote review CSV: C:\Users\Conor O'Brien\Dropbox\03_AML\00 IN-BOX\AFM Topo Particle processing OUT\PEGDA_SiNP\PEGDA1TPO10SiNP_Sa1_Si1-\particle_forward_flatten_p95\review\review.csv
C:\Users\Conor O'Brien\AppData\Local\Python\pythoncore-3.14-64\python.exe scripts/collect_files.py --config configs\TEST configs\Example configs\config.topo_particle_2jobs_masking.yaml --job collect_forward --input-root C:\Users\Conor O'Brien\Dropbox\03_AML\03 References and Materials\RAW DATA Files\AFM Scans\Particle Density for Fracture Surfaces Verification\092525-CRO\Data\PEGDA1TPO10SiNP_Sa1_Si1- --out-root C:/AFM_STAGE
C:\Users\Conor O'Brien\AppData\Local\Python\pythoncore-3.14-64\python.exe scripts/make_job_manifest.py --config configs\TEST configs\Example configs\config.topo_particle_2jobs_masking.yaml --input-root C:\AFM_STAGE\collect_20260303_111614_collect_forward\copied --output-dir C:\Users\Conor O'Brien\Dropbox\03_AML\00 IN-BOX\AFM Topo Particle processing OUT\PEGDA_SiNP\PEGDA1TPO10SiNP_Sa1_Si1-\particle_forward_flatten_p95 --processing-mode particle_count_align_flatten_p95 --csv-mode particle_metrics_full --out C:\Users\Conor O'Brien\Dropbox\03_AML\00 IN-BOX\AFM Topo Particle processing OUT\PEGDA_SiNP\PEGDA1TPO10SiNP_Sa1_Si1-\particle_forward_flatten_p95\job_manifest.json --pattern **/*Z Height*Forward*.tif;**/*Z Height*Forward*.tiff --profile flatten_p95
C:\Python27\python.exe scripts/run_pygwy_job.py --manifest C:\Users\Conor O'Brien\Dropbox\03_AML\00 IN-BOX\AFM Topo Particle processing OUT\PEGDA_SiNP\PEGDA1TPO10SiNP_Sa1_Si1-\particle_forward_flatten_p95\job_manifest.json
Done. Output dir: C:\Users\Conor O'Brien\Dropbox\03_AML\00 IN-BOX\AFM Topo Particle processing OUT\PEGDA_SiNP\PEGDA1TPO10SiNP_Sa1_Si1-\particle_forward_flatten_p95
Considered: 176
Matched: 88
Copied: 88 (dry_run=False)
Out dir: C:\AFM_STAGE\collect_20260303_112047_collect_forward
Copied root: C:\AFM_STAGE\collect_20260303_112047_collect_forward\copied
Manifest: C:\AFM_STAGE\collect_20260303_112047_collect_forward\copy_manifest.csv
Metadata: C:\AFM_STAGE\collect_20260303_112047_collect_forward\run_metadata.json
Wrote manifest to C:\Users\Conor O'Brien\Dropbox\03_AML\00 IN-BOX\AFM Topo Particle processing OUT\PEGDA_SiNP\PEGDA1TPO10SiNP_Sa1_Si1-\particle_forward_flatten_max_fixed0_p95\job_manifest.json with 88 files
Processing_mode: particle_count_align_flatten_max_fixed0_p95
CSV_mode: particle_metrics_full
Files: 88
Output dir: C:\Users\Conor O'Brien\Dropbox\03_AML\00 IN-BOX\AFM Topo Particle processing OUT\PEGDA_SiNP\PEGDA1TPO10SiNP_Sa1_Si1-\particle_forward_flatten_max_fixed0_p95
Output CSV: C:\Users\Conor O'Brien\Dropbox\03_AML\00 IN-BOX\AFM Topo Particle processing OUT\PEGDA_SiNP\PEGDA1TPO10SiNP_Sa1_Si1-\particle_forward_flatten_max_fixed0_p95\summary.csv
Wrote summary CSV: C:\Users\Conor O'Brien\Dropbox\03_AML\00 IN-BOX\AFM Topo Particle processing OUT\PEGDA_SiNP\PEGDA1TPO10SiNP_Sa1_Si1-\particle_forward_flatten_max_fixed0_p95\summary.csv
Wrote review CSV: C:\Users\Conor O'Brien\Dropbox\03_AML\00 IN-BOX\AFM Topo Particle processing OUT\PEGDA_SiNP\PEGDA1TPO10SiNP_Sa1_Si1-\particle_forward_flatten_max_fixed0_p95\review\review.csv
C:\Users\Conor O'Brien\AppData\Local\Python\pythoncore-3.14-64\python.exe scripts/collect_files.py --config configs\TEST configs\Example configs\config.topo_particle_2jobs_masking.yaml --job collect_forward --input-root C:\Users\Conor O'Brien\Dropbox\03_AML\03 References and Materials\RAW DATA Files\AFM Scans\Particle Density for Fracture Surfaces Verification\092525-CRO\Data\PEGDA1TPO10SiNP_Sa1_Si1- --out-root C:/AFM_STAGE
C:\Users\Conor O'Brien\AppData\Local\Python\pythoncore-3.14-64\python.exe scripts/make_job_manifest.py --config configs\TEST configs\Example configs\config.topo_particle_2jobs_masking.yaml --input-root C:\AFM_STAGE\collect_20260303_112047_collect_forward\copied --output-dir C:\Users\Conor O'Brien\Dropbox\03_AML\00 IN-BOX\AFM Topo Particle processing OUT\PEGDA_SiNP\PEGDA1TPO10SiNP_Sa1_Si1-\particle_forward_flatten_max_fixed0_p95 --processing-mode particle_count_align_flatten_max_fixed0_p95 --csv-mode particle_metrics_full --out C:\Users\Conor O'Brien\Dropbox\03_AML\00 IN-BOX\AFM Topo Particle processing OUT\PEGDA_SiNP\PEGDA1TPO10SiNP_Sa1_Si1-\particle_forward_flatten_max_fixed0_p95\job_manifest.json --pattern **/*Z Height*Forward*.tif;**/*Z Height*Forward*.tiff --profile flatten_max_fixed0_p95
C:\Python27\python.exe scripts/run_pygwy_job.py --manifest C:\Users\Conor O'Brien\Dropbox\03_AML\00 IN-BOX\AFM Topo Particle processing OUT\PEGDA_SiNP\PEGDA1TPO10SiNP_Sa1_Si1-\particle_forward_flatten_max_fixed0_p95\job_manifest.json
Done. Output dir: C:\Users\Conor O'Brien\Dropbox\03_AML\00 IN-BOX\AFM Topo Particle processing OUT\PEGDA_SiNP\PEGDA1TPO10SiNP_Sa1_Si1-\particle_forward_flatten_max_fixed0_p95
Considered: 198
Matched: 99
Copied: 99 (dry_run=False)
Out dir: C:\AFM_STAGE\collect_20260303_112513_collect_forward
Copied root: C:\AFM_STAGE\collect_20260303_112513_collect_forward\copied
Manifest: C:\AFM_STAGE\collect_20260303_112513_collect_forward\copy_manifest.csv
Metadata: C:\AFM_STAGE\collect_20260303_112513_collect_forward\run_metadata.json
Wrote manifest to C:\Users\Conor O'Brien\Dropbox\03_AML\00 IN-BOX\AFM Topo Particle processing OUT\PEGDA_SiNP\PEGDA1TPO10SiNP_Sa1_Si2\particle_forward_medianbg_mean\job_manifest.json with 99 files
Processing_mode: particle_count_align_medianbg_mean
CSV_mode: particle_metrics_full
Files: 99
Output dir: C:\Users\Conor O'Brien\Dropbox\03_AML\00 IN-BOX\AFM Topo Particle processing OUT\PEGDA_SiNP\PEGDA1TPO10SiNP_Sa1_Si2\particle_forward_medianbg_mean
Output CSV: C:\Users\Conor O'Brien\Dropbox\03_AML\00 IN-BOX\AFM Topo Particle processing OUT\PEGDA_SiNP\PEGDA1TPO10SiNP_Sa1_Si2\particle_forward_medianbg_mean\summary.csv
Wrote summary CSV: C:\Users\Conor O'Brien\Dropbox\03_AML\00 IN-BOX\AFM Topo Particle processing OUT\PEGDA_SiNP\PEGDA1TPO10SiNP_Sa1_Si2\particle_forward_medianbg_mean\summary.csv
Wrote review CSV: C:\Users\Conor O'Brien\Dropbox\03_AML\00 IN-BOX\AFM Topo Particle processing OUT\PEGDA_SiNP\PEGDA1TPO10SiNP_Sa1_Si2\particle_forward_medianbg_mean\review\review.csv
C:\Users\Conor O'Brien\AppData\Local\Python\pythoncore-3.14-64\python.exe scripts/collect_files.py --config configs\TEST configs\Example configs\config.topo_particle_2jobs_masking.yaml --job collect_forward --input-root C:\Users\Conor O'Brien\Dropbox\03_AML\03 References and Materials\RAW DATA Files\AFM Scans\Particle Density for Fracture Surfaces Verification\092925-CRO\Data\PEGDA1TPO10SiNP_Sa1_Si2 --out-root C:/AFM_STAGE
C:\Users\Conor O'Brien\AppData\Local\Python\pythoncore-3.14-64\python.exe scripts/make_job_manifest.py --config configs\TEST configs\Example configs\config.topo_particle_2jobs_masking.yaml --input-root C:\AFM_STAGE\collect_20260303_112513_collect_forward\copied --output-dir C:\Users\Conor O'Brien\Dropbox\03_AML\00 IN-BOX\AFM Topo Particle processing OUT\PEGDA_SiNP\PEGDA1TPO10SiNP_Sa1_Si2\particle_forward_medianbg_mean --processing-mode particle_count_align_medianbg_mean --csv-mode particle_metrics_full --out C:\Users\Conor O'Brien\Dropbox\03_AML\00 IN-BOX\AFM Topo Particle processing OUT\PEGDA_SiNP\PEGDA1TPO10SiNP_Sa1_Si2\particle_forward_medianbg_mean\job_manifest.json --pattern **/*Z Height*Forward*.tif;**/*Z Height*Forward*.tiff --profile medianbg_mean
C:\Python27\python.exe scripts/run_pygwy_job.py --manifest C:\Users\Conor O'Brien\Dropbox\03_AML\00 IN-BOX\AFM Topo Particle processing OUT\PEGDA_SiNP\PEGDA1TPO10SiNP_Sa1_Si2\particle_forward_medianbg_mean\job_manifest.json
Done. Output dir: C:\Users\Conor O'Brien\Dropbox\03_AML\00 IN-BOX\AFM Topo Particle processing OUT\PEGDA_SiNP\PEGDA1TPO10SiNP_Sa1_Si2\particle_forward_medianbg_mean
Considered: 198
Matched: 99
Copied: 99 (dry_run=False)
Out dir: C:\AFM_STAGE\collect_20260303_112747_collect_forward
Copied root: C:\AFM_STAGE\collect_20260303_112747_collect_forward\copied
Manifest: C:\AFM_STAGE\collect_20260303_112747_collect_forward\copy_manifest.csv
Metadata: C:\AFM_STAGE\collect_20260303_112747_collect_forward\run_metadata.json
Wrote manifest to C:\Users\Conor O'Brien\Dropbox\03_AML\00 IN-BOX\AFM Topo Particle processing OUT\PEGDA_SiNP\PEGDA1TPO10SiNP_Sa1_Si2\particle_forward_medianbg_fixed0\job_manifest.json with 99 files
Processing_mode: particle_count_align_medianbg_fixed0
CSV_mode: particle_metrics_full
Files: 99
Output dir: C:\Users\Conor O'Brien\Dropbox\03_AML\00 IN-BOX\AFM Topo Particle processing OUT\PEGDA_SiNP\PEGDA1TPO10SiNP_Sa1_Si2\particle_forward_medianbg_fixed0
Output CSV: C:\Users\Conor O'Brien\Dropbox\03_AML\00 IN-BOX\AFM Topo Particle processing OUT\PEGDA_SiNP\PEGDA1TPO10SiNP_Sa1_Si2\particle_forward_medianbg_fixed0\summary.csv
Wrote summary CSV: C:\Users\Conor O'Brien\Dropbox\03_AML\00 IN-BOX\AFM Topo Particle processing OUT\PEGDA_SiNP\PEGDA1TPO10SiNP_Sa1_Si2\particle_forward_medianbg_fixed0\summary.csv
Wrote review CSV: C:\Users\Conor O'Brien\Dropbox\03_AML\00 IN-BOX\AFM Topo Particle processing OUT\PEGDA_SiNP\PEGDA1TPO10SiNP_Sa1_Si2\particle_forward_medianbg_fixed0\review\review.csv
C:\Users\Conor O'Brien\AppData\Local\Python\pythoncore-3.14-64\python.exe scripts/collect_files.py --config configs\TEST configs\Example configs\config.topo_particle_2jobs_masking.yaml --job collect_forward --input-root C:\Users\Conor O'Brien\Dropbox\03_AML\03 References and Materials\RAW DATA Files\AFM Scans\Particle Density for Fracture Surfaces Verification\092925-CRO\Data\PEGDA1TPO10SiNP_Sa1_Si2 --out-root C:/AFM_STAGE
C:\Users\Conor O'Brien\AppData\Local\Python\pythoncore-3.14-64\python.exe scripts/make_job_manifest.py --config configs\TEST configs\Example configs\config.topo_particle_2jobs_masking.yaml --input-root C:\AFM_STAGE\collect_20260303_112747_collect_forward\copied --output-dir C:\Users\Conor O'Brien\Dropbox\03_AML\00 IN-BOX\AFM Topo Particle processing OUT\PEGDA_SiNP\PEGDA1TPO10SiNP_Sa1_Si2\particle_forward_medianbg_fixed0 --processing-mode particle_count_align_medianbg_fixed0 --csv-mode particle_metrics_full --out C:\Users\Conor O'Brien\Dropbox\03_AML\00 IN-BOX\AFM Topo Particle processing OUT\PEGDA_SiNP\PEGDA1TPO10SiNP_Sa1_Si2\particle_forward_medianbg_fixed0\job_manifest.json --pattern **/*Z Height*Forward*.tif;**/*Z Height*Forward*.tiff --profile medianbg_fixed0
C:\Python27\python.exe scripts/run_pygwy_job.py --manifest C:\Users\Conor O'Brien\Dropbox\03_AML\00 IN-BOX\AFM Topo Particle processing OUT\PEGDA_SiNP\PEGDA1TPO10SiNP_Sa1_Si2\particle_forward_medianbg_fixed0\job_manifest.json
Done. Output dir: C:\Users\Conor O'Brien\Dropbox\03_AML\00 IN-BOX\AFM Topo Particle processing OUT\PEGDA_SiNP\PEGDA1TPO10SiNP_Sa1_Si2\particle_forward_medianbg_fixed0
Considered: 198
Matched: 99
Copied: 99 (dry_run=False)
Out dir: C:\AFM_STAGE\collect_20260303_113022_collect_forward
Copied root: C:\AFM_STAGE\collect_20260303_113022_collect_forward\copied
Manifest: C:\AFM_STAGE\collect_20260303_113022_collect_forward\copy_manifest.csv
Metadata: C:\AFM_STAGE\collect_20260303_113022_collect_forward\run_metadata.json
Wrote manifest to C:\Users\Conor O'Brien\Dropbox\03_AML\00 IN-BOX\AFM Topo Particle processing OUT\PEGDA_SiNP\PEGDA1TPO10SiNP_Sa1_Si2\particle_forward_medianbg_p95\job_manifest.json with 99 files
Processing_mode: particle_count_align_medianbg_p95
CSV_mode: particle_metrics_full
Files: 99
Output dir: C:\Users\Conor O'Brien\Dropbox\03_AML\00 IN-BOX\AFM Topo Particle processing OUT\PEGDA_SiNP\PEGDA1TPO10SiNP_Sa1_Si2\particle_forward_medianbg_p95
Output CSV: C:\Users\Conor O'Brien\Dropbox\03_AML\00 IN-BOX\AFM Topo Particle processing OUT\PEGDA_SiNP\PEGDA1TPO10SiNP_Sa1_Si2\particle_forward_medianbg_p95\summary.csv
Wrote summary CSV: C:\Users\Conor O'Brien\Dropbox\03_AML\00 IN-BOX\AFM Topo Particle processing OUT\PEGDA_SiNP\PEGDA1TPO10SiNP_Sa1_Si2\particle_forward_medianbg_p95\summary.csv
Wrote review CSV: C:\Users\Conor O'Brien\Dropbox\03_AML\00 IN-BOX\AFM Topo Particle processing OUT\PEGDA_SiNP\PEGDA1TPO10SiNP_Sa1_Si2\particle_forward_medianbg_p95\review\review.csv
C:\Users\Conor O'Brien\AppData\Local\Python\pythoncore-3.14-64\python.exe scripts/collect_files.py --config configs\TEST configs\Example configs\config.topo_particle_2jobs_masking.yaml --job collect_forward --input-root C:\Users\Conor O'Brien\Dropbox\03_AML\03 References and Materials\RAW DATA Files\AFM Scans\Particle Density for Fracture Surfaces Verification\092925-CRO\Data\PEGDA1TPO10SiNP_Sa1_Si2 --out-root C:/AFM_STAGE
C:\Users\Conor O'Brien\AppData\Local\Python\pythoncore-3.14-64\python.exe scripts/make_job_manifest.py --config configs\TEST configs\Example configs\config.topo_particle_2jobs_masking.yaml --input-root C:\AFM_STAGE\collect_20260303_113022_collect_forward\copied --output-dir C:\Users\Conor O'Brien\Dropbox\03_AML\00 IN-BOX\AFM Topo Particle processing OUT\PEGDA_SiNP\PEGDA1TPO10SiNP_Sa1_Si2\particle_forward_medianbg_p95 --processing-mode particle_count_align_medianbg_p95 --csv-mode particle_metrics_full --out C:\Users\Conor O'Brien\Dropbox\03_AML\00 IN-BOX\AFM Topo Particle processing OUT\PEGDA_SiNP\PEGDA1TPO10SiNP_Sa1_Si2\particle_forward_medianbg_p95\job_manifest.json --pattern **/*Z Height*Forward*.tif;**/*Z Height*Forward*.tiff --profile medianbg_p95
C:\Python27\python.exe scripts/run_pygwy_job.py --manifest C:\Users\Conor O'Brien\Dropbox\03_AML\00 IN-BOX\AFM Topo Particle processing OUT\PEGDA_SiNP\PEGDA1TPO10SiNP_Sa1_Si2\particle_forward_medianbg_p95\job_manifest.json
Done. Output dir: C:\Users\Conor O'Brien\Dropbox\03_AML\00 IN-BOX\AFM Topo Particle processing OUT\PEGDA_SiNP\PEGDA1TPO10SiNP_Sa1_Si2\particle_forward_medianbg_p95
Considered: 198
Matched: 99
Copied: 99 (dry_run=False)
Out dir: C:\AFM_STAGE\collect_20260303_113425_collect_forward
Copied root: C:\AFM_STAGE\collect_20260303_113425_collect_forward\copied
Manifest: C:\AFM_STAGE\collect_20260303_113425_collect_forward\copy_manifest.csv
Metadata: C:\AFM_STAGE\collect_20260303_113425_collect_forward\run_metadata.json
Wrote manifest to C:\Users\Conor O'Brien\Dropbox\03_AML\00 IN-BOX\AFM Topo Particle processing OUT\PEGDA_SiNP\PEGDA1TPO10SiNP_Sa1_Si2\particle_forward_medianbg_max_fixed0_p95\job_manifest.json with 99 files
Processing_mode: particle_count_align_medianbg_max_fixed0_p95
CSV_mode: particle_metrics_full
Files: 99
Output dir: C:\Users\Conor O'Brien\Dropbox\03_AML\00 IN-BOX\AFM Topo Particle processing OUT\PEGDA_SiNP\PEGDA1TPO10SiNP_Sa1_Si2\particle_forward_medianbg_max_fixed0_p95
Output CSV: C:\Users\Conor O'Brien\Dropbox\03_AML\00 IN-BOX\AFM Topo Particle processing OUT\PEGDA_SiNP\PEGDA1TPO10SiNP_Sa1_Si2\particle_forward_medianbg_max_fixed0_p95\summary.csv
Wrote summary CSV: C:\Users\Conor O'Brien\Dropbox\03_AML\00 IN-BOX\AFM Topo Particle processing OUT\PEGDA_SiNP\PEGDA1TPO10SiNP_Sa1_Si2\particle_forward_medianbg_max_fixed0_p95\summary.csv
Wrote review CSV: C:\Users\Conor O'Brien\Dropbox\03_AML\00 IN-BOX\AFM Topo Particle processing OUT\PEGDA_SiNP\PEGDA1TPO10SiNP_Sa1_Si2\particle_forward_medianbg_max_fixed0_p95\review\review.csv
C:\Users\Conor O'Brien\AppData\Local\Python\pythoncore-3.14-64\python.exe scripts/collect_files.py --config configs\TEST configs\Example configs\config.topo_particle_2jobs_masking.yaml --job collect_forward --input-root C:\Users\Conor O'Brien\Dropbox\03_AML\03 References and Materials\RAW DATA Files\AFM Scans\Particle Density for Fracture Surfaces Verification\092925-CRO\Data\PEGDA1TPO10SiNP_Sa1_Si2 --out-root C:/AFM_STAGE
C:\Users\Conor O'Brien\AppData\Local\Python\pythoncore-3.14-64\python.exe scripts/make_job_manifest.py --config configs\TEST configs\Example configs\config.topo_particle_2jobs_masking.yaml --input-root C:\AFM_STAGE\collect_20260303_113425_collect_forward\copied --output-dir C:\Users\Conor O'Brien\Dropbox\03_AML\00 IN-BOX\AFM Topo Particle processing OUT\PEGDA_SiNP\PEGDA1TPO10SiNP_Sa1_Si2\particle_forward_medianbg_max_fixed0_p95 --processing-mode particle_count_align_medianbg_max_fixed0_p95 --csv-mode particle_metrics_full --out C:\Users\Conor O'Brien\Dropbox\03_AML\00 IN-BOX\AFM Topo Particle processing OUT\PEGDA_SiNP\PEGDA1TPO10SiNP_Sa1_Si2\particle_forward_medianbg_max_fixed0_p95\job_manifest.json --pattern **/*Z Height*Forward*.tif;**/*Z Height*Forward*.tiff --profile medianbg_max_fixed0_p95
C:\Python27\python.exe scripts/run_pygwy_job.py --manifest C:\Users\Conor O'Brien\Dropbox\03_AML\00 IN-BOX\AFM Topo Particle processing OUT\PEGDA_SiNP\PEGDA1TPO10SiNP_Sa1_Si2\particle_forward_medianbg_max_fixed0_p95\job_manifest.json
Done. Output dir: C:\Users\Conor O'Brien\Dropbox\03_AML\00 IN-BOX\AFM Topo Particle processing OUT\PEGDA_SiNP\PEGDA1TPO10SiNP_Sa1_Si2\particle_forward_medianbg_max_fixed0_p95
Considered: 198
Matched: 99
Copied: 99 (dry_run=False)
Out dir: C:\AFM_STAGE\collect_20260303_113821_collect_forward
Copied root: C:\AFM_STAGE\collect_20260303_113821_collect_forward\copied
Manifest: C:\AFM_STAGE\collect_20260303_113821_collect_forward\copy_manifest.csv
Metadata: C:\AFM_STAGE\collect_20260303_113821_collect_forward\run_metadata.json
Wrote manifest to C:\Users\Conor O'Brien\Dropbox\03_AML\00 IN-BOX\AFM Topo Particle processing OUT\PEGDA_SiNP\PEGDA1TPO10SiNP_Sa1_Si2\particle_forward_flatten_mean\job_manifest.json with 99 files
Processing_mode: particle_count_align_flatten_mean
CSV_mode: particle_metrics_full
Files: 99
Output dir: C:\Users\Conor O'Brien\Dropbox\03_AML\00 IN-BOX\AFM Topo Particle processing OUT\PEGDA_SiNP\PEGDA1TPO10SiNP_Sa1_Si2\particle_forward_flatten_mean
Output CSV: C:\Users\Conor O'Brien\Dropbox\03_AML\00 IN-BOX\AFM Topo Particle processing OUT\PEGDA_SiNP\PEGDA1TPO10SiNP_Sa1_Si2\particle_forward_flatten_mean\summary.csv
Wrote summary CSV: C:\Users\Conor O'Brien\Dropbox\03_AML\00 IN-BOX\AFM Topo Particle processing OUT\PEGDA_SiNP\PEGDA1TPO10SiNP_Sa1_Si2\particle_forward_flatten_mean\summary.csv
Wrote review CSV: C:\Users\Conor O'Brien\Dropbox\03_AML\00 IN-BOX\AFM Topo Particle processing OUT\PEGDA_SiNP\PEGDA1TPO10SiNP_Sa1_Si2\particle_forward_flatten_mean\review\review.csv
C:\Users\Conor O'Brien\AppData\Local\Python\pythoncore-3.14-64\python.exe scripts/collect_files.py --config configs\TEST configs\Example configs\config.topo_particle_2jobs_masking.yaml --job collect_forward --input-root C:\Users\Conor O'Brien\Dropbox\03_AML\03 References and Materials\RAW DATA Files\AFM Scans\Particle Density for Fracture Surfaces Verification\092925-CRO\Data\PEGDA1TPO10SiNP_Sa1_Si2 --out-root C:/AFM_STAGE
C:\Users\Conor O'Brien\AppData\Local\Python\pythoncore-3.14-64\python.exe scripts/make_job_manifest.py --config configs\TEST configs\Example configs\config.topo_particle_2jobs_masking.yaml --input-root C:\AFM_STAGE\collect_20260303_113821_collect_forward\copied --output-dir C:\Users\Conor O'Brien\Dropbox\03_AML\00 IN-BOX\AFM Topo Particle processing OUT\PEGDA_SiNP\PEGDA1TPO10SiNP_Sa1_Si2\particle_forward_flatten_mean --processing-mode particle_count_align_flatten_mean --csv-mode particle_metrics_full --out C:\Users\Conor O'Brien\Dropbox\03_AML\00 IN-BOX\AFM Topo Particle processing OUT\PEGDA_SiNP\PEGDA1TPO10SiNP_Sa1_Si2\particle_forward_flatten_mean\job_manifest.json --pattern **/*Z Height*Forward*.tif;**/*Z Height*Forward*.tiff --profile flatten_mean
C:\Python27\python.exe scripts/run_pygwy_job.py --manifest C:\Users\Conor O'Brien\Dropbox\03_AML\00 IN-BOX\AFM Topo Particle processing OUT\PEGDA_SiNP\PEGDA1TPO10SiNP_Sa1_Si2\particle_forward_flatten_mean\job_manifest.json
Done. Output dir: C:\Users\Conor O'Brien\Dropbox\03_AML\00 IN-BOX\AFM Topo Particle processing OUT\PEGDA_SiNP\PEGDA1TPO10SiNP_Sa1_Si2\particle_forward_flatten_mean
Considered: 198
Matched: 99
Copied: 99 (dry_run=False)
Out dir: C:\AFM_STAGE\collect_20260303_114139_collect_forward
Copied root: C:\AFM_STAGE\collect_20260303_114139_collect_forward\copied
Manifest: C:\AFM_STAGE\collect_20260303_114139_collect_forward\copy_manifest.csv
Metadata: C:\AFM_STAGE\collect_20260303_114139_collect_forward\run_metadata.json
Wrote manifest to C:\Users\Conor O'Brien\Dropbox\03_AML\00 IN-BOX\AFM Topo Particle processing OUT\PEGDA_SiNP\PEGDA1TPO10SiNP_Sa1_Si2\particle_forward_flatten_fixed0\job_manifest.json with 99 files
Processing_mode: particle_count_align_flatten_fixed0
CSV_mode: particle_metrics_full
Files: 99
Output dir: C:\Users\Conor O'Brien\Dropbox\03_AML\00 IN-BOX\AFM Topo Particle processing OUT\PEGDA_SiNP\PEGDA1TPO10SiNP_Sa1_Si2\particle_forward_flatten_fixed0
Output CSV: C:\Users\Conor O'Brien\Dropbox\03_AML\00 IN-BOX\AFM Topo Particle processing OUT\PEGDA_SiNP\PEGDA1TPO10SiNP_Sa1_Si2\particle_forward_flatten_fixed0\summary.csv
Wrote summary CSV: C:\Users\Conor O'Brien\Dropbox\03_AML\00 IN-BOX\AFM Topo Particle processing OUT\PEGDA_SiNP\PEGDA1TPO10SiNP_Sa1_Si2\particle_forward_flatten_fixed0\summary.csv
Wrote review CSV: C:\Users\Conor O'Brien\Dropbox\03_AML\00 IN-BOX\AFM Topo Particle processing OUT\PEGDA_SiNP\PEGDA1TPO10SiNP_Sa1_Si2\particle_forward_flatten_fixed0\review\review.csv
C:\Users\Conor O'Brien\AppData\Local\Python\pythoncore-3.14-64\python.exe scripts/collect_files.py --config configs\TEST configs\Example configs\config.topo_particle_2jobs_masking.yaml --job collect_forward --input-root C:\Users\Conor O'Brien\Dropbox\03_AML\03 References and Materials\RAW DATA Files\AFM Scans\Particle Density for Fracture Surfaces Verification\092925-CRO\Data\PEGDA1TPO10SiNP_Sa1_Si2 --out-root C:/AFM_STAGE
C:\Users\Conor O'Brien\AppData\Local\Python\pythoncore-3.14-64\python.exe scripts/make_job_manifest.py --config configs\TEST configs\Example configs\config.topo_particle_2jobs_masking.yaml --input-root C:\AFM_STAGE\collect_20260303_114139_collect_forward\copied --output-dir C:\Users\Conor O'Brien\Dropbox\03_AML\00 IN-BOX\AFM Topo Particle processing OUT\PEGDA_SiNP\PEGDA1TPO10SiNP_Sa1_Si2\particle_forward_flatten_fixed0 --processing-mode particle_count_align_flatten_fixed0 --csv-mode particle_metrics_full --out C:\Users\Conor O'Brien\Dropbox\03_AML\00 IN-BOX\AFM Topo Particle processing OUT\PEGDA_SiNP\PEGDA1TPO10SiNP_Sa1_Si2\particle_forward_flatten_fixed0\job_manifest.json --pattern **/*Z Height*Forward*.tif;**/*Z Height*Forward*.tiff --profile flatten_fixed0
C:\Python27\python.exe scripts/run_pygwy_job.py --manifest C:\Users\Conor O'Brien\Dropbox\03_AML\00 IN-BOX\AFM Topo Particle processing OUT\PEGDA_SiNP\PEGDA1TPO10SiNP_Sa1_Si2\particle_forward_flatten_fixed0\job_manifest.json
Done. Output dir: C:\Users\Conor O'Brien\Dropbox\03_AML\00 IN-BOX\AFM Topo Particle processing OUT\PEGDA_SiNP\PEGDA1TPO10SiNP_Sa1_Si2\particle_forward_flatten_fixed0
Considered: 198
Matched: 99
Copied: 99 (dry_run=False)
Out dir: C:\AFM_STAGE\collect_20260303_114451_collect_forward
Copied root: C:\AFM_STAGE\collect_20260303_114451_collect_forward\copied
Manifest: C:\AFM_STAGE\collect_20260303_114451_collect_forward\copy_manifest.csv
Metadata: C:\AFM_STAGE\collect_20260303_114451_collect_forward\run_metadata.json
Wrote manifest to C:\Users\Conor O'Brien\Dropbox\03_AML\00 IN-BOX\AFM Topo Particle processing OUT\PEGDA_SiNP\PEGDA1TPO10SiNP_Sa1_Si2\particle_forward_flatten_p95\job_manifest.json with 99 files
Processing_mode: particle_count_align_flatten_p95
CSV_mode: particle_metrics_full
Files: 99
Output dir: C:\Users\Conor O'Brien\Dropbox\03_AML\00 IN-BOX\AFM Topo Particle processing OUT\PEGDA_SiNP\PEGDA1TPO10SiNP_Sa1_Si2\particle_forward_flatten_p95
Output CSV: C:\Users\Conor O'Brien\Dropbox\03_AML\00 IN-BOX\AFM Topo Particle processing OUT\PEGDA_SiNP\PEGDA1TPO10SiNP_Sa1_Si2\particle_forward_flatten_p95\summary.csv
Wrote summary CSV: C:\Users\Conor O'Brien\Dropbox\03_AML\00 IN-BOX\AFM Topo Particle processing OUT\PEGDA_SiNP\PEGDA1TPO10SiNP_Sa1_Si2\particle_forward_flatten_p95\summary.csv
Wrote review CSV: C:\Users\Conor O'Brien\Dropbox\03_AML\00 IN-BOX\AFM Topo Particle processing OUT\PEGDA_SiNP\PEGDA1TPO10SiNP_Sa1_Si2\particle_forward_flatten_p95\review\review.csv
C:\Users\Conor O'Brien\AppData\Local\Python\pythoncore-3.14-64\python.exe scripts/collect_files.py --config configs\TEST configs\Example configs\config.topo_particle_2jobs_masking.yaml --job collect_forward --input-root C:\Users\Conor O'Brien\Dropbox\03_AML\03 References and Materials\RAW DATA Files\AFM Scans\Particle Density for Fracture Surfaces Verification\092925-CRO\Data\PEGDA1TPO10SiNP_Sa1_Si2 --out-root C:/AFM_STAGE
C:\Users\Conor O'Brien\AppData\Local\Python\pythoncore-3.14-64\python.exe scripts/make_job_manifest.py --config configs\TEST configs\Example configs\config.topo_particle_2jobs_masking.yaml --input-root C:\AFM_STAGE\collect_20260303_114451_collect_forward\copied --output-dir C:\Users\Conor O'Brien\Dropbox\03_AML\00 IN-BOX\AFM Topo Particle processing OUT\PEGDA_SiNP\PEGDA1TPO10SiNP_Sa1_Si2\particle_forward_flatten_p95 --processing-mode particle_count_align_flatten_p95 --csv-mode particle_metrics_full --out C:\Users\Conor O'Brien\Dropbox\03_AML\00 IN-BOX\AFM Topo Particle processing OUT\PEGDA_SiNP\PEGDA1TPO10SiNP_Sa1_Si2\particle_forward_flatten_p95\job_manifest.json --pattern **/*Z Height*Forward*.tif;**/*Z Height*Forward*.tiff --profile flatten_p95
C:\Python27\python.exe scripts/run_pygwy_job.py --manifest C:\Users\Conor O'Brien\Dropbox\03_AML\00 IN-BOX\AFM Topo Particle processing OUT\PEGDA_SiNP\PEGDA1TPO10SiNP_Sa1_Si2\particle_forward_flatten_p95\job_manifest.json
Done. Output dir: C:\Users\Conor O'Brien\Dropbox\03_AML\00 IN-BOX\AFM Topo Particle processing OUT\PEGDA_SiNP\PEGDA1TPO10SiNP_Sa1_Si2\particle_forward_flatten_p95
Considered: 198
Matched: 99
Copied: 99 (dry_run=False)
Out dir: C:\AFM_STAGE\collect_20260303_114934_collect_forward
Copied root: C:\AFM_STAGE\collect_20260303_114934_collect_forward\copied
Manifest: C:\AFM_STAGE\collect_20260303_114934_collect_forward\copy_manifest.csv
Metadata: C:\AFM_STAGE\collect_20260303_114934_collect_forward\run_metadata.json
Wrote manifest to C:\Users\Conor O'Brien\Dropbox\03_AML\00 IN-BOX\AFM Topo Particle processing OUT\PEGDA_SiNP\PEGDA1TPO10SiNP_Sa1_Si2\particle_forward_flatten_max_fixed0_p95\job_manifest.json with 99 files
Processing_mode: particle_count_align_flatten_max_fixed0_p95
CSV_mode: particle_metrics_full
Files: 99
Output dir: C:\Users\Conor O'Brien\Dropbox\03_AML\00 IN-BOX\AFM Topo Particle processing OUT\PEGDA_SiNP\PEGDA1TPO10SiNP_Sa1_Si2\particle_forward_flatten_max_fixed0_p95
Output CSV: C:\Users\Conor O'Brien\Dropbox\03_AML\00 IN-BOX\AFM Topo Particle processing OUT\PEGDA_SiNP\PEGDA1TPO10SiNP_Sa1_Si2\particle_forward_flatten_max_fixed0_p95\summary.csv
Wrote summary CSV: C:\Users\Conor O'Brien\Dropbox\03_AML\00 IN-BOX\AFM Topo Particle processing OUT\PEGDA_SiNP\PEGDA1TPO10SiNP_Sa1_Si2\particle_forward_flatten_max_fixed0_p95\summary.csv
Wrote review CSV: C:\Users\Conor O'Brien\Dropbox\03_AML\00 IN-BOX\AFM Topo Particle processing OUT\PEGDA_SiNP\PEGDA1TPO10SiNP_Sa1_Si2\particle_forward_flatten_max_fixed0_p95\review\review.csv
C:\Users\Conor O'Brien\AppData\Local\Python\pythoncore-3.14-64\python.exe scripts/collect_files.py --config configs\TEST configs\Example configs\config.topo_particle_2jobs_masking.yaml --job collect_forward --input-root C:\Users\Conor O'Brien\Dropbox\03_AML\03 References and Materials\RAW DATA Files\AFM Scans\Particle Density for Fracture Surfaces Verification\092925-CRO\Data\PEGDA1TPO10SiNP_Sa1_Si2 --out-root C:/AFM_STAGE
C:\Users\Conor O'Brien\AppData\Local\Python\pythoncore-3.14-64\python.exe scripts/make_job_manifest.py --config configs\TEST configs\Example configs\config.topo_particle_2jobs_masking.yaml --input-root C:\AFM_STAGE\collect_20260303_114934_collect_forward\copied --output-dir C:\Users\Conor O'Brien\Dropbox\03_AML\00 IN-BOX\AFM Topo Particle processing OUT\PEGDA_SiNP\PEGDA1TPO10SiNP_Sa1_Si2\particle_forward_flatten_max_fixed0_p95 --processing-mode particle_count_align_flatten_max_fixed0_p95 --csv-mode particle_metrics_full --out C:\Users\Conor O'Brien\Dropbox\03_AML\00 IN-BOX\AFM Topo Particle processing OUT\PEGDA_SiNP\PEGDA1TPO10SiNP_Sa1_Si2\particle_forward_flatten_max_fixed0_p95\job_manifest.json --pattern **/*Z Height*Forward*.tif;**/*Z Height*Forward*.tiff --profile flatten_max_fixed0_p95
C:\Python27\python.exe scripts/run_pygwy_job.py --manifest C:\Users\Conor O'Brien\Dropbox\03_AML\00 IN-BOX\AFM Topo Particle processing OUT\PEGDA_SiNP\PEGDA1TPO10SiNP_Sa1_Si2\particle_forward_flatten_max_fixed0_p95\job_manifest.json
Done. Output dir: C:\Users\Conor O'Brien\Dropbox\03_AML\00 IN-BOX\AFM Topo Particle processing OUT\PEGDA_SiNP\PEGDA1TPO10SiNP_Sa1_Si2\particle_forward_flatten_max_fixed0_p95
Considered: 200
Matched: 100
Copied: 100 (dry_run=False)
Out dir: C:\AFM_STAGE\collect_20260303_115407_collect_forward
Copied root: C:\AFM_STAGE\collect_20260303_115407_collect_forward\copied
Manifest: C:\AFM_STAGE\collect_20260303_115407_collect_forward\copy_manifest.csv
Metadata: C:\AFM_STAGE\collect_20260303_115407_collect_forward\run_metadata.json
Wrote manifest to C:\Users\Conor O'Brien\Dropbox\03_AML\00 IN-BOX\AFM Topo Particle processing OUT\PEGDA_SiNP\PEGDA1TPO10SiNP_Sam02_S1\particle_forward_medianbg_mean\job_manifest.json with 100 files
Processing_mode: particle_count_align_medianbg_mean
CSV_mode: particle_metrics_full
Files: 100
Output dir: C:\Users\Conor O'Brien\Dropbox\03_AML\00 IN-BOX\AFM Topo Particle processing OUT\PEGDA_SiNP\PEGDA1TPO10SiNP_Sam02_S1\particle_forward_medianbg_mean
Output CSV: C:\Users\Conor O'Brien\Dropbox\03_AML\00 IN-BOX\AFM Topo Particle processing OUT\PEGDA_SiNP\PEGDA1TPO10SiNP_Sam02_S1\particle_forward_medianbg_mean\summary.csv
Wrote summary CSV: C:\Users\Conor O'Brien\Dropbox\03_AML\00 IN-BOX\AFM Topo Particle processing OUT\PEGDA_SiNP\PEGDA1TPO10SiNP_Sam02_S1\particle_forward_medianbg_mean\summary.csv
Wrote review CSV: C:\Users\Conor O'Brien\Dropbox\03_AML\00 IN-BOX\AFM Topo Particle processing OUT\PEGDA_SiNP\PEGDA1TPO10SiNP_Sam02_S1\particle_forward_medianbg_mean\review\review.csv
C:\Users\Conor O'Brien\AppData\Local\Python\pythoncore-3.14-64\python.exe scripts/collect_files.py --config configs\TEST configs\Example configs\config.topo_particle_2jobs_masking.yaml --job collect_forward --input-root C:\Users\Conor O'Brien\Dropbox\03_AML\03 References and Materials\RAW DATA Files\AFM Scans\Particle Density for Fracture Surfaces Verification\093025-CRO\DATA\PEGDA1TPO10SiNP_Sam02_S1 --out-root C:/AFM_STAGE
C:\Users\Conor O'Brien\AppData\Local\Python\pythoncore-3.14-64\python.exe scripts/make_job_manifest.py --config configs\TEST configs\Example configs\config.topo_particle_2jobs_masking.yaml --input-root C:\AFM_STAGE\collect_20260303_115407_collect_forward\copied --output-dir C:\Users\Conor O'Brien\Dropbox\03_AML\00 IN-BOX\AFM Topo Particle processing OUT\PEGDA_SiNP\PEGDA1TPO10SiNP_Sam02_S1\particle_forward_medianbg_mean --processing-mode particle_count_align_medianbg_mean --csv-mode particle_metrics_full --out C:\Users\Conor O'Brien\Dropbox\03_AML\00 IN-BOX\AFM Topo Particle processing OUT\PEGDA_SiNP\PEGDA1TPO10SiNP_Sam02_S1\particle_forward_medianbg_mean\job_manifest.json --pattern **/*Z Height*Forward*.tif;**/*Z Height*Forward*.tiff --profile medianbg_mean
C:\Python27\python.exe scripts/run_pygwy_job.py --manifest C:\Users\Conor O'Brien\Dropbox\03_AML\00 IN-BOX\AFM Topo Particle processing OUT\PEGDA_SiNP\PEGDA1TPO10SiNP_Sam02_S1\particle_forward_medianbg_mean\job_manifest.json
Done. Output dir: C:\Users\Conor O'Brien\Dropbox\03_AML\00 IN-BOX\AFM Topo Particle processing OUT\PEGDA_SiNP\PEGDA1TPO10SiNP_Sam02_S1\particle_forward_medianbg_mean
Considered: 200
Matched: 100
Copied: 100 (dry_run=False)
Out dir: C:\AFM_STAGE\collect_20260303_115705_collect_forward
Copied root: C:\AFM_STAGE\collect_20260303_115705_collect_forward\copied
Manifest: C:\AFM_STAGE\collect_20260303_115705_collect_forward\copy_manifest.csv
Metadata: C:\AFM_STAGE\collect_20260303_115705_collect_forward\run_metadata.json
Wrote manifest to C:\Users\Conor O'Brien\Dropbox\03_AML\00 IN-BOX\AFM Topo Particle processing OUT\PEGDA_SiNP\PEGDA1TPO10SiNP_Sam02_S1\particle_forward_medianbg_fixed0\job_manifest.json with 100 files
Processing_mode: particle_count_align_medianbg_fixed0
CSV_mode: particle_metrics_full
Files: 100
Output dir: C:\Users\Conor O'Brien\Dropbox\03_AML\00 IN-BOX\AFM Topo Particle processing OUT\PEGDA_SiNP\PEGDA1TPO10SiNP_Sam02_S1\particle_forward_medianbg_fixed0
Output CSV: C:\Users\Conor O'Brien\Dropbox\03_AML\00 IN-BOX\AFM Topo Particle processing OUT\PEGDA_SiNP\PEGDA1TPO10SiNP_Sam02_S1\particle_forward_medianbg_fixed0\summary.csv
Wrote summary CSV: C:\Users\Conor O'Brien\Dropbox\03_AML\00 IN-BOX\AFM Topo Particle processing OUT\PEGDA_SiNP\PEGDA1TPO10SiNP_Sam02_S1\particle_forward_medianbg_fixed0\summary.csv
Wrote review CSV: C:\Users\Conor O'Brien\Dropbox\03_AML\00 IN-BOX\AFM Topo Particle processing OUT\PEGDA_SiNP\PEGDA1TPO10SiNP_Sam02_S1\particle_forward_medianbg_fixed0\review\review.csv
C:\Users\Conor O'Brien\AppData\Local\Python\pythoncore-3.14-64\python.exe scripts/collect_files.py --config configs\TEST configs\Example configs\config.topo_particle_2jobs_masking.yaml --job collect_forward --input-root C:\Users\Conor O'Brien\Dropbox\03_AML\03 References and Materials\RAW DATA Files\AFM Scans\Particle Density for Fracture Surfaces Verification\093025-CRO\DATA\PEGDA1TPO10SiNP_Sam02_S1 --out-root C:/AFM_STAGE
C:\Users\Conor O'Brien\AppData\Local\Python\pythoncore-3.14-64\python.exe scripts/make_job_manifest.py --config configs\TEST configs\Example configs\config.topo_particle_2jobs_masking.yaml --input-root C:\AFM_STAGE\collect_20260303_115705_collect_forward\copied --output-dir C:\Users\Conor O'Brien\Dropbox\03_AML\00 IN-BOX\AFM Topo Particle processing OUT\PEGDA_SiNP\PEGDA1TPO10SiNP_Sam02_S1\particle_forward_medianbg_fixed0 --processing-mode particle_count_align_medianbg_fixed0 --csv-mode particle_metrics_full --out C:\Users\Conor O'Brien\Dropbox\03_AML\00 IN-BOX\AFM Topo Particle processing OUT\PEGDA_SiNP\PEGDA1TPO10SiNP_Sam02_S1\particle_forward_medianbg_fixed0\job_manifest.json --pattern **/*Z Height*Forward*.tif;**/*Z Height*Forward*.tiff --profile medianbg_fixed0
C:\Python27\python.exe scripts/run_pygwy_job.py --manifest C:\Users\Conor O'Brien\Dropbox\03_AML\00 IN-BOX\AFM Topo Particle processing OUT\PEGDA_SiNP\PEGDA1TPO10SiNP_Sam02_S1\particle_forward_medianbg_fixed0\job_manifest.json
Done. Output dir: C:\Users\Conor O'Brien\Dropbox\03_AML\00 IN-BOX\AFM Topo Particle processing OUT\PEGDA_SiNP\PEGDA1TPO10SiNP_Sam02_S1\particle_forward_medianbg_fixed0
Considered: 200
Matched: 100
Copied: 100 (dry_run=False)
Out dir: C:\AFM_STAGE\collect_20260303_120024_collect_forward
Copied root: C:\AFM_STAGE\collect_20260303_120024_collect_forward\copied
Manifest: C:\AFM_STAGE\collect_20260303_120024_collect_forward\copy_manifest.csv
Metadata: C:\AFM_STAGE\collect_20260303_120024_collect_forward\run_metadata.json
Wrote manifest to C:\Users\Conor O'Brien\Dropbox\03_AML\00 IN-BOX\AFM Topo Particle processing OUT\PEGDA_SiNP\PEGDA1TPO10SiNP_Sam02_S1\particle_forward_medianbg_p95\job_manifest.json with 100 files
Processing_mode: particle_count_align_medianbg_p95
CSV_mode: particle_metrics_full
Files: 100
Output dir: C:\Users\Conor O'Brien\Dropbox\03_AML\00 IN-BOX\AFM Topo Particle processing OUT\PEGDA_SiNP\PEGDA1TPO10SiNP_Sam02_S1\particle_forward_medianbg_p95
Output CSV: C:\Users\Conor O'Brien\Dropbox\03_AML\00 IN-BOX\AFM Topo Particle processing OUT\PEGDA_SiNP\PEGDA1TPO10SiNP_Sam02_S1\particle_forward_medianbg_p95\summary.csv
Wrote summary CSV: C:\Users\Conor O'Brien\Dropbox\03_AML\00 IN-BOX\AFM Topo Particle processing OUT\PEGDA_SiNP\PEGDA1TPO10SiNP_Sam02_S1\particle_forward_medianbg_p95\summary.csv
Wrote review CSV: C:\Users\Conor O'Brien\Dropbox\03_AML\00 IN-BOX\AFM Topo Particle processing OUT\PEGDA_SiNP\PEGDA1TPO10SiNP_Sam02_S1\particle_forward_medianbg_p95\review\review.csv
C:\Users\Conor O'Brien\AppData\Local\Python\pythoncore-3.14-64\python.exe scripts/collect_files.py --config configs\TEST configs\Example configs\config.topo_particle_2jobs_masking.yaml --job collect_forward --input-root C:\Users\Conor O'Brien\Dropbox\03_AML\03 References and Materials\RAW DATA Files\AFM Scans\Particle Density for Fracture Surfaces Verification\093025-CRO\DATA\PEGDA1TPO10SiNP_Sam02_S1 --out-root C:/AFM_STAGE
C:\Users\Conor O'Brien\AppData\Local\Python\pythoncore-3.14-64\python.exe scripts/make_job_manifest.py --config configs\TEST configs\Example configs\config.topo_particle_2jobs_masking.yaml --input-root C:\AFM_STAGE\collect_20260303_120024_collect_forward\copied --output-dir C:\Users\Conor O'Brien\Dropbox\03_AML\00 IN-BOX\AFM Topo Particle processing OUT\PEGDA_SiNP\PEGDA1TPO10SiNP_Sam02_S1\particle_forward_medianbg_p95 --processing-mode particle_count_align_medianbg_p95 --csv-mode particle_metrics_full --out C:\Users\Conor O'Brien\Dropbox\03_AML\00 IN-BOX\AFM Topo Particle processing OUT\PEGDA_SiNP\PEGDA1TPO10SiNP_Sam02_S1\particle_forward_medianbg_p95\job_manifest.json --pattern **/*Z Height*Forward*.tif;**/*Z Height*Forward*.tiff --profile medianbg_p95
C:\Python27\python.exe scripts/run_pygwy_job.py --manifest C:\Users\Conor O'Brien\Dropbox\03_AML\00 IN-BOX\AFM Topo Particle processing OUT\PEGDA_SiNP\PEGDA1TPO10SiNP_Sam02_S1\particle_forward_medianbg_p95\job_manifest.json
Done. Output dir: C:\Users\Conor O'Brien\Dropbox\03_AML\00 IN-BOX\AFM Topo Particle processing OUT\PEGDA_SiNP\PEGDA1TPO10SiNP_Sam02_S1\particle_forward_medianbg_p95
Considered: 200
Matched: 100
Copied: 100 (dry_run=False)
Out dir: C:\AFM_STAGE\collect_20260303_120453_collect_forward
Copied root: C:\AFM_STAGE\collect_20260303_120453_collect_forward\copied
Manifest: C:\AFM_STAGE\collect_20260303_120453_collect_forward\copy_manifest.csv
Metadata: C:\AFM_STAGE\collect_20260303_120453_collect_forward\run_metadata.json
Wrote manifest to C:\Users\Conor O'Brien\Dropbox\03_AML\00 IN-BOX\AFM Topo Particle processing OUT\PEGDA_SiNP\PEGDA1TPO10SiNP_Sam02_S1\particle_forward_medianbg_max_fixed0_p95\job_manifest.json with 100 files
Processing_mode: particle_count_align_medianbg_max_fixed0_p95
CSV_mode: particle_metrics_full
Files: 100
Output dir: C:\Users\Conor O'Brien\Dropbox\03_AML\00 IN-BOX\AFM Topo Particle processing OUT\PEGDA_SiNP\PEGDA1TPO10SiNP_Sam02_S1\particle_forward_medianbg_max_fixed0_p95
Output CSV: C:\Users\Conor O'Brien\Dropbox\03_AML\00 IN-BOX\AFM Topo Particle processing OUT\PEGDA_SiNP\PEGDA1TPO10SiNP_Sam02_S1\particle_forward_medianbg_max_fixed0_p95\summary.csv
Wrote summary CSV: C:\Users\Conor O'Brien\Dropbox\03_AML\00 IN-BOX\AFM Topo Particle processing OUT\PEGDA_SiNP\PEGDA1TPO10SiNP_Sam02_S1\particle_forward_medianbg_max_fixed0_p95\summary.csv
Wrote review CSV: C:\Users\Conor O'Brien\Dropbox\03_AML\00 IN-BOX\AFM Topo Particle processing OUT\PEGDA_SiNP\PEGDA1TPO10SiNP_Sam02_S1\particle_forward_medianbg_max_fixed0_p95\review\review.csv
C:\Users\Conor O'Brien\AppData\Local\Python\pythoncore-3.14-64\python.exe scripts/collect_files.py --config configs\TEST configs\Example configs\config.topo_particle_2jobs_masking.yaml --job collect_forward --input-root C:\Users\Conor O'Brien\Dropbox\03_AML\03 References and Materials\RAW DATA Files\AFM Scans\Particle Density for Fracture Surfaces Verification\093025-CRO\DATA\PEGDA1TPO10SiNP_Sam02_S1 --out-root C:/AFM_STAGE
C:\Users\Conor O'Brien\AppData\Local\Python\pythoncore-3.14-64\python.exe scripts/make_job_manifest.py --config configs\TEST configs\Example configs\config.topo_particle_2jobs_masking.yaml --input-root C:\AFM_STAGE\collect_20260303_120453_collect_forward\copied --output-dir C:\Users\Conor O'Brien\Dropbox\03_AML\00 IN-BOX\AFM Topo Particle processing OUT\PEGDA_SiNP\PEGDA1TPO10SiNP_Sam02_S1\particle_forward_medianbg_max_fixed0_p95 --processing-mode particle_count_align_medianbg_max_fixed0_p95 --csv-mode particle_metrics_full --out C:\Users\Conor O'Brien\Dropbox\03_AML\00 IN-BOX\AFM Topo Particle processing OUT\PEGDA_SiNP\PEGDA1TPO10SiNP_Sam02_S1\particle_forward_medianbg_max_fixed0_p95\job_manifest.json --pattern **/*Z Height*Forward*.tif;**/*Z Height*Forward*.tiff --profile medianbg_max_fixed0_p95
C:\Python27\python.exe scripts/run_pygwy_job.py --manifest C:\Users\Conor O'Brien\Dropbox\03_AML\00 IN-BOX\AFM Topo Particle processing OUT\PEGDA_SiNP\PEGDA1TPO10SiNP_Sam02_S1\particle_forward_medianbg_max_fixed0_p95\job_manifest.json
Done. Output dir: C:\Users\Conor O'Brien\Dropbox\03_AML\00 IN-BOX\AFM Topo Particle processing OUT\PEGDA_SiNP\PEGDA1TPO10SiNP_Sam02_S1\particle_forward_medianbg_max_fixed0_p95
Considered: 200
Matched: 100
Copied: 100 (dry_run=False)
Out dir: C:\AFM_STAGE\collect_20260303_120928_collect_forward
Copied root: C:\AFM_STAGE\collect_20260303_120928_collect_forward\copied
Manifest: C:\AFM_STAGE\collect_20260303_120928_collect_forward\copy_manifest.csv
Metadata: C:\AFM_STAGE\collect_20260303_120928_collect_forward\run_metadata.json
Wrote manifest to C:\Users\Conor O'Brien\Dropbox\03_AML\00 IN-BOX\AFM Topo Particle processing OUT\PEGDA_SiNP\PEGDA1TPO10SiNP_Sam02_S1\particle_forward_flatten_mean\job_manifest.json with 100 files
Processing_mode: particle_count_align_flatten_mean
CSV_mode: particle_metrics_full
Files: 100
Output dir: C:\Users\Conor O'Brien\Dropbox\03_AML\00 IN-BOX\AFM Topo Particle processing OUT\PEGDA_SiNP\PEGDA1TPO10SiNP_Sam02_S1\particle_forward_flatten_mean
Output CSV: C:\Users\Conor O'Brien\Dropbox\03_AML\00 IN-BOX\AFM Topo Particle processing OUT\PEGDA_SiNP\PEGDA1TPO10SiNP_Sam02_S1\particle_forward_flatten_mean\summary.csv
Wrote summary CSV: C:\Users\Conor O'Brien\Dropbox\03_AML\00 IN-BOX\AFM Topo Particle processing OUT\PEGDA_SiNP\PEGDA1TPO10SiNP_Sam02_S1\particle_forward_flatten_mean\summary.csv
Wrote review CSV: C:\Users\Conor O'Brien\Dropbox\03_AML\00 IN-BOX\AFM Topo Particle processing OUT\PEGDA_SiNP\PEGDA1TPO10SiNP_Sam02_S1\particle_forward_flatten_mean\review\review.csv
C:\Users\Conor O'Brien\AppData\Local\Python\pythoncore-3.14-64\python.exe scripts/collect_files.py --config configs\TEST configs\Example configs\config.topo_particle_2jobs_masking.yaml --job collect_forward --input-root C:\Users\Conor O'Brien\Dropbox\03_AML\03 References and Materials\RAW DATA Files\AFM Scans\Particle Density for Fracture Surfaces Verification\093025-CRO\DATA\PEGDA1TPO10SiNP_Sam02_S1 --out-root C:/AFM_STAGE
C:\Users\Conor O'Brien\AppData\Local\Python\pythoncore-3.14-64\python.exe scripts/make_job_manifest.py --config configs\TEST configs\Example configs\config.topo_particle_2jobs_masking.yaml --input-root C:\AFM_STAGE\collect_20260303_120928_collect_forward\copied --output-dir C:\Users\Conor O'Brien\Dropbox\03_AML\00 IN-BOX\AFM Topo Particle processing OUT\PEGDA_SiNP\PEGDA1TPO10SiNP_Sam02_S1\particle_forward_flatten_mean --processing-mode particle_count_align_flatten_mean --csv-mode particle_metrics_full --out C:\Users\Conor O'Brien\Dropbox\03_AML\00 IN-BOX\AFM Topo Particle processing OUT\PEGDA_SiNP\PEGDA1TPO10SiNP_Sam02_S1\particle_forward_flatten_mean\job_manifest.json --pattern **/*Z Height*Forward*.tif;**/*Z Height*Forward*.tiff --profile flatten_mean
C:\Python27\python.exe scripts/run_pygwy_job.py --manifest C:\Users\Conor O'Brien\Dropbox\03_AML\00 IN-BOX\AFM Topo Particle processing OUT\PEGDA_SiNP\PEGDA1TPO10SiNP_Sam02_S1\particle_forward_flatten_mean\job_manifest.json
Done. Output dir: C:\Users\Conor O'Brien\Dropbox\03_AML\00 IN-BOX\AFM Topo Particle processing OUT\PEGDA_SiNP\PEGDA1TPO10SiNP_Sam02_S1\particle_forward_flatten_mean
Considered: 200
Matched: 100
Copied: 100 (dry_run=False)
Out dir: C:\AFM_STAGE\collect_20260303_121327_collect_forward
Copied root: C:\AFM_STAGE\collect_20260303_121327_collect_forward\copied
Manifest: C:\AFM_STAGE\collect_20260303_121327_collect_forward\copy_manifest.csv
Metadata: C:\AFM_STAGE\collect_20260303_121327_collect_forward\run_metadata.json
Wrote manifest to C:\Users\Conor O'Brien\Dropbox\03_AML\00 IN-BOX\AFM Topo Particle processing OUT\PEGDA_SiNP\PEGDA1TPO10SiNP_Sam02_S1\particle_forward_flatten_fixed0\job_manifest.json with 100 files
Processing_mode: particle_count_align_flatten_fixed0
CSV_mode: particle_metrics_full
Files: 100
Output dir: C:\Users\Conor O'Brien\Dropbox\03_AML\00 IN-BOX\AFM Topo Particle processing OUT\PEGDA_SiNP\PEGDA1TPO10SiNP_Sam02_S1\particle_forward_flatten_fixed0
Output CSV: C:\Users\Conor O'Brien\Dropbox\03_AML\00 IN-BOX\AFM Topo Particle processing OUT\PEGDA_SiNP\PEGDA1TPO10SiNP_Sam02_S1\particle_forward_flatten_fixed0\summary.csv
Wrote summary CSV: C:\Users\Conor O'Brien\Dropbox\03_AML\00 IN-BOX\AFM Topo Particle processing OUT\PEGDA_SiNP\PEGDA1TPO10SiNP_Sam02_S1\particle_forward_flatten_fixed0\summary.csv
Wrote review CSV: C:\Users\Conor O'Brien\Dropbox\03_AML\00 IN-BOX\AFM Topo Particle processing OUT\PEGDA_SiNP\PEGDA1TPO10SiNP_Sam02_S1\particle_forward_flatten_fixed0\review\review.csv
C:\Users\Conor O'Brien\AppData\Local\Python\pythoncore-3.14-64\python.exe scripts/collect_files.py --config configs\TEST configs\Example configs\config.topo_particle_2jobs_masking.yaml --job collect_forward --input-root C:\Users\Conor O'Brien\Dropbox\03_AML\03 References and Materials\RAW DATA Files\AFM Scans\Particle Density for Fracture Surfaces Verification\093025-CRO\DATA\PEGDA1TPO10SiNP_Sam02_S1 --out-root C:/AFM_STAGE
C:\Users\Conor O'Brien\AppData\Local\Python\pythoncore-3.14-64\python.exe scripts/make_job_manifest.py --config configs\TEST configs\Example configs\config.topo_particle_2jobs_masking.yaml --input-root C:\AFM_STAGE\collect_20260303_121327_collect_forward\copied --output-dir C:\Users\Conor O'Brien\Dropbox\03_AML\00 IN-BOX\AFM Topo Particle processing OUT\PEGDA_SiNP\PEGDA1TPO10SiNP_Sam02_S1\particle_forward_flatten_fixed0 --processing-mode particle_count_align_flatten_fixed0 --csv-mode particle_metrics_full --out C:\Users\Conor O'Brien\Dropbox\03_AML\00 IN-BOX\AFM Topo Particle processing OUT\PEGDA_SiNP\PEGDA1TPO10SiNP_Sam02_S1\particle_forward_flatten_fixed0\job_manifest.json --pattern **/*Z Height*Forward*.tif;**/*Z Height*Forward*.tiff --profile flatten_fixed0
C:\Python27\python.exe scripts/run_pygwy_job.py --manifest C:\Users\Conor O'Brien\Dropbox\03_AML\00 IN-BOX\AFM Topo Particle processing OUT\PEGDA_SiNP\PEGDA1TPO10SiNP_Sam02_S1\particle_forward_flatten_fixed0\job_manifest.json
Done. Output dir: C:\Users\Conor O'Brien\Dropbox\03_AML\00 IN-BOX\AFM Topo Particle processing OUT\PEGDA_SiNP\PEGDA1TPO10SiNP_Sam02_S1\particle_forward_flatten_fixed0
Considered: 200
Matched: 100
Copied: 100 (dry_run=False)
Out dir: C:\AFM_STAGE\collect_20260303_121713_collect_forward
Copied root: C:\AFM_STAGE\collect_20260303_121713_collect_forward\copied
Manifest: C:\AFM_STAGE\collect_20260303_121713_collect_forward\copy_manifest.csv
Metadata: C:\AFM_STAGE\collect_20260303_121713_collect_forward\run_metadata.json
Wrote manifest to C:\Users\Conor O'Brien\Dropbox\03_AML\00 IN-BOX\AFM Topo Particle processing OUT\PEGDA_SiNP\PEGDA1TPO10SiNP_Sam02_S1\particle_forward_flatten_p95\job_manifest.json with 100 files
Processing_mode: particle_count_align_flatten_p95
CSV_mode: particle_metrics_full
Files: 100
Output dir: C:\Users\Conor O'Brien\Dropbox\03_AML\00 IN-BOX\AFM Topo Particle processing OUT\PEGDA_SiNP\PEGDA1TPO10SiNP_Sam02_S1\particle_forward_flatten_p95
Output CSV: C:\Users\Conor O'Brien\Dropbox\03_AML\00 IN-BOX\AFM Topo Particle processing OUT\PEGDA_SiNP\PEGDA1TPO10SiNP_Sam02_S1\particle_forward_flatten_p95\summary.csv
Wrote summary CSV: C:\Users\Conor O'Brien\Dropbox\03_AML\00 IN-BOX\AFM Topo Particle processing OUT\PEGDA_SiNP\PEGDA1TPO10SiNP_Sam02_S1\particle_forward_flatten_p95\summary.csv
Wrote review CSV: C:\Users\Conor O'Brien\Dropbox\03_AML\00 IN-BOX\AFM Topo Particle processing OUT\PEGDA_SiNP\PEGDA1TPO10SiNP_Sam02_S1\particle_forward_flatten_p95\review\review.csv
C:\Users\Conor O'Brien\AppData\Local\Python\pythoncore-3.14-64\python.exe scripts/collect_files.py --config configs\TEST configs\Example configs\config.topo_particle_2jobs_masking.yaml --job collect_forward --input-root C:\Users\Conor O'Brien\Dropbox\03_AML\03 References and Materials\RAW DATA Files\AFM Scans\Particle Density for Fracture Surfaces Verification\093025-CRO\DATA\PEGDA1TPO10SiNP_Sam02_S1 --out-root C:/AFM_STAGE
C:\Users\Conor O'Brien\AppData\Local\Python\pythoncore-3.14-64\python.exe scripts/make_job_manifest.py --config configs\TEST configs\Example configs\config.topo_particle_2jobs_masking.yaml --input-root C:\AFM_STAGE\collect_20260303_121713_collect_forward\copied --output-dir C:\Users\Conor O'Brien\Dropbox\03_AML\00 IN-BOX\AFM Topo Particle processing OUT\PEGDA_SiNP\PEGDA1TPO10SiNP_Sam02_S1\particle_forward_flatten_p95 --processing-mode particle_count_align_flatten_p95 --csv-mode particle_metrics_full --out C:\Users\Conor O'Brien\Dropbox\03_AML\00 IN-BOX\AFM Topo Particle processing OUT\PEGDA_SiNP\PEGDA1TPO10SiNP_Sam02_S1\particle_forward_flatten_p95\job_manifest.json --pattern **/*Z Height*Forward*.tif;**/*Z Height*Forward*.tiff --profile flatten_p95
C:\Python27\python.exe scripts/run_pygwy_job.py --manifest C:\Users\Conor O'Brien\Dropbox\03_AML\00 IN-BOX\AFM Topo Particle processing OUT\PEGDA_SiNP\PEGDA1TPO10SiNP_Sam02_S1\particle_forward_flatten_p95\job_manifest.json
Done. Output dir: C:\Users\Conor O'Brien\Dropbox\03_AML\00 IN-BOX\AFM Topo Particle processing OUT\PEGDA_SiNP\PEGDA1TPO10SiNP_Sam02_S1\particle_forward_flatten_p95
Considered: 200
Matched: 100
Copied: 100 (dry_run=False)
Out dir: C:\AFM_STAGE\collect_20260303_122243_collect_forward
Copied root: C:\AFM_STAGE\collect_20260303_122243_collect_forward\copied
Manifest: C:\AFM_STAGE\collect_20260303_122243_collect_forward\copy_manifest.csv
Metadata: C:\AFM_STAGE\collect_20260303_122243_collect_forward\run_metadata.json
Wrote manifest to C:\Users\Conor O'Brien\Dropbox\03_AML\00 IN-BOX\AFM Topo Particle processing OUT\PEGDA_SiNP\PEGDA1TPO10SiNP_Sam02_S1\particle_forward_flatten_max_fixed0_p95\job_manifest.json with 100 files
Processing_mode: particle_count_align_flatten_max_fixed0_p95
CSV_mode: particle_metrics_full
Files: 100
Output dir: C:\Users\Conor O'Brien\Dropbox\03_AML\00 IN-BOX\AFM Topo Particle processing OUT\PEGDA_SiNP\PEGDA1TPO10SiNP_Sam02_S1\particle_forward_flatten_max_fixed0_p95
Output CSV: C:\Users\Conor O'Brien\Dropbox\03_AML\00 IN-BOX\AFM Topo Particle processing OUT\PEGDA_SiNP\PEGDA1TPO10SiNP_Sam02_S1\particle_forward_flatten_max_fixed0_p95\summary.csv
Wrote summary CSV: C:\Users\Conor O'Brien\Dropbox\03_AML\00 IN-BOX\AFM Topo Particle processing OUT\PEGDA_SiNP\PEGDA1TPO10SiNP_Sam02_S1\particle_forward_flatten_max_fixed0_p95\summary.csv
Wrote review CSV: C:\Users\Conor O'Brien\Dropbox\03_AML\00 IN-BOX\AFM Topo Particle processing OUT\PEGDA_SiNP\PEGDA1TPO10SiNP_Sam02_S1\particle_forward_flatten_max_fixed0_p95\review\review.csv
C:\Users\Conor O'Brien\AppData\Local\Python\pythoncore-3.14-64\python.exe scripts/collect_files.py --config configs\TEST configs\Example configs\config.topo_particle_2jobs_masking.yaml --job collect_forward --input-root C:\Users\Conor O'Brien\Dropbox\03_AML\03 References and Materials\RAW DATA Files\AFM Scans\Particle Density for Fracture Surfaces Verification\093025-CRO\DATA\PEGDA1TPO10SiNP_Sam02_S1 --out-root C:/AFM_STAGE
C:\Users\Conor O'Brien\AppData\Local\Python\pythoncore-3.14-64\python.exe scripts/make_job_manifest.py --config configs\TEST configs\Example configs\config.topo_particle_2jobs_masking.yaml --input-root C:\AFM_STAGE\collect_20260303_122243_collect_forward\copied --output-dir C:\Users\Conor O'Brien\Dropbox\03_AML\00 IN-BOX\AFM Topo Particle processing OUT\PEGDA_SiNP\PEGDA1TPO10SiNP_Sam02_S1\particle_forward_flatten_max_fixed0_p95 --processing-mode particle_count_align_flatten_max_fixed0_p95 --csv-mode particle_metrics_full --out C:\Users\Conor O'Brien\Dropbox\03_AML\00 IN-BOX\AFM Topo Particle processing OUT\PEGDA_SiNP\PEGDA1TPO10SiNP_Sam02_S1\particle_forward_flatten_max_fixed0_p95\job_manifest.json --pattern **/*Z Height*Forward*.tif;**/*Z Height*Forward*.tiff --profile flatten_max_fixed0_p95
C:\Python27\python.exe scripts/run_pygwy_job.py --manifest C:\Users\Conor O'Brien\Dropbox\03_AML\00 IN-BOX\AFM Topo Particle processing OUT\PEGDA_SiNP\PEGDA1TPO10SiNP_Sam02_S1\particle_forward_flatten_max_fixed0_p95\job_manifest.json
Done. Output dir: C:\Users\Conor O'Brien\Dropbox\03_AML\00 IN-BOX\AFM Topo Particle processing OUT\PEGDA_SiNP\PEGDA1TPO10SiNP_Sam02_S1\particle_forward_flatten_max_fixed0_p95
Considered: 198
Matched: 99
Copied: 99 (dry_run=False)
Out dir: C:\AFM_STAGE\collect_20260303_122804_collect_forward
Copied root: C:\AFM_STAGE\collect_20260303_122804_collect_forward\copied
Manifest: C:\AFM_STAGE\collect_20260303_122804_collect_forward\copy_manifest.csv
Metadata: C:\AFM_STAGE\collect_20260303_122804_collect_forward\run_metadata.json
Wrote manifest to C:\Users\Conor O'Brien\Dropbox\03_AML\00 IN-BOX\AFM Topo Particle processing OUT\PEGDA_SiNP\PEGDA1TPO10SiNP_Sam02_S2\particle_forward_medianbg_mean\job_manifest.json with 99 files
Processing_mode: particle_count_align_medianbg_mean
CSV_mode: particle_metrics_full
Files: 99
Output dir: C:\Users\Conor O'Brien\Dropbox\03_AML\00 IN-BOX\AFM Topo Particle processing OUT\PEGDA_SiNP\PEGDA1TPO10SiNP_Sam02_S2\particle_forward_medianbg_mean
Output CSV: C:\Users\Conor O'Brien\Dropbox\03_AML\00 IN-BOX\AFM Topo Particle processing OUT\PEGDA_SiNP\PEGDA1TPO10SiNP_Sam02_S2\particle_forward_medianbg_mean\summary.csv
Wrote summary CSV: C:\Users\Conor O'Brien\Dropbox\03_AML\00 IN-BOX\AFM Topo Particle processing OUT\PEGDA_SiNP\PEGDA1TPO10SiNP_Sam02_S2\particle_forward_medianbg_mean\summary.csv
Wrote review CSV: C:\Users\Conor O'Brien\Dropbox\03_AML\00 IN-BOX\AFM Topo Particle processing OUT\PEGDA_SiNP\PEGDA1TPO10SiNP_Sam02_S2\particle_forward_medianbg_mean\review\review.csv
C:\Users\Conor O'Brien\AppData\Local\Python\pythoncore-3.14-64\python.exe scripts/collect_files.py --config configs\TEST configs\Example configs\config.topo_particle_2jobs_masking.yaml --job collect_forward --input-root C:\Users\Conor O'Brien\Dropbox\03_AML\03 References and Materials\RAW DATA Files\AFM Scans\Particle Density for Fracture Surfaces Verification\100125-CRO\DATA\PEGDA1TPO10SiNP_Sam02_S2 --out-root C:/AFM_STAGE
C:\Users\Conor O'Brien\AppData\Local\Python\pythoncore-3.14-64\python.exe scripts/make_job_manifest.py --config configs\TEST configs\Example configs\config.topo_particle_2jobs_masking.yaml --input-root C:\AFM_STAGE\collect_20260303_122804_collect_forward\copied --output-dir C:\Users\Conor O'Brien\Dropbox\03_AML\00 IN-BOX\AFM Topo Particle processing OUT\PEGDA_SiNP\PEGDA1TPO10SiNP_Sam02_S2\particle_forward_medianbg_mean --processing-mode particle_count_align_medianbg_mean --csv-mode particle_metrics_full --out C:\Users\Conor O'Brien\Dropbox\03_AML\00 IN-BOX\AFM Topo Particle processing OUT\PEGDA_SiNP\PEGDA1TPO10SiNP_Sam02_S2\particle_forward_medianbg_mean\job_manifest.json --pattern **/*Z Height*Forward*.tif;**/*Z Height*Forward*.tiff --profile medianbg_mean
C:\Python27\python.exe scripts/run_pygwy_job.py --manifest C:\Users\Conor O'Brien\Dropbox\03_AML\00 IN-BOX\AFM Topo Particle processing OUT\PEGDA_SiNP\PEGDA1TPO10SiNP_Sam02_S2\particle_forward_medianbg_mean\job_manifest.json
Done. Output dir: C:\Users\Conor O'Brien\Dropbox\03_AML\00 IN-BOX\AFM Topo Particle processing OUT\PEGDA_SiNP\PEGDA1TPO10SiNP_Sam02_S2\particle_forward_medianbg_mean
Considered: 198
Matched: 99
Copied: 99 (dry_run=False)
Out dir: C:\AFM_STAGE\collect_20260303_123108_collect_forward
Copied root: C:\AFM_STAGE\collect_20260303_123108_collect_forward\copied
Manifest: C:\AFM_STAGE\collect_20260303_123108_collect_forward\copy_manifest.csv
Metadata: C:\AFM_STAGE\collect_20260303_123108_collect_forward\run_metadata.json
Wrote manifest to C:\Users\Conor O'Brien\Dropbox\03_AML\00 IN-BOX\AFM Topo Particle processing OUT\PEGDA_SiNP\PEGDA1TPO10SiNP_Sam02_S2\particle_forward_medianbg_fixed0\job_manifest.json with 99 files
